<?xml version="1.0" encoding="UTF-8"?>
<!-- Generated by org.testng.reporters.JUnitXMLReporter -->
<testsuite hostname="PS-SBARANOVA" name="Blog" tests="8" failures="0" timestamp="8 Jul 2015 08:29:45 GMT" time="102.201" errors="0">
  <testcase name="testUntitled" time="10.88" classname="blog.Captcha_empty"/>
  <testcase name="testUntitled2" time="9.536" classname="blog.Captcha_invalid"/>
  <testcase name="testUntitled3" time="13.442" classname="blog.Captcha_disable"/>
  <testcase name="testUntitled4" time="38.078" classname="blog.Comment"/>
  <testcase name="testUntitled3" time="12.227" classname="blog.Captche_enable"/>
  <testcase name="testUntitled" time="4.177" classname="blog.Details_page"/>
  <testcase name="testUntitled2" time="7.203" classname="blog.Blog_page"/>
  <testcase name="testUntitled3" time="6.621" classname="blog.Search"/>
</testsuite> <!-- Blog -->
