<?xml version="1.0" encoding="UTF-8"?>
<!-- Generated by org.testng.reporters.JUnitXMLReporter -->
<testsuite hostname="Lana_Voit" name="Blog" tests="7" failures="0" timestamp="10 Apr 2016 13:51:34 GMT" time="193.639" errors="0">
  <testcase name="testUntitled" time="13.722" classname="blog.Captcha_empty"/>
  <testcase name="testUntitled3" time="38.087" classname="blog.Captcha_disable"/>
  <testcase name="testUntitled4" time="72.952" classname="blog.Comment"/>
  <testcase name="testUntitled3" time="29.767" classname="blog.Captche_enable"/>
  <testcase name="testUntitled" time="16.59" classname="blog.Details_page"/>
  <testcase name="testUntitled2" time="11.497" classname="blog.Blog_page"/>
  <testcase name="testUntitled3" time="10.993" classname="blog.Search"/>
</testsuite> <!-- Blog -->
