<?xml version="1.0" encoding="UTF-8"?>
<!-- Generated by org.testng.reporters.JUnitXMLReporter -->
<testsuite hostname="PS-SBARANOVA" name="Clients" tests="4" failures="0" timestamp="8 Jul 2015 08:27:12 GMT" time="76.694" errors="0">
  <testcase name="testUntitled8" time="37.457" classname="clients.Details"/>
  <testcase name="testUntitled9" time="6.429" classname="clients.Details_elements"/>
  <testcase name="testUntitled10" time="29.545" classname="clients.Navigation"/>
  <testcase name="testUntitled7" time="3.22" classname="clients.Website"/>
</testsuite> <!-- Clients -->
