<?xml version="1.0" encoding="UTF-8"?>
<!-- Generated by org.testng.reporters.JUnitXMLReporter -->
<testsuite hostname="Lana_Voit" name="Clients" tests="4" failures="0" timestamp="10 Apr 2016 13:46:58 GMT" time="105.092" errors="0">
  <testcase name="testUntitled8" time="43.827" classname="clients.Details"/>
  <testcase name="testUntitled9" time="12.239" classname="clients.Details_elements"/>
  <testcase name="testUntitled10" time="28.094" classname="clients.Navigation"/>
  <testcase name="testUntitled7" time="20.91" classname="clients.Website"/>
</testsuite> <!-- Clients -->
