<?xml version="1.0" encoding="UTF-8"?>
<!-- Generated by org.testng.reporters.JUnitXMLReporter -->
<testsuite hostname="Lana_Voit" name="Contact" tests="4" failures="0" timestamp="10 Apr 2016 13:48:21 GMT" time="81.101" errors="0">
  <testcase name="testUntitled3" time="1.43" classname="contact.Form_invalid"/>
  <testcase name="testUntitled4" time="0.927" classname="contact.Form_empty"/>
  <testcase name="testUntitled6" time="47.852" classname="contact.Form_valid"/>
  <testcase name="testUntitled6" time="30.873" classname="contact.Contact_email_change"/>
</testsuite> <!-- Contact -->
