<?xml version="1.0" encoding="UTF-8"?>
<!-- Generated by org.testng.reporters.JUnitXMLReporter -->
<testsuite hostname="PS-SBARANOVA" name="Contact" tests="4" failures="0" timestamp="8 Jul 2015 08:28:02 GMT" time="49.07" errors="0">
  <testcase name="testUntitled3" time="1.366" classname="contact.Form_invalid"/>
  <testcase name="testUntitled4" time="0.849" classname="contact.Form_empty"/>
  <testcase name="testUntitled6" time="31.506" classname="contact.Form_valid"/>
  <testcase name="testUntitled6" time="15.328" classname="contact.Contact_email_change"/>
</testsuite> <!-- Contact -->
