<?xml version="1.0" encoding="UTF-8"?>
<!-- Generated by org.testng.reporters.JUnitXMLReporter -->
<testsuite hostname="PS-SBARANOVA" name="Homepahe" tests="4" failures="0" timestamp="8 Jul 2015 08:25:48 GMT" time="30.16" errors="0">
  <testcase name="testUntitled" time="8.667" classname="home.Newsletter_empty"/>
  <testcase name="testUntitled2" time="5.914" classname="home.Newsletter_invalid"/>
  <testcase name="testUntitled3" time="9.544" classname="home.Newsletter_valid"/>
  <testcase name="testUntitled4" time="5.94" classname="home.Banner"/>
</testsuite> <!-- Homepahe -->
