<?xml version="1.0" encoding="UTF-8"?>
<!-- Generated by org.testng.reporters.JUnitXMLReporter -->
<testsuite hostname="Lana_Voit" name="Homepage" tests="4" failures="0" timestamp="10 Apr 2016 13:44:56 GMT" time="28.725" errors="0">
  <testcase name="testUntitled" time="8.905" classname="home.Newsletter_empty"/>
  <testcase name="testUntitled2" time="5.899" classname="home.Newsletter_invalid"/>
  <testcase name="testUntitled3" time="7.928" classname="home.Newsletter_valid"/>
  <testcase name="testUntitled4" time="5.945" classname="home.Banner"/>
</testsuite> <!-- Homepage -->
