<?xml version="1.0" encoding="UTF-8"?>
<!-- Generated by org.testng.reporters.JUnitXMLReporter -->
<testsuite hostname="PS-SBARANOVA" name="JS Errors" tests="7" failures="0" timestamp="8 Jul 2015 08:25:18 GMT" time="17.707" errors="0">
  <testcase name="testUntitled4" time="4.155" classname="home.JS_error"/>
  <testcase name="testUntitled4" time="1.004" classname="about.JS_error"/>
  <testcase name="testUntitled4" time="5.552" classname="clients.JS_error"/>
  <testcase name="testUntitled4" time="0.722" classname="services.JS_error"/>
  <testcase name="testUntitled4" time="0.732" classname="contact.JS_error"/>
  <testcase name="testUntitled4" time="1.675" classname="blog.JS_error_blog"/>
  <testcase name="testUntitled4" time="1.1" classname="blog.JS_error_post"/>
</testsuite> <!-- JS Errors -->
