<?xml version="1.0" encoding="UTF-8"?>
<!-- Generated by org.testng.reporters.JUnitXMLReporter -->
<testsuite hostname="Lana_Voit" name="JS Errors" tests="2" failures="0" timestamp="10 Apr 2016 14:15:00 GMT" time="0.061" errors="0">
  <testcase name="@BeforeClass init" time="0.0" classname="home.JS_error_home">
    <failure type="java.lang.NullPointerException">
      <![CDATA[java.lang.NullPointerException
	at turnkeye2.pages.TestBase.init(TestBase.java:146)
... Removed 27 stack frames]]>
    </failure>
  </testcase> <!-- @BeforeClass init -->
  <testcase name="@BeforeClass init" time="0.0" classname="about.JS_error_about">
    <skipped/>
  </testcase> <!-- @BeforeClass init -->
  <testcase name="testUntitled4" time="0.002" classname="home.JS_error_home">
    <skipped/>
  </testcase> <!-- testUntitled4 -->
  <testcase name="testUntitled4" time="0.001" classname="about.JS_error_about">
    <skipped/>
  </testcase> <!-- testUntitled4 -->
</testsuite> <!-- JS Errors -->
