<?xml version="1.0" encoding="UTF-8"?>
<!-- Generated by org.testng.reporters.JUnitXMLReporter -->
<testsuite hostname="PC-SBARANOVA" name="Test1" tests="30" failures="0" timestamp="19 Mar 2015 12:49:48 GMT" time="1.038" errors="0">
  <testcase name="@BeforeClass init" time="0.0" classname="home.JS_error">
    <failure type="org.openqa.selenium.WebDriverException" message="The path to the driver executable must be set by the webdriver.chrome.driver system property; for more information, see http://code.google.com/p/selenium/wiki/ChromeDriver. The latest version can be downloaded from http://chromedriver.storage.googleapis.com/index.html
Command duration or timeout: 438 milliseconds
Build info: version: &amp;apos;2.44.0&amp;apos;, revision: &amp;apos;76d78cf&amp;apos;, time: &amp;apos;2014-10-23 20:03:00&amp;apos;
System info: host: &amp;apos;PC-SBARANOVA&amp;apos;, ip: &amp;apos;192.168.56.1&amp;apos;, os.name: &amp;apos;Windows 8&amp;apos;, os.arch: &amp;apos;amd64&amp;apos;, os.version: &amp;apos;6.2&amp;apos;, java.version: &amp;apos;1.8.0_25&amp;apos;
Driver info: org.openqa.selenium.remote.RemoteWebDriver">
      <![CDATA[org.openqa.selenium.WebDriverException: The path to the driver executable must be set by the webdriver.chrome.driver system property; for more information, see http://code.google.com/p/selenium/wiki/ChromeDriver. The latest version can be downloaded from http://chromedriver.storage.googleapis.com/index.html
Command duration or timeout: 438 milliseconds
Build info: version: '2.44.0', revision: '76d78cf', time: '2014-10-23 20:03:00'
System info: host: 'PC-SBARANOVA', ip: '192.168.56.1', os.name: 'Windows 8', os.arch: 'amd64', os.version: '6.2', java.version: '1.8.0_25'
Driver info: org.openqa.selenium.remote.RemoteWebDriver
	at org.openqa.selenium.remote.ErrorHandler.createThrowable(ErrorHandler.java:204)
	at org.openqa.selenium.remote.ErrorHandler.throwIfResponseFailed(ErrorHandler.java:156)
	at org.openqa.selenium.remote.RemoteWebDriver.execute(RemoteWebDriver.java:599)
	at org.openqa.selenium.remote.RemoteWebDriver.startSession(RemoteWebDriver.java:240)
	at org.openqa.selenium.remote.RemoteWebDriver.<init>(RemoteWebDriver.java:126)
	at org.openqa.selenium.remote.RemoteWebDriver.<init>(RemoteWebDriver.java:153)
	at turnkeye2.pages.TestBase.init(TestBase.java:106)
Caused by: java.lang.IllegalStateException: The path to the driver executable must be set by the webdriver.chrome.driver system property; for more information, see http://code.google.com/p/selenium/wiki/ChromeDriver. The latest version can be downloaded from http://chromedriver.storage.googleapis.com/index.html
	at com.google.common.base.Preconditions.checkState(Preconditions.java:197)
	at org.openqa.selenium.remote.service.DriverService.findExecutable(DriverService.java:110)
	at org.openqa.selenium.chrome.ChromeDriverService.access$0(ChromeDriverService.java:1)
	at org.openqa.selenium.chrome.ChromeDriverService$Builder.findDefaultExecutable(ChromeDriverService.java:118)
	at org.openqa.selenium.remote.service.DriverService$Builder.build(DriverService.java:291)
	at org.openqa.selenium.chrome.ChromeDriverService.createDefaultService(ChromeDriverService.java:82)
	at org.openqa.selenium.chrome.ChromeDriver.<init>(ChromeDriver.java:139)
	at org.openqa.selenium.remote.server.DefaultDriverProvider.callConstructor(DefaultDriverProvider.java:59)
	at org.openqa.selenium.remote.server.DefaultDriverProvider.newInstance(DefaultDriverProvider.java:53)
	at org.openqa.selenium.remote.server.DefaultDriverFactory.newInstance(DefaultDriverFactory.java:54)
	at org.openqa.selenium.remote.server.DefaultSession$BrowserCreator.call(DefaultSession.java:214)
	at org.openqa.selenium.remote.server.DefaultSession$BrowserCreator.call(DefaultSession.java:1)
	at java.util.concurrent.FutureTask.run(FutureTask.java:262)
	at org.openqa.selenium.remote.server.DefaultSession$1.run(DefaultSession.java:168)
	at java.util.concurrent.ThreadPoolExecutor.runWorker(ThreadPoolExecutor.java:1145)
	at java.util.concurrent.ThreadPoolExecutor$Worker.run(ThreadPoolExecutor.java:615)
	at java.lang.Thread.run(Thread.java:745)
... Removed 35 stack frames]]>
    </failure>
  </testcase> <!-- @BeforeClass init -->
  <testcase name="@AfterMethod stopDriver" time="0.0" classname="home.JS_error">
    <skipped/>
  </testcase> <!-- @AfterMethod stopDriver -->
  <testcase name="@BeforeClass init" time="0.0" classname="about.JS_error">
    <skipped/>
  </testcase> <!-- @BeforeClass init -->
  <testcase name="@AfterMethod stopDriver" time="0.0" classname="about.JS_error">
    <skipped/>
  </testcase> <!-- @AfterMethod stopDriver -->
  <testcase name="@BeforeClass init" time="0.0" classname="clients.JS_error">
    <skipped/>
  </testcase> <!-- @BeforeClass init -->
  <testcase name="@AfterMethod stopDriver" time="0.0" classname="clients.JS_error">
    <skipped/>
  </testcase> <!-- @AfterMethod stopDriver -->
  <testcase name="@BeforeClass init" time="0.0" classname="services.JS_error">
    <skipped/>
  </testcase> <!-- @BeforeClass init -->
  <testcase name="@AfterMethod stopDriver" time="0.0" classname="services.JS_error">
    <skipped/>
  </testcase> <!-- @AfterMethod stopDriver -->
  <testcase name="@BeforeClass init" time="0.0" classname="contact.JS_error">
    <skipped/>
  </testcase> <!-- @BeforeClass init -->
  <testcase name="@AfterMethod stopDriver" time="0.0" classname="contact.JS_error">
    <skipped/>
  </testcase> <!-- @AfterMethod stopDriver -->
  <testcase name="@BeforeClass init" time="0.0" classname="blog.JS_error_blog">
    <skipped/>
  </testcase> <!-- @BeforeClass init -->
  <testcase name="@AfterMethod stopDriver" time="0.0" classname="blog.JS_error_blog">
    <skipped/>
  </testcase> <!-- @AfterMethod stopDriver -->
  <testcase name="@BeforeClass init" time="0.0" classname="blog.JS_error_post">
    <skipped/>
  </testcase> <!-- @BeforeClass init -->
  <testcase name="@AfterMethod stopDriver" time="0.0" classname="blog.JS_error_post">
    <skipped/>
  </testcase> <!-- @AfterMethod stopDriver -->
  <testcase name="@BeforeClass init" time="0.0" classname="home.Newsletter_empty">
    <skipped/>
  </testcase> <!-- @BeforeClass init -->
  <testcase name="@AfterMethod stopDriver" time="0.0" classname="home.Newsletter_empty">
    <skipped/>
  </testcase> <!-- @AfterMethod stopDriver -->
  <testcase name="@BeforeClass init" time="0.0" classname="home.Newsletter_invalid">
    <skipped/>
  </testcase> <!-- @BeforeClass init -->
  <testcase name="@AfterMethod stopDriver" time="0.0" classname="home.Newsletter_invalid">
    <skipped/>
  </testcase> <!-- @AfterMethod stopDriver -->
  <testcase name="@BeforeClass init" time="0.0" classname="home.Newsletter_valid">
    <skipped/>
  </testcase> <!-- @BeforeClass init -->
  <testcase name="@AfterMethod stopDriver" time="0.0" classname="home.Newsletter_valid">
    <skipped/>
  </testcase> <!-- @AfterMethod stopDriver -->
  <testcase name="@BeforeClass init" time="0.0" classname="home.Banner">
    <skipped/>
  </testcase> <!-- @BeforeClass init -->
  <testcase name="@AfterMethod stopDriver" time="0.0" classname="home.Banner">
    <skipped/>
  </testcase> <!-- @AfterMethod stopDriver -->
  <testcase name="@BeforeClass init" time="0.0" classname="about.Tabs">
    <skipped/>
  </testcase> <!-- @BeforeClass init -->
  <testcase name="@AfterMethod stopDriver" time="0.0" classname="about.Tabs">
    <skipped/>
  </testcase> <!-- @AfterMethod stopDriver -->
  <testcase name="@BeforeClass init" time="0.0" classname="about.Contact_us">
    <skipped/>
  </testcase> <!-- @BeforeClass init -->
  <testcase name="@AfterMethod stopDriver" time="0.0" classname="about.Contact_us">
    <skipped/>
  </testcase> <!-- @AfterMethod stopDriver -->
  <testcase name="@BeforeClass init" time="0.0" classname="clients.Details">
    <skipped/>
  </testcase> <!-- @BeforeClass init -->
  <testcase name="@AfterMethod stopDriver" time="0.0" classname="clients.Details">
    <skipped/>
  </testcase> <!-- @AfterMethod stopDriver -->
  <testcase name="@BeforeClass init" time="0.0" classname="clients.Details_elements">
    <skipped/>
  </testcase> <!-- @BeforeClass init -->
  <testcase name="@AfterMethod stopDriver" time="0.0" classname="clients.Details_elements">
    <skipped/>
  </testcase> <!-- @AfterMethod stopDriver -->
  <testcase name="@BeforeClass init" time="0.0" classname="clients.Navigation">
    <skipped/>
  </testcase> <!-- @BeforeClass init -->
  <testcase name="@AfterMethod stopDriver" time="0.0" classname="clients.Navigation">
    <skipped/>
  </testcase> <!-- @AfterMethod stopDriver -->
  <testcase name="@BeforeClass init" time="0.0" classname="clients.Website">
    <skipped/>
  </testcase> <!-- @BeforeClass init -->
  <testcase name="@AfterMethod stopDriver" time="0.0" classname="clients.Website">
    <skipped/>
  </testcase> <!-- @AfterMethod stopDriver -->
  <testcase name="@BeforeClass init" time="0.0" classname="services.Page">
    <skipped/>
  </testcase> <!-- @BeforeClass init -->
  <testcase name="@AfterMethod stopDriver" time="0.0" classname="services.Page">
    <skipped/>
  </testcase> <!-- @AfterMethod stopDriver -->
  <testcase name="@BeforeClass init" time="0.0" classname="contact.Form_invalid">
    <skipped/>
  </testcase> <!-- @BeforeClass init -->
  <testcase name="@AfterMethod stopDriver" time="0.0" classname="contact.Form_invalid">
    <skipped/>
  </testcase> <!-- @AfterMethod stopDriver -->
  <testcase name="@BeforeClass init" time="0.0" classname="contact.Form_empty">
    <skipped/>
  </testcase> <!-- @BeforeClass init -->
  <testcase name="@AfterMethod stopDriver" time="0.0" classname="contact.Form_empty">
    <skipped/>
  </testcase> <!-- @AfterMethod stopDriver -->
  <testcase name="@BeforeClass init" time="0.0" classname="contact.Form_valid">
    <skipped/>
  </testcase> <!-- @BeforeClass init -->
  <testcase name="@AfterMethod stopDriver" time="0.0" classname="contact.Form_valid">
    <skipped/>
  </testcase> <!-- @AfterMethod stopDriver -->
  <testcase name="@BeforeClass init" time="0.0" classname="contact.Contact_email_change">
    <skipped/>
  </testcase> <!-- @BeforeClass init -->
  <testcase name="@AfterMethod stopDriver" time="0.0" classname="contact.Contact_email_change">
    <skipped/>
  </testcase> <!-- @AfterMethod stopDriver -->
  <testcase name="@BeforeClass init" time="0.0" classname="blog.Captcha_empty">
    <skipped/>
  </testcase> <!-- @BeforeClass init -->
  <testcase name="@AfterMethod stopDriver" time="0.0" classname="blog.Captcha_empty">
    <skipped/>
  </testcase> <!-- @AfterMethod stopDriver -->
  <testcase name="@BeforeClass init" time="0.0" classname="blog.Captcha_invalid">
    <skipped/>
  </testcase> <!-- @BeforeClass init -->
  <testcase name="@AfterMethod stopDriver" time="0.0" classname="blog.Captcha_invalid">
    <skipped/>
  </testcase> <!-- @AfterMethod stopDriver -->
  <testcase name="@BeforeClass init" time="0.0" classname="blog.Captcha_disable">
    <skipped/>
  </testcase> <!-- @BeforeClass init -->
  <testcase name="@AfterMethod stopDriver" time="0.0" classname="blog.Captcha_disable">
    <skipped/>
  </testcase> <!-- @AfterMethod stopDriver -->
  <testcase name="@BeforeClass init" time="0.0" classname="blog.Comment">
    <skipped/>
  </testcase> <!-- @BeforeClass init -->
  <testcase name="@AfterMethod stopDriver" time="0.0" classname="blog.Comment">
    <skipped/>
  </testcase> <!-- @AfterMethod stopDriver -->
  <testcase name="@BeforeClass init" time="0.0" classname="blog.Captche_enable">
    <skipped/>
  </testcase> <!-- @BeforeClass init -->
  <testcase name="@AfterMethod stopDriver" time="0.0" classname="blog.Captche_enable">
    <skipped/>
  </testcase> <!-- @AfterMethod stopDriver -->
  <testcase name="@BeforeClass init" time="0.0" classname="blog.Details_page">
    <skipped/>
  </testcase> <!-- @BeforeClass init -->
  <testcase name="@AfterMethod stopDriver" time="0.0" classname="blog.Details_page">
    <skipped/>
  </testcase> <!-- @AfterMethod stopDriver -->
  <testcase name="@BeforeClass init" time="0.0" classname="blog.Blog_page">
    <skipped/>
  </testcase> <!-- @BeforeClass init -->
  <testcase name="@AfterMethod stopDriver" time="0.0" classname="blog.Blog_page">
    <skipped/>
  </testcase> <!-- @AfterMethod stopDriver -->
  <testcase name="@BeforeClass init" time="0.0" classname="blog.Search">
    <skipped/>
  </testcase> <!-- @BeforeClass init -->
  <testcase name="@AfterMethod stopDriver" time="0.0" classname="blog.Search">
    <skipped/>
  </testcase> <!-- @AfterMethod stopDriver -->
  <testcase name="testUntitled4" time="0.0" classname="home.JS_error">
    <skipped/>
  </testcase> <!-- testUntitled4 -->
  <testcase name="testUntitled4" time="0.0" classname="about.JS_error">
    <skipped/>
  </testcase> <!-- testUntitled4 -->
  <testcase name="testUntitled4" time="0.0" classname="clients.JS_error">
    <skipped/>
  </testcase> <!-- testUntitled4 -->
  <testcase name="testUntitled4" time="0.0" classname="services.JS_error">
    <skipped/>
  </testcase> <!-- testUntitled4 -->
  <testcase name="testUntitled4" time="0.0" classname="contact.JS_error">
    <skipped/>
  </testcase> <!-- testUntitled4 -->
  <testcase name="testUntitled4" time="0.0" classname="blog.JS_error_blog">
    <skipped/>
  </testcase> <!-- testUntitled4 -->
  <testcase name="testUntitled4" time="0.0" classname="blog.JS_error_post">
    <skipped/>
  </testcase> <!-- testUntitled4 -->
  <testcase name="testUntitled" time="0.0" classname="home.Newsletter_empty">
    <skipped/>
  </testcase> <!-- testUntitled -->
  <testcase name="testUntitled2" time="0.0" classname="home.Newsletter_invalid">
    <skipped/>
  </testcase> <!-- testUntitled2 -->
  <testcase name="testUntitled3" time="0.0" classname="home.Newsletter_valid">
    <skipped/>
  </testcase> <!-- testUntitled3 -->
  <testcase name="testUntitled4" time="0.0" classname="home.Banner">
    <skipped/>
  </testcase> <!-- testUntitled4 -->
  <testcase name="testUntitled5" time="0.0" classname="about.Tabs">
    <skipped/>
  </testcase> <!-- testUntitled5 -->
  <testcase name="testUntitled6" time="0.0" classname="about.Contact_us">
    <skipped/>
  </testcase> <!-- testUntitled6 -->
  <testcase name="testUntitled8" time="0.0" classname="clients.Details">
    <skipped/>
  </testcase> <!-- testUntitled8 -->
  <testcase name="testUntitled9" time="0.0" classname="clients.Details_elements">
    <skipped/>
  </testcase> <!-- testUntitled9 -->
  <testcase name="testUntitled10" time="0.0" classname="clients.Navigation">
    <skipped/>
  </testcase> <!-- testUntitled10 -->
  <testcase name="testUntitled7" time="0.0" classname="clients.Website">
    <skipped/>
  </testcase> <!-- testUntitled7 -->
  <testcase name="testUntitled2" time="0.0" classname="services.Page">
    <skipped/>
  </testcase> <!-- testUntitled2 -->
  <testcase name="testUntitled3" time="0.0" classname="contact.Form_invalid">
    <skipped/>
  </testcase> <!-- testUntitled3 -->
  <testcase name="testUntitled4" time="0.0" classname="contact.Form_empty">
    <skipped/>
  </testcase> <!-- testUntitled4 -->
  <testcase name="testUntitled6" time="0.0" classname="contact.Form_valid">
    <skipped/>
  </testcase> <!-- testUntitled6 -->
  <testcase name="testUntitled6" time="0.0" classname="contact.Contact_email_change">
    <skipped/>
  </testcase> <!-- testUntitled6 -->
  <testcase name="testUntitled" time="0.0" classname="blog.Captcha_empty">
    <skipped/>
  </testcase> <!-- testUntitled -->
  <testcase name="testUntitled2" time="0.0" classname="blog.Captcha_invalid">
    <skipped/>
  </testcase> <!-- testUntitled2 -->
  <testcase name="testUntitled3" time="0.0" classname="blog.Captcha_disable">
    <skipped/>
  </testcase> <!-- testUntitled3 -->
  <testcase name="testUntitled4" time="0.0" classname="blog.Comment">
    <skipped/>
  </testcase> <!-- testUntitled4 -->
  <testcase name="testUntitled3" time="0.0" classname="blog.Captche_enable">
    <skipped/>
  </testcase> <!-- testUntitled3 -->
  <testcase name="testUntitled" time="0.0" classname="blog.Details_page">
    <skipped/>
  </testcase> <!-- testUntitled -->
  <testcase name="testUntitled2" time="0.0" classname="blog.Blog_page">
    <skipped/>
  </testcase> <!-- testUntitled2 -->
  <testcase name="testUntitled3" time="0.0" classname="blog.Search">
    <skipped/>
  </testcase> <!-- testUntitled3 -->
</testsuite> <!-- Test1 -->
