<?xml version="1.0" encoding="UTF-8"?>
<!-- Generated by org.testng.reporters.JUnitXMLReporter -->
<testsuite hostname="Lana-laptop" name="Test1" tests="30" failures="0" timestamp="11 Aug 2014 05:57:42 GMT" time="199.196" errors="0">
  <testcase name="testUntitled4" time="9.182" classname="home.JS_error"/>
  <testcase name="testUntitled4" time="1.539" classname="about.JS_error"/>
  <testcase name="testUntitled4" time="4.329" classname="clients.JS_error"/>
  <testcase name="testUntitled4" time="1.854" classname="services.JS_error"/>
  <testcase name="testUntitled4" time="0.478" classname="contact.JS_error"/>
  <testcase name="testUntitled4" time="2.309" classname="blog.JS_error_blog"/>
  <testcase name="testUntitled4" time="1.346" classname="blog.JS_error_post"/>
  <testcase name="testUntitled" time="0.89" classname="home.Newsletter_empty"/>
  <testcase name="testUntitled2" time="0.686" classname="home.Newsletter_invalid"/>
  <testcase name="testUntitled3" time="1.905" classname="home.Newsletter_valid"/>
  <testcase name="testUntitled4" time="5.763" classname="home.Banner"/>
  <testcase name="testUntitled5" time="3.492" classname="about.Tabs"/>
  <testcase name="testUntitled6" time="1.039" classname="about.Contact_us"/>
  <testcase name="testUntitled8" time="3.17" classname="clients.Details"/>
  <testcase name="testUntitled9" time="1.801" classname="clients.Details_elements"/>
  <testcase name="testUntitled10" time="4.819" classname="clients.Navigation"/>
  <testcase name="testUntitled7" time="3.533" classname="clients.Website"/>
  <testcase name="testUntitled2" time="1.277" classname="services.Page"/>
  <testcase name="testUntitled3" time="1.023" classname="contact.Form_invalid"/>
  <testcase name="testUntitled4" time="0.574" classname="contact.Form_empty"/>
  <testcase name="testUntitled6" time="35.681" classname="contact.Form_valid"/>
  <testcase name="testUntitled6" time="3.834" classname="contact.Contact_email_change"/>
  <testcase name="testUntitled" time="10.82" classname="blog.Captcha_empty"/>
  <testcase name="testUntitled2" time="13.52" classname="blog.Captcha_invalid"/>
  <testcase name="testUntitled3" time="14.903" classname="blog.Captcha_disable"/>
  <testcase name="testUntitled4" time="30.627" classname="blog.Comment"/>
  <testcase name="testUntitled3" time="14.046" classname="blog.Captche_enable"/>
  <testcase name="testUntitled" time="3.922" classname="blog.Details_page"/>
  <testcase name="testUntitled2" time="1.868" classname="blog.Blog_page"/>
  <testcase name="testUntitled3" time="2.117" classname="blog.Search"/>
</testsuite> <!-- Test1 -->
