<?xml version="1.0" encoding="UTF-8"?>
<testng-results skipped="0" failed="1" total="30" passed="29">
  <reporter-output>
  </reporter-output>
  <suite name="Tests" duration-ms="269425" started-at="2015-01-20T11:13:41Z" finished-at="2015-01-20T11:18:11Z">
    <groups>
    </groups>
    <test name="Test1" duration-ms="269425" started-at="2015-01-20T11:13:41Z" finished-at="2015-01-20T11:18:11Z">
      <class name="blog.Comment">
        <test-method status="PASS" signature="init()[pri:0, instance:blog.Comment@617c74e5]" name="init" is-config="true" duration-ms="4" started-at="2015-01-20T15:17:11Z" finished-at="2015-01-20T15:17:11Z">
          <reporter-output>
          </reporter-output>
        </test-method> <!-- init -->
        <test-method status="PASS" signature="testUntitled4()[pri:0, instance:blog.Comment@617c74e5]" name="testUntitled4" duration-ms="36362" started-at="2015-01-20T15:17:11Z" finished-at="2015-01-20T15:17:47Z">
          <reporter-output>
          </reporter-output>
        </test-method> <!-- testUntitled4 -->
      </class> <!-- blog.Comment -->
      <class name="blog.Captcha_empty">
        <test-method status="PASS" signature="testUntitled()[pri:0, instance:blog.Captcha_empty@34b7bfc0]" name="testUntitled" duration-ms="11635" started-at="2015-01-20T15:16:31Z" finished-at="2015-01-20T15:16:42Z">
          <reporter-output>
          </reporter-output>
        </test-method> <!-- testUntitled -->
        <test-method status="PASS" signature="init()[pri:0, instance:blog.Captcha_empty@34b7bfc0]" name="init" is-config="true" duration-ms="0" started-at="2015-01-20T15:16:31Z" finished-at="2015-01-20T15:16:31Z">
          <reporter-output>
          </reporter-output>
        </test-method> <!-- init -->
      </class> <!-- blog.Captcha_empty -->
      <class name="home.JS_error">
        <test-method status="PASS" signature="init()[pri:0, instance:home.JS_error@3551a94]" name="init" is-config="true" duration-ms="2690" started-at="2015-01-20T15:13:41Z" finished-at="2015-01-20T15:13:44Z">
          <reporter-output>
          </reporter-output>
        </test-method> <!-- init -->
        <test-method status="PASS" signature="testUntitled4()[pri:0, instance:home.JS_error@3551a94]" name="testUntitled4" duration-ms="5455" started-at="2015-01-20T15:13:44Z" finished-at="2015-01-20T15:13:50Z">
          <reporter-output>
          </reporter-output>
        </test-method> <!-- testUntitled4 -->
      </class> <!-- home.JS_error -->
      <class name="home.Newsletter_invalid">
        <test-method status="PASS" signature="init()[pri:0, instance:home.Newsletter_invalid@2d554825]" name="init" is-config="true" duration-ms="4" started-at="2015-01-20T15:14:08Z" finished-at="2015-01-20T15:14:08Z">
          <reporter-output>
          </reporter-output>
        </test-method> <!-- init -->
        <test-method status="PASS" signature="testUntitled2()[pri:0, instance:home.Newsletter_invalid@2d554825]" name="testUntitled2" duration-ms="895" started-at="2015-01-20T15:14:08Z" finished-at="2015-01-20T15:14:09Z">
          <reporter-output>
          </reporter-output>
        </test-method> <!-- testUntitled2 -->
      </class> <!-- home.Newsletter_invalid -->
      <class name="home.Newsletter_valid">
        <test-method status="PASS" signature="init()[pri:0, instance:home.Newsletter_valid@54a097cc]" name="init" is-config="true" duration-ms="4" started-at="2015-01-20T15:14:09Z" finished-at="2015-01-20T15:14:09Z">
          <reporter-output>
          </reporter-output>
        </test-method> <!-- init -->
        <test-method status="PASS" signature="testUntitled3()[pri:0, instance:home.Newsletter_valid@54a097cc]" name="testUntitled3" duration-ms="1825" started-at="2015-01-20T15:14:09Z" finished-at="2015-01-20T15:14:11Z">
          <reporter-output>
          </reporter-output>
        </test-method> <!-- testUntitled3 -->
      </class> <!-- home.Newsletter_valid -->
      <class name="blog.Captcha_invalid">
        <test-method status="PASS" signature="init()[pri:0, instance:blog.Captcha_invalid@35fb3008]" name="init" is-config="true" duration-ms="4" started-at="2015-01-20T15:16:42Z" finished-at="2015-01-20T15:16:42Z">
          <reporter-output>
          </reporter-output>
        </test-method> <!-- init -->
        <test-method status="PASS" signature="testUntitled2()[pri:0, instance:blog.Captcha_invalid@35fb3008]" name="testUntitled2" duration-ms="13961" started-at="2015-01-20T15:16:42Z" finished-at="2015-01-20T15:16:56Z">
          <reporter-output>
          </reporter-output>
        </test-method> <!-- testUntitled2 -->
      </class> <!-- blog.Captcha_invalid -->
      <class name="contact.JS_error">
        <test-method status="PASS" signature="init()[pri:0, instance:contact.JS_error@1936f0f5]" name="init" is-config="true" duration-ms="4" started-at="2015-01-20T15:13:56Z" finished-at="2015-01-20T15:13:56Z">
          <reporter-output>
          </reporter-output>
        </test-method> <!-- init -->
        <test-method status="PASS" signature="testUntitled4()[pri:0, instance:contact.JS_error@1936f0f5]" name="testUntitled4" duration-ms="627" started-at="2015-01-20T15:13:56Z" finished-at="2015-01-20T15:13:56Z">
          <reporter-output>
          </reporter-output>
        </test-method> <!-- testUntitled4 -->
      </class> <!-- contact.JS_error -->
      <class name="home.Newsletter_empty">
        <test-method status="PASS" signature="init()[pri:0, instance:home.Newsletter_empty@6be46e8f]" name="init" is-config="true" duration-ms="6" started-at="2015-01-20T15:13:59Z" finished-at="2015-01-20T15:13:59Z">
          <reporter-output>
          </reporter-output>
        </test-method> <!-- init -->
        <test-method status="PASS" signature="testUntitled()[pri:0, instance:home.Newsletter_empty@6be46e8f]" name="testUntitled" duration-ms="8966" started-at="2015-01-20T15:13:59Z" finished-at="2015-01-20T15:14:08Z">
          <reporter-output>
          </reporter-output>
        </test-method> <!-- testUntitled -->
      </class> <!-- home.Newsletter_empty -->
      <class name="contact.Form_invalid">
        <test-method status="PASS" signature="init()[pri:0, instance:contact.Form_invalid@6df97b55]" name="init" is-config="true" duration-ms="4" started-at="2015-01-20T15:15:31Z" finished-at="2015-01-20T15:15:31Z">
          <reporter-output>
          </reporter-output>
        </test-method> <!-- init -->
        <test-method status="PASS" signature="testUntitled3()[pri:0, instance:contact.Form_invalid@6df97b55]" name="testUntitled3" duration-ms="1130" started-at="2015-01-20T15:15:31Z" finished-at="2015-01-20T15:15:32Z">
          <reporter-output>
          </reporter-output>
        </test-method> <!-- testUntitled3 -->
      </class> <!-- contact.Form_invalid -->
      <class name="blog.Details_page">
        <test-method status="PASS" signature="init()[pri:0, instance:blog.Details_page@5a61f5df]" name="init" is-config="true" duration-ms="4" started-at="2015-01-20T15:17:59Z" finished-at="2015-01-20T15:17:59Z">
          <reporter-output>
          </reporter-output>
        </test-method> <!-- init -->
        <test-method status="PASS" signature="testUntitled()[pri:0, instance:blog.Details_page@5a61f5df]" name="testUntitled" duration-ms="3283" started-at="2015-01-20T15:17:59Z" finished-at="2015-01-20T15:18:02Z">
          <reporter-output>
          </reporter-output>
        </test-method> <!-- testUntitled -->
      </class> <!-- blog.Details_page -->
      <class name="blog.JS_error_blog">
        <test-method status="PASS" signature="init()[pri:0, instance:blog.JS_error_blog@4909b8da]" name="init" is-config="true" duration-ms="6" started-at="2015-01-20T15:13:56Z" finished-at="2015-01-20T15:13:56Z">
          <reporter-output>
          </reporter-output>
        </test-method> <!-- init -->
        <test-method status="FAIL" signature="testUntitled4()[pri:0, instance:blog.JS_error_blog@4909b8da]" name="testUntitled4" duration-ms="2002" started-at="2015-01-20T15:13:56Z" finished-at="2015-01-20T15:13:58Z">
          <exception class="java.lang.AssertionError">
            <message>
              <![CDATA[expected:<[]> but was:<[[2015-01-20T15:13:57+0400] [SEVERE] http://www.google.com/uds/?file=ads&v=3&packages=search&async=2 0:0 Failed to load resource: the server responded with a status of 404 (Not Found)]>]]>
            </message>
            <full-stacktrace>
              <![CDATA[java.lang.AssertionError: expected:<[]> but was:<[[2015-01-20T15:13:57+0400] [SEVERE] http://www.google.com/uds/?file=ads&v=3&packages=search&async=2 0:0 Failed to load resource: the server responded with a status of 404 (Not Found)]>
	at org.junit.Assert.fail(Assert.java:88)
	at org.junit.Assert.failNotEquals(Assert.java:743)
	at org.junit.Assert.assertEquals(Assert.java:118)
	at org.junit.Assert.assertEquals(Assert.java:144)
	at blog.JS_error_blog.testUntitled4(JS_error_blog.java:41)
	at sun.reflect.NativeMethodAccessorImpl.invoke0(Native Method)
	at sun.reflect.NativeMethodAccessorImpl.invoke(NativeMethodAccessorImpl.java:62)
	at sun.reflect.DelegatingMethodAccessorImpl.invoke(DelegatingMethodAccessorImpl.java:43)
	at java.lang.reflect.Method.invoke(Method.java:483)
	at org.testng.internal.MethodInvocationHelper.invokeMethod(MethodInvocationHelper.java:84)
	at org.testng.internal.Invoker.invokeMethod(Invoker.java:714)
	at org.testng.internal.Invoker.invokeTestMethod(Invoker.java:901)
	at org.testng.internal.Invoker.invokeTestMethods(Invoker.java:1231)
	at org.testng.internal.TestMethodWorker.invokeTestMethods(TestMethodWorker.java:127)
	at org.testng.internal.TestMethodWorker.run(TestMethodWorker.java:111)
	at org.testng.TestRunner.privateRun(TestRunner.java:767)
	at org.testng.TestRunner.run(TestRunner.java:617)
	at org.testng.SuiteRunner.runTest(SuiteRunner.java:348)
	at org.testng.SuiteRunner.runSequentially(SuiteRunner.java:343)
	at org.testng.SuiteRunner.privateRun(SuiteRunner.java:305)
	at org.testng.SuiteRunner.run(SuiteRunner.java:254)
	at org.testng.SuiteRunnerWorker.runSuite(SuiteRunnerWorker.java:52)
	at org.testng.SuiteRunnerWorker.run(SuiteRunnerWorker.java:86)
	at org.testng.TestNG.runSuitesSequentially(TestNG.java:1224)
	at org.testng.TestNG.runSuitesLocally(TestNG.java:1149)
	at org.testng.TestNG.run(TestNG.java:1057)
	at org.apache.maven.surefire.testng.TestNGExecutor.run(TestNGExecutor.java:217)
	at org.apache.maven.surefire.testng.TestNGXmlTestSuite.execute(TestNGXmlTestSuite.java:84)
	at org.apache.maven.surefire.testng.TestNGProvider.invoke(TestNGProvider.java:92)
	at org.apache.maven.surefire.booter.ForkedBooter.invokeProviderInSameClassLoader(ForkedBooter.java:200)
	at org.apache.maven.surefire.booter.ForkedBooter.runSuitesInProcess(ForkedBooter.java:153)
	at org.apache.maven.surefire.booter.ForkedBooter.main(ForkedBooter.java:103)
]]>
            </full-stacktrace>
          </exception> <!-- java.lang.AssertionError -->
          <reporter-output>
          </reporter-output>
        </test-method> <!-- testUntitled4 -->
      </class> <!-- blog.JS_error_blog -->
      <class name="about.Tabs">
        <test-method status="PASS" signature="init()[pri:0, instance:about.Tabs@4e04a765]" name="init" is-config="true" duration-ms="5" started-at="2015-01-20T15:14:16Z" finished-at="2015-01-20T15:14:16Z">
          <reporter-output>
          </reporter-output>
        </test-method> <!-- init -->
        <test-method status="PASS" signature="testUntitled5()[pri:0, instance:about.Tabs@4e04a765]" name="testUntitled5" duration-ms="2084" started-at="2015-01-20T15:14:16Z" finished-at="2015-01-20T15:14:19Z">
          <reporter-output>
          </reporter-output>
        </test-method> <!-- testUntitled5 -->
        <test-method status="PASS" signature="tearDown()[pri:0, instance:about.Tabs@4e04a765]" name="tearDown" is-config="true" duration-ms="1666" started-at="2015-01-20T15:18:11Z" finished-at="2015-01-20T15:18:13Z">
          <reporter-output>
          </reporter-output>
        </test-method> <!-- tearDown -->
      </class> <!-- about.Tabs -->
      <class name="blog.JS_error_post">
        <test-method status="PASS" signature="init()[pri:0, instance:blog.JS_error_post@4157f54e]" name="init" is-config="true" duration-ms="4" started-at="2015-01-20T15:13:58Z" finished-at="2015-01-20T15:13:58Z">
          <reporter-output>
          </reporter-output>
        </test-method> <!-- init -->
        <test-method status="PASS" signature="testUntitled4()[pri:0, instance:blog.JS_error_post@4157f54e]" name="testUntitled4" duration-ms="739" started-at="2015-01-20T15:13:58Z" finished-at="2015-01-20T15:13:59Z">
          <reporter-output>
          </reporter-output>
        </test-method> <!-- testUntitled4 -->
      </class> <!-- blog.JS_error_post -->
      <class name="blog.Search">
        <test-method status="PASS" signature="init()[pri:0, instance:blog.Search@15975490]" name="init" is-config="true" duration-ms="4" started-at="2015-01-20T15:18:09Z" finished-at="2015-01-20T15:18:09Z">
          <reporter-output>
          </reporter-output>
        </test-method> <!-- init -->
        <test-method status="PASS" signature="testUntitled3()[pri:0, instance:blog.Search@15975490]" name="testUntitled3" duration-ms="1834" started-at="2015-01-20T15:18:09Z" finished-at="2015-01-20T15:18:11Z">
          <reporter-output>
          </reporter-output>
        </test-method> <!-- testUntitled3 -->
      </class> <!-- blog.Search -->
      <class name="contact.Form_valid">
        <test-method status="PASS" signature="init()[pri:0, instance:contact.Form_valid@2d3fcdbd]" name="init" is-config="true" duration-ms="4" started-at="2015-01-20T15:15:33Z" finished-at="2015-01-20T15:15:33Z">
          <reporter-output>
          </reporter-output>
        </test-method> <!-- init -->
        <test-method status="PASS" signature="testUntitled6()[pri:0, instance:contact.Form_valid@2d3fcdbd]" name="testUntitled6" duration-ms="40511" started-at="2015-01-20T15:15:33Z" finished-at="2015-01-20T15:16:13Z">
          <reporter-output>
          </reporter-output>
        </test-method> <!-- testUntitled6 -->
      </class> <!-- contact.Form_valid -->
      <class name="clients.Website">
        <test-method status="PASS" signature="init()[pri:0, instance:clients.Website@3a03464]" name="init" is-config="true" duration-ms="4" started-at="2015-01-20T15:15:27Z" finished-at="2015-01-20T15:15:27Z">
          <reporter-output>
          </reporter-output>
        </test-method> <!-- init -->
        <test-method status="PASS" signature="testUntitled7()[pri:0, instance:clients.Website@3a03464]" name="testUntitled7" duration-ms="3044" started-at="2015-01-20T15:15:27Z" finished-at="2015-01-20T15:15:30Z">
          <reporter-output>
          </reporter-output>
        </test-method> <!-- testUntitled7 -->
      </class> <!-- clients.Website -->
      <class name="contact.Form_empty">
        <test-method status="PASS" signature="init()[pri:0, instance:contact.Form_empty@6b143ee9]" name="init" is-config="true" duration-ms="3" started-at="2015-01-20T15:15:32Z" finished-at="2015-01-20T15:15:32Z">
          <reporter-output>
          </reporter-output>
        </test-method> <!-- init -->
        <test-method status="PASS" signature="testUntitled4()[pri:0, instance:contact.Form_empty@6b143ee9]" name="testUntitled4" duration-ms="633" started-at="2015-01-20T15:15:32Z" finished-at="2015-01-20T15:15:33Z">
          <reporter-output>
          </reporter-output>
        </test-method> <!-- testUntitled4 -->
      </class> <!-- contact.Form_empty -->
      <class name="clients.Details">
        <test-method status="PASS" signature="init()[pri:0, instance:clients.Details@47f6473]" name="init" is-config="true" duration-ms="5" started-at="2015-01-20T15:14:20Z" finished-at="2015-01-20T15:14:20Z">
          <reporter-output>
          </reporter-output>
        </test-method> <!-- init -->
        <test-method status="PASS" signature="testUntitled8()[pri:0, instance:clients.Details@47f6473]" name="testUntitled8" duration-ms="54457" started-at="2015-01-20T15:14:20Z" finished-at="2015-01-20T15:15:14Z">
          <reporter-output>
          </reporter-output>
        </test-method> <!-- testUntitled8 -->
      </class> <!-- clients.Details -->
      <class name="clients.Details_elements">
        <test-method status="PASS" signature="init()[pri:0, instance:clients.Details_elements@67b6d4ae]" name="init" is-config="true" duration-ms="4" started-at="2015-01-20T15:15:14Z" finished-at="2015-01-20T15:15:14Z">
          <reporter-output>
          </reporter-output>
        </test-method> <!-- init -->
        <test-method status="PASS" signature="testUntitled9()[pri:0, instance:clients.Details_elements@67b6d4ae]" name="testUntitled9" duration-ms="4482" started-at="2015-01-20T15:15:14Z" finished-at="2015-01-20T15:15:19Z">
          <reporter-output>
          </reporter-output>
        </test-method> <!-- testUntitled9 -->
      </class> <!-- clients.Details_elements -->
      <class name="about.Contact_us">
        <test-method status="PASS" signature="init()[pri:0, instance:about.Contact_us@3567135c]" name="init" is-config="true" duration-ms="4" started-at="2015-01-20T15:14:19Z" finished-at="2015-01-20T15:14:19Z">
          <reporter-output>
          </reporter-output>
        </test-method> <!-- init -->
        <test-method status="PASS" signature="testUntitled6()[pri:0, instance:about.Contact_us@3567135c]" name="testUntitled6" duration-ms="1011" started-at="2015-01-20T15:14:19Z" finished-at="2015-01-20T15:14:20Z">
          <reporter-output>
          </reporter-output>
        </test-method> <!-- testUntitled6 -->
      </class> <!-- about.Contact_us -->
      <class name="blog.Captche_enable">
        <test-method status="PASS" signature="init()[pri:0, instance:blog.Captche_enable@366e2eef]" name="init" is-config="true" duration-ms="4" started-at="2015-01-20T15:17:47Z" finished-at="2015-01-20T15:17:47Z">
          <reporter-output>
          </reporter-output>
        </test-method> <!-- init -->
        <test-method status="PASS" signature="testUntitled3()[pri:0, instance:blog.Captche_enable@366e2eef]" name="testUntitled3" duration-ms="11787" started-at="2015-01-20T15:17:47Z" finished-at="2015-01-20T15:17:59Z">
          <reporter-output>
          </reporter-output>
        </test-method> <!-- testUntitled3 -->
      </class> <!-- blog.Captche_enable -->
      <class name="blog.Blog_page">
        <test-method status="PASS" signature="init()[pri:0, instance:blog.Blog_page@7225790e]" name="init" is-config="true" duration-ms="4" started-at="2015-01-20T15:18:02Z" finished-at="2015-01-20T15:18:02Z">
          <reporter-output>
          </reporter-output>
        </test-method> <!-- init -->
        <test-method status="PASS" signature="testUntitled2()[pri:0, instance:blog.Blog_page@7225790e]" name="testUntitled2" duration-ms="7058" started-at="2015-01-20T15:18:02Z" finished-at="2015-01-20T15:18:09Z">
          <reporter-output>
          </reporter-output>
        </test-method> <!-- testUntitled2 -->
      </class> <!-- blog.Blog_page -->
      <class name="services.Page">
        <test-method status="PASS" signature="init()[pri:0, instance:services.Page@36f6e879]" name="init" is-config="true" duration-ms="3" started-at="2015-01-20T15:15:30Z" finished-at="2015-01-20T15:15:30Z">
          <reporter-output>
          </reporter-output>
        </test-method> <!-- init -->
        <test-method status="PASS" signature="testUntitled2()[pri:0, instance:services.Page@36f6e879]" name="testUntitled2" duration-ms="1290" started-at="2015-01-20T15:15:30Z" finished-at="2015-01-20T15:15:31Z">
          <reporter-output>
          </reporter-output>
        </test-method> <!-- testUntitled2 -->
      </class> <!-- services.Page -->
      <class name="home.Banner">
        <test-method status="PASS" signature="init()[pri:0, instance:home.Banner@6537cf78]" name="init" is-config="true" duration-ms="5" started-at="2015-01-20T15:14:11Z" finished-at="2015-01-20T15:14:11Z">
          <reporter-output>
          </reporter-output>
        </test-method> <!-- init -->
        <test-method status="PASS" signature="testUntitled4()[pri:0, instance:home.Banner@6537cf78]" name="testUntitled4" duration-ms="5709" started-at="2015-01-20T15:14:11Z" finished-at="2015-01-20T15:14:16Z">
          <reporter-output>
          </reporter-output>
        </test-method> <!-- testUntitled4 -->
      </class> <!-- home.Banner -->
      <class name="blog.Captcha_disable">
        <test-method status="PASS" signature="init()[pri:0, instance:blog.Captcha_disable@327471b5]" name="init" is-config="true" duration-ms="4" started-at="2015-01-20T15:16:56Z" finished-at="2015-01-20T15:16:56Z">
          <reporter-output>
          </reporter-output>
        </test-method> <!-- init -->
        <test-method status="PASS" signature="testUntitled3()[pri:0, instance:blog.Captcha_disable@327471b5]" name="testUntitled3" duration-ms="14246" started-at="2015-01-20T15:16:56Z" finished-at="2015-01-20T15:17:11Z">
          <reporter-output>
          </reporter-output>
        </test-method> <!-- testUntitled3 -->
      </class> <!-- blog.Captcha_disable -->
      <class name="clients.JS_error">
        <test-method status="PASS" signature="init()[pri:0, instance:clients.JS_error@68837a77]" name="init" is-config="true" duration-ms="5" started-at="2015-01-20T15:13:51Z" finished-at="2015-01-20T15:13:51Z">
          <reporter-output>
          </reporter-output>
        </test-method> <!-- init -->
        <test-method status="PASS" signature="testUntitled4()[pri:0, instance:clients.JS_error@68837a77]" name="testUntitled4" duration-ms="4300" started-at="2015-01-20T15:13:51Z" finished-at="2015-01-20T15:13:55Z">
          <reporter-output>
          </reporter-output>
        </test-method> <!-- testUntitled4 -->
      </class> <!-- clients.JS_error -->
      <class name="clients.Navigation">
        <test-method status="PASS" signature="init()[pri:0, instance:clients.Navigation@6615435c]" name="init" is-config="true" duration-ms="4" started-at="2015-01-20T15:15:19Z" finished-at="2015-01-20T15:15:19Z">
          <reporter-output>
          </reporter-output>
        </test-method> <!-- init -->
        <test-method status="PASS" signature="testUntitled10()[pri:0, instance:clients.Navigation@6615435c]" name="testUntitled10" duration-ms="8009" started-at="2015-01-20T15:15:19Z" finished-at="2015-01-20T15:15:27Z">
          <reporter-output>
          </reporter-output>
        </test-method> <!-- testUntitled10 -->
      </class> <!-- clients.Navigation -->
      <class name="contact.Contact_email_change">
        <test-method status="PASS" signature="init()[pri:0, instance:contact.Contact_email_change@77b52d12]" name="init" is-config="true" duration-ms="6" started-at="2015-01-20T15:16:13Z" finished-at="2015-01-20T15:16:13Z">
          <reporter-output>
          </reporter-output>
        </test-method> <!-- init -->
        <test-method status="PASS" signature="testUntitled6()[pri:0, instance:contact.Contact_email_change@77b52d12]" name="testUntitled6" duration-ms="17486" started-at="2015-01-20T15:16:13Z" finished-at="2015-01-20T15:16:31Z">
          <reporter-output>
          </reporter-output>
        </test-method> <!-- testUntitled6 -->
      </class> <!-- contact.Contact_email_change -->
      <class name="about.JS_error">
        <test-method status="PASS" signature="init()[pri:0, instance:about.JS_error@3cbbc1e0]" name="init" is-config="true" duration-ms="5" started-at="2015-01-20T15:13:50Z" finished-at="2015-01-20T15:13:50Z">
          <reporter-output>
          </reporter-output>
        </test-method> <!-- init -->
        <test-method status="PASS" signature="testUntitled4()[pri:0, instance:about.JS_error@3cbbc1e0]" name="testUntitled4" duration-ms="1048" started-at="2015-01-20T15:13:50Z" finished-at="2015-01-20T15:13:51Z">
          <reporter-output>
          </reporter-output>
        </test-method> <!-- testUntitled4 -->
      </class> <!-- about.JS_error -->
      <class name="services.JS_error">
        <test-method status="PASS" signature="init()[pri:0, instance:services.JS_error@90f6bfd]" name="init" is-config="true" duration-ms="3" started-at="2015-01-20T15:13:55Z" finished-at="2015-01-20T15:13:55Z">
          <reporter-output>
          </reporter-output>
        </test-method> <!-- init -->
        <test-method status="PASS" signature="testUntitled4()[pri:0, instance:services.JS_error@90f6bfd]" name="testUntitled4" duration-ms="694" started-at="2015-01-20T15:13:55Z" finished-at="2015-01-20T15:13:56Z">
          <reporter-output>
          </reporter-output>
        </test-method> <!-- testUntitled4 -->
      </class> <!-- services.JS_error -->
    </test> <!-- Test1 -->
  </suite> <!-- Tests -->
</testng-results>
