<?xml version="1.0" encoding="UTF-8"?>
<testng-results skipped="0" failed="0" total="30" passed="30">
  <reporter-output>
  </reporter-output>
  <suite name="Tests" duration-ms="199196" started-at="2014-08-11T05:54:23Z" finished-at="2014-08-11T05:57:42Z">
    <groups>
    </groups>
    <test name="Test1" duration-ms="199196" started-at="2014-08-11T05:54:23Z" finished-at="2014-08-11T05:57:42Z">
      <class name="clients.Details">
        <test-method status="PASS" signature="init()[pri:0, instance:clients.Details@1bae735e]" name="init" is-config="true" duration-ms="4" started-at="2014-08-11T09:55:14Z" finished-at="2014-08-11T09:55:14Z">
          <reporter-output>
          </reporter-output>
        </test-method> <!-- init -->
        <test-method status="PASS" signature="testUntitled8()[pri:0, instance:clients.Details@1bae735e]" name="testUntitled8" duration-ms="3170" started-at="2014-08-11T09:55:14Z" finished-at="2014-08-11T09:55:18Z">
          <reporter-output>
          </reporter-output>
        </test-method> <!-- testUntitled8 -->
      </class> <!-- clients.Details -->
      <class name="services.Page">
        <test-method status="PASS" signature="init()[pri:0, instance:services.Page@629609cc]" name="init" is-config="true" duration-ms="3" started-at="2014-08-11T09:55:28Z" finished-at="2014-08-11T09:55:28Z">
          <reporter-output>
          </reporter-output>
        </test-method> <!-- init -->
        <test-method status="PASS" signature="testUntitled2()[pri:0, instance:services.Page@629609cc]" name="testUntitled2" duration-ms="1277" started-at="2014-08-11T09:55:28Z" finished-at="2014-08-11T09:55:29Z">
          <reporter-output>
          </reporter-output>
        </test-method> <!-- testUntitled2 -->
      </class> <!-- services.Page -->
      <class name="blog.Captche_enable">
        <test-method status="PASS" signature="init()[pri:0, instance:blog.Captche_enable@5a182e84]" name="init" is-config="true" duration-ms="4" started-at="2014-08-11T09:57:20Z" finished-at="2014-08-11T09:57:20Z">
          <reporter-output>
          </reporter-output>
        </test-method> <!-- init -->
        <test-method status="PASS" signature="testUntitled3()[pri:0, instance:blog.Captche_enable@5a182e84]" name="testUntitled3" duration-ms="14046" started-at="2014-08-11T09:57:20Z" finished-at="2014-08-11T09:57:34Z">
          <reporter-output>
          </reporter-output>
        </test-method> <!-- testUntitled3 -->
      </class> <!-- blog.Captche_enable -->
      <class name="about.Contact_us">
        <test-method status="PASS" signature="init()[pri:0, instance:about.Contact_us@24c31811]" name="init" is-config="true" duration-ms="3" started-at="2014-08-11T09:55:13Z" finished-at="2014-08-11T09:55:13Z">
          <reporter-output>
          </reporter-output>
        </test-method> <!-- init -->
        <test-method status="PASS" signature="testUntitled6()[pri:0, instance:about.Contact_us@24c31811]" name="testUntitled6" duration-ms="1039" started-at="2014-08-11T09:55:13Z" finished-at="2014-08-11T09:55:14Z">
          <reporter-output>
          </reporter-output>
        </test-method> <!-- testUntitled6 -->
      </class> <!-- about.Contact_us -->
      <class name="blog.JS_error_blog">
        <test-method status="PASS" signature="init()[pri:0, instance:blog.JS_error_blog@7ffc9053]" name="init" is-config="true" duration-ms="4" started-at="2014-08-11T09:54:57Z" finished-at="2014-08-11T09:54:57Z">
          <reporter-output>
          </reporter-output>
        </test-method> <!-- init -->
        <test-method status="PASS" signature="testUntitled4()[pri:0, instance:blog.JS_error_blog@7ffc9053]" name="testUntitled4" duration-ms="2309" started-at="2014-08-11T09:54:57Z" finished-at="2014-08-11T09:54:59Z">
          <reporter-output>
          </reporter-output>
        </test-method> <!-- testUntitled4 -->
      </class> <!-- blog.JS_error_blog -->
      <class name="about.Tabs">
        <test-method status="PASS" signature="init()[pri:0, instance:about.Tabs@6f17beff]" name="init" is-config="true" duration-ms="9" started-at="2014-08-11T09:55:10Z" finished-at="2014-08-11T09:55:10Z">
          <reporter-output>
          </reporter-output>
        </test-method> <!-- init -->
        <test-method status="PASS" signature="testUntitled5()[pri:0, instance:about.Tabs@6f17beff]" name="testUntitled5" duration-ms="3492" started-at="2014-08-11T09:55:10Z" finished-at="2014-08-11T09:55:13Z">
          <reporter-output>
          </reporter-output>
        </test-method> <!-- testUntitled5 -->
      </class> <!-- about.Tabs -->
      <class name="blog.Blog_page">
        <test-method status="PASS" signature="init()[pri:0, instance:blog.Blog_page@69960a51]" name="init" is-config="true" duration-ms="3" started-at="2014-08-11T09:57:38Z" finished-at="2014-08-11T09:57:38Z">
          <reporter-output>
          </reporter-output>
        </test-method> <!-- init -->
        <test-method status="PASS" signature="testUntitled2()[pri:0, instance:blog.Blog_page@69960a51]" name="testUntitled2" duration-ms="1868" started-at="2014-08-11T09:57:38Z" finished-at="2014-08-11T09:57:40Z">
          <reporter-output>
          </reporter-output>
        </test-method> <!-- testUntitled2 -->
      </class> <!-- blog.Blog_page -->
      <class name="blog.Search">
        <test-method status="PASS" signature="init()[pri:0, instance:blog.Search@24177697]" name="init" is-config="true" duration-ms="4" started-at="2014-08-11T09:57:40Z" finished-at="2014-08-11T09:57:40Z">
          <reporter-output>
          </reporter-output>
        </test-method> <!-- init -->
        <test-method status="PASS" signature="testUntitled3()[pri:0, instance:blog.Search@24177697]" name="testUntitled3" duration-ms="2117" started-at="2014-08-11T09:57:40Z" finished-at="2014-08-11T09:57:42Z">
          <reporter-output>
          </reporter-output>
        </test-method> <!-- testUntitled3 -->
      </class> <!-- blog.Search -->
      <class name="contact.JS_error">
        <test-method status="PASS" signature="init()[pri:0, instance:contact.JS_error@1e677aca]" name="init" is-config="true" duration-ms="13" started-at="2014-08-11T09:54:56Z" finished-at="2014-08-11T09:54:56Z">
          <reporter-output>
          </reporter-output>
        </test-method> <!-- init -->
        <test-method status="PASS" signature="testUntitled4()[pri:0, instance:contact.JS_error@1e677aca]" name="testUntitled4" duration-ms="478" started-at="2014-08-11T09:54:56Z" finished-at="2014-08-11T09:54:57Z">
          <reporter-output>
          </reporter-output>
        </test-method> <!-- testUntitled4 -->
      </class> <!-- contact.JS_error -->
      <class name="contact.Contact_email_change">
        <test-method status="PASS" signature="init()[pri:0, instance:contact.Contact_email_change@17965791]" name="init" is-config="true" duration-ms="6" started-at="2014-08-11T09:56:06Z" finished-at="2014-08-11T09:56:06Z">
          <reporter-output>
          </reporter-output>
        </test-method> <!-- init -->
        <test-method status="PASS" signature="testUntitled6()[pri:0, instance:contact.Contact_email_change@17965791]" name="testUntitled6" duration-ms="3834" started-at="2014-08-11T09:56:06Z" finished-at="2014-08-11T09:56:10Z">
          <reporter-output>
          </reporter-output>
        </test-method> <!-- testUntitled6 -->
      </class> <!-- contact.Contact_email_change -->
      <class name="blog.Comment">
        <test-method status="PASS" signature="init()[pri:0, instance:blog.Comment@4f5bec86]" name="init" is-config="true" duration-ms="4" started-at="2014-08-11T09:56:49Z" finished-at="2014-08-11T09:56:49Z">
          <reporter-output>
          </reporter-output>
        </test-method> <!-- init -->
        <test-method status="PASS" signature="testUntitled4()[pri:0, instance:blog.Comment@4f5bec86]" name="testUntitled4" duration-ms="30627" started-at="2014-08-11T09:56:49Z" finished-at="2014-08-11T09:57:20Z">
          <reporter-output>
          </reporter-output>
        </test-method> <!-- testUntitled4 -->
      </class> <!-- blog.Comment -->
      <class name="home.JS_error">
        <test-method status="PASS" signature="init()[pri:0, instance:home.JS_error@2b9455f1]" name="init" is-config="true" duration-ms="16673" started-at="2014-08-11T09:54:23Z" finished-at="2014-08-11T09:54:39Z">
          <reporter-output>
          </reporter-output>
        </test-method> <!-- init -->
        <test-method status="PASS" signature="testUntitled4()[pri:0, instance:home.JS_error@2b9455f1]" name="testUntitled4" duration-ms="9182" started-at="2014-08-11T09:54:39Z" finished-at="2014-08-11T09:54:49Z">
          <reporter-output>
          </reporter-output>
        </test-method> <!-- testUntitled4 -->
      </class> <!-- home.JS_error -->
      <class name="home.Banner">
        <test-method status="PASS" signature="init()[pri:0, instance:home.Banner@391ba64d]" name="init" is-config="true" duration-ms="6" started-at="2014-08-11T09:55:04Z" finished-at="2014-08-11T09:55:04Z">
          <reporter-output>
          </reporter-output>
        </test-method> <!-- init -->
        <test-method status="PASS" signature="testUntitled4()[pri:0, instance:home.Banner@391ba64d]" name="testUntitled4" duration-ms="5763" started-at="2014-08-11T09:55:04Z" finished-at="2014-08-11T09:55:10Z">
          <reporter-output>
          </reporter-output>
        </test-method> <!-- testUntitled4 -->
      </class> <!-- home.Banner -->
      <class name="blog.Captcha_disable">
        <test-method status="PASS" signature="init()[pri:0, instance:blog.Captcha_disable@aaf8eaa]" name="init" is-config="true" duration-ms="4" started-at="2014-08-11T09:56:34Z" finished-at="2014-08-11T09:56:34Z">
          <reporter-output>
          </reporter-output>
        </test-method> <!-- init -->
        <test-method status="PASS" signature="testUntitled3()[pri:0, instance:blog.Captcha_disable@aaf8eaa]" name="testUntitled3" duration-ms="14903" started-at="2014-08-11T09:56:34Z" finished-at="2014-08-11T09:56:49Z">
          <reporter-output>
          </reporter-output>
        </test-method> <!-- testUntitled3 -->
      </class> <!-- blog.Captcha_disable -->
      <class name="clients.Details_elements">
        <test-method status="PASS" signature="init()[pri:0, instance:clients.Details_elements@bbf4061]" name="init" is-config="true" duration-ms="4" started-at="2014-08-11T09:55:18Z" finished-at="2014-08-11T09:55:18Z">
          <reporter-output>
          </reporter-output>
        </test-method> <!-- init -->
        <test-method status="PASS" signature="testUntitled9()[pri:0, instance:clients.Details_elements@bbf4061]" name="testUntitled9" duration-ms="1801" started-at="2014-08-11T09:55:18Z" finished-at="2014-08-11T09:55:19Z">
          <reporter-output>
          </reporter-output>
        </test-method> <!-- testUntitled9 -->
      </class> <!-- clients.Details_elements -->
      <class name="clients.Website">
        <test-method status="PASS" signature="init()[pri:0, instance:clients.Website@f4efcb0]" name="init" is-config="true" duration-ms="6" started-at="2014-08-11T09:55:24Z" finished-at="2014-08-11T09:55:24Z">
          <reporter-output>
          </reporter-output>
        </test-method> <!-- init -->
        <test-method status="PASS" signature="testUntitled7()[pri:0, instance:clients.Website@f4efcb0]" name="testUntitled7" duration-ms="3533" started-at="2014-08-11T09:55:24Z" finished-at="2014-08-11T09:55:28Z">
          <reporter-output>
          </reporter-output>
        </test-method> <!-- testUntitled7 -->
      </class> <!-- clients.Website -->
      <class name="blog.Details_page">
        <test-method status="PASS" signature="init()[pri:0, instance:blog.Details_page@24b9371e]" name="init" is-config="true" duration-ms="4" started-at="2014-08-11T09:57:34Z" finished-at="2014-08-11T09:57:34Z">
          <reporter-output>
          </reporter-output>
        </test-method> <!-- init -->
        <test-method status="PASS" signature="testUntitled()[pri:0, instance:blog.Details_page@24b9371e]" name="testUntitled" duration-ms="3922" started-at="2014-08-11T09:57:34Z" finished-at="2014-08-11T09:57:38Z">
          <reporter-output>
          </reporter-output>
        </test-method> <!-- testUntitled -->
      </class> <!-- blog.Details_page -->
      <class name="blog.JS_error_post">
        <test-method status="PASS" signature="init()[pri:0, instance:blog.JS_error_post@7bd1a567]" name="init" is-config="true" duration-ms="8" started-at="2014-08-11T09:54:59Z" finished-at="2014-08-11T09:54:59Z">
          <reporter-output>
          </reporter-output>
        </test-method> <!-- init -->
        <test-method status="PASS" signature="testUntitled4()[pri:0, instance:blog.JS_error_post@7bd1a567]" name="testUntitled4" duration-ms="1346" started-at="2014-08-11T09:54:59Z" finished-at="2014-08-11T09:55:01Z">
          <reporter-output>
          </reporter-output>
        </test-method> <!-- testUntitled4 -->
      </class> <!-- blog.JS_error_post -->
      <class name="blog.Captcha_empty">
        <test-method status="PASS" signature="init()[pri:0, instance:blog.Captcha_empty@5cc75d38]" name="init" is-config="true" duration-ms="5" started-at="2014-08-11T09:56:10Z" finished-at="2014-08-11T09:56:10Z">
          <reporter-output>
          </reporter-output>
        </test-method> <!-- init -->
        <test-method status="PASS" signature="testUntitled()[pri:0, instance:blog.Captcha_empty@5cc75d38]" name="testUntitled" duration-ms="10820" started-at="2014-08-11T09:56:10Z" finished-at="2014-08-11T09:56:21Z">
          <reporter-output>
          </reporter-output>
        </test-method> <!-- testUntitled -->
      </class> <!-- blog.Captcha_empty -->
      <class name="contact.Form_invalid">
        <test-method status="PASS" signature="init()[pri:0, instance:contact.Form_invalid@541d4bce]" name="init" is-config="true" duration-ms="4" started-at="2014-08-11T09:55:29Z" finished-at="2014-08-11T09:55:29Z">
          <reporter-output>
          </reporter-output>
        </test-method> <!-- init -->
        <test-method status="PASS" signature="testUntitled3()[pri:0, instance:contact.Form_invalid@541d4bce]" name="testUntitled3" duration-ms="1023" started-at="2014-08-11T09:55:29Z" finished-at="2014-08-11T09:55:30Z">
          <reporter-output>
          </reporter-output>
        </test-method> <!-- testUntitled3 -->
      </class> <!-- contact.Form_invalid -->
      <class name="blog.Captcha_invalid">
        <test-method status="PASS" signature="init()[pri:0, instance:blog.Captcha_invalid@46432685]" name="init" is-config="true" duration-ms="4" started-at="2014-08-11T09:56:21Z" finished-at="2014-08-11T09:56:21Z">
          <reporter-output>
          </reporter-output>
        </test-method> <!-- init -->
        <test-method status="PASS" signature="testUntitled2()[pri:0, instance:blog.Captcha_invalid@46432685]" name="testUntitled2" duration-ms="13520" started-at="2014-08-11T09:56:21Z" finished-at="2014-08-11T09:56:34Z">
          <reporter-output>
          </reporter-output>
        </test-method> <!-- testUntitled2 -->
      </class> <!-- blog.Captcha_invalid -->
      <class name="home.Newsletter_valid">
        <test-method status="PASS" signature="init()[pri:0, instance:home.Newsletter_valid@1fa68b9c]" name="init" is-config="true" duration-ms="8" started-at="2014-08-11T09:55:02Z" finished-at="2014-08-11T09:55:02Z">
          <reporter-output>
          </reporter-output>
        </test-method> <!-- init -->
        <test-method status="PASS" signature="testUntitled3()[pri:0, instance:home.Newsletter_valid@1fa68b9c]" name="testUntitled3" duration-ms="1905" started-at="2014-08-11T09:55:02Z" finished-at="2014-08-11T09:55:04Z">
          <reporter-output>
          </reporter-output>
        </test-method> <!-- testUntitled3 -->
      </class> <!-- home.Newsletter_valid -->
      <class name="services.JS_error">
        <test-method status="PASS" signature="init()[pri:0, instance:services.JS_error@3385f539]" name="init" is-config="true" duration-ms="4" started-at="2014-08-11T09:54:54Z" finished-at="2014-08-11T09:54:54Z">
          <reporter-output>
          </reporter-output>
        </test-method> <!-- init -->
        <test-method status="PASS" signature="testUntitled4()[pri:0, instance:services.JS_error@3385f539]" name="testUntitled4" duration-ms="1854" started-at="2014-08-11T09:54:55Z" finished-at="2014-08-11T09:54:56Z">
          <reporter-output>
          </reporter-output>
        </test-method> <!-- testUntitled4 -->
        <test-method status="PASS" signature="tearDown()[pri:0, instance:services.JS_error@3385f539]" name="tearDown" is-config="true" duration-ms="1222" started-at="2014-08-11T09:57:42Z" finished-at="2014-08-11T09:57:43Z">
          <reporter-output>
          </reporter-output>
        </test-method> <!-- tearDown -->
      </class> <!-- services.JS_error -->
      <class name="contact.Form_empty">
        <test-method status="PASS" signature="init()[pri:0, instance:contact.Form_empty@a06514b]" name="init" is-config="true" duration-ms="4" started-at="2014-08-11T09:55:30Z" finished-at="2014-08-11T09:55:30Z">
          <reporter-output>
          </reporter-output>
        </test-method> <!-- init -->
        <test-method status="PASS" signature="testUntitled4()[pri:0, instance:contact.Form_empty@a06514b]" name="testUntitled4" duration-ms="574" started-at="2014-08-11T09:55:30Z" finished-at="2014-08-11T09:55:31Z">
          <reporter-output>
          </reporter-output>
        </test-method> <!-- testUntitled4 -->
      </class> <!-- contact.Form_empty -->
      <class name="clients.Navigation">
        <test-method status="PASS" signature="init()[pri:0, instance:clients.Navigation@6ac604]" name="init" is-config="true" duration-ms="4" started-at="2014-08-11T09:55:19Z" finished-at="2014-08-11T09:55:19Z">
          <reporter-output>
          </reporter-output>
        </test-method> <!-- init -->
        <test-method status="PASS" signature="testUntitled10()[pri:0, instance:clients.Navigation@6ac604]" name="testUntitled10" duration-ms="4819" started-at="2014-08-11T09:55:19Z" finished-at="2014-08-11T09:55:24Z">
          <reporter-output>
          </reporter-output>
        </test-method> <!-- testUntitled10 -->
      </class> <!-- clients.Navigation -->
      <class name="about.JS_error">
        <test-method status="PASS" signature="init()[pri:0, instance:about.JS_error@1c057a1e]" name="init" is-config="true" duration-ms="5" started-at="2014-08-11T09:54:49Z" finished-at="2014-08-11T09:54:49Z">
          <reporter-output>
          </reporter-output>
        </test-method> <!-- init -->
        <test-method status="PASS" signature="testUntitled4()[pri:0, instance:about.JS_error@1c057a1e]" name="testUntitled4" duration-ms="1539" started-at="2014-08-11T09:54:49Z" finished-at="2014-08-11T09:54:50Z">
          <reporter-output>
          </reporter-output>
        </test-method> <!-- testUntitled4 -->
      </class> <!-- about.JS_error -->
      <class name="home.Newsletter_invalid">
        <test-method status="PASS" signature="init()[pri:0, instance:home.Newsletter_invalid@c24cb3]" name="init" is-config="true" duration-ms="5" started-at="2014-08-11T09:55:01Z" finished-at="2014-08-11T09:55:01Z">
          <reporter-output>
          </reporter-output>
        </test-method> <!-- init -->
        <test-method status="PASS" signature="testUntitled2()[pri:0, instance:home.Newsletter_invalid@c24cb3]" name="testUntitled2" duration-ms="686" started-at="2014-08-11T09:55:01Z" finished-at="2014-08-11T09:55:02Z">
          <reporter-output>
          </reporter-output>
        </test-method> <!-- testUntitled2 -->
      </class> <!-- home.Newsletter_invalid -->
      <class name="home.Newsletter_empty">
        <test-method status="PASS" signature="init()[pri:0, instance:home.Newsletter_empty@61ee30d2]" name="init" is-config="true" duration-ms="6" started-at="2014-08-11T09:55:01Z" finished-at="2014-08-11T09:55:01Z">
          <reporter-output>
          </reporter-output>
        </test-method> <!-- init -->
        <test-method status="PASS" signature="testUntitled()[pri:0, instance:home.Newsletter_empty@61ee30d2]" name="testUntitled" duration-ms="890" started-at="2014-08-11T09:55:01Z" finished-at="2014-08-11T09:55:01Z">
          <reporter-output>
          </reporter-output>
        </test-method> <!-- testUntitled -->
      </class> <!-- home.Newsletter_empty -->
      <class name="clients.JS_error">
        <test-method status="PASS" signature="init()[pri:0, instance:clients.JS_error@54397c28]" name="init" is-config="true" duration-ms="5" started-at="2014-08-11T09:54:50Z" finished-at="2014-08-11T09:54:50Z">
          <reporter-output>
          </reporter-output>
        </test-method> <!-- init -->
        <test-method status="PASS" signature="testUntitled4()[pri:0, instance:clients.JS_error@54397c28]" name="testUntitled4" duration-ms="4329" started-at="2014-08-11T09:54:50Z" finished-at="2014-08-11T09:54:54Z">
          <reporter-output>
          </reporter-output>
        </test-method> <!-- testUntitled4 -->
      </class> <!-- clients.JS_error -->
      <class name="contact.Form_valid">
        <test-method status="PASS" signature="init()[pri:0, instance:contact.Form_valid@72215748]" name="init" is-config="true" duration-ms="3" started-at="2014-08-11T09:55:31Z" finished-at="2014-08-11T09:55:31Z">
          <reporter-output>
          </reporter-output>
        </test-method> <!-- init -->
        <test-method status="PASS" signature="testUntitled6()[pri:0, instance:contact.Form_valid@72215748]" name="testUntitled6" duration-ms="35681" started-at="2014-08-11T09:55:31Z" finished-at="2014-08-11T09:56:06Z">
          <reporter-output>
          </reporter-output>
        </test-method> <!-- testUntitled6 -->
      </class> <!-- contact.Form_valid -->
    </test> <!-- Test1 -->
  </suite> <!-- Tests -->
</testng-results>
