<?xml version="1.0" encoding="UTF-8"?>
<testng-results skipped="0" failed="0" total="2" passed="2">
  <reporter-output>
  </reporter-output>
  <suite name="Tests" duration-ms="33501" started-at="2016-04-10T15:05:17Z" finished-at="2016-04-10T15:05:50Z">
    <groups>
    </groups>
    <test name="JS Errors" duration-ms="33501" started-at="2016-04-10T15:05:17Z" finished-at="2016-04-10T15:05:50Z">
      <class name="home.JS_error_home">
        <test-method status="PASS" signature="init()[pri:0, instance:home.JS_error_home@4e04a765]" name="init" is-config="true" duration-ms="6652" started-at="2016-04-10T12:05:17Z" finished-at="2016-04-10T12:05:23Z">
          <reporter-output>
          </reporter-output>
        </test-method> <!-- init -->
        <test-method status="PASS" signature="testUntitled4()[pri:0, instance:home.JS_error_home@4e04a765]" name="testUntitled4" duration-ms="20825" started-at="2016-04-10T12:05:23Z" finished-at="2016-04-10T12:05:44Z">
          <reporter-output>
          </reporter-output>
        </test-method> <!-- testUntitled4 -->
      </class> <!-- home.JS_error_home -->
      <class name="about.JS_error_about">
        <test-method status="PASS" signature="init()[pri:0, instance:about.JS_error_about@1a407d53]" name="init" is-config="true" duration-ms="5" started-at="2016-04-10T12:05:44Z" finished-at="2016-04-10T12:05:44Z">
          <reporter-output>
          </reporter-output>
        </test-method> <!-- init -->
        <test-method status="PASS" signature="testUntitled4()[pri:0, instance:about.JS_error_about@1a407d53]" name="testUntitled4" duration-ms="6001" started-at="2016-04-10T12:05:44Z" finished-at="2016-04-10T12:05:50Z">
          <reporter-output>
          </reporter-output>
        </test-method> <!-- testUntitled4 -->
        <test-method status="PASS" signature="tearDown()[pri:0, instance:about.JS_error_about@1a407d53]" name="tearDown" is-config="true" duration-ms="1412" started-at="2016-04-10T12:05:50Z" finished-at="2016-04-10T12:05:52Z">
          <reporter-output>
          </reporter-output>
        </test-method> <!-- tearDown -->
      </class> <!-- about.JS_error_about -->
    </test> <!-- JS Errors -->
  </suite> <!-- Tests -->
</testng-results>
