<?xml version="1.0" encoding="UTF-8"?>
<testng-results skipped="0" failed="9" total="30" passed="21">
  <reporter-output>
  </reporter-output>
  <suite name="Tests" duration-ms="619758" started-at="2015-03-18T11:28:03Z" finished-at="2015-03-18T11:38:23Z">
    <groups>
    </groups>
    <test name="Test1" duration-ms="619758" started-at="2015-03-18T11:28:03Z" finished-at="2015-03-18T11:38:23Z">
      <class name="blog.Comment">
        <test-method status="PASS" signature="init()[pri:0, instance:blog.Comment@153f5a29]" name="init" is-config="true" duration-ms="9757" started-at="2015-03-18T15:35:52Z" finished-at="2015-03-18T15:36:02Z">
          <reporter-output>
          </reporter-output>
        </test-method> <!-- init -->
        <test-method status="PASS" signature="testUntitled4()[pri:0, instance:blog.Comment@153f5a29]" name="testUntitled4" duration-ms="52291" started-at="2015-03-18T15:36:02Z" finished-at="2015-03-18T15:36:54Z">
          <reporter-output>
          </reporter-output>
        </test-method> <!-- testUntitled4 -->
        <test-method status="PASS" signature="stopDriver()[pri:0, instance:blog.Comment@153f5a29]" name="stopDriver" is-config="true" duration-ms="688" started-at="2015-03-18T15:36:54Z" finished-at="2015-03-18T15:36:55Z">
          <reporter-output>
          </reporter-output>
        </test-method> <!-- stopDriver -->
      </class> <!-- blog.Comment -->
      <class name="blog.Captcha_empty">
        <test-method status="PASS" signature="init()[pri:0, instance:blog.Captcha_empty@b97c004]" name="init" is-config="true" duration-ms="6863" started-at="2015-03-18T15:34:19Z" finished-at="2015-03-18T15:34:26Z">
          <reporter-output>
          </reporter-output>
        </test-method> <!-- init -->
        <test-method status="PASS" signature="testUntitled()[pri:0, instance:blog.Captcha_empty@b97c004]" name="testUntitled" duration-ms="20588" started-at="2015-03-18T15:34:26Z" finished-at="2015-03-18T15:34:47Z">
          <reporter-output>
          </reporter-output>
        </test-method> <!-- testUntitled -->
        <test-method status="PASS" signature="stopDriver()[pri:0, instance:blog.Captcha_empty@b97c004]" name="stopDriver" is-config="true" duration-ms="562" started-at="2015-03-18T15:34:47Z" finished-at="2015-03-18T15:34:47Z">
          <reporter-output>
          </reporter-output>
        </test-method> <!-- stopDriver -->
      </class> <!-- blog.Captcha_empty -->
      <class name="home.Newsletter_invalid">
        <test-method status="PASS" signature="init()[pri:0, instance:home.Newsletter_invalid@97e1986]" name="init" is-config="true" duration-ms="8754" started-at="2015-03-18T15:29:33Z" finished-at="2015-03-18T15:29:42Z">
          <reporter-output>
          </reporter-output>
        </test-method> <!-- init -->
        <test-method status="PASS" signature="testUntitled2()[pri:0, instance:home.Newsletter_invalid@97e1986]" name="testUntitled2" duration-ms="3501" started-at="2015-03-18T15:29:42Z" finished-at="2015-03-18T15:29:45Z">
          <reporter-output>
          </reporter-output>
        </test-method> <!-- testUntitled2 -->
        <test-method status="PASS" signature="stopDriver()[pri:0, instance:home.Newsletter_invalid@97e1986]" name="stopDriver" is-config="true" duration-ms="563" started-at="2015-03-18T15:29:45Z" finished-at="2015-03-18T15:29:46Z">
          <reporter-output>
          </reporter-output>
        </test-method> <!-- stopDriver -->
      </class> <!-- home.Newsletter_invalid -->
      <class name="home.JS_error">
        <test-method status="PASS" signature="init()[pri:0, instance:home.JS_error@35fb3008]" name="init" is-config="true" duration-ms="7727" started-at="2015-03-18T15:28:03Z" finished-at="2015-03-18T15:28:11Z">
          <reporter-output>
          </reporter-output>
        </test-method> <!-- init -->
        <test-method status="FAIL" signature="testUntitled4()[pri:0, instance:home.JS_error@35fb3008]" name="testUntitled4" duration-ms="1797" started-at="2015-03-18T15:28:11Z" finished-at="2015-03-18T15:28:13Z">
          <exception class="java.lang.AssertionError">
            <message>
              <![CDATA[expected:<[]> but was:<[[2015-03-18T15:28:10+0400] [INFO] Could not read chrome manifest 'file:///C:/Program%20Files%20(x86)/Mozilla%20Firefox/chrome.manifest'.
, [2015-03-18T15:28:10+0400] [INFO] 1426678089556	addons.manager	DEBUG	Loaded provider scope for resource://gre/modules/addons/XPIProvider.jsm: ["XPIProvider"]
, [2015-03-18T15:28:10+0400] [INFO] 1426678089557	addons.manager	DEBUG	Loaded provider scope for resource://gre/modules/LightweightThemeManager.jsm: ["LightweightThemeManager"]
, [2015-03-18T15:28:10+0400] [INFO] 1426678089559	addons.xpi	DEBUG	startup
, [2015-03-18T15:28:10+0400] [INFO] 1426678089560	addons.xpi	INFO	Mapping fxdriver@googlecode.com to C:\Users\Lana\AppData\Local\Temp\anonymous8763948926817190982webdriver-profile\extensions\fxdriver@googlecode.com
, [2015-03-18T15:28:10+0400] [INFO] 1426678089560	addons.xpi	DEBUG	Ignoring file entry whose name is not a valid add-on ID: C:\Users\Lana\AppData\Local\Temp\anonymous8763948926817190982webdriver-profile\extensions\webdriver-staging
, [2015-03-18T15:28:10+0400] [INFO] 1426678089561	addons.xpi	INFO	Mapping {972ce4c6-7e08-4474-a285-3208198ce6fd} to C:\Program Files (x86)\Mozilla Firefox\browser\extensions\{972ce4c6-7e08-4474-a285-3208198ce6fd}
, [2015-03-18T15:28:10+0400] [INFO] 1426678089561	addons.xpi	DEBUG	Skipping unavailable install location app-system-share
, [2015-03-18T15:28:10+0400] [INFO] 1426678089561	addons.xpi	DEBUG	Skipping unavailable install location app-system-local
, [2015-03-18T15:28:10+0400] [INFO] 1426678089562	addons.xpi	DEBUG	checkForChanges
, [2015-03-18T15:28:10+0400] [INFO] 1426678089562	addons.xpi	DEBUG	Loaded add-on state from prefs: {"app-profile":{"fxdriver@googlecode.com":{"d":"C:\\Users\\Lana\\AppData\\Local\\Temp\\anonymous8763948926817190982webdriver-profile\\extensions\\fxdriver@googlecode.com","e":true,"v":"2.45.0","st":1426678085500,"mt":1426678085328}},"app-global":{"{972ce4c6-7e08-4474-a285-3208198ce6fd}":{"d":"C:\\Program Files (x86)\\Mozilla Firefox\\browser\\extensions\\{972ce4c6-7e08-4474-a285-3208198ce6fd}","e":true,"v":"36.0.1","st":1425627516144,"mt":1425627515938}}}
, [2015-03-18T15:28:10+0400] [INFO] 1426678089563	addons.xpi	DEBUG	getModTime: Recursive scan of fxdriver@googlecode.com
, [2015-03-18T15:28:10+0400] [INFO] 1426678089568	addons.xpi	DEBUG	getModTime: Recursive scan of {972ce4c6-7e08-4474-a285-3208198ce6fd}
, [2015-03-18T15:28:10+0400] [INFO] 1426678089569	addons.xpi	DEBUG	getInstallState changed: false, state: {"app-profile":{"fxdriver@googlecode.com":{"d":"C:\\Users\\Lana\\AppData\\Local\\Temp\\anonymous8763948926817190982webdriver-profile\\extensions\\fxdriver@googlecode.com","e":true,"v":"2.45.0","st":1426678085500,"mt":1426678085328}},"app-global":{"{972ce4c6-7e08-4474-a285-3208198ce6fd}":{"d":"C:\\Program Files (x86)\\Mozilla Firefox\\browser\\extensions\\{972ce4c6-7e08-4474-a285-3208198ce6fd}","e":true,"v":"36.0.1","st":1425627516144,"mt":1425627515938}}}
, [2015-03-18T15:28:10+0400] [INFO] 1426678089570	addons.xpi	DEBUG	No changes found
, [2015-03-18T15:28:10+0400] [INFO] 1426678089573	addons.manager	DEBUG	Registering shutdown blocker for XPIProvider
, [2015-03-18T15:28:10+0400] [INFO] 1426678089573	addons.manager	DEBUG	Registering shutdown blocker for LightweightThemeManager
, [2015-03-18T15:28:10+0400] [INFO] 1426678089574	addons.manager	DEBUG	Registering shutdown blocker for OpenH264Provider
, [2015-03-18T15:28:10+0400] [INFO] 1426678089574	addons.manager	DEBUG	Registering shutdown blocker for PluginProvider
, [2015-03-18T15:28:10+0400] [WARNING] Trying to re-register CID '{e26dbdcd-d3ba-4ded-88c3-6cb07ee3e9e0}' already registered by file:///C:/Users/Lana/AppData/Local/Temp/anonymous8763948926817190982webdriver-profile/extensions/fxdriver@googlecode.com/components/prompt-service.js., [2015-03-18T15:28:10+0400] [INFO] Native module at path 'C:\Users\Lana\AppData\Local\Temp\anonymous8763948926817190982webdriver-profile\extensions\fxdriver@googlecode.com\platform\WINNT_x86-msvc\components\webdriver-firefox-latest.dll' is incompatible with this version of Firefox, has version 34, expected 36.
, [2015-03-18T15:28:10+0400] [INFO] Native module at path 'C:\Users\Lana\AppData\Local\Temp\anonymous8763948926817190982webdriver-profile\extensions\fxdriver@googlecode.com\platform\WINNT_x86-msvc\components\imehandler.dll' doesn't export symbol `NSModule`.
, [2015-03-18T15:28:10+0400] [INFO] Could not read chrome manifest 'file:///C:/Program%20Files%20(x86)/Mozilla%20Firefox/browser/extensions/%7B972ce4c6-7e08-4474-a285-3208198ce6fd%7D/chrome.manifest'.
, [2015-03-18T15:28:10+0400] [INFO] Warning: unrecognized command line flag -foreground
, [2015-03-18T15:28:10+0400] [INFO] 1426678090640	addons.xpi-utils	DEBUG	Starting async load of XPI database C:\Users\Lana\AppData\Local\Temp\anonymous8763948926817190982webdriver-profile\extensions.json
, [2015-03-18T15:28:11+0400] [INFO] Blocklist::_preloadBlocklistFile: blocklist is disabled
, [2015-03-18T15:28:11+0400] [INFO] 1426678091073	addons.manager	DEBUG	Registering shutdown blocker for <unnamed-provider>
, [2015-03-18T15:28:11+0400] [INFO] 1426678091074	addons.xpi-utils	DEBUG	Async JSON file read took 0 MS
, [2015-03-18T15:28:11+0400] [INFO] 1426678091074	addons.xpi-utils	DEBUG	Finished async read of XPI database, parsing...
, [2015-03-18T15:28:11+0400] [INFO] 1426678091075	addons.xpi-utils	DEBUG	Successfully read XPI database
, [2015-03-18T15:28:11+0400] [INFO] 1426678091234	addons.repository	DEBUG	No addons.json found.
, [2015-03-18T15:28:11+0400] [INFO] 1426678091235	DeferredSave.addons.json	DEBUG	Save changes
, [2015-03-18T15:28:11+0400] [INFO] 1426678091237	DeferredSave.addons.json	DEBUG	Starting timer
, [2015-03-18T15:28:11+0400] [INFO] 1426678091301	DeferredSave.addons.json	DEBUG	Starting write
, [2015-03-18T15:28:11+0400] [INFO] 1426678091317	DeferredSave.addons.json	DEBUG	Write succeeded
, [2015-03-18T15:28:12+0400] [WARNING] Ожидалось объявление, но найдено «*».  Пропущено до следующего объявления., [2015-03-18T15:28:12+0400] [WARNING] Ожидалось объявление, но найдено «*».  Пропущено до следующего объявления., [2015-03-18T15:28:12+0400] [WARNING] Ожидалось объявление, но найдено «*».  Пропущено до следующего объявления., [2015-03-18T15:28:12+0400] [WARNING] Ожидалось объявление, но найдено «*».  Пропущено до следующего объявления., [2015-03-18T15:28:12+0400] [WARNING] Ожидалось объявление, но найдено «*».  Пропущено до следующего объявления., [2015-03-18T15:28:12+0400] [WARNING] Ожидалось объявление, но найдено «*».  Пропущено до следующего объявления., [2015-03-18T15:28:12+0400] [WARNING] Ожидалось объявление, но найдено «*».  Пропущено до следующего объявления., [2015-03-18T15:28:12+0400] [WARNING] Неизвестный псевдокласс или псевдоэлемент «-webkit-search-cancel-button».  Набор правил проигнорирован из-за плохого селектора., [2015-03-18T15:28:12+0400] [WARNING] Неизвестное свойство «-moz-border-radius».  Потерянное объявление., [2015-03-18T15:28:12+0400] [WARNING] Неизвестное свойство «-moz-box-shadow».  Потерянное объявление., [2015-03-18T15:28:12+0400] [WARNING] Ошибка при парсинге значения «background».  Потерянное объявление., [2015-03-18T15:28:12+0400] [WARNING] Ошибка при парсинге значения «background».  Потерянное объявление., [2015-03-18T15:28:12+0400] [WARNING] Ошибка при парсинге значения «background».  Потерянное объявление., [2015-03-18T15:28:12+0400] [WARNING] Ошибка при парсинге значения «background».  Потерянное объявление., [2015-03-18T15:28:12+0400] [WARNING] Ожидалось «none», «URL» или функция фильтра, но найдено «progid».  Ошибка при парсинге значения «filter».  Потерянное объявление., [2015-03-18T15:28:12+0400] [WARNING] Ожидалось «none», «URL» или функция фильтра, но найдено «progid».  Ошибка при парсинге значения «filter».  Потерянное объявление., [2015-03-18T15:28:12+0400] [WARNING] Неизвестный псевдокласс или псевдоэлемент «selection».  Набор правил проигнорирован из-за плохого селектора., [2015-03-18T15:28:12+0400] [WARNING] Ошибка при парсинге значения «font».  Потерянное объявление., [2015-03-18T15:28:12+0400] [WARNING] Неизвестный псевдокласс или псевдоэлемент «-webkit-input-placeholder».  Набор правил проигнорирован из-за плохого селектора., [2015-03-18T15:28:12+0400] [WARNING] Неизвестный псевдокласс или псевдоэлемент «-ms-input-placeholder».  Набор правил проигнорирован из-за плохого селектора., [2015-03-18T15:28:12+0400] [WARNING] Неизвестное свойство «-moz-box-shadow».  Потерянное объявление., [2015-03-18T15:28:12+0400] [WARNING] Неизвестное свойство «-moz-border-radius».  Потерянное объявление., [2015-03-18T15:28:12+0400] [WARNING] Ожидалось объявление, но найдено «*».  Пропущено до следующего объявления., [2015-03-18T15:28:12+0400] [WARNING] Ожидалось объявление, но найдено «*».  Пропущено до следующего объявления., [2015-03-18T15:28:12+0400] [WARNING] Ожидалось имя медиа-функции, но найдено «-o-min-device-pixel-ratio»., [2015-03-18T15:28:12+0400] [WARNING] Ожидалось имя медиа-функции, но найдено «-webkit-min-device-pixel-ratio»., [2015-03-18T15:28:12+0400] [WARNING] Ошибка при парсинге значения «background».  Потерянное объявление., [2015-03-18T15:28:12+0400] [WARNING] Ошибка при парсинге значения «background».  Потерянное объявление., [2015-03-18T15:28:12+0400] [WARNING] Ошибка при парсинге значения «background».  Потерянное объявление., [2015-03-18T15:28:12+0400] [WARNING] Ожидалось определение цвета, но найдено «top».  Ошибка при парсинге значения «background».  Потерянное объявление., [2015-03-18T15:28:12+0400] [WARNING] Ошибка при парсинге значения «background».  Потерянное объявление., [2015-03-18T15:28:12+0400] [WARNING] Ошибка при парсинге значения «background».  Потерянное объявление., [2015-03-18T15:28:12+0400] [WARNING] Ошибка при парсинге значения «background».  Потерянное объявление., [2015-03-18T15:28:12+0400] [WARNING] Ожидалось определение цвета, но найдено «bottom».  Ошибка при парсинге значения «background».  Потерянное объявление., [2015-03-18T15:28:12+0400] [WARNING] Ошибка при парсинге значения «background».  Потерянное объявление., [2015-03-18T15:28:12+0400] [WARNING] Ошибка при парсинге значения «background».  Потерянное объявление., [2015-03-18T15:28:12+0400] [WARNING] Ошибка при парсинге значения «background».  Потерянное объявление., [2015-03-18T15:28:12+0400] [WARNING] Ошибка при парсинге значения «background».  Потерянное объявление., [2015-03-18T15:28:12+0400] [WARNING] Ошибка при парсинге значения «background».  Потерянное объявление., [2015-03-18T15:28:12+0400] [WARNING] Ошибка при парсинге значения «background».  Потерянное объявление., [2015-03-18T15:28:12+0400] [WARNING] Неизвестное свойство «speak».  Потерянное объявление., [2015-03-18T15:28:12+0400] [WARNING] Неизвестное свойство «user-select».  Потерянное объявление., [2015-03-18T15:28:12+0400] [WARNING] Неизвестное свойство «user-select».  Потерянное объявление., [2015-03-18T15:28:12+0400] [WARNING] Неизвестное свойство «user-select».  Потерянное объявление., [2015-03-18T15:28:12+0400] [WARNING] Using //@ to indicate sourceMappingURL pragmas is deprecated. Use //# instead, [2015-03-18T15:28:12+0400] [WARNING] Ожидалось имя медиа-функции, но найдено «touch-enabled»., [2015-03-18T15:28:12+0400] [WARNING] Ожидалось имя медиа-функции, но найдено «-webkit-touch-enabled»., [2015-03-18T15:28:12+0400] [WARNING] Ожидалось имя медиа-функции, но найдено «-o-touch-enabled»., [2015-03-18T15:28:12+0400] [WARNING] Ожидалось имя медиа-функции, но найдено «-ms-touch-enabled»., [2015-03-18T15:28:12+0400] [WARNING] Ожидалось имя медиа-функции, но найдено «modernizr»., [2015-03-18T15:28:12+0400] [WARNING] Неизвестное свойство «-moz-opacity».  Потерянное объявление., [2015-03-18T15:28:12+0400] [WARNING] Ошибка при парсинге значения «background-image».  Потерянное объявление., [2015-03-18T15:28:12+0400] [WARNING] Ожидалось определение цвета, но найдено «left».  Ошибка при парсинге значения «background-image».  Потерянное объявление., [2015-03-18T15:28:12+0400] [WARNING] Ошибка при парсинге значения «background-image».  Потерянное объявление., [2015-03-18T15:28:12+0400] [WARNING] Ошибка при парсинге значения «background-image».  Потерянное объявление., [2015-03-18T15:28:12+0400] [WARNING] Ошибка при парсинге значения «background-image».  Потерянное объявление., [2015-03-18T15:28:12+0400] [INFO] Blocklist::_loadBlocklistFromFile: blocklist is disabled
, [2015-03-18T15:28:13+0400] [WARNING] Метод getPreventDefault() является устаревшим. Для его замены используйте метод defaultPrevented.]>]]>
            </message>
            <full-stacktrace>
              <![CDATA[java.lang.AssertionError: expected:<[]> but was:<[[2015-03-18T15:28:10+0400] [INFO] Could not read chrome manifest 'file:///C:/Program%20Files%20(x86)/Mozilla%20Firefox/chrome.manifest'.
, [2015-03-18T15:28:10+0400] [INFO] 1426678089556	addons.manager	DEBUG	Loaded provider scope for resource://gre/modules/addons/XPIProvider.jsm: ["XPIProvider"]
, [2015-03-18T15:28:10+0400] [INFO] 1426678089557	addons.manager	DEBUG	Loaded provider scope for resource://gre/modules/LightweightThemeManager.jsm: ["LightweightThemeManager"]
, [2015-03-18T15:28:10+0400] [INFO] 1426678089559	addons.xpi	DEBUG	startup
, [2015-03-18T15:28:10+0400] [INFO] 1426678089560	addons.xpi	INFO	Mapping fxdriver@googlecode.com to C:\Users\Lana\AppData\Local\Temp\anonymous8763948926817190982webdriver-profile\extensions\fxdriver@googlecode.com
, [2015-03-18T15:28:10+0400] [INFO] 1426678089560	addons.xpi	DEBUG	Ignoring file entry whose name is not a valid add-on ID: C:\Users\Lana\AppData\Local\Temp\anonymous8763948926817190982webdriver-profile\extensions\webdriver-staging
, [2015-03-18T15:28:10+0400] [INFO] 1426678089561	addons.xpi	INFO	Mapping {972ce4c6-7e08-4474-a285-3208198ce6fd} to C:\Program Files (x86)\Mozilla Firefox\browser\extensions\{972ce4c6-7e08-4474-a285-3208198ce6fd}
, [2015-03-18T15:28:10+0400] [INFO] 1426678089561	addons.xpi	DEBUG	Skipping unavailable install location app-system-share
, [2015-03-18T15:28:10+0400] [INFO] 1426678089561	addons.xpi	DEBUG	Skipping unavailable install location app-system-local
, [2015-03-18T15:28:10+0400] [INFO] 1426678089562	addons.xpi	DEBUG	checkForChanges
, [2015-03-18T15:28:10+0400] [INFO] 1426678089562	addons.xpi	DEBUG	Loaded add-on state from prefs: {"app-profile":{"fxdriver@googlecode.com":{"d":"C:\\Users\\Lana\\AppData\\Local\\Temp\\anonymous8763948926817190982webdriver-profile\\extensions\\fxdriver@googlecode.com","e":true,"v":"2.45.0","st":1426678085500,"mt":1426678085328}},"app-global":{"{972ce4c6-7e08-4474-a285-3208198ce6fd}":{"d":"C:\\Program Files (x86)\\Mozilla Firefox\\browser\\extensions\\{972ce4c6-7e08-4474-a285-3208198ce6fd}","e":true,"v":"36.0.1","st":1425627516144,"mt":1425627515938}}}
, [2015-03-18T15:28:10+0400] [INFO] 1426678089563	addons.xpi	DEBUG	getModTime: Recursive scan of fxdriver@googlecode.com
, [2015-03-18T15:28:10+0400] [INFO] 1426678089568	addons.xpi	DEBUG	getModTime: Recursive scan of {972ce4c6-7e08-4474-a285-3208198ce6fd}
, [2015-03-18T15:28:10+0400] [INFO] 1426678089569	addons.xpi	DEBUG	getInstallState changed: false, state: {"app-profile":{"fxdriver@googlecode.com":{"d":"C:\\Users\\Lana\\AppData\\Local\\Temp\\anonymous8763948926817190982webdriver-profile\\extensions\\fxdriver@googlecode.com","e":true,"v":"2.45.0","st":1426678085500,"mt":1426678085328}},"app-global":{"{972ce4c6-7e08-4474-a285-3208198ce6fd}":{"d":"C:\\Program Files (x86)\\Mozilla Firefox\\browser\\extensions\\{972ce4c6-7e08-4474-a285-3208198ce6fd}","e":true,"v":"36.0.1","st":1425627516144,"mt":1425627515938}}}
, [2015-03-18T15:28:10+0400] [INFO] 1426678089570	addons.xpi	DEBUG	No changes found
, [2015-03-18T15:28:10+0400] [INFO] 1426678089573	addons.manager	DEBUG	Registering shutdown blocker for XPIProvider
, [2015-03-18T15:28:10+0400] [INFO] 1426678089573	addons.manager	DEBUG	Registering shutdown blocker for LightweightThemeManager
, [2015-03-18T15:28:10+0400] [INFO] 1426678089574	addons.manager	DEBUG	Registering shutdown blocker for OpenH264Provider
, [2015-03-18T15:28:10+0400] [INFO] 1426678089574	addons.manager	DEBUG	Registering shutdown blocker for PluginProvider
, [2015-03-18T15:28:10+0400] [WARNING] Trying to re-register CID '{e26dbdcd-d3ba-4ded-88c3-6cb07ee3e9e0}' already registered by file:///C:/Users/Lana/AppData/Local/Temp/anonymous8763948926817190982webdriver-profile/extensions/fxdriver@googlecode.com/components/prompt-service.js., [2015-03-18T15:28:10+0400] [INFO] Native module at path 'C:\Users\Lana\AppData\Local\Temp\anonymous8763948926817190982webdriver-profile\extensions\fxdriver@googlecode.com\platform\WINNT_x86-msvc\components\webdriver-firefox-latest.dll' is incompatible with this version of Firefox, has version 34, expected 36.
, [2015-03-18T15:28:10+0400] [INFO] Native module at path 'C:\Users\Lana\AppData\Local\Temp\anonymous8763948926817190982webdriver-profile\extensions\fxdriver@googlecode.com\platform\WINNT_x86-msvc\components\imehandler.dll' doesn't export symbol `NSModule`.
, [2015-03-18T15:28:10+0400] [INFO] Could not read chrome manifest 'file:///C:/Program%20Files%20(x86)/Mozilla%20Firefox/browser/extensions/%7B972ce4c6-7e08-4474-a285-3208198ce6fd%7D/chrome.manifest'.
, [2015-03-18T15:28:10+0400] [INFO] Warning: unrecognized command line flag -foreground
, [2015-03-18T15:28:10+0400] [INFO] 1426678090640	addons.xpi-utils	DEBUG	Starting async load of XPI database C:\Users\Lana\AppData\Local\Temp\anonymous8763948926817190982webdriver-profile\extensions.json
, [2015-03-18T15:28:11+0400] [INFO] Blocklist::_preloadBlocklistFile: blocklist is disabled
, [2015-03-18T15:28:11+0400] [INFO] 1426678091073	addons.manager	DEBUG	Registering shutdown blocker for <unnamed-provider>
, [2015-03-18T15:28:11+0400] [INFO] 1426678091074	addons.xpi-utils	DEBUG	Async JSON file read took 0 MS
, [2015-03-18T15:28:11+0400] [INFO] 1426678091074	addons.xpi-utils	DEBUG	Finished async read of XPI database, parsing...
, [2015-03-18T15:28:11+0400] [INFO] 1426678091075	addons.xpi-utils	DEBUG	Successfully read XPI database
, [2015-03-18T15:28:11+0400] [INFO] 1426678091234	addons.repository	DEBUG	No addons.json found.
, [2015-03-18T15:28:11+0400] [INFO] 1426678091235	DeferredSave.addons.json	DEBUG	Save changes
, [2015-03-18T15:28:11+0400] [INFO] 1426678091237	DeferredSave.addons.json	DEBUG	Starting timer
, [2015-03-18T15:28:11+0400] [INFO] 1426678091301	DeferredSave.addons.json	DEBUG	Starting write
, [2015-03-18T15:28:11+0400] [INFO] 1426678091317	DeferredSave.addons.json	DEBUG	Write succeeded
, [2015-03-18T15:28:12+0400] [WARNING] Ожидалось объявление, но найдено «*».  Пропущено до следующего объявления., [2015-03-18T15:28:12+0400] [WARNING] Ожидалось объявление, но найдено «*».  Пропущено до следующего объявления., [2015-03-18T15:28:12+0400] [WARNING] Ожидалось объявление, но найдено «*».  Пропущено до следующего объявления., [2015-03-18T15:28:12+0400] [WARNING] Ожидалось объявление, но найдено «*».  Пропущено до следующего объявления., [2015-03-18T15:28:12+0400] [WARNING] Ожидалось объявление, но найдено «*».  Пропущено до следующего объявления., [2015-03-18T15:28:12+0400] [WARNING] Ожидалось объявление, но найдено «*».  Пропущено до следующего объявления., [2015-03-18T15:28:12+0400] [WARNING] Ожидалось объявление, но найдено «*».  Пропущено до следующего объявления., [2015-03-18T15:28:12+0400] [WARNING] Неизвестный псевдокласс или псевдоэлемент «-webkit-search-cancel-button».  Набор правил проигнорирован из-за плохого селектора., [2015-03-18T15:28:12+0400] [WARNING] Неизвестное свойство «-moz-border-radius».  Потерянное объявление., [2015-03-18T15:28:12+0400] [WARNING] Неизвестное свойство «-moz-box-shadow».  Потерянное объявление., [2015-03-18T15:28:12+0400] [WARNING] Ошибка при парсинге значения «background».  Потерянное объявление., [2015-03-18T15:28:12+0400] [WARNING] Ошибка при парсинге значения «background».  Потерянное объявление., [2015-03-18T15:28:12+0400] [WARNING] Ошибка при парсинге значения «background».  Потерянное объявление., [2015-03-18T15:28:12+0400] [WARNING] Ошибка при парсинге значения «background».  Потерянное объявление., [2015-03-18T15:28:12+0400] [WARNING] Ожидалось «none», «URL» или функция фильтра, но найдено «progid».  Ошибка при парсинге значения «filter».  Потерянное объявление., [2015-03-18T15:28:12+0400] [WARNING] Ожидалось «none», «URL» или функция фильтра, но найдено «progid».  Ошибка при парсинге значения «filter».  Потерянное объявление., [2015-03-18T15:28:12+0400] [WARNING] Неизвестный псевдокласс или псевдоэлемент «selection».  Набор правил проигнорирован из-за плохого селектора., [2015-03-18T15:28:12+0400] [WARNING] Ошибка при парсинге значения «font».  Потерянное объявление., [2015-03-18T15:28:12+0400] [WARNING] Неизвестный псевдокласс или псевдоэлемент «-webkit-input-placeholder».  Набор правил проигнорирован из-за плохого селектора., [2015-03-18T15:28:12+0400] [WARNING] Неизвестный псевдокласс или псевдоэлемент «-ms-input-placeholder».  Набор правил проигнорирован из-за плохого селектора., [2015-03-18T15:28:12+0400] [WARNING] Неизвестное свойство «-moz-box-shadow».  Потерянное объявление., [2015-03-18T15:28:12+0400] [WARNING] Неизвестное свойство «-moz-border-radius».  Потерянное объявление., [2015-03-18T15:28:12+0400] [WARNING] Ожидалось объявление, но найдено «*».  Пропущено до следующего объявления., [2015-03-18T15:28:12+0400] [WARNING] Ожидалось объявление, но найдено «*».  Пропущено до следующего объявления., [2015-03-18T15:28:12+0400] [WARNING] Ожидалось имя медиа-функции, но найдено «-o-min-device-pixel-ratio»., [2015-03-18T15:28:12+0400] [WARNING] Ожидалось имя медиа-функции, но найдено «-webkit-min-device-pixel-ratio»., [2015-03-18T15:28:12+0400] [WARNING] Ошибка при парсинге значения «background».  Потерянное объявление., [2015-03-18T15:28:12+0400] [WARNING] Ошибка при парсинге значения «background».  Потерянное объявление., [2015-03-18T15:28:12+0400] [WARNING] Ошибка при парсинге значения «background».  Потерянное объявление., [2015-03-18T15:28:12+0400] [WARNING] Ожидалось определение цвета, но найдено «top».  Ошибка при парсинге значения «background».  Потерянное объявление., [2015-03-18T15:28:12+0400] [WARNING] Ошибка при парсинге значения «background».  Потерянное объявление., [2015-03-18T15:28:12+0400] [WARNING] Ошибка при парсинге значения «background».  Потерянное объявление., [2015-03-18T15:28:12+0400] [WARNING] Ошибка при парсинге значения «background».  Потерянное объявление., [2015-03-18T15:28:12+0400] [WARNING] Ожидалось определение цвета, но найдено «bottom».  Ошибка при парсинге значения «background».  Потерянное объявление., [2015-03-18T15:28:12+0400] [WARNING] Ошибка при парсинге значения «background».  Потерянное объявление., [2015-03-18T15:28:12+0400] [WARNING] Ошибка при парсинге значения «background».  Потерянное объявление., [2015-03-18T15:28:12+0400] [WARNING] Ошибка при парсинге значения «background».  Потерянное объявление., [2015-03-18T15:28:12+0400] [WARNING] Ошибка при парсинге значения «background».  Потерянное объявление., [2015-03-18T15:28:12+0400] [WARNING] Ошибка при парсинге значения «background».  Потерянное объявление., [2015-03-18T15:28:12+0400] [WARNING] Ошибка при парсинге значения «background».  Потерянное объявление., [2015-03-18T15:28:12+0400] [WARNING] Неизвестное свойство «speak».  Потерянное объявление., [2015-03-18T15:28:12+0400] [WARNING] Неизвестное свойство «user-select».  Потерянное объявление., [2015-03-18T15:28:12+0400] [WARNING] Неизвестное свойство «user-select».  Потерянное объявление., [2015-03-18T15:28:12+0400] [WARNING] Неизвестное свойство «user-select».  Потерянное объявление., [2015-03-18T15:28:12+0400] [WARNING] Using //@ to indicate sourceMappingURL pragmas is deprecated. Use //# instead, [2015-03-18T15:28:12+0400] [WARNING] Ожидалось имя медиа-функции, но найдено «touch-enabled»., [2015-03-18T15:28:12+0400] [WARNING] Ожидалось имя медиа-функции, но найдено «-webkit-touch-enabled»., [2015-03-18T15:28:12+0400] [WARNING] Ожидалось имя медиа-функции, но найдено «-o-touch-enabled»., [2015-03-18T15:28:12+0400] [WARNING] Ожидалось имя медиа-функции, но найдено «-ms-touch-enabled»., [2015-03-18T15:28:12+0400] [WARNING] Ожидалось имя медиа-функции, но найдено «modernizr»., [2015-03-18T15:28:12+0400] [WARNING] Неизвестное свойство «-moz-opacity».  Потерянное объявление., [2015-03-18T15:28:12+0400] [WARNING] Ошибка при парсинге значения «background-image».  Потерянное объявление., [2015-03-18T15:28:12+0400] [WARNING] Ожидалось определение цвета, но найдено «left».  Ошибка при парсинге значения «background-image».  Потерянное объявление., [2015-03-18T15:28:12+0400] [WARNING] Ошибка при парсинге значения «background-image».  Потерянное объявление., [2015-03-18T15:28:12+0400] [WARNING] Ошибка при парсинге значения «background-image».  Потерянное объявление., [2015-03-18T15:28:12+0400] [WARNING] Ошибка при парсинге значения «background-image».  Потерянное объявление., [2015-03-18T15:28:12+0400] [INFO] Blocklist::_loadBlocklistFromFile: blocklist is disabled
, [2015-03-18T15:28:13+0400] [WARNING] Метод getPreventDefault() является устаревшим. Для его замены используйте метод defaultPrevented.]>
	at org.junit.Assert.fail(Assert.java:88)
	at org.junit.Assert.failNotEquals(Assert.java:743)
	at org.junit.Assert.assertEquals(Assert.java:118)
	at org.junit.Assert.assertEquals(Assert.java:144)
	at home.JS_error.testUntitled4(JS_error.java:43)
	at sun.reflect.NativeMethodAccessorImpl.invoke0(Native Method)
	at sun.reflect.NativeMethodAccessorImpl.invoke(NativeMethodAccessorImpl.java:62)
	at sun.reflect.DelegatingMethodAccessorImpl.invoke(DelegatingMethodAccessorImpl.java:43)
	at java.lang.reflect.Method.invoke(Method.java:483)
	at org.testng.internal.MethodInvocationHelper.invokeMethod(MethodInvocationHelper.java:84)
	at org.testng.internal.Invoker.invokeMethod(Invoker.java:714)
	at org.testng.internal.Invoker.invokeTestMethod(Invoker.java:901)
	at org.testng.internal.Invoker.invokeTestMethods(Invoker.java:1231)
	at org.testng.internal.TestMethodWorker.invokeTestMethods(TestMethodWorker.java:127)
	at org.testng.internal.TestMethodWorker.run(TestMethodWorker.java:111)
	at org.testng.TestRunner.privateRun(TestRunner.java:767)
	at org.testng.TestRunner.run(TestRunner.java:617)
	at org.testng.SuiteRunner.runTest(SuiteRunner.java:348)
	at org.testng.SuiteRunner.runSequentially(SuiteRunner.java:343)
	at org.testng.SuiteRunner.privateRun(SuiteRunner.java:305)
	at org.testng.SuiteRunner.run(SuiteRunner.java:254)
	at org.testng.SuiteRunnerWorker.runSuite(SuiteRunnerWorker.java:52)
	at org.testng.SuiteRunnerWorker.run(SuiteRunnerWorker.java:86)
	at org.testng.TestNG.runSuitesSequentially(TestNG.java:1224)
	at org.testng.TestNG.runSuitesLocally(TestNG.java:1149)
	at org.testng.TestNG.run(TestNG.java:1057)
	at org.apache.maven.surefire.testng.TestNGExecutor.run(TestNGExecutor.java:217)
	at org.apache.maven.surefire.testng.TestNGXmlTestSuite.execute(TestNGXmlTestSuite.java:84)
	at org.apache.maven.surefire.testng.TestNGProvider.invoke(TestNGProvider.java:92)
	at org.apache.maven.surefire.booter.ForkedBooter.invokeProviderInSameClassLoader(ForkedBooter.java:200)
	at org.apache.maven.surefire.booter.ForkedBooter.runSuitesInProcess(ForkedBooter.java:153)
	at org.apache.maven.surefire.booter.ForkedBooter.main(ForkedBooter.java:103)
]]>
            </full-stacktrace>
          </exception> <!-- java.lang.AssertionError -->
          <reporter-output>
          </reporter-output>
        </test-method> <!-- testUntitled4 -->
        <test-method status="PASS" signature="stopDriver()[pri:0, instance:home.JS_error@35fb3008]" name="stopDriver" is-config="true" duration-ms="457" started-at="2015-03-18T15:28:13Z" finished-at="2015-03-18T15:28:13Z">
          <reporter-output>
          </reporter-output>
        </test-method> <!-- stopDriver -->
        <test-method status="PASS" signature="tearDown()[pri:0, instance:home.JS_error@35fb3008]" name="tearDown" is-config="true" duration-ms="0" started-at="2015-03-18T15:38:23Z" finished-at="2015-03-18T15:38:23Z">
          <reporter-output>
          </reporter-output>
        </test-method> <!-- tearDown -->
      </class> <!-- home.JS_error -->
      <class name="blog.Captcha_invalid">
        <test-method status="PASS" signature="init()[pri:0, instance:blog.Captcha_invalid@69d9c55]" name="init" is-config="true" duration-ms="7705" started-at="2015-03-18T15:34:47Z" finished-at="2015-03-18T15:34:55Z">
          <reporter-output>
          </reporter-output>
        </test-method> <!-- init -->
        <test-method status="PASS" signature="testUntitled2()[pri:0, instance:blog.Captcha_invalid@69d9c55]" name="testUntitled2" duration-ms="19099" started-at="2015-03-18T15:34:55Z" finished-at="2015-03-18T15:35:14Z">
          <reporter-output>
          </reporter-output>
        </test-method> <!-- testUntitled2 -->
        <test-method status="PASS" signature="stopDriver()[pri:0, instance:blog.Captcha_invalid@69d9c55]" name="stopDriver" is-config="true" duration-ms="1890" started-at="2015-03-18T15:35:14Z" finished-at="2015-03-18T15:35:16Z">
          <reporter-output>
          </reporter-output>
        </test-method> <!-- stopDriver -->
      </class> <!-- blog.Captcha_invalid -->
      <class name="home.Newsletter_valid">
        <test-method status="PASS" signature="init()[pri:0, instance:home.Newsletter_valid@61a485d2]" name="init" is-config="true" duration-ms="9236" started-at="2015-03-18T15:29:46Z" finished-at="2015-03-18T15:29:55Z">
          <reporter-output>
          </reporter-output>
        </test-method> <!-- init -->
        <test-method status="PASS" signature="testUntitled3()[pri:0, instance:home.Newsletter_valid@61a485d2]" name="testUntitled3" duration-ms="5818" started-at="2015-03-18T15:29:55Z" finished-at="2015-03-18T15:30:01Z">
          <reporter-output>
          </reporter-output>
        </test-method> <!-- testUntitled3 -->
        <test-method status="PASS" signature="stopDriver()[pri:0, instance:home.Newsletter_valid@61a485d2]" name="stopDriver" is-config="true" duration-ms="897" started-at="2015-03-18T15:30:01Z" finished-at="2015-03-18T15:30:02Z">
          <reporter-output>
          </reporter-output>
        </test-method> <!-- stopDriver -->
      </class> <!-- home.Newsletter_valid -->
      <class name="contact.JS_error">
        <test-method status="PASS" signature="init()[pri:0, instance:contact.JS_error@7946e1f4]" name="init" is-config="true" duration-ms="8123" started-at="2015-03-18T15:28:44Z" finished-at="2015-03-18T15:28:52Z">
          <reporter-output>
          </reporter-output>
        </test-method> <!-- init -->
        <test-method status="FAIL" signature="testUntitled4()[pri:0, instance:contact.JS_error@7946e1f4]" name="testUntitled4" duration-ms="1625" started-at="2015-03-18T15:28:52Z" finished-at="2015-03-18T15:28:54Z">
          <exception class="java.lang.AssertionError">
            <message>
              <![CDATA[expected:<[]> but was:<[[2015-03-18T15:28:52+0400] [INFO] Could not read chrome manifest 'file:///C:/Program%20Files%20(x86)/Mozilla%20Firefox/chrome.manifest'.
, [2015-03-18T15:28:52+0400] [INFO] 1426678130958	addons.manager	DEBUG	Loaded provider scope for resource://gre/modules/addons/XPIProvider.jsm: ["XPIProvider"]
, [2015-03-18T15:28:52+0400] [INFO] 1426678130959	addons.manager	DEBUG	Loaded provider scope for resource://gre/modules/LightweightThemeManager.jsm: ["LightweightThemeManager"]
, [2015-03-18T15:28:52+0400] [INFO] 1426678130961	addons.xpi	DEBUG	startup
, [2015-03-18T15:28:52+0400] [INFO] 1426678130962	addons.xpi	INFO	Mapping fxdriver@googlecode.com to C:\Users\Lana\AppData\Local\Temp\anonymous1235072720653048814webdriver-profile\extensions\fxdriver@googlecode.com
, [2015-03-18T15:28:52+0400] [INFO] 1426678130962	addons.xpi	DEBUG	Ignoring file entry whose name is not a valid add-on ID: C:\Users\Lana\AppData\Local\Temp\anonymous1235072720653048814webdriver-profile\extensions\webdriver-staging
, [2015-03-18T15:28:52+0400] [INFO] 1426678130963	addons.xpi	INFO	Mapping {972ce4c6-7e08-4474-a285-3208198ce6fd} to C:\Program Files (x86)\Mozilla Firefox\browser\extensions\{972ce4c6-7e08-4474-a285-3208198ce6fd}
, [2015-03-18T15:28:52+0400] [INFO] 1426678130963	addons.xpi	DEBUG	Skipping unavailable install location app-system-share
, [2015-03-18T15:28:52+0400] [INFO] 1426678130964	addons.xpi	DEBUG	Skipping unavailable install location app-system-local
, [2015-03-18T15:28:52+0400] [INFO] 1426678130964	addons.xpi	DEBUG	checkForChanges
, [2015-03-18T15:28:52+0400] [INFO] 1426678130964	addons.xpi	DEBUG	Loaded add-on state from prefs: {"app-profile":{"fxdriver@googlecode.com":{"d":"C:\\Users\\Lana\\AppData\\Local\\Temp\\anonymous1235072720653048814webdriver-profile\\extensions\\fxdriver@googlecode.com","e":true,"v":"2.45.0","st":1426678126201,"mt":1426678126014}},"app-global":{"{972ce4c6-7e08-4474-a285-3208198ce6fd}":{"d":"C:\\Program Files (x86)\\Mozilla Firefox\\browser\\extensions\\{972ce4c6-7e08-4474-a285-3208198ce6fd}","e":true,"v":"36.0.1","st":1425627516144,"mt":1425627515938}}}
, [2015-03-18T15:28:52+0400] [INFO] 1426678130965	addons.xpi	DEBUG	getModTime: Recursive scan of fxdriver@googlecode.com
, [2015-03-18T15:28:52+0400] [INFO] 1426678130970	addons.xpi	DEBUG	getModTime: Recursive scan of {972ce4c6-7e08-4474-a285-3208198ce6fd}
, [2015-03-18T15:28:52+0400] [INFO] 1426678130971	addons.xpi	DEBUG	getInstallState changed: false, state: {"app-profile":{"fxdriver@googlecode.com":{"d":"C:\\Users\\Lana\\AppData\\Local\\Temp\\anonymous1235072720653048814webdriver-profile\\extensions\\fxdriver@googlecode.com","e":true,"v":"2.45.0","st":1426678126201,"mt":1426678126014}},"app-global":{"{972ce4c6-7e08-4474-a285-3208198ce6fd}":{"d":"C:\\Program Files (x86)\\Mozilla Firefox\\browser\\extensions\\{972ce4c6-7e08-4474-a285-3208198ce6fd}","e":true,"v":"36.0.1","st":1425627516144,"mt":1425627515938}}}
, [2015-03-18T15:28:52+0400] [INFO] 1426678130972	addons.xpi	DEBUG	No changes found
, [2015-03-18T15:28:52+0400] [INFO] 1426678130974	addons.manager	DEBUG	Registering shutdown blocker for XPIProvider
, [2015-03-18T15:28:52+0400] [INFO] 1426678130975	addons.manager	DEBUG	Registering shutdown blocker for LightweightThemeManager
, [2015-03-18T15:28:52+0400] [INFO] 1426678130976	addons.manager	DEBUG	Registering shutdown blocker for OpenH264Provider
, [2015-03-18T15:28:52+0400] [INFO] 1426678130976	addons.manager	DEBUG	Registering shutdown blocker for PluginProvider
, [2015-03-18T15:28:52+0400] [WARNING] Trying to re-register CID '{e26dbdcd-d3ba-4ded-88c3-6cb07ee3e9e0}' already registered by file:///C:/Users/Lana/AppData/Local/Temp/anonymous1235072720653048814webdriver-profile/extensions/fxdriver@googlecode.com/components/prompt-service.js., [2015-03-18T15:28:52+0400] [INFO] Native module at path 'C:\Users\Lana\AppData\Local\Temp\anonymous1235072720653048814webdriver-profile\extensions\fxdriver@googlecode.com\platform\WINNT_x86-msvc\components\webdriver-firefox-latest.dll' is incompatible with this version of Firefox, has version 34, expected 36.
, [2015-03-18T15:28:52+0400] [INFO] Native module at path 'C:\Users\Lana\AppData\Local\Temp\anonymous1235072720653048814webdriver-profile\extensions\fxdriver@googlecode.com\platform\WINNT_x86-msvc\components\imehandler.dll' doesn't export symbol `NSModule`.
, [2015-03-18T15:28:52+0400] [INFO] Could not read chrome manifest 'file:///C:/Program%20Files%20(x86)/Mozilla%20Firefox/browser/extensions/%7B972ce4c6-7e08-4474-a285-3208198ce6fd%7D/chrome.manifest'.
, [2015-03-18T15:28:52+0400] [INFO] Warning: unrecognized command line flag -foreground
, [2015-03-18T15:28:52+0400] [INFO] 1426678132152	addons.xpi-utils	DEBUG	Starting async load of XPI database C:\Users\Lana\AppData\Local\Temp\anonymous1235072720653048814webdriver-profile\extensions.json
, [2015-03-18T15:28:52+0400] [INFO] Blocklist::_preloadBlocklistFile: blocklist is disabled
, [2015-03-18T15:28:52+0400] [INFO] 1426678132601	addons.manager	DEBUG	Registering shutdown blocker for <unnamed-provider>
, [2015-03-18T15:28:52+0400] [INFO] 1426678132603	addons.xpi-utils	DEBUG	Async JSON file read took 0 MS
, [2015-03-18T15:28:52+0400] [INFO] 1426678132603	addons.xpi-utils	DEBUG	Finished async read of XPI database, parsing...
, [2015-03-18T15:28:52+0400] [INFO] 1426678132604	addons.xpi-utils	DEBUG	Successfully read XPI database
, [2015-03-18T15:28:52+0400] [INFO] 1426678132722	addons.repository	DEBUG	No addons.json found.
, [2015-03-18T15:28:52+0400] [INFO] 1426678132723	DeferredSave.addons.json	DEBUG	Save changes
, [2015-03-18T15:28:52+0400] [INFO] 1426678132726	DeferredSave.addons.json	DEBUG	Starting timer
, [2015-03-18T15:28:52+0400] [INFO] 1426678132786	DeferredSave.addons.json	DEBUG	Starting write
, [2015-03-18T15:28:52+0400] [INFO] 1426678132795	DeferredSave.addons.json	DEBUG	Write succeeded
, [2015-03-18T15:28:53+0400] [WARNING] Ожидалось объявление, но найдено «*».  Пропущено до следующего объявления., [2015-03-18T15:28:53+0400] [WARNING] Ожидалось объявление, но найдено «*».  Пропущено до следующего объявления., [2015-03-18T15:28:53+0400] [WARNING] Ожидалось объявление, но найдено «*».  Пропущено до следующего объявления., [2015-03-18T15:28:53+0400] [WARNING] Ожидалось объявление, но найдено «*».  Пропущено до следующего объявления., [2015-03-18T15:28:53+0400] [WARNING] Ожидалось объявление, но найдено «*».  Пропущено до следующего объявления., [2015-03-18T15:28:53+0400] [WARNING] Ожидалось объявление, но найдено «*».  Пропущено до следующего объявления., [2015-03-18T15:28:53+0400] [WARNING] Ожидалось объявление, но найдено «*».  Пропущено до следующего объявления., [2015-03-18T15:28:53+0400] [WARNING] Неизвестный псевдокласс или псевдоэлемент «-webkit-search-cancel-button».  Набор правил проигнорирован из-за плохого селектора., [2015-03-18T15:28:53+0400] [WARNING] Неизвестное свойство «-moz-border-radius».  Потерянное объявление., [2015-03-18T15:28:53+0400] [WARNING] Неизвестное свойство «-moz-box-shadow».  Потерянное объявление., [2015-03-18T15:28:53+0400] [WARNING] Ошибка при парсинге значения «background».  Потерянное объявление., [2015-03-18T15:28:53+0400] [WARNING] Ошибка при парсинге значения «background».  Потерянное объявление., [2015-03-18T15:28:53+0400] [WARNING] Ошибка при парсинге значения «background».  Потерянное объявление., [2015-03-18T15:28:53+0400] [WARNING] Ошибка при парсинге значения «background».  Потерянное объявление., [2015-03-18T15:28:53+0400] [WARNING] Ожидалось «none», «URL» или функция фильтра, но найдено «progid».  Ошибка при парсинге значения «filter».  Потерянное объявление., [2015-03-18T15:28:53+0400] [WARNING] Ожидалось «none», «URL» или функция фильтра, но найдено «progid».  Ошибка при парсинге значения «filter».  Потерянное объявление., [2015-03-18T15:28:53+0400] [WARNING] Неизвестный псевдокласс или псевдоэлемент «selection».  Набор правил проигнорирован из-за плохого селектора., [2015-03-18T15:28:53+0400] [WARNING] Ошибка при парсинге значения «font».  Потерянное объявление., [2015-03-18T15:28:53+0400] [WARNING] Неизвестный псевдокласс или псевдоэлемент «-webkit-input-placeholder».  Набор правил проигнорирован из-за плохого селектора., [2015-03-18T15:28:53+0400] [WARNING] Неизвестный псевдокласс или псевдоэлемент «-ms-input-placeholder».  Набор правил проигнорирован из-за плохого селектора., [2015-03-18T15:28:53+0400] [WARNING] Неизвестное свойство «-moz-box-shadow».  Потерянное объявление., [2015-03-18T15:28:53+0400] [WARNING] Неизвестное свойство «-moz-border-radius».  Потерянное объявление., [2015-03-18T15:28:53+0400] [WARNING] Ожидалось объявление, но найдено «*».  Пропущено до следующего объявления., [2015-03-18T15:28:53+0400] [WARNING] Ожидалось объявление, но найдено «*».  Пропущено до следующего объявления., [2015-03-18T15:28:53+0400] [WARNING] Ожидалось имя медиа-функции, но найдено «-o-min-device-pixel-ratio»., [2015-03-18T15:28:53+0400] [WARNING] Ожидалось имя медиа-функции, но найдено «-webkit-min-device-pixel-ratio»., [2015-03-18T15:28:53+0400] [WARNING] Ошибка при парсинге значения «background».  Потерянное объявление., [2015-03-18T15:28:53+0400] [WARNING] Ошибка при парсинге значения «background».  Потерянное объявление., [2015-03-18T15:28:53+0400] [WARNING] Ошибка при парсинге значения «background».  Потерянное объявление., [2015-03-18T15:28:53+0400] [WARNING] Ожидалось определение цвета, но найдено «top».  Ошибка при парсинге значения «background».  Потерянное объявление., [2015-03-18T15:28:53+0400] [WARNING] Ошибка при парсинге значения «background».  Потерянное объявление., [2015-03-18T15:28:53+0400] [WARNING] Ошибка при парсинге значения «background».  Потерянное объявление., [2015-03-18T15:28:53+0400] [WARNING] Ошибка при парсинге значения «background».  Потерянное объявление., [2015-03-18T15:28:53+0400] [WARNING] Ожидалось определение цвета, но найдено «bottom».  Ошибка при парсинге значения «background».  Потерянное объявление., [2015-03-18T15:28:53+0400] [WARNING] Ошибка при парсинге значения «background».  Потерянное объявление., [2015-03-18T15:28:53+0400] [WARNING] Ошибка при парсинге значения «background».  Потерянное объявление., [2015-03-18T15:28:53+0400] [WARNING] Ошибка при парсинге значения «background».  Потерянное объявление., [2015-03-18T15:28:53+0400] [WARNING] Ошибка при парсинге значения «background».  Потерянное объявление., [2015-03-18T15:28:53+0400] [WARNING] Ошибка при парсинге значения «background».  Потерянное объявление., [2015-03-18T15:28:53+0400] [WARNING] Ошибка при парсинге значения «background».  Потерянное объявление., [2015-03-18T15:28:53+0400] [WARNING] Неизвестное свойство «speak».  Потерянное объявление., [2015-03-18T15:28:53+0400] [WARNING] Неизвестное свойство «user-select».  Потерянное объявление., [2015-03-18T15:28:53+0400] [WARNING] Неизвестное свойство «user-select».  Потерянное объявление., [2015-03-18T15:28:53+0400] [WARNING] Неизвестное свойство «user-select».  Потерянное объявление., [2015-03-18T15:28:53+0400] [WARNING] Using //@ to indicate sourceMappingURL pragmas is deprecated. Use //# instead, [2015-03-18T15:28:53+0400] [WARNING] Ожидалось имя медиа-функции, но найдено «touch-enabled»., [2015-03-18T15:28:53+0400] [WARNING] Ожидалось имя медиа-функции, но найдено «-webkit-touch-enabled»., [2015-03-18T15:28:53+0400] [WARNING] Ожидалось имя медиа-функции, но найдено «-o-touch-enabled»., [2015-03-18T15:28:54+0400] [WARNING] Ожидалось имя медиа-функции, но найдено «-ms-touch-enabled»., [2015-03-18T15:28:54+0400] [WARNING] Ожидалось имя медиа-функции, но найдено «modernizr»., [2015-03-18T15:28:54+0400] [WARNING] Неизвестное свойство «-moz-opacity».  Потерянное объявление., [2015-03-18T15:28:54+0400] [WARNING] Ошибка при парсинге значения «background-image».  Потерянное объявление., [2015-03-18T15:28:54+0400] [WARNING] Ожидалось определение цвета, но найдено «left».  Ошибка при парсинге значения «background-image».  Потерянное объявление., [2015-03-18T15:28:54+0400] [WARNING] Ошибка при парсинге значения «background-image».  Потерянное объявление., [2015-03-18T15:28:54+0400] [WARNING] Ошибка при парсинге значения «background-image».  Потерянное объявление., [2015-03-18T15:28:54+0400] [WARNING] Ошибка при парсинге значения «background-image».  Потерянное объявление., [2015-03-18T15:28:54+0400] [INFO] Blocklist::_loadBlocklistFromFile: blocklist is disabled
, [2015-03-18T15:28:54+0400] [WARNING] Метод getPreventDefault() является устаревшим. Для его замены используйте метод defaultPrevented.]>]]>
            </message>
            <full-stacktrace>
              <![CDATA[java.lang.AssertionError: expected:<[]> but was:<[[2015-03-18T15:28:52+0400] [INFO] Could not read chrome manifest 'file:///C:/Program%20Files%20(x86)/Mozilla%20Firefox/chrome.manifest'.
, [2015-03-18T15:28:52+0400] [INFO] 1426678130958	addons.manager	DEBUG	Loaded provider scope for resource://gre/modules/addons/XPIProvider.jsm: ["XPIProvider"]
, [2015-03-18T15:28:52+0400] [INFO] 1426678130959	addons.manager	DEBUG	Loaded provider scope for resource://gre/modules/LightweightThemeManager.jsm: ["LightweightThemeManager"]
, [2015-03-18T15:28:52+0400] [INFO] 1426678130961	addons.xpi	DEBUG	startup
, [2015-03-18T15:28:52+0400] [INFO] 1426678130962	addons.xpi	INFO	Mapping fxdriver@googlecode.com to C:\Users\Lana\AppData\Local\Temp\anonymous1235072720653048814webdriver-profile\extensions\fxdriver@googlecode.com
, [2015-03-18T15:28:52+0400] [INFO] 1426678130962	addons.xpi	DEBUG	Ignoring file entry whose name is not a valid add-on ID: C:\Users\Lana\AppData\Local\Temp\anonymous1235072720653048814webdriver-profile\extensions\webdriver-staging
, [2015-03-18T15:28:52+0400] [INFO] 1426678130963	addons.xpi	INFO	Mapping {972ce4c6-7e08-4474-a285-3208198ce6fd} to C:\Program Files (x86)\Mozilla Firefox\browser\extensions\{972ce4c6-7e08-4474-a285-3208198ce6fd}
, [2015-03-18T15:28:52+0400] [INFO] 1426678130963	addons.xpi	DEBUG	Skipping unavailable install location app-system-share
, [2015-03-18T15:28:52+0400] [INFO] 1426678130964	addons.xpi	DEBUG	Skipping unavailable install location app-system-local
, [2015-03-18T15:28:52+0400] [INFO] 1426678130964	addons.xpi	DEBUG	checkForChanges
, [2015-03-18T15:28:52+0400] [INFO] 1426678130964	addons.xpi	DEBUG	Loaded add-on state from prefs: {"app-profile":{"fxdriver@googlecode.com":{"d":"C:\\Users\\Lana\\AppData\\Local\\Temp\\anonymous1235072720653048814webdriver-profile\\extensions\\fxdriver@googlecode.com","e":true,"v":"2.45.0","st":1426678126201,"mt":1426678126014}},"app-global":{"{972ce4c6-7e08-4474-a285-3208198ce6fd}":{"d":"C:\\Program Files (x86)\\Mozilla Firefox\\browser\\extensions\\{972ce4c6-7e08-4474-a285-3208198ce6fd}","e":true,"v":"36.0.1","st":1425627516144,"mt":1425627515938}}}
, [2015-03-18T15:28:52+0400] [INFO] 1426678130965	addons.xpi	DEBUG	getModTime: Recursive scan of fxdriver@googlecode.com
, [2015-03-18T15:28:52+0400] [INFO] 1426678130970	addons.xpi	DEBUG	getModTime: Recursive scan of {972ce4c6-7e08-4474-a285-3208198ce6fd}
, [2015-03-18T15:28:52+0400] [INFO] 1426678130971	addons.xpi	DEBUG	getInstallState changed: false, state: {"app-profile":{"fxdriver@googlecode.com":{"d":"C:\\Users\\Lana\\AppData\\Local\\Temp\\anonymous1235072720653048814webdriver-profile\\extensions\\fxdriver@googlecode.com","e":true,"v":"2.45.0","st":1426678126201,"mt":1426678126014}},"app-global":{"{972ce4c6-7e08-4474-a285-3208198ce6fd}":{"d":"C:\\Program Files (x86)\\Mozilla Firefox\\browser\\extensions\\{972ce4c6-7e08-4474-a285-3208198ce6fd}","e":true,"v":"36.0.1","st":1425627516144,"mt":1425627515938}}}
, [2015-03-18T15:28:52+0400] [INFO] 1426678130972	addons.xpi	DEBUG	No changes found
, [2015-03-18T15:28:52+0400] [INFO] 1426678130974	addons.manager	DEBUG	Registering shutdown blocker for XPIProvider
, [2015-03-18T15:28:52+0400] [INFO] 1426678130975	addons.manager	DEBUG	Registering shutdown blocker for LightweightThemeManager
, [2015-03-18T15:28:52+0400] [INFO] 1426678130976	addons.manager	DEBUG	Registering shutdown blocker for OpenH264Provider
, [2015-03-18T15:28:52+0400] [INFO] 1426678130976	addons.manager	DEBUG	Registering shutdown blocker for PluginProvider
, [2015-03-18T15:28:52+0400] [WARNING] Trying to re-register CID '{e26dbdcd-d3ba-4ded-88c3-6cb07ee3e9e0}' already registered by file:///C:/Users/Lana/AppData/Local/Temp/anonymous1235072720653048814webdriver-profile/extensions/fxdriver@googlecode.com/components/prompt-service.js., [2015-03-18T15:28:52+0400] [INFO] Native module at path 'C:\Users\Lana\AppData\Local\Temp\anonymous1235072720653048814webdriver-profile\extensions\fxdriver@googlecode.com\platform\WINNT_x86-msvc\components\webdriver-firefox-latest.dll' is incompatible with this version of Firefox, has version 34, expected 36.
, [2015-03-18T15:28:52+0400] [INFO] Native module at path 'C:\Users\Lana\AppData\Local\Temp\anonymous1235072720653048814webdriver-profile\extensions\fxdriver@googlecode.com\platform\WINNT_x86-msvc\components\imehandler.dll' doesn't export symbol `NSModule`.
, [2015-03-18T15:28:52+0400] [INFO] Could not read chrome manifest 'file:///C:/Program%20Files%20(x86)/Mozilla%20Firefox/browser/extensions/%7B972ce4c6-7e08-4474-a285-3208198ce6fd%7D/chrome.manifest'.
, [2015-03-18T15:28:52+0400] [INFO] Warning: unrecognized command line flag -foreground
, [2015-03-18T15:28:52+0400] [INFO] 1426678132152	addons.xpi-utils	DEBUG	Starting async load of XPI database C:\Users\Lana\AppData\Local\Temp\anonymous1235072720653048814webdriver-profile\extensions.json
, [2015-03-18T15:28:52+0400] [INFO] Blocklist::_preloadBlocklistFile: blocklist is disabled
, [2015-03-18T15:28:52+0400] [INFO] 1426678132601	addons.manager	DEBUG	Registering shutdown blocker for <unnamed-provider>
, [2015-03-18T15:28:52+0400] [INFO] 1426678132603	addons.xpi-utils	DEBUG	Async JSON file read took 0 MS
, [2015-03-18T15:28:52+0400] [INFO] 1426678132603	addons.xpi-utils	DEBUG	Finished async read of XPI database, parsing...
, [2015-03-18T15:28:52+0400] [INFO] 1426678132604	addons.xpi-utils	DEBUG	Successfully read XPI database
, [2015-03-18T15:28:52+0400] [INFO] 1426678132722	addons.repository	DEBUG	No addons.json found.
, [2015-03-18T15:28:52+0400] [INFO] 1426678132723	DeferredSave.addons.json	DEBUG	Save changes
, [2015-03-18T15:28:52+0400] [INFO] 1426678132726	DeferredSave.addons.json	DEBUG	Starting timer
, [2015-03-18T15:28:52+0400] [INFO] 1426678132786	DeferredSave.addons.json	DEBUG	Starting write
, [2015-03-18T15:28:52+0400] [INFO] 1426678132795	DeferredSave.addons.json	DEBUG	Write succeeded
, [2015-03-18T15:28:53+0400] [WARNING] Ожидалось объявление, но найдено «*».  Пропущено до следующего объявления., [2015-03-18T15:28:53+0400] [WARNING] Ожидалось объявление, но найдено «*».  Пропущено до следующего объявления., [2015-03-18T15:28:53+0400] [WARNING] Ожидалось объявление, но найдено «*».  Пропущено до следующего объявления., [2015-03-18T15:28:53+0400] [WARNING] Ожидалось объявление, но найдено «*».  Пропущено до следующего объявления., [2015-03-18T15:28:53+0400] [WARNING] Ожидалось объявление, но найдено «*».  Пропущено до следующего объявления., [2015-03-18T15:28:53+0400] [WARNING] Ожидалось объявление, но найдено «*».  Пропущено до следующего объявления., [2015-03-18T15:28:53+0400] [WARNING] Ожидалось объявление, но найдено «*».  Пропущено до следующего объявления., [2015-03-18T15:28:53+0400] [WARNING] Неизвестный псевдокласс или псевдоэлемент «-webkit-search-cancel-button».  Набор правил проигнорирован из-за плохого селектора., [2015-03-18T15:28:53+0400] [WARNING] Неизвестное свойство «-moz-border-radius».  Потерянное объявление., [2015-03-18T15:28:53+0400] [WARNING] Неизвестное свойство «-moz-box-shadow».  Потерянное объявление., [2015-03-18T15:28:53+0400] [WARNING] Ошибка при парсинге значения «background».  Потерянное объявление., [2015-03-18T15:28:53+0400] [WARNING] Ошибка при парсинге значения «background».  Потерянное объявление., [2015-03-18T15:28:53+0400] [WARNING] Ошибка при парсинге значения «background».  Потерянное объявление., [2015-03-18T15:28:53+0400] [WARNING] Ошибка при парсинге значения «background».  Потерянное объявление., [2015-03-18T15:28:53+0400] [WARNING] Ожидалось «none», «URL» или функция фильтра, но найдено «progid».  Ошибка при парсинге значения «filter».  Потерянное объявление., [2015-03-18T15:28:53+0400] [WARNING] Ожидалось «none», «URL» или функция фильтра, но найдено «progid».  Ошибка при парсинге значения «filter».  Потерянное объявление., [2015-03-18T15:28:53+0400] [WARNING] Неизвестный псевдокласс или псевдоэлемент «selection».  Набор правил проигнорирован из-за плохого селектора., [2015-03-18T15:28:53+0400] [WARNING] Ошибка при парсинге значения «font».  Потерянное объявление., [2015-03-18T15:28:53+0400] [WARNING] Неизвестный псевдокласс или псевдоэлемент «-webkit-input-placeholder».  Набор правил проигнорирован из-за плохого селектора., [2015-03-18T15:28:53+0400] [WARNING] Неизвестный псевдокласс или псевдоэлемент «-ms-input-placeholder».  Набор правил проигнорирован из-за плохого селектора., [2015-03-18T15:28:53+0400] [WARNING] Неизвестное свойство «-moz-box-shadow».  Потерянное объявление., [2015-03-18T15:28:53+0400] [WARNING] Неизвестное свойство «-moz-border-radius».  Потерянное объявление., [2015-03-18T15:28:53+0400] [WARNING] Ожидалось объявление, но найдено «*».  Пропущено до следующего объявления., [2015-03-18T15:28:53+0400] [WARNING] Ожидалось объявление, но найдено «*».  Пропущено до следующего объявления., [2015-03-18T15:28:53+0400] [WARNING] Ожидалось имя медиа-функции, но найдено «-o-min-device-pixel-ratio»., [2015-03-18T15:28:53+0400] [WARNING] Ожидалось имя медиа-функции, но найдено «-webkit-min-device-pixel-ratio»., [2015-03-18T15:28:53+0400] [WARNING] Ошибка при парсинге значения «background».  Потерянное объявление., [2015-03-18T15:28:53+0400] [WARNING] Ошибка при парсинге значения «background».  Потерянное объявление., [2015-03-18T15:28:53+0400] [WARNING] Ошибка при парсинге значения «background».  Потерянное объявление., [2015-03-18T15:28:53+0400] [WARNING] Ожидалось определение цвета, но найдено «top».  Ошибка при парсинге значения «background».  Потерянное объявление., [2015-03-18T15:28:53+0400] [WARNING] Ошибка при парсинге значения «background».  Потерянное объявление., [2015-03-18T15:28:53+0400] [WARNING] Ошибка при парсинге значения «background».  Потерянное объявление., [2015-03-18T15:28:53+0400] [WARNING] Ошибка при парсинге значения «background».  Потерянное объявление., [2015-03-18T15:28:53+0400] [WARNING] Ожидалось определение цвета, но найдено «bottom».  Ошибка при парсинге значения «background».  Потерянное объявление., [2015-03-18T15:28:53+0400] [WARNING] Ошибка при парсинге значения «background».  Потерянное объявление., [2015-03-18T15:28:53+0400] [WARNING] Ошибка при парсинге значения «background».  Потерянное объявление., [2015-03-18T15:28:53+0400] [WARNING] Ошибка при парсинге значения «background».  Потерянное объявление., [2015-03-18T15:28:53+0400] [WARNING] Ошибка при парсинге значения «background».  Потерянное объявление., [2015-03-18T15:28:53+0400] [WARNING] Ошибка при парсинге значения «background».  Потерянное объявление., [2015-03-18T15:28:53+0400] [WARNING] Ошибка при парсинге значения «background».  Потерянное объявление., [2015-03-18T15:28:53+0400] [WARNING] Неизвестное свойство «speak».  Потерянное объявление., [2015-03-18T15:28:53+0400] [WARNING] Неизвестное свойство «user-select».  Потерянное объявление., [2015-03-18T15:28:53+0400] [WARNING] Неизвестное свойство «user-select».  Потерянное объявление., [2015-03-18T15:28:53+0400] [WARNING] Неизвестное свойство «user-select».  Потерянное объявление., [2015-03-18T15:28:53+0400] [WARNING] Using //@ to indicate sourceMappingURL pragmas is deprecated. Use //# instead, [2015-03-18T15:28:53+0400] [WARNING] Ожидалось имя медиа-функции, но найдено «touch-enabled»., [2015-03-18T15:28:53+0400] [WARNING] Ожидалось имя медиа-функции, но найдено «-webkit-touch-enabled»., [2015-03-18T15:28:53+0400] [WARNING] Ожидалось имя медиа-функции, но найдено «-o-touch-enabled»., [2015-03-18T15:28:54+0400] [WARNING] Ожидалось имя медиа-функции, но найдено «-ms-touch-enabled»., [2015-03-18T15:28:54+0400] [WARNING] Ожидалось имя медиа-функции, но найдено «modernizr»., [2015-03-18T15:28:54+0400] [WARNING] Неизвестное свойство «-moz-opacity».  Потерянное объявление., [2015-03-18T15:28:54+0400] [WARNING] Ошибка при парсинге значения «background-image».  Потерянное объявление., [2015-03-18T15:28:54+0400] [WARNING] Ожидалось определение цвета, но найдено «left».  Ошибка при парсинге значения «background-image».  Потерянное объявление., [2015-03-18T15:28:54+0400] [WARNING] Ошибка при парсинге значения «background-image».  Потерянное объявление., [2015-03-18T15:28:54+0400] [WARNING] Ошибка при парсинге значения «background-image».  Потерянное объявление., [2015-03-18T15:28:54+0400] [WARNING] Ошибка при парсинге значения «background-image».  Потерянное объявление., [2015-03-18T15:28:54+0400] [INFO] Blocklist::_loadBlocklistFromFile: blocklist is disabled
, [2015-03-18T15:28:54+0400] [WARNING] Метод getPreventDefault() является устаревшим. Для его замены используйте метод defaultPrevented.]>
	at org.junit.Assert.fail(Assert.java:88)
	at org.junit.Assert.failNotEquals(Assert.java:743)
	at org.junit.Assert.assertEquals(Assert.java:118)
	at org.junit.Assert.assertEquals(Assert.java:144)
	at contact.JS_error.testUntitled4(JS_error.java:43)
	at sun.reflect.NativeMethodAccessorImpl.invoke0(Native Method)
	at sun.reflect.NativeMethodAccessorImpl.invoke(NativeMethodAccessorImpl.java:62)
	at sun.reflect.DelegatingMethodAccessorImpl.invoke(DelegatingMethodAccessorImpl.java:43)
	at java.lang.reflect.Method.invoke(Method.java:483)
	at org.testng.internal.MethodInvocationHelper.invokeMethod(MethodInvocationHelper.java:84)
	at org.testng.internal.Invoker.invokeMethod(Invoker.java:714)
	at org.testng.internal.Invoker.invokeTestMethod(Invoker.java:901)
	at org.testng.internal.Invoker.invokeTestMethods(Invoker.java:1231)
	at org.testng.internal.TestMethodWorker.invokeTestMethods(TestMethodWorker.java:127)
	at org.testng.internal.TestMethodWorker.run(TestMethodWorker.java:111)
	at org.testng.TestRunner.privateRun(TestRunner.java:767)
	at org.testng.TestRunner.run(TestRunner.java:617)
	at org.testng.SuiteRunner.runTest(SuiteRunner.java:348)
	at org.testng.SuiteRunner.runSequentially(SuiteRunner.java:343)
	at org.testng.SuiteRunner.privateRun(SuiteRunner.java:305)
	at org.testng.SuiteRunner.run(SuiteRunner.java:254)
	at org.testng.SuiteRunnerWorker.runSuite(SuiteRunnerWorker.java:52)
	at org.testng.SuiteRunnerWorker.run(SuiteRunnerWorker.java:86)
	at org.testng.TestNG.runSuitesSequentially(TestNG.java:1224)
	at org.testng.TestNG.runSuitesLocally(TestNG.java:1149)
	at org.testng.TestNG.run(TestNG.java:1057)
	at org.apache.maven.surefire.testng.TestNGExecutor.run(TestNGExecutor.java:217)
	at org.apache.maven.surefire.testng.TestNGXmlTestSuite.execute(TestNGXmlTestSuite.java:84)
	at org.apache.maven.surefire.testng.TestNGProvider.invoke(TestNGProvider.java:92)
	at org.apache.maven.surefire.booter.ForkedBooter.invokeProviderInSameClassLoader(ForkedBooter.java:200)
	at org.apache.maven.surefire.booter.ForkedBooter.runSuitesInProcess(ForkedBooter.java:153)
	at org.apache.maven.surefire.booter.ForkedBooter.main(ForkedBooter.java:103)
]]>
            </full-stacktrace>
          </exception> <!-- java.lang.AssertionError -->
          <reporter-output>
          </reporter-output>
        </test-method> <!-- testUntitled4 -->
        <test-method status="PASS" signature="stopDriver()[pri:0, instance:contact.JS_error@7946e1f4]" name="stopDriver" is-config="true" duration-ms="703" started-at="2015-03-18T15:28:54Z" finished-at="2015-03-18T15:28:55Z">
          <reporter-output>
          </reporter-output>
        </test-method> <!-- stopDriver -->
      </class> <!-- contact.JS_error -->
      <class name="home.Newsletter_empty">
        <test-method status="PASS" signature="init()[pri:0, instance:home.Newsletter_empty@2669b199]" name="init" is-config="true" duration-ms="7617" started-at="2015-03-18T15:29:15Z" finished-at="2015-03-18T15:29:22Z">
          <reporter-output>
          </reporter-output>
        </test-method> <!-- init -->
        <test-method status="PASS" signature="testUntitled()[pri:0, instance:home.Newsletter_empty@2669b199]" name="testUntitled" duration-ms="10186" started-at="2015-03-18T15:29:22Z" finished-at="2015-03-18T15:29:32Z">
          <reporter-output>
          </reporter-output>
        </test-method> <!-- testUntitled -->
        <test-method status="PASS" signature="stopDriver()[pri:0, instance:home.Newsletter_empty@2669b199]" name="stopDriver" is-config="true" duration-ms="532" started-at="2015-03-18T15:29:32Z" finished-at="2015-03-18T15:29:33Z">
          <reporter-output>
          </reporter-output>
        </test-method> <!-- stopDriver -->
      </class> <!-- home.Newsletter_empty -->
      <class name="contact.Form_invalid">
        <test-method status="PASS" signature="init()[pri:0, instance:contact.Form_invalid@3dd3bcd]" name="init" is-config="true" duration-ms="6018" started-at="2015-03-18T15:32:41Z" finished-at="2015-03-18T15:32:47Z">
          <reporter-output>
          </reporter-output>
        </test-method> <!-- init -->
        <test-method status="PASS" signature="testUntitled3()[pri:0, instance:contact.Form_invalid@3dd3bcd]" name="testUntitled3" duration-ms="3861" started-at="2015-03-18T15:32:47Z" finished-at="2015-03-18T15:32:51Z">
          <reporter-output>
          </reporter-output>
        </test-method> <!-- testUntitled3 -->
        <test-method status="PASS" signature="stopDriver()[pri:0, instance:contact.Form_invalid@3dd3bcd]" name="stopDriver" is-config="true" duration-ms="719" started-at="2015-03-18T15:32:51Z" finished-at="2015-03-18T15:32:51Z">
          <reporter-output>
          </reporter-output>
        </test-method> <!-- stopDriver -->
      </class> <!-- contact.Form_invalid -->
      <class name="blog.JS_error_blog">
        <test-method status="PASS" signature="init()[pri:0, instance:blog.JS_error_blog@26f67b76]" name="init" is-config="true" duration-ms="6634" started-at="2015-03-18T15:28:55Z" finished-at="2015-03-18T15:29:01Z">
          <reporter-output>
          </reporter-output>
        </test-method> <!-- init -->
        <test-method status="FAIL" signature="testUntitled4()[pri:0, instance:blog.JS_error_blog@26f67b76]" name="testUntitled4" duration-ms="2054" started-at="2015-03-18T15:29:01Z" finished-at="2015-03-18T15:29:03Z">
          <exception class="org.junit.ComparisonFailure">
            <message>
              <![CDATA[expected:<[0]> but was:<[141]>]]>
            </message>
            <full-stacktrace>
              <![CDATA[org.junit.ComparisonFailure: expected:<[0]> but was:<[141]>
	at org.junit.Assert.assertEquals(Assert.java:115)
	at org.junit.Assert.assertEquals(Assert.java:144)
	at blog.JS_error_blog.testUntitled4(JS_error_blog.java:50)
	at sun.reflect.NativeMethodAccessorImpl.invoke0(Native Method)
	at sun.reflect.NativeMethodAccessorImpl.invoke(NativeMethodAccessorImpl.java:62)
	at sun.reflect.DelegatingMethodAccessorImpl.invoke(DelegatingMethodAccessorImpl.java:43)
	at java.lang.reflect.Method.invoke(Method.java:483)
	at org.testng.internal.MethodInvocationHelper.invokeMethod(MethodInvocationHelper.java:84)
	at org.testng.internal.Invoker.invokeMethod(Invoker.java:714)
	at org.testng.internal.Invoker.invokeTestMethod(Invoker.java:901)
	at org.testng.internal.Invoker.invokeTestMethods(Invoker.java:1231)
	at org.testng.internal.TestMethodWorker.invokeTestMethods(TestMethodWorker.java:127)
	at org.testng.internal.TestMethodWorker.run(TestMethodWorker.java:111)
	at org.testng.TestRunner.privateRun(TestRunner.java:767)
	at org.testng.TestRunner.run(TestRunner.java:617)
	at org.testng.SuiteRunner.runTest(SuiteRunner.java:348)
	at org.testng.SuiteRunner.runSequentially(SuiteRunner.java:343)
	at org.testng.SuiteRunner.privateRun(SuiteRunner.java:305)
	at org.testng.SuiteRunner.run(SuiteRunner.java:254)
	at org.testng.SuiteRunnerWorker.runSuite(SuiteRunnerWorker.java:52)
	at org.testng.SuiteRunnerWorker.run(SuiteRunnerWorker.java:86)
	at org.testng.TestNG.runSuitesSequentially(TestNG.java:1224)
	at org.testng.TestNG.runSuitesLocally(TestNG.java:1149)
	at org.testng.TestNG.run(TestNG.java:1057)
	at org.apache.maven.surefire.testng.TestNGExecutor.run(TestNGExecutor.java:217)
	at org.apache.maven.surefire.testng.TestNGXmlTestSuite.execute(TestNGXmlTestSuite.java:84)
	at org.apache.maven.surefire.testng.TestNGProvider.invoke(TestNGProvider.java:92)
	at org.apache.maven.surefire.booter.ForkedBooter.invokeProviderInSameClassLoader(ForkedBooter.java:200)
	at org.apache.maven.surefire.booter.ForkedBooter.runSuitesInProcess(ForkedBooter.java:153)
	at org.apache.maven.surefire.booter.ForkedBooter.main(ForkedBooter.java:103)
]]>
            </full-stacktrace>
          </exception> <!-- org.junit.ComparisonFailure -->
          <reporter-output>
          </reporter-output>
        </test-method> <!-- testUntitled4 -->
        <test-method status="PASS" signature="stopDriver()[pri:0, instance:blog.JS_error_blog@26f67b76]" name="stopDriver" is-config="true" duration-ms="656" started-at="2015-03-18T15:29:03Z" finished-at="2015-03-18T15:29:04Z">
          <reporter-output>
          </reporter-output>
        </test-method> <!-- stopDriver -->
      </class> <!-- blog.JS_error_blog -->
      <class name="blog.Details_page">
        <test-method status="PASS" signature="init()[pri:0, instance:blog.Details_page@4590c9c3]" name="init" is-config="true" duration-ms="7195" started-at="2015-03-18T15:37:29Z" finished-at="2015-03-18T15:37:36Z">
          <reporter-output>
          </reporter-output>
        </test-method> <!-- init -->
        <test-method status="PASS" signature="testUntitled()[pri:0, instance:blog.Details_page@4590c9c3]" name="testUntitled" duration-ms="9498" started-at="2015-03-18T15:37:36Z" finished-at="2015-03-18T15:37:46Z">
          <reporter-output>
          </reporter-output>
        </test-method> <!-- testUntitled -->
        <test-method status="PASS" signature="stopDriver()[pri:0, instance:blog.Details_page@4590c9c3]" name="stopDriver" is-config="true" duration-ms="578" started-at="2015-03-18T15:37:46Z" finished-at="2015-03-18T15:37:46Z">
          <reporter-output>
          </reporter-output>
        </test-method> <!-- stopDriver -->
      </class> <!-- blog.Details_page -->
      <class name="about.Tabs">
        <test-method status="PASS" signature="init()[pri:0, instance:about.Tabs@337d0578]" name="init" is-config="true" duration-ms="6941" started-at="2015-03-18T15:30:17Z" finished-at="2015-03-18T15:30:24Z">
          <reporter-output>
          </reporter-output>
        </test-method> <!-- init -->
        <test-method status="PASS" signature="testUntitled5()[pri:0, instance:about.Tabs@337d0578]" name="testUntitled5" duration-ms="4239" started-at="2015-03-18T15:30:24Z" finished-at="2015-03-18T15:30:29Z">
          <reporter-output>
          </reporter-output>
        </test-method> <!-- testUntitled5 -->
        <test-method status="PASS" signature="stopDriver()[pri:0, instance:about.Tabs@337d0578]" name="stopDriver" is-config="true" duration-ms="485" started-at="2015-03-18T15:30:29Z" finished-at="2015-03-18T15:30:29Z">
          <reporter-output>
          </reporter-output>
        </test-method> <!-- stopDriver -->
      </class> <!-- about.Tabs -->
      <class name="blog.Search">
        <test-method status="PASS" signature="init()[pri:0, instance:blog.Search@59e84876]" name="init" is-config="true" duration-ms="6590" started-at="2015-03-18T15:38:05Z" finished-at="2015-03-18T15:38:12Z">
          <reporter-output>
          </reporter-output>
        </test-method> <!-- init -->
        <test-method status="PASS" signature="testUntitled3()[pri:0, instance:blog.Search@59e84876]" name="testUntitled3" duration-ms="10783" started-at="2015-03-18T15:38:12Z" finished-at="2015-03-18T15:38:22Z">
          <reporter-output>
          </reporter-output>
        </test-method> <!-- testUntitled3 -->
        <test-method status="PASS" signature="stopDriver()[pri:0, instance:blog.Search@59e84876]" name="stopDriver" is-config="true" duration-ms="565" started-at="2015-03-18T15:38:22Z" finished-at="2015-03-18T15:38:23Z">
          <reporter-output>
          </reporter-output>
        </test-method> <!-- stopDriver -->
      </class> <!-- blog.Search -->
      <class name="blog.JS_error_post">
        <test-method status="PASS" signature="init()[pri:0, instance:blog.JS_error_post@3c09711b]" name="init" is-config="true" duration-ms="7022" started-at="2015-03-18T15:29:04Z" finished-at="2015-03-18T15:29:11Z">
          <reporter-output>
          </reporter-output>
        </test-method> <!-- init -->
        <test-method status="FAIL" signature="testUntitled4()[pri:0, instance:blog.JS_error_post@3c09711b]" name="testUntitled4" duration-ms="2861" started-at="2015-03-18T15:29:11Z" finished-at="2015-03-18T15:29:14Z">
          <exception class="java.lang.AssertionError">
            <message>
              <![CDATA[expected:<[]> but was:<[[2015-03-18T15:29:10+0400] [INFO] Could not read chrome manifest 'file:///C:/Program%20Files%20(x86)/Mozilla%20Firefox/chrome.manifest'.
, [2015-03-18T15:29:10+0400] [INFO] 1426678149177	addons.manager	DEBUG	Loaded provider scope for resource://gre/modules/addons/XPIProvider.jsm: ["XPIProvider"]
, [2015-03-18T15:29:10+0400] [INFO] 1426678149178	addons.manager	DEBUG	Loaded provider scope for resource://gre/modules/LightweightThemeManager.jsm: ["LightweightThemeManager"]
, [2015-03-18T15:29:10+0400] [INFO] 1426678149180	addons.xpi	DEBUG	startup
, [2015-03-18T15:29:10+0400] [INFO] 1426678149181	addons.xpi	INFO	Mapping fxdriver@googlecode.com to C:\Users\Lana\AppData\Local\Temp\anonymous1326230359815077200webdriver-profile\extensions\fxdriver@googlecode.com
, [2015-03-18T15:29:10+0400] [INFO] 1426678149181	addons.xpi	DEBUG	Ignoring file entry whose name is not a valid add-on ID: C:\Users\Lana\AppData\Local\Temp\anonymous1326230359815077200webdriver-profile\extensions\webdriver-staging
, [2015-03-18T15:29:10+0400] [INFO] 1426678149182	addons.xpi	INFO	Mapping {972ce4c6-7e08-4474-a285-3208198ce6fd} to C:\Program Files (x86)\Mozilla Firefox\browser\extensions\{972ce4c6-7e08-4474-a285-3208198ce6fd}
, [2015-03-18T15:29:10+0400] [INFO] 1426678149182	addons.xpi	DEBUG	Skipping unavailable install location app-system-share
, [2015-03-18T15:29:10+0400] [INFO] 1426678149182	addons.xpi	DEBUG	Skipping unavailable install location app-system-local
, [2015-03-18T15:29:10+0400] [INFO] 1426678149183	addons.xpi	DEBUG	checkForChanges
, [2015-03-18T15:29:10+0400] [INFO] 1426678149183	addons.xpi	DEBUG	Loaded add-on state from prefs: {"app-profile":{"fxdriver@googlecode.com":{"d":"C:\\Users\\Lana\\AppData\\Local\\Temp\\anonymous1326230359815077200webdriver-profile\\extensions\\fxdriver@googlecode.com","e":true,"v":"2.45.0","st":1426678145724,"mt":1426678145536}},"app-global":{"{972ce4c6-7e08-4474-a285-3208198ce6fd}":{"d":"C:\\Program Files (x86)\\Mozilla Firefox\\browser\\extensions\\{972ce4c6-7e08-4474-a285-3208198ce6fd}","e":true,"v":"36.0.1","st":1425627516144,"mt":1425627515938}}}
, [2015-03-18T15:29:10+0400] [INFO] 1426678149184	addons.xpi	DEBUG	getModTime: Recursive scan of fxdriver@googlecode.com
, [2015-03-18T15:29:10+0400] [INFO] 1426678149189	addons.xpi	DEBUG	getModTime: Recursive scan of {972ce4c6-7e08-4474-a285-3208198ce6fd}
, [2015-03-18T15:29:10+0400] [INFO] 1426678149189	addons.xpi	DEBUG	getInstallState changed: false, state: {"app-profile":{"fxdriver@googlecode.com":{"d":"C:\\Users\\Lana\\AppData\\Local\\Temp\\anonymous1326230359815077200webdriver-profile\\extensions\\fxdriver@googlecode.com","e":true,"v":"2.45.0","st":1426678145724,"mt":1426678145536}},"app-global":{"{972ce4c6-7e08-4474-a285-3208198ce6fd}":{"d":"C:\\Program Files (x86)\\Mozilla Firefox\\browser\\extensions\\{972ce4c6-7e08-4474-a285-3208198ce6fd}","e":true,"v":"36.0.1","st":1425627516144,"mt":1425627515938}}}
, [2015-03-18T15:29:10+0400] [INFO] 1426678149190	addons.xpi	DEBUG	No changes found
, [2015-03-18T15:29:10+0400] [INFO] 1426678149193	addons.manager	DEBUG	Registering shutdown blocker for XPIProvider
, [2015-03-18T15:29:10+0400] [INFO] 1426678149194	addons.manager	DEBUG	Registering shutdown blocker for LightweightThemeManager
, [2015-03-18T15:29:10+0400] [INFO] 1426678149194	addons.manager	DEBUG	Registering shutdown blocker for OpenH264Provider
, [2015-03-18T15:29:10+0400] [INFO] 1426678149195	addons.manager	DEBUG	Registering shutdown blocker for PluginProvider
, [2015-03-18T15:29:10+0400] [WARNING] Trying to re-register CID '{e26dbdcd-d3ba-4ded-88c3-6cb07ee3e9e0}' already registered by file:///C:/Users/Lana/AppData/Local/Temp/anonymous1326230359815077200webdriver-profile/extensions/fxdriver@googlecode.com/components/prompt-service.js., [2015-03-18T15:29:10+0400] [INFO] Native module at path 'C:\Users\Lana\AppData\Local\Temp\anonymous1326230359815077200webdriver-profile\extensions\fxdriver@googlecode.com\platform\WINNT_x86-msvc\components\webdriver-firefox-latest.dll' is incompatible with this version of Firefox, has version 34, expected 36.
, [2015-03-18T15:29:10+0400] [INFO] Native module at path 'C:\Users\Lana\AppData\Local\Temp\anonymous1326230359815077200webdriver-profile\extensions\fxdriver@googlecode.com\platform\WINNT_x86-msvc\components\imehandler.dll' doesn't export symbol `NSModule`.
, [2015-03-18T15:29:10+0400] [INFO] Could not read chrome manifest 'file:///C:/Program%20Files%20(x86)/Mozilla%20Firefox/browser/extensions/%7B972ce4c6-7e08-4474-a285-3208198ce6fd%7D/chrome.manifest'.
, [2015-03-18T15:29:10+0400] [INFO] Warning: unrecognized command line flag -foreground
, [2015-03-18T15:29:10+0400] [INFO] 1426678150541	addons.xpi-utils	DEBUG	Starting async load of XPI database C:\Users\Lana\AppData\Local\Temp\anonymous1326230359815077200webdriver-profile\extensions.json
, [2015-03-18T15:29:11+0400] [INFO] Blocklist::_preloadBlocklistFile: blocklist is disabled
, [2015-03-18T15:29:11+0400] [INFO] 1426678151007	addons.manager	DEBUG	Registering shutdown blocker for <unnamed-provider>
, [2015-03-18T15:29:11+0400] [INFO] 1426678151021	addons.xpi-utils	DEBUG	Async JSON file read took 0 MS
, [2015-03-18T15:29:11+0400] [INFO] 1426678151021	addons.xpi-utils	DEBUG	Finished async read of XPI database, parsing...
, [2015-03-18T15:29:11+0400] [INFO] 1426678151021	addons.xpi-utils	DEBUG	Successfully read XPI database
, [2015-03-18T15:29:11+0400] [INFO] 1426678151044	addons.repository	DEBUG	No addons.json found.
, [2015-03-18T15:29:11+0400] [INFO] 1426678151045	DeferredSave.addons.json	DEBUG	Save changes
, [2015-03-18T15:29:11+0400] [INFO] 1426678151047	DeferredSave.addons.json	DEBUG	Starting timer
, [2015-03-18T15:29:11+0400] [INFO] 1426678151106	DeferredSave.addons.json	DEBUG	Starting write
, [2015-03-18T15:29:11+0400] [INFO] 1426678151110	DeferredSave.addons.json	DEBUG	Write succeeded
, [2015-03-18T15:29:12+0400] [WARNING] Ожидалось объявление, но найдено «*».  Пропущено до следующего объявления., [2015-03-18T15:29:12+0400] [WARNING] Ожидалось объявление, но найдено «*».  Пропущено до следующего объявления., [2015-03-18T15:29:12+0400] [WARNING] Ожидалось объявление, но найдено «*».  Пропущено до следующего объявления., [2015-03-18T15:29:12+0400] [WARNING] Ожидалось объявление, но найдено «*».  Пропущено до следующего объявления., [2015-03-18T15:29:12+0400] [WARNING] Ожидалось объявление, но найдено «*».  Пропущено до следующего объявления., [2015-03-18T15:29:12+0400] [WARNING] Ожидалось объявление, но найдено «*».  Пропущено до следующего объявления., [2015-03-18T15:29:12+0400] [WARNING] Ожидалось объявление, но найдено «*».  Пропущено до следующего объявления., [2015-03-18T15:29:12+0400] [WARNING] Неизвестный псевдокласс или псевдоэлемент «-webkit-search-cancel-button».  Набор правил проигнорирован из-за плохого селектора., [2015-03-18T15:29:12+0400] [WARNING] Неизвестное свойство «-moz-border-radius».  Потерянное объявление., [2015-03-18T15:29:12+0400] [WARNING] Неизвестное свойство «-moz-box-shadow».  Потерянное объявление., [2015-03-18T15:29:12+0400] [WARNING] Ошибка при парсинге значения «background».  Потерянное объявление., [2015-03-18T15:29:12+0400] [WARNING] Ошибка при парсинге значения «background».  Потерянное объявление., [2015-03-18T15:29:12+0400] [WARNING] Ошибка при парсинге значения «background».  Потерянное объявление., [2015-03-18T15:29:12+0400] [WARNING] Ошибка при парсинге значения «background».  Потерянное объявление., [2015-03-18T15:29:12+0400] [WARNING] Ожидалось «none», «URL» или функция фильтра, но найдено «progid».  Ошибка при парсинге значения «filter».  Потерянное объявление., [2015-03-18T15:29:12+0400] [WARNING] Ожидалось «none», «URL» или функция фильтра, но найдено «progid».  Ошибка при парсинге значения «filter».  Потерянное объявление., [2015-03-18T15:29:12+0400] [WARNING] Неизвестный псевдокласс или псевдоэлемент «selection».  Набор правил проигнорирован из-за плохого селектора., [2015-03-18T15:29:12+0400] [WARNING] Ошибка при парсинге значения «font».  Потерянное объявление., [2015-03-18T15:29:12+0400] [WARNING] Неизвестный псевдокласс или псевдоэлемент «-webkit-input-placeholder».  Набор правил проигнорирован из-за плохого селектора., [2015-03-18T15:29:12+0400] [WARNING] Неизвестный псевдокласс или псевдоэлемент «-ms-input-placeholder».  Набор правил проигнорирован из-за плохого селектора., [2015-03-18T15:29:12+0400] [WARNING] Неизвестное свойство «-moz-box-shadow».  Потерянное объявление., [2015-03-18T15:29:12+0400] [WARNING] Неизвестное свойство «-moz-border-radius».  Потерянное объявление., [2015-03-18T15:29:12+0400] [WARNING] Ожидалось объявление, но найдено «*».  Пропущено до следующего объявления., [2015-03-18T15:29:12+0400] [WARNING] Ожидалось объявление, но найдено «*».  Пропущено до следующего объявления., [2015-03-18T15:29:12+0400] [WARNING] Ожидалось имя медиа-функции, но найдено «-o-min-device-pixel-ratio»., [2015-03-18T15:29:12+0400] [WARNING] Ожидалось имя медиа-функции, но найдено «-webkit-min-device-pixel-ratio»., [2015-03-18T15:29:12+0400] [WARNING] Ошибка при парсинге значения «background».  Потерянное объявление., [2015-03-18T15:29:12+0400] [WARNING] Ошибка при парсинге значения «background».  Потерянное объявление., [2015-03-18T15:29:12+0400] [WARNING] Ошибка при парсинге значения «background».  Потерянное объявление., [2015-03-18T15:29:12+0400] [WARNING] Ожидалось определение цвета, но найдено «top».  Ошибка при парсинге значения «background».  Потерянное объявление., [2015-03-18T15:29:12+0400] [WARNING] Ошибка при парсинге значения «background».  Потерянное объявление., [2015-03-18T15:29:12+0400] [WARNING] Ошибка при парсинге значения «background».  Потерянное объявление., [2015-03-18T15:29:12+0400] [WARNING] Ошибка при парсинге значения «background».  Потерянное объявление., [2015-03-18T15:29:12+0400] [WARNING] Ожидалось определение цвета, но найдено «bottom».  Ошибка при парсинге значения «background».  Потерянное объявление., [2015-03-18T15:29:12+0400] [WARNING] Ошибка при парсинге значения «background».  Потерянное объявление., [2015-03-18T15:29:12+0400] [WARNING] Ошибка при парсинге значения «background».  Потерянное объявление., [2015-03-18T15:29:12+0400] [WARNING] Ошибка при парсинге значения «background».  Потерянное объявление., [2015-03-18T15:29:12+0400] [WARNING] Ошибка при парсинге значения «background».  Потерянное объявление., [2015-03-18T15:29:12+0400] [WARNING] Ошибка при парсинге значения «background».  Потерянное объявление., [2015-03-18T15:29:12+0400] [WARNING] Ошибка при парсинге значения «background».  Потерянное объявление., [2015-03-18T15:29:12+0400] [WARNING] Неизвестное свойство «speak».  Потерянное объявление., [2015-03-18T15:29:12+0400] [WARNING] Неизвестное свойство «user-select».  Потерянное объявление., [2015-03-18T15:29:12+0400] [WARNING] Неизвестное свойство «user-select».  Потерянное объявление., [2015-03-18T15:29:12+0400] [WARNING] Неизвестное свойство «user-select».  Потерянное объявление., [2015-03-18T15:29:12+0400] [WARNING] Неизвестное свойство «-moz-box-shadow».  Потерянное объявление., [2015-03-18T15:29:12+0400] [WARNING] Неизвестное свойство «-moz-border-radius».  Потерянное объявление., [2015-03-18T15:29:12+0400] [WARNING] Неизвестное свойство «-moz-border-radius».  Потерянное объявление., [2015-03-18T15:29:12+0400] [WARNING] Using //@ to indicate sourceMappingURL pragmas is deprecated. Use //# instead, [2015-03-18T15:29:12+0400] [WARNING] Ожидалось имя медиа-функции, но найдено «touch-enabled»., [2015-03-18T15:29:12+0400] [WARNING] Ожидалось имя медиа-функции, но найдено «-webkit-touch-enabled»., [2015-03-18T15:29:12+0400] [WARNING] Ожидалось имя медиа-функции, но найдено «-o-touch-enabled»., [2015-03-18T15:29:12+0400] [WARNING] Ожидалось имя медиа-функции, но найдено «-ms-touch-enabled»., [2015-03-18T15:29:12+0400] [WARNING] Ожидалось имя медиа-функции, но найдено «modernizr»., [2015-03-18T15:29:12+0400] [WARNING] Неизвестное свойство «-moz-opacity».  Потерянное объявление., [2015-03-18T15:29:12+0400] [WARNING] Ошибка при парсинге значения «background-image».  Потерянное объявление., [2015-03-18T15:29:12+0400] [WARNING] Ожидалось определение цвета, но найдено «left».  Ошибка при парсинге значения «background-image».  Потерянное объявление., [2015-03-18T15:29:12+0400] [WARNING] Ошибка при парсинге значения «background-image».  Потерянное объявление., [2015-03-18T15:29:12+0400] [WARNING] Ошибка при парсинге значения «background-image».  Потерянное объявление., [2015-03-18T15:29:12+0400] [WARNING] Ошибка при парсинге значения «background-image».  Потерянное объявление., [2015-03-18T15:29:12+0400] [INFO] Blocklist::_loadBlocklistFromFile: blocklist is disabled
, [2015-03-18T15:29:13+0400] [WARNING] Ожидалось объявление, но найдено «*».  Пропущено до следующего объявления., [2015-03-18T15:29:13+0400] [WARNING] Ожидалось объявление, но найдено «*».  Пропущено до следующего объявления., [2015-03-18T15:29:13+0400] [WARNING] Ожидалось «none», «URL» или функция фильтра, но найдено «alpha(».  Ошибка при парсинге значения «filter».  Потерянное объявление., [2015-03-18T15:29:13+0400] [WARNING] Неизвестное свойство «-moz-border-radius».  Потерянное объявление., [2015-03-18T15:29:13+0400] [WARNING] Неизвестное свойство «-moz-box-shadow».  Потерянное объявление., [2015-03-18T15:29:13+0400] [WARNING] Неизвестное свойство «-moz-box-shadow».  Потерянное объявление., [2015-03-18T15:29:13+0400] [WARNING] Неизвестное свойство «-moz-border-radius-topleft».  Потерянное объявление., [2015-03-18T15:29:13+0400] [WARNING] Неизвестное свойство «-moz-border-radius-topright».  Потерянное объявление., [2015-03-18T15:29:13+0400] [WARNING] Неизвестное свойство «-moz-border-radius».  Потерянное объявление., [2015-03-18T15:29:13+0400] [WARNING] Неизвестное свойство «-moz-box-shadow».  Потерянное объявление., [2015-03-18T15:29:13+0400] [WARNING] Неизвестное свойство «zoom».  Потерянное объявление., [2015-03-18T15:29:13+0400] [WARNING] Ожидалось «none», «URL» или функция фильтра, но найдено «alpha(».  Ошибка при парсинге значения «filter».  Потерянное объявление., [2015-03-18T15:29:13+0400] [WARNING] Неизвестное свойство «-moz-box-shadow».  Потерянное объявление., [2015-03-18T15:29:13+0400] [WARNING] Неизвестное свойство «-moz-border-radius».  Потерянное объявление., [2015-03-18T15:29:13+0400] [WARNING] Неизвестное свойство «-moz-box-shadow».  Потерянное объявление., [2015-03-18T15:29:13+0400] [WARNING] Неизвестное свойство «-moz-box-shadow».  Потерянное объявление., [2015-03-18T15:29:13+0400] [WARNING] Неизвестное свойство «-moz-border-radius».  Потерянное объявление., [2015-03-18T15:29:13+0400] [WARNING] Ожидалось «none», «URL» или функция фильтра, но найдено «alpha(».  Ошибка при парсинге значения «filter».  Потерянное объявление., [2015-03-18T15:29:13+0400] [WARNING] Ожидалось «none», «URL» или функция фильтра, но найдено «alpha(».  Ошибка при парсинге значения «filter».  Потерянное объявление., [2015-03-18T15:29:13+0400] [WARNING] Неизвестное свойство «-moz-border-radius».  Потерянное объявление., [2015-03-18T15:29:13+0400] [WARNING] Неизвестное свойство «-moz-border-radius».  Потерянное объявление., [2015-03-18T15:29:13+0400] [WARNING] Ожидалось определение цвета, но найдено «block».  Ошибка при парсинге значения «border».  Потерянное объявление., [2015-03-18T15:29:13+0400] [WARNING] Неизвестное свойство «-moz-box-shadow».  Потерянное объявление., [2015-03-18T15:29:13+0400] [WARNING] Неизвестное свойство «-moz-box-shadow».  Потерянное объявление., [2015-03-18T15:29:13+0400] [WARNING] Неизвестное свойство «-moz-border-radius».  Потерянное объявление., [2015-03-18T15:29:13+0400] [WARNING] Ошибка при парсинге значения «background-image».  Потерянное объявление., [2015-03-18T15:29:13+0400] [WARNING] Ошибка при парсинге значения «background-image».  Потерянное объявление., [2015-03-18T15:29:13+0400] [WARNING] Ошибка при парсинге значения «background-image».  Потерянное объявление., [2015-03-18T15:29:13+0400] [WARNING] Ошибка при парсинге значения «background-image».  Потерянное объявление., [2015-03-18T15:29:13+0400] [WARNING] Ожидалось определение цвета, но найдено «top».  Ошибка при парсинге значения «background-image».  Потерянное объявление., [2015-03-18T15:29:13+0400] [WARNING] Ожидалось «none», «URL» или функция фильтра, но найдено «progid».  Ошибка при парсинге значения «filter».  Потерянное объявление., [2015-03-18T15:29:13+0400] [WARNING] Ошибка при парсинге значения «background-image».  Потерянное объявление., [2015-03-18T15:29:13+0400] [WARNING] Ошибка при парсинге значения «background-image».  Потерянное объявление., [2015-03-18T15:29:13+0400] [WARNING] Ошибка при парсинге значения «background-image».  Потерянное объявление., [2015-03-18T15:29:13+0400] [WARNING] Ошибка при парсинге значения «background-image».  Потерянное объявление., [2015-03-18T15:29:13+0400] [WARNING] Ожидалось определение цвета, но найдено «top».  Ошибка при парсинге значения «background-image».  Потерянное объявление., [2015-03-18T15:29:13+0400] [WARNING] Ожидалось «none», «URL» или функция фильтра, но найдено «progid».  Ошибка при парсинге значения «filter».  Потерянное объявление., [2015-03-18T15:29:13+0400] [WARNING] Неизвестное свойство «-moz-box-shadow».  Потерянное объявление., [2015-03-18T15:29:13+0400] [WARNING] Ожидалось определение цвета, но найдено «top».  Ошибка при парсинге значения «background-image».  Потерянное объявление., [2015-03-18T15:29:13+0400] [WARNING] Ошибка при парсинге значения «background-image».  Потерянное объявление., [2015-03-18T15:29:13+0400] [WARNING] Ошибка при парсинге значения «background-image».  Потерянное объявление., [2015-03-18T15:29:13+0400] [WARNING] Ошибка при парсинге значения «background-image».  Потерянное объявление., [2015-03-18T15:29:13+0400] [WARNING] Неизвестное свойство «zoom».  Потерянное объявление., [2015-03-18T15:29:13+0400] [WARNING] Ожидается селектор.  Набор правил проигнорирован из-за плохого селектора., [2015-03-18T15:29:13+0400] [WARNING] Неизвестное свойство «-moz-box-shadow».  Потерянное объявление., [2015-03-18T15:29:13+0400] [WARNING] Ожидалось «none», «URL» или функция фильтра, но найдено «progid».  Ошибка при парсинге значения «filter».  Потерянное объявление., [2015-03-18T15:29:13+0400] [WARNING] Ожидалось «none», «URL» или функция фильтра, но найдено «alpha(».  Ошибка при парсинге значения «filter».  Потерянное объявление., [2015-03-18T15:29:13+0400] [WARNING] Ожидалось «none», «URL» или функция фильтра, но найдено «alpha(».  Ошибка при парсинге значения «filter».  Потерянное объявление., [2015-03-18T15:29:13+0400] [WARNING] Неизвестное свойство «-moz-box-shadow».  Потерянное объявление., [2015-03-18T15:29:13+0400] [WARNING] Неизвестное свойство «zoom».  Потерянное объявление., [2015-03-18T15:29:13+0400] [WARNING] Ошибка при парсинге значения «width».  Потерянное объявление., [2015-03-18T15:29:13+0400] [WARNING] Ошибка при парсинге значения «height».  Потерянное объявление., [2015-03-18T15:29:13+0400] [WARNING] Неизвестное свойство «-moz-box-shadow».  Потерянное объявление., [2015-03-18T15:29:13+0400] [WARNING] Ожидалось «none», «URL» или функция фильтра, но найдено «alpha(».  Ошибка при парсинге значения «filter».  Потерянное объявление., [2015-03-18T15:29:13+0400] [WARNING] Неизвестное свойство «-moz-box-shadow».  Потерянное объявление., [2015-03-18T15:29:13+0400] [WARNING] Ожидалось «none», «URL» или функция фильтра, но найдено «progid».  Ошибка при парсинге значения «filter».  Потерянное объявление., [2015-03-18T15:29:13+0400] [WARNING] Ошибка при парсинге значения «background-image».  Потерянное объявление., [2015-03-18T15:29:13+0400] [WARNING] Ошибка при парсинге значения «background-image».  Потерянное объявление., [2015-03-18T15:29:13+0400] [WARNING] Ошибка при парсинге значения «background-image».  Потерянное объявление., [2015-03-18T15:29:13+0400] [WARNING] Ошибка при парсинге значения «background-image».  Потерянное объявление., [2015-03-18T15:29:13+0400] [WARNING] Ожидалось определение цвета, но найдено «top».  Ошибка при парсинге значения «background-image».  Потерянное объявление., [2015-03-18T15:29:13+0400] [WARNING] Неизвестное свойство «-moz-box-shadow».  Потерянное объявление., [2015-03-18T15:29:13+0400] [WARNING] Неизвестное свойство «user-select».  Потерянное объявление., [2015-03-18T15:29:13+0400] [WARNING] Неизвестное свойство «-moz-box-shadow».  Потерянное объявление., [2015-03-18T15:29:13+0400] [WARNING] Неизвестное свойство «-moz-box-shadow».  Потерянное объявление., [2015-03-18T15:29:13+0400] [WARNING] Неизвестное свойство «-moz-box-shadow».  Потерянное объявление., [2015-03-18T15:29:13+0400] [WARNING] Неизвестное свойство «-moz-box-shadow».  Потерянное объявление., [2015-03-18T15:29:14+0400] [WARNING] Метод getPreventDefault() является устаревшим. Для его замены используйте метод defaultPrevented.]>]]>
            </message>
            <full-stacktrace>
              <![CDATA[java.lang.AssertionError: expected:<[]> but was:<[[2015-03-18T15:29:10+0400] [INFO] Could not read chrome manifest 'file:///C:/Program%20Files%20(x86)/Mozilla%20Firefox/chrome.manifest'.
, [2015-03-18T15:29:10+0400] [INFO] 1426678149177	addons.manager	DEBUG	Loaded provider scope for resource://gre/modules/addons/XPIProvider.jsm: ["XPIProvider"]
, [2015-03-18T15:29:10+0400] [INFO] 1426678149178	addons.manager	DEBUG	Loaded provider scope for resource://gre/modules/LightweightThemeManager.jsm: ["LightweightThemeManager"]
, [2015-03-18T15:29:10+0400] [INFO] 1426678149180	addons.xpi	DEBUG	startup
, [2015-03-18T15:29:10+0400] [INFO] 1426678149181	addons.xpi	INFO	Mapping fxdriver@googlecode.com to C:\Users\Lana\AppData\Local\Temp\anonymous1326230359815077200webdriver-profile\extensions\fxdriver@googlecode.com
, [2015-03-18T15:29:10+0400] [INFO] 1426678149181	addons.xpi	DEBUG	Ignoring file entry whose name is not a valid add-on ID: C:\Users\Lana\AppData\Local\Temp\anonymous1326230359815077200webdriver-profile\extensions\webdriver-staging
, [2015-03-18T15:29:10+0400] [INFO] 1426678149182	addons.xpi	INFO	Mapping {972ce4c6-7e08-4474-a285-3208198ce6fd} to C:\Program Files (x86)\Mozilla Firefox\browser\extensions\{972ce4c6-7e08-4474-a285-3208198ce6fd}
, [2015-03-18T15:29:10+0400] [INFO] 1426678149182	addons.xpi	DEBUG	Skipping unavailable install location app-system-share
, [2015-03-18T15:29:10+0400] [INFO] 1426678149182	addons.xpi	DEBUG	Skipping unavailable install location app-system-local
, [2015-03-18T15:29:10+0400] [INFO] 1426678149183	addons.xpi	DEBUG	checkForChanges
, [2015-03-18T15:29:10+0400] [INFO] 1426678149183	addons.xpi	DEBUG	Loaded add-on state from prefs: {"app-profile":{"fxdriver@googlecode.com":{"d":"C:\\Users\\Lana\\AppData\\Local\\Temp\\anonymous1326230359815077200webdriver-profile\\extensions\\fxdriver@googlecode.com","e":true,"v":"2.45.0","st":1426678145724,"mt":1426678145536}},"app-global":{"{972ce4c6-7e08-4474-a285-3208198ce6fd}":{"d":"C:\\Program Files (x86)\\Mozilla Firefox\\browser\\extensions\\{972ce4c6-7e08-4474-a285-3208198ce6fd}","e":true,"v":"36.0.1","st":1425627516144,"mt":1425627515938}}}
, [2015-03-18T15:29:10+0400] [INFO] 1426678149184	addons.xpi	DEBUG	getModTime: Recursive scan of fxdriver@googlecode.com
, [2015-03-18T15:29:10+0400] [INFO] 1426678149189	addons.xpi	DEBUG	getModTime: Recursive scan of {972ce4c6-7e08-4474-a285-3208198ce6fd}
, [2015-03-18T15:29:10+0400] [INFO] 1426678149189	addons.xpi	DEBUG	getInstallState changed: false, state: {"app-profile":{"fxdriver@googlecode.com":{"d":"C:\\Users\\Lana\\AppData\\Local\\Temp\\anonymous1326230359815077200webdriver-profile\\extensions\\fxdriver@googlecode.com","e":true,"v":"2.45.0","st":1426678145724,"mt":1426678145536}},"app-global":{"{972ce4c6-7e08-4474-a285-3208198ce6fd}":{"d":"C:\\Program Files (x86)\\Mozilla Firefox\\browser\\extensions\\{972ce4c6-7e08-4474-a285-3208198ce6fd}","e":true,"v":"36.0.1","st":1425627516144,"mt":1425627515938}}}
, [2015-03-18T15:29:10+0400] [INFO] 1426678149190	addons.xpi	DEBUG	No changes found
, [2015-03-18T15:29:10+0400] [INFO] 1426678149193	addons.manager	DEBUG	Registering shutdown blocker for XPIProvider
, [2015-03-18T15:29:10+0400] [INFO] 1426678149194	addons.manager	DEBUG	Registering shutdown blocker for LightweightThemeManager
, [2015-03-18T15:29:10+0400] [INFO] 1426678149194	addons.manager	DEBUG	Registering shutdown blocker for OpenH264Provider
, [2015-03-18T15:29:10+0400] [INFO] 1426678149195	addons.manager	DEBUG	Registering shutdown blocker for PluginProvider
, [2015-03-18T15:29:10+0400] [WARNING] Trying to re-register CID '{e26dbdcd-d3ba-4ded-88c3-6cb07ee3e9e0}' already registered by file:///C:/Users/Lana/AppData/Local/Temp/anonymous1326230359815077200webdriver-profile/extensions/fxdriver@googlecode.com/components/prompt-service.js., [2015-03-18T15:29:10+0400] [INFO] Native module at path 'C:\Users\Lana\AppData\Local\Temp\anonymous1326230359815077200webdriver-profile\extensions\fxdriver@googlecode.com\platform\WINNT_x86-msvc\components\webdriver-firefox-latest.dll' is incompatible with this version of Firefox, has version 34, expected 36.
, [2015-03-18T15:29:10+0400] [INFO] Native module at path 'C:\Users\Lana\AppData\Local\Temp\anonymous1326230359815077200webdriver-profile\extensions\fxdriver@googlecode.com\platform\WINNT_x86-msvc\components\imehandler.dll' doesn't export symbol `NSModule`.
, [2015-03-18T15:29:10+0400] [INFO] Could not read chrome manifest 'file:///C:/Program%20Files%20(x86)/Mozilla%20Firefox/browser/extensions/%7B972ce4c6-7e08-4474-a285-3208198ce6fd%7D/chrome.manifest'.
, [2015-03-18T15:29:10+0400] [INFO] Warning: unrecognized command line flag -foreground
, [2015-03-18T15:29:10+0400] [INFO] 1426678150541	addons.xpi-utils	DEBUG	Starting async load of XPI database C:\Users\Lana\AppData\Local\Temp\anonymous1326230359815077200webdriver-profile\extensions.json
, [2015-03-18T15:29:11+0400] [INFO] Blocklist::_preloadBlocklistFile: blocklist is disabled
, [2015-03-18T15:29:11+0400] [INFO] 1426678151007	addons.manager	DEBUG	Registering shutdown blocker for <unnamed-provider>
, [2015-03-18T15:29:11+0400] [INFO] 1426678151021	addons.xpi-utils	DEBUG	Async JSON file read took 0 MS
, [2015-03-18T15:29:11+0400] [INFO] 1426678151021	addons.xpi-utils	DEBUG	Finished async read of XPI database, parsing...
, [2015-03-18T15:29:11+0400] [INFO] 1426678151021	addons.xpi-utils	DEBUG	Successfully read XPI database
, [2015-03-18T15:29:11+0400] [INFO] 1426678151044	addons.repository	DEBUG	No addons.json found.
, [2015-03-18T15:29:11+0400] [INFO] 1426678151045	DeferredSave.addons.json	DEBUG	Save changes
, [2015-03-18T15:29:11+0400] [INFO] 1426678151047	DeferredSave.addons.json	DEBUG	Starting timer
, [2015-03-18T15:29:11+0400] [INFO] 1426678151106	DeferredSave.addons.json	DEBUG	Starting write
, [2015-03-18T15:29:11+0400] [INFO] 1426678151110	DeferredSave.addons.json	DEBUG	Write succeeded
, [2015-03-18T15:29:12+0400] [WARNING] Ожидалось объявление, но найдено «*».  Пропущено до следующего объявления., [2015-03-18T15:29:12+0400] [WARNING] Ожидалось объявление, но найдено «*».  Пропущено до следующего объявления., [2015-03-18T15:29:12+0400] [WARNING] Ожидалось объявление, но найдено «*».  Пропущено до следующего объявления., [2015-03-18T15:29:12+0400] [WARNING] Ожидалось объявление, но найдено «*».  Пропущено до следующего объявления., [2015-03-18T15:29:12+0400] [WARNING] Ожидалось объявление, но найдено «*».  Пропущено до следующего объявления., [2015-03-18T15:29:12+0400] [WARNING] Ожидалось объявление, но найдено «*».  Пропущено до следующего объявления., [2015-03-18T15:29:12+0400] [WARNING] Ожидалось объявление, но найдено «*».  Пропущено до следующего объявления., [2015-03-18T15:29:12+0400] [WARNING] Неизвестный псевдокласс или псевдоэлемент «-webkit-search-cancel-button».  Набор правил проигнорирован из-за плохого селектора., [2015-03-18T15:29:12+0400] [WARNING] Неизвестное свойство «-moz-border-radius».  Потерянное объявление., [2015-03-18T15:29:12+0400] [WARNING] Неизвестное свойство «-moz-box-shadow».  Потерянное объявление., [2015-03-18T15:29:12+0400] [WARNING] Ошибка при парсинге значения «background».  Потерянное объявление., [2015-03-18T15:29:12+0400] [WARNING] Ошибка при парсинге значения «background».  Потерянное объявление., [2015-03-18T15:29:12+0400] [WARNING] Ошибка при парсинге значения «background».  Потерянное объявление., [2015-03-18T15:29:12+0400] [WARNING] Ошибка при парсинге значения «background».  Потерянное объявление., [2015-03-18T15:29:12+0400] [WARNING] Ожидалось «none», «URL» или функция фильтра, но найдено «progid».  Ошибка при парсинге значения «filter».  Потерянное объявление., [2015-03-18T15:29:12+0400] [WARNING] Ожидалось «none», «URL» или функция фильтра, но найдено «progid».  Ошибка при парсинге значения «filter».  Потерянное объявление., [2015-03-18T15:29:12+0400] [WARNING] Неизвестный псевдокласс или псевдоэлемент «selection».  Набор правил проигнорирован из-за плохого селектора., [2015-03-18T15:29:12+0400] [WARNING] Ошибка при парсинге значения «font».  Потерянное объявление., [2015-03-18T15:29:12+0400] [WARNING] Неизвестный псевдокласс или псевдоэлемент «-webkit-input-placeholder».  Набор правил проигнорирован из-за плохого селектора., [2015-03-18T15:29:12+0400] [WARNING] Неизвестный псевдокласс или псевдоэлемент «-ms-input-placeholder».  Набор правил проигнорирован из-за плохого селектора., [2015-03-18T15:29:12+0400] [WARNING] Неизвестное свойство «-moz-box-shadow».  Потерянное объявление., [2015-03-18T15:29:12+0400] [WARNING] Неизвестное свойство «-moz-border-radius».  Потерянное объявление., [2015-03-18T15:29:12+0400] [WARNING] Ожидалось объявление, но найдено «*».  Пропущено до следующего объявления., [2015-03-18T15:29:12+0400] [WARNING] Ожидалось объявление, но найдено «*».  Пропущено до следующего объявления., [2015-03-18T15:29:12+0400] [WARNING] Ожидалось имя медиа-функции, но найдено «-o-min-device-pixel-ratio»., [2015-03-18T15:29:12+0400] [WARNING] Ожидалось имя медиа-функции, но найдено «-webkit-min-device-pixel-ratio»., [2015-03-18T15:29:12+0400] [WARNING] Ошибка при парсинге значения «background».  Потерянное объявление., [2015-03-18T15:29:12+0400] [WARNING] Ошибка при парсинге значения «background».  Потерянное объявление., [2015-03-18T15:29:12+0400] [WARNING] Ошибка при парсинге значения «background».  Потерянное объявление., [2015-03-18T15:29:12+0400] [WARNING] Ожидалось определение цвета, но найдено «top».  Ошибка при парсинге значения «background».  Потерянное объявление., [2015-03-18T15:29:12+0400] [WARNING] Ошибка при парсинге значения «background».  Потерянное объявление., [2015-03-18T15:29:12+0400] [WARNING] Ошибка при парсинге значения «background».  Потерянное объявление., [2015-03-18T15:29:12+0400] [WARNING] Ошибка при парсинге значения «background».  Потерянное объявление., [2015-03-18T15:29:12+0400] [WARNING] Ожидалось определение цвета, но найдено «bottom».  Ошибка при парсинге значения «background».  Потерянное объявление., [2015-03-18T15:29:12+0400] [WARNING] Ошибка при парсинге значения «background».  Потерянное объявление., [2015-03-18T15:29:12+0400] [WARNING] Ошибка при парсинге значения «background».  Потерянное объявление., [2015-03-18T15:29:12+0400] [WARNING] Ошибка при парсинге значения «background».  Потерянное объявление., [2015-03-18T15:29:12+0400] [WARNING] Ошибка при парсинге значения «background».  Потерянное объявление., [2015-03-18T15:29:12+0400] [WARNING] Ошибка при парсинге значения «background».  Потерянное объявление., [2015-03-18T15:29:12+0400] [WARNING] Ошибка при парсинге значения «background».  Потерянное объявление., [2015-03-18T15:29:12+0400] [WARNING] Неизвестное свойство «speak».  Потерянное объявление., [2015-03-18T15:29:12+0400] [WARNING] Неизвестное свойство «user-select».  Потерянное объявление., [2015-03-18T15:29:12+0400] [WARNING] Неизвестное свойство «user-select».  Потерянное объявление., [2015-03-18T15:29:12+0400] [WARNING] Неизвестное свойство «user-select».  Потерянное объявление., [2015-03-18T15:29:12+0400] [WARNING] Неизвестное свойство «-moz-box-shadow».  Потерянное объявление., [2015-03-18T15:29:12+0400] [WARNING] Неизвестное свойство «-moz-border-radius».  Потерянное объявление., [2015-03-18T15:29:12+0400] [WARNING] Неизвестное свойство «-moz-border-radius».  Потерянное объявление., [2015-03-18T15:29:12+0400] [WARNING] Using //@ to indicate sourceMappingURL pragmas is deprecated. Use //# instead, [2015-03-18T15:29:12+0400] [WARNING] Ожидалось имя медиа-функции, но найдено «touch-enabled»., [2015-03-18T15:29:12+0400] [WARNING] Ожидалось имя медиа-функции, но найдено «-webkit-touch-enabled»., [2015-03-18T15:29:12+0400] [WARNING] Ожидалось имя медиа-функции, но найдено «-o-touch-enabled»., [2015-03-18T15:29:12+0400] [WARNING] Ожидалось имя медиа-функции, но найдено «-ms-touch-enabled»., [2015-03-18T15:29:12+0400] [WARNING] Ожидалось имя медиа-функции, но найдено «modernizr»., [2015-03-18T15:29:12+0400] [WARNING] Неизвестное свойство «-moz-opacity».  Потерянное объявление., [2015-03-18T15:29:12+0400] [WARNING] Ошибка при парсинге значения «background-image».  Потерянное объявление., [2015-03-18T15:29:12+0400] [WARNING] Ожидалось определение цвета, но найдено «left».  Ошибка при парсинге значения «background-image».  Потерянное объявление., [2015-03-18T15:29:12+0400] [WARNING] Ошибка при парсинге значения «background-image».  Потерянное объявление., [2015-03-18T15:29:12+0400] [WARNING] Ошибка при парсинге значения «background-image».  Потерянное объявление., [2015-03-18T15:29:12+0400] [WARNING] Ошибка при парсинге значения «background-image».  Потерянное объявление., [2015-03-18T15:29:12+0400] [INFO] Blocklist::_loadBlocklistFromFile: blocklist is disabled
, [2015-03-18T15:29:13+0400] [WARNING] Ожидалось объявление, но найдено «*».  Пропущено до следующего объявления., [2015-03-18T15:29:13+0400] [WARNING] Ожидалось объявление, но найдено «*».  Пропущено до следующего объявления., [2015-03-18T15:29:13+0400] [WARNING] Ожидалось «none», «URL» или функция фильтра, но найдено «alpha(».  Ошибка при парсинге значения «filter».  Потерянное объявление., [2015-03-18T15:29:13+0400] [WARNING] Неизвестное свойство «-moz-border-radius».  Потерянное объявление., [2015-03-18T15:29:13+0400] [WARNING] Неизвестное свойство «-moz-box-shadow».  Потерянное объявление., [2015-03-18T15:29:13+0400] [WARNING] Неизвестное свойство «-moz-box-shadow».  Потерянное объявление., [2015-03-18T15:29:13+0400] [WARNING] Неизвестное свойство «-moz-border-radius-topleft».  Потерянное объявление., [2015-03-18T15:29:13+0400] [WARNING] Неизвестное свойство «-moz-border-radius-topright».  Потерянное объявление., [2015-03-18T15:29:13+0400] [WARNING] Неизвестное свойство «-moz-border-radius».  Потерянное объявление., [2015-03-18T15:29:13+0400] [WARNING] Неизвестное свойство «-moz-box-shadow».  Потерянное объявление., [2015-03-18T15:29:13+0400] [WARNING] Неизвестное свойство «zoom».  Потерянное объявление., [2015-03-18T15:29:13+0400] [WARNING] Ожидалось «none», «URL» или функция фильтра, но найдено «alpha(».  Ошибка при парсинге значения «filter».  Потерянное объявление., [2015-03-18T15:29:13+0400] [WARNING] Неизвестное свойство «-moz-box-shadow».  Потерянное объявление., [2015-03-18T15:29:13+0400] [WARNING] Неизвестное свойство «-moz-border-radius».  Потерянное объявление., [2015-03-18T15:29:13+0400] [WARNING] Неизвестное свойство «-moz-box-shadow».  Потерянное объявление., [2015-03-18T15:29:13+0400] [WARNING] Неизвестное свойство «-moz-box-shadow».  Потерянное объявление., [2015-03-18T15:29:13+0400] [WARNING] Неизвестное свойство «-moz-border-radius».  Потерянное объявление., [2015-03-18T15:29:13+0400] [WARNING] Ожидалось «none», «URL» или функция фильтра, но найдено «alpha(».  Ошибка при парсинге значения «filter».  Потерянное объявление., [2015-03-18T15:29:13+0400] [WARNING] Ожидалось «none», «URL» или функция фильтра, но найдено «alpha(».  Ошибка при парсинге значения «filter».  Потерянное объявление., [2015-03-18T15:29:13+0400] [WARNING] Неизвестное свойство «-moz-border-radius».  Потерянное объявление., [2015-03-18T15:29:13+0400] [WARNING] Неизвестное свойство «-moz-border-radius».  Потерянное объявление., [2015-03-18T15:29:13+0400] [WARNING] Ожидалось определение цвета, но найдено «block».  Ошибка при парсинге значения «border».  Потерянное объявление., [2015-03-18T15:29:13+0400] [WARNING] Неизвестное свойство «-moz-box-shadow».  Потерянное объявление., [2015-03-18T15:29:13+0400] [WARNING] Неизвестное свойство «-moz-box-shadow».  Потерянное объявление., [2015-03-18T15:29:13+0400] [WARNING] Неизвестное свойство «-moz-border-radius».  Потерянное объявление., [2015-03-18T15:29:13+0400] [WARNING] Ошибка при парсинге значения «background-image».  Потерянное объявление., [2015-03-18T15:29:13+0400] [WARNING] Ошибка при парсинге значения «background-image».  Потерянное объявление., [2015-03-18T15:29:13+0400] [WARNING] Ошибка при парсинге значения «background-image».  Потерянное объявление., [2015-03-18T15:29:13+0400] [WARNING] Ошибка при парсинге значения «background-image».  Потерянное объявление., [2015-03-18T15:29:13+0400] [WARNING] Ожидалось определение цвета, но найдено «top».  Ошибка при парсинге значения «background-image».  Потерянное объявление., [2015-03-18T15:29:13+0400] [WARNING] Ожидалось «none», «URL» или функция фильтра, но найдено «progid».  Ошибка при парсинге значения «filter».  Потерянное объявление., [2015-03-18T15:29:13+0400] [WARNING] Ошибка при парсинге значения «background-image».  Потерянное объявление., [2015-03-18T15:29:13+0400] [WARNING] Ошибка при парсинге значения «background-image».  Потерянное объявление., [2015-03-18T15:29:13+0400] [WARNING] Ошибка при парсинге значения «background-image».  Потерянное объявление., [2015-03-18T15:29:13+0400] [WARNING] Ошибка при парсинге значения «background-image».  Потерянное объявление., [2015-03-18T15:29:13+0400] [WARNING] Ожидалось определение цвета, но найдено «top».  Ошибка при парсинге значения «background-image».  Потерянное объявление., [2015-03-18T15:29:13+0400] [WARNING] Ожидалось «none», «URL» или функция фильтра, но найдено «progid».  Ошибка при парсинге значения «filter».  Потерянное объявление., [2015-03-18T15:29:13+0400] [WARNING] Неизвестное свойство «-moz-box-shadow».  Потерянное объявление., [2015-03-18T15:29:13+0400] [WARNING] Ожидалось определение цвета, но найдено «top».  Ошибка при парсинге значения «background-image».  Потерянное объявление., [2015-03-18T15:29:13+0400] [WARNING] Ошибка при парсинге значения «background-image».  Потерянное объявление., [2015-03-18T15:29:13+0400] [WARNING] Ошибка при парсинге значения «background-image».  Потерянное объявление., [2015-03-18T15:29:13+0400] [WARNING] Ошибка при парсинге значения «background-image».  Потерянное объявление., [2015-03-18T15:29:13+0400] [WARNING] Неизвестное свойство «zoom».  Потерянное объявление., [2015-03-18T15:29:13+0400] [WARNING] Ожидается селектор.  Набор правил проигнорирован из-за плохого селектора., [2015-03-18T15:29:13+0400] [WARNING] Неизвестное свойство «-moz-box-shadow».  Потерянное объявление., [2015-03-18T15:29:13+0400] [WARNING] Ожидалось «none», «URL» или функция фильтра, но найдено «progid».  Ошибка при парсинге значения «filter».  Потерянное объявление., [2015-03-18T15:29:13+0400] [WARNING] Ожидалось «none», «URL» или функция фильтра, но найдено «alpha(».  Ошибка при парсинге значения «filter».  Потерянное объявление., [2015-03-18T15:29:13+0400] [WARNING] Ожидалось «none», «URL» или функция фильтра, но найдено «alpha(».  Ошибка при парсинге значения «filter».  Потерянное объявление., [2015-03-18T15:29:13+0400] [WARNING] Неизвестное свойство «-moz-box-shadow».  Потерянное объявление., [2015-03-18T15:29:13+0400] [WARNING] Неизвестное свойство «zoom».  Потерянное объявление., [2015-03-18T15:29:13+0400] [WARNING] Ошибка при парсинге значения «width».  Потерянное объявление., [2015-03-18T15:29:13+0400] [WARNING] Ошибка при парсинге значения «height».  Потерянное объявление., [2015-03-18T15:29:13+0400] [WARNING] Неизвестное свойство «-moz-box-shadow».  Потерянное объявление., [2015-03-18T15:29:13+0400] [WARNING] Ожидалось «none», «URL» или функция фильтра, но найдено «alpha(».  Ошибка при парсинге значения «filter».  Потерянное объявление., [2015-03-18T15:29:13+0400] [WARNING] Неизвестное свойство «-moz-box-shadow».  Потерянное объявление., [2015-03-18T15:29:13+0400] [WARNING] Ожидалось «none», «URL» или функция фильтра, но найдено «progid».  Ошибка при парсинге значения «filter».  Потерянное объявление., [2015-03-18T15:29:13+0400] [WARNING] Ошибка при парсинге значения «background-image».  Потерянное объявление., [2015-03-18T15:29:13+0400] [WARNING] Ошибка при парсинге значения «background-image».  Потерянное объявление., [2015-03-18T15:29:13+0400] [WARNING] Ошибка при парсинге значения «background-image».  Потерянное объявление., [2015-03-18T15:29:13+0400] [WARNING] Ошибка при парсинге значения «background-image».  Потерянное объявление., [2015-03-18T15:29:13+0400] [WARNING] Ожидалось определение цвета, но найдено «top».  Ошибка при парсинге значения «background-image».  Потерянное объявление., [2015-03-18T15:29:13+0400] [WARNING] Неизвестное свойство «-moz-box-shadow».  Потерянное объявление., [2015-03-18T15:29:13+0400] [WARNING] Неизвестное свойство «user-select».  Потерянное объявление., [2015-03-18T15:29:13+0400] [WARNING] Неизвестное свойство «-moz-box-shadow».  Потерянное объявление., [2015-03-18T15:29:13+0400] [WARNING] Неизвестное свойство «-moz-box-shadow».  Потерянное объявление., [2015-03-18T15:29:13+0400] [WARNING] Неизвестное свойство «-moz-box-shadow».  Потерянное объявление., [2015-03-18T15:29:13+0400] [WARNING] Неизвестное свойство «-moz-box-shadow».  Потерянное объявление., [2015-03-18T15:29:14+0400] [WARNING] Метод getPreventDefault() является устаревшим. Для его замены используйте метод defaultPrevented.]>
	at org.junit.Assert.fail(Assert.java:88)
	at org.junit.Assert.failNotEquals(Assert.java:743)
	at org.junit.Assert.assertEquals(Assert.java:118)
	at org.junit.Assert.assertEquals(Assert.java:144)
	at blog.JS_error_post.testUntitled4(JS_error_post.java:43)
	at sun.reflect.NativeMethodAccessorImpl.invoke0(Native Method)
	at sun.reflect.NativeMethodAccessorImpl.invoke(NativeMethodAccessorImpl.java:62)
	at sun.reflect.DelegatingMethodAccessorImpl.invoke(DelegatingMethodAccessorImpl.java:43)
	at java.lang.reflect.Method.invoke(Method.java:483)
	at org.testng.internal.MethodInvocationHelper.invokeMethod(MethodInvocationHelper.java:84)
	at org.testng.internal.Invoker.invokeMethod(Invoker.java:714)
	at org.testng.internal.Invoker.invokeTestMethod(Invoker.java:901)
	at org.testng.internal.Invoker.invokeTestMethods(Invoker.java:1231)
	at org.testng.internal.TestMethodWorker.invokeTestMethods(TestMethodWorker.java:127)
	at org.testng.internal.TestMethodWorker.run(TestMethodWorker.java:111)
	at org.testng.TestRunner.privateRun(TestRunner.java:767)
	at org.testng.TestRunner.run(TestRunner.java:617)
	at org.testng.SuiteRunner.runTest(SuiteRunner.java:348)
	at org.testng.SuiteRunner.runSequentially(SuiteRunner.java:343)
	at org.testng.SuiteRunner.privateRun(SuiteRunner.java:305)
	at org.testng.SuiteRunner.run(SuiteRunner.java:254)
	at org.testng.SuiteRunnerWorker.runSuite(SuiteRunnerWorker.java:52)
	at org.testng.SuiteRunnerWorker.run(SuiteRunnerWorker.java:86)
	at org.testng.TestNG.runSuitesSequentially(TestNG.java:1224)
	at org.testng.TestNG.runSuitesLocally(TestNG.java:1149)
	at org.testng.TestNG.run(TestNG.java:1057)
	at org.apache.maven.surefire.testng.TestNGExecutor.run(TestNGExecutor.java:217)
	at org.apache.maven.surefire.testng.TestNGXmlTestSuite.execute(TestNGXmlTestSuite.java:84)
	at org.apache.maven.surefire.testng.TestNGProvider.invoke(TestNGProvider.java:92)
	at org.apache.maven.surefire.booter.ForkedBooter.invokeProviderInSameClassLoader(ForkedBooter.java:200)
	at org.apache.maven.surefire.booter.ForkedBooter.runSuitesInProcess(ForkedBooter.java:153)
	at org.apache.maven.surefire.booter.ForkedBooter.main(ForkedBooter.java:103)
]]>
            </full-stacktrace>
          </exception> <!-- java.lang.AssertionError -->
          <reporter-output>
          </reporter-output>
        </test-method> <!-- testUntitled4 -->
        <test-method status="PASS" signature="stopDriver()[pri:0, instance:blog.JS_error_post@3c09711b]" name="stopDriver" is-config="true" duration-ms="719" started-at="2015-03-18T15:29:14Z" finished-at="2015-03-18T15:29:15Z">
          <reporter-output>
          </reporter-output>
        </test-method> <!-- stopDriver -->
      </class> <!-- blog.JS_error_post -->
      <class name="contact.Form_valid">
        <test-method status="PASS" signature="init()[pri:0, instance:contact.Form_valid@2344fc66]" name="init" is-config="true" duration-ms="6866" started-at="2015-03-18T15:33:02Z" finished-at="2015-03-18T15:33:09Z">
          <reporter-output>
          </reporter-output>
        </test-method> <!-- init -->
        <test-method status="PASS" signature="testUntitled6()[pri:0, instance:contact.Form_valid@2344fc66]" name="testUntitled6" duration-ms="40156" started-at="2015-03-18T15:33:09Z" finished-at="2015-03-18T15:33:49Z">
          <reporter-output>
          </reporter-output>
        </test-method> <!-- testUntitled6 -->
        <test-method status="PASS" signature="stopDriver()[pri:0, instance:contact.Form_valid@2344fc66]" name="stopDriver" is-config="true" duration-ms="646" started-at="2015-03-18T15:33:49Z" finished-at="2015-03-18T15:33:50Z">
          <reporter-output>
          </reporter-output>
        </test-method> <!-- stopDriver -->
      </class> <!-- contact.Form_valid -->
      <class name="clients.Website">
        <test-method status="PASS" signature="init()[pri:0, instance:clients.Website@6a024a67]" name="init" is-config="true" duration-ms="6542" started-at="2015-03-18T15:32:07Z" finished-at="2015-03-18T15:32:14Z">
          <reporter-output>
          </reporter-output>
        </test-method> <!-- init -->
        <test-method status="PASS" signature="testUntitled7()[pri:0, instance:clients.Website@6a024a67]" name="testUntitled7" duration-ms="16681" started-at="2015-03-18T15:32:14Z" finished-at="2015-03-18T15:32:31Z">
          <reporter-output>
          </reporter-output>
        </test-method> <!-- testUntitled7 -->
        <test-method status="PASS" signature="stopDriver()[pri:0, instance:clients.Website@6a024a67]" name="stopDriver" is-config="true" duration-ms="626" started-at="2015-03-18T15:32:31Z" finished-at="2015-03-18T15:32:31Z">
          <reporter-output>
          </reporter-output>
        </test-method> <!-- stopDriver -->
      </class> <!-- clients.Website -->
      <class name="contact.Form_empty">
        <test-method status="PASS" signature="init()[pri:0, instance:contact.Form_empty@6ea12c19]" name="init" is-config="true" duration-ms="7691" started-at="2015-03-18T15:32:51Z" finished-at="2015-03-18T15:32:59Z">
          <reporter-output>
          </reporter-output>
        </test-method> <!-- init -->
        <test-method status="PASS" signature="testUntitled4()[pri:0, instance:contact.Form_empty@6ea12c19]" name="testUntitled4" duration-ms="2276" started-at="2015-03-18T15:32:59Z" finished-at="2015-03-18T15:33:01Z">
          <reporter-output>
          </reporter-output>
        </test-method> <!-- testUntitled4 -->
        <test-method status="PASS" signature="stopDriver()[pri:0, instance:contact.Form_empty@6ea12c19]" name="stopDriver" is-config="true" duration-ms="937" started-at="2015-03-18T15:33:01Z" finished-at="2015-03-18T15:33:02Z">
          <reporter-output>
          </reporter-output>
        </test-method> <!-- stopDriver -->
      </class> <!-- contact.Form_empty -->
      <class name="clients.Details">
        <test-method status="PASS" signature="init()[pri:0, instance:clients.Details@5afa04c]" name="init" is-config="true" duration-ms="6285" started-at="2015-03-18T15:30:40Z" finished-at="2015-03-18T15:30:46Z">
          <reporter-output>
          </reporter-output>
        </test-method> <!-- init -->
        <test-method status="FAIL" signature="testUntitled8()[pri:0, instance:clients.Details@5afa04c]" name="testUntitled8" duration-ms="46256" started-at="2015-03-18T15:30:46Z" finished-at="2015-03-18T15:31:32Z">
          <exception class="org.junit.ComparisonFailure">
            <message>
              <![CDATA[expected:<[Ювелирный дом "Эстет"]> but was:<[Наши клиенты]>]]>
            </message>
            <full-stacktrace>
              <![CDATA[org.junit.ComparisonFailure: expected:<[Ювелирный дом "Эстет"]> but was:<[Наши клиенты]>
	at org.junit.Assert.assertEquals(Assert.java:115)
	at org.junit.Assert.assertEquals(Assert.java:144)
	at clients.Details.testUntitled8(Details.java:61)
	at sun.reflect.NativeMethodAccessorImpl.invoke0(Native Method)
	at sun.reflect.NativeMethodAccessorImpl.invoke(NativeMethodAccessorImpl.java:62)
	at sun.reflect.DelegatingMethodAccessorImpl.invoke(DelegatingMethodAccessorImpl.java:43)
	at java.lang.reflect.Method.invoke(Method.java:483)
	at org.testng.internal.MethodInvocationHelper.invokeMethod(MethodInvocationHelper.java:84)
	at org.testng.internal.Invoker.invokeMethod(Invoker.java:714)
	at org.testng.internal.Invoker.invokeTestMethod(Invoker.java:901)
	at org.testng.internal.Invoker.invokeTestMethods(Invoker.java:1231)
	at org.testng.internal.TestMethodWorker.invokeTestMethods(TestMethodWorker.java:127)
	at org.testng.internal.TestMethodWorker.run(TestMethodWorker.java:111)
	at org.testng.TestRunner.privateRun(TestRunner.java:767)
	at org.testng.TestRunner.run(TestRunner.java:617)
	at org.testng.SuiteRunner.runTest(SuiteRunner.java:348)
	at org.testng.SuiteRunner.runSequentially(SuiteRunner.java:343)
	at org.testng.SuiteRunner.privateRun(SuiteRunner.java:305)
	at org.testng.SuiteRunner.run(SuiteRunner.java:254)
	at org.testng.SuiteRunnerWorker.runSuite(SuiteRunnerWorker.java:52)
	at org.testng.SuiteRunnerWorker.run(SuiteRunnerWorker.java:86)
	at org.testng.TestNG.runSuitesSequentially(TestNG.java:1224)
	at org.testng.TestNG.runSuitesLocally(TestNG.java:1149)
	at org.testng.TestNG.run(TestNG.java:1057)
	at org.apache.maven.surefire.testng.TestNGExecutor.run(TestNGExecutor.java:217)
	at org.apache.maven.surefire.testng.TestNGXmlTestSuite.execute(TestNGXmlTestSuite.java:84)
	at org.apache.maven.surefire.testng.TestNGProvider.invoke(TestNGProvider.java:92)
	at org.apache.maven.surefire.booter.ForkedBooter.invokeProviderInSameClassLoader(ForkedBooter.java:200)
	at org.apache.maven.surefire.booter.ForkedBooter.runSuitesInProcess(ForkedBooter.java:153)
	at org.apache.maven.surefire.booter.ForkedBooter.main(ForkedBooter.java:103)
]]>
            </full-stacktrace>
          </exception> <!-- org.junit.ComparisonFailure -->
          <reporter-output>
          </reporter-output>
        </test-method> <!-- testUntitled8 -->
        <test-method status="PASS" signature="stopDriver()[pri:0, instance:clients.Details@5afa04c]" name="stopDriver" is-config="true" duration-ms="625" started-at="2015-03-18T15:31:32Z" finished-at="2015-03-18T15:31:33Z">
          <reporter-output>
          </reporter-output>
        </test-method> <!-- stopDriver -->
      </class> <!-- clients.Details -->
      <class name="clients.Details_elements">
        <test-method status="PASS" signature="init()[pri:0, instance:clients.Details_elements@7f560810]" name="init" is-config="true" duration-ms="6777" started-at="2015-03-18T15:31:33Z" finished-at="2015-03-18T15:31:39Z">
          <reporter-output>
          </reporter-output>
        </test-method> <!-- init -->
        <test-method status="FAIL" signature="testUntitled9()[pri:0, instance:clients.Details_elements@7f560810]" name="testUntitled9" duration-ms="2020" started-at="2015-03-18T15:31:39Z" finished-at="2015-03-18T15:31:42Z">
          <exception class="org.junit.ComparisonFailure">
            <message>
              <![CDATA[expected:<...er.jpg.pagespeed.ic.[aR8LmQqed2.webp]> but was:<...er.jpg.pagespeed.ic.[KataNxTmOT.jpg]>]]>
            </message>
            <full-stacktrace>
              <![CDATA[org.junit.ComparisonFailure: expected:<...er.jpg.pagespeed.ic.[aR8LmQqed2.webp]> but was:<...er.jpg.pagespeed.ic.[KataNxTmOT.jpg]>
	at org.junit.Assert.assertEquals(Assert.java:115)
	at org.junit.Assert.assertEquals(Assert.java:144)
	at clients.Details_elements.testUntitled9(Details_elements.java:28)
	at sun.reflect.NativeMethodAccessorImpl.invoke0(Native Method)
	at sun.reflect.NativeMethodAccessorImpl.invoke(NativeMethodAccessorImpl.java:62)
	at sun.reflect.DelegatingMethodAccessorImpl.invoke(DelegatingMethodAccessorImpl.java:43)
	at java.lang.reflect.Method.invoke(Method.java:483)
	at org.testng.internal.MethodInvocationHelper.invokeMethod(MethodInvocationHelper.java:84)
	at org.testng.internal.Invoker.invokeMethod(Invoker.java:714)
	at org.testng.internal.Invoker.invokeTestMethod(Invoker.java:901)
	at org.testng.internal.Invoker.invokeTestMethods(Invoker.java:1231)
	at org.testng.internal.TestMethodWorker.invokeTestMethods(TestMethodWorker.java:127)
	at org.testng.internal.TestMethodWorker.run(TestMethodWorker.java:111)
	at org.testng.TestRunner.privateRun(TestRunner.java:767)
	at org.testng.TestRunner.run(TestRunner.java:617)
	at org.testng.SuiteRunner.runTest(SuiteRunner.java:348)
	at org.testng.SuiteRunner.runSequentially(SuiteRunner.java:343)
	at org.testng.SuiteRunner.privateRun(SuiteRunner.java:305)
	at org.testng.SuiteRunner.run(SuiteRunner.java:254)
	at org.testng.SuiteRunnerWorker.runSuite(SuiteRunnerWorker.java:52)
	at org.testng.SuiteRunnerWorker.run(SuiteRunnerWorker.java:86)
	at org.testng.TestNG.runSuitesSequentially(TestNG.java:1224)
	at org.testng.TestNG.runSuitesLocally(TestNG.java:1149)
	at org.testng.TestNG.run(TestNG.java:1057)
	at org.apache.maven.surefire.testng.TestNGExecutor.run(TestNGExecutor.java:217)
	at org.apache.maven.surefire.testng.TestNGXmlTestSuite.execute(TestNGXmlTestSuite.java:84)
	at org.apache.maven.surefire.testng.TestNGProvider.invoke(TestNGProvider.java:92)
	at org.apache.maven.surefire.booter.ForkedBooter.invokeProviderInSameClassLoader(ForkedBooter.java:200)
	at org.apache.maven.surefire.booter.ForkedBooter.runSuitesInProcess(ForkedBooter.java:153)
	at org.apache.maven.surefire.booter.ForkedBooter.main(ForkedBooter.java:103)
]]>
            </full-stacktrace>
          </exception> <!-- org.junit.ComparisonFailure -->
          <reporter-output>
          </reporter-output>
        </test-method> <!-- testUntitled9 -->
        <test-method status="PASS" signature="stopDriver()[pri:0, instance:clients.Details_elements@7f560810]" name="stopDriver" is-config="true" duration-ms="563" started-at="2015-03-18T15:31:42Z" finished-at="2015-03-18T15:31:42Z">
          <reporter-output>
          </reporter-output>
        </test-method> <!-- stopDriver -->
      </class> <!-- clients.Details_elements -->
      <class name="about.Contact_us">
        <test-method status="PASS" signature="init()[pri:0, instance:about.Contact_us@39fb3ab6]" name="init" is-config="true" duration-ms="6783" started-at="2015-03-18T15:30:29Z" finished-at="2015-03-18T15:30:36Z">
          <reporter-output>
          </reporter-output>
        </test-method> <!-- init -->
        <test-method status="PASS" signature="testUntitled6()[pri:0, instance:about.Contact_us@39fb3ab6]" name="testUntitled6" duration-ms="3203" started-at="2015-03-18T15:30:36Z" finished-at="2015-03-18T15:30:39Z">
          <reporter-output>
          </reporter-output>
        </test-method> <!-- testUntitled6 -->
        <test-method status="PASS" signature="stopDriver()[pri:0, instance:about.Contact_us@39fb3ab6]" name="stopDriver" is-config="true" duration-ms="437" started-at="2015-03-18T15:30:39Z" finished-at="2015-03-18T15:30:40Z">
          <reporter-output>
          </reporter-output>
        </test-method> <!-- stopDriver -->
      </class> <!-- about.Contact_us -->
      <class name="blog.Captche_enable">
        <test-method status="PASS" signature="init()[pri:0, instance:blog.Captche_enable@6276ae34]" name="init" is-config="true" duration-ms="9613" started-at="2015-03-18T15:36:55Z" finished-at="2015-03-18T15:37:05Z">
          <reporter-output>
          </reporter-output>
        </test-method> <!-- init -->
        <test-method status="PASS" signature="testUntitled3()[pri:0, instance:blog.Captche_enable@6276ae34]" name="testUntitled3" duration-ms="23624" started-at="2015-03-18T15:37:05Z" finished-at="2015-03-18T15:37:28Z">
          <reporter-output>
          </reporter-output>
        </test-method> <!-- testUntitled3 -->
        <test-method status="PASS" signature="stopDriver()[pri:0, instance:blog.Captche_enable@6276ae34]" name="stopDriver" is-config="true" duration-ms="611" started-at="2015-03-18T15:37:28Z" finished-at="2015-03-18T15:37:29Z">
          <reporter-output>
          </reporter-output>
        </test-method> <!-- stopDriver -->
      </class> <!-- blog.Captche_enable -->
      <class name="blog.Blog_page">
        <test-method status="PASS" signature="init()[pri:0, instance:blog.Blog_page@6574b225]" name="init" is-config="true" duration-ms="7065" started-at="2015-03-18T15:37:46Z" finished-at="2015-03-18T15:37:53Z">
          <reporter-output>
          </reporter-output>
        </test-method> <!-- init -->
        <test-method status="PASS" signature="testUntitled2()[pri:0, instance:blog.Blog_page@6574b225]" name="testUntitled2" duration-ms="11299" started-at="2015-03-18T15:37:53Z" finished-at="2015-03-18T15:38:04Z">
          <reporter-output>
          </reporter-output>
        </test-method> <!-- testUntitled2 -->
        <test-method status="PASS" signature="stopDriver()[pri:0, instance:blog.Blog_page@6574b225]" name="stopDriver" is-config="true" duration-ms="546" started-at="2015-03-18T15:38:04Z" finished-at="2015-03-18T15:38:05Z">
          <reporter-output>
          </reporter-output>
        </test-method> <!-- stopDriver -->
      </class> <!-- blog.Blog_page -->
      <class name="services.Page">
        <test-method status="PASS" signature="init()[pri:0, instance:services.Page@5cc7c2a6]" name="init" is-config="true" duration-ms="6651" started-at="2015-03-18T15:32:31Z" finished-at="2015-03-18T15:32:38Z">
          <reporter-output>
          </reporter-output>
        </test-method> <!-- init -->
        <test-method status="PASS" signature="testUntitled2()[pri:0, instance:services.Page@5cc7c2a6]" name="testUntitled2" duration-ms="2580" started-at="2015-03-18T15:32:38Z" finished-at="2015-03-18T15:32:40Z">
          <reporter-output>
          </reporter-output>
        </test-method> <!-- testUntitled2 -->
        <test-method status="PASS" signature="stopDriver()[pri:0, instance:services.Page@5cc7c2a6]" name="stopDriver" is-config="true" duration-ms="437" started-at="2015-03-18T15:32:40Z" finished-at="2015-03-18T15:32:41Z">
          <reporter-output>
          </reporter-output>
        </test-method> <!-- stopDriver -->
      </class> <!-- services.Page -->
      <class name="home.Banner">
        <test-method status="PASS" signature="init()[pri:0, instance:home.Banner@7ca48474]" name="init" is-config="true" duration-ms="7301" started-at="2015-03-18T15:30:02Z" finished-at="2015-03-18T15:30:09Z">
          <reporter-output>
          </reporter-output>
        </test-method> <!-- init -->
        <test-method status="PASS" signature="testUntitled4()[pri:0, instance:home.Banner@7ca48474]" name="testUntitled4" duration-ms="7995" started-at="2015-03-18T15:30:09Z" finished-at="2015-03-18T15:30:17Z">
          <reporter-output>
          </reporter-output>
        </test-method> <!-- testUntitled4 -->
        <test-method status="PASS" signature="stopDriver()[pri:0, instance:home.Banner@7ca48474]" name="stopDriver" is-config="true" duration-ms="454" started-at="2015-03-18T15:30:17Z" finished-at="2015-03-18T15:30:17Z">
          <reporter-output>
          </reporter-output>
        </test-method> <!-- stopDriver -->
      </class> <!-- home.Banner -->
      <class name="blog.Captcha_disable">
        <test-method status="PASS" signature="init()[pri:0, instance:blog.Captcha_disable@32e6e9c3]" name="init" is-config="true" duration-ms="10649" started-at="2015-03-18T15:35:16Z" finished-at="2015-03-18T15:35:26Z">
          <reporter-output>
          </reporter-output>
        </test-method> <!-- init -->
        <test-method status="PASS" signature="testUntitled3()[pri:0, instance:blog.Captcha_disable@32e6e9c3]" name="testUntitled3" duration-ms="24866" started-at="2015-03-18T15:35:26Z" finished-at="2015-03-18T15:35:51Z">
          <reporter-output>
          </reporter-output>
        </test-method> <!-- testUntitled3 -->
        <test-method status="PASS" signature="stopDriver()[pri:0, instance:blog.Captcha_disable@32e6e9c3]" name="stopDriver" is-config="true" duration-ms="985" started-at="2015-03-18T15:35:51Z" finished-at="2015-03-18T15:35:52Z">
          <reporter-output>
          </reporter-output>
        </test-method> <!-- stopDriver -->
      </class> <!-- blog.Captcha_disable -->
      <class name="clients.JS_error">
        <test-method status="PASS" signature="init()[pri:0, instance:clients.JS_error@5056dfcb]" name="init" is-config="true" duration-ms="8549" started-at="2015-03-18T15:28:22Z" finished-at="2015-03-18T15:28:30Z">
          <reporter-output>
          </reporter-output>
        </test-method> <!-- init -->
        <test-method status="FAIL" signature="testUntitled4()[pri:0, instance:clients.JS_error@5056dfcb]" name="testUntitled4" duration-ms="4829" started-at="2015-03-18T15:28:30Z" finished-at="2015-03-18T15:28:35Z">
          <exception class="java.lang.AssertionError">
            <message>
              <![CDATA[expected:<[]> but was:<[[2015-03-18T15:28:30+0400] [INFO] Could not read chrome manifest 'file:///C:/Program%20Files%20(x86)/Mozilla%20Firefox/chrome.manifest'.
, [2015-03-18T15:28:30+0400] [INFO] 1426678108726	addons.manager	DEBUG	Loaded provider scope for resource://gre/modules/addons/XPIProvider.jsm: ["XPIProvider"]
, [2015-03-18T15:28:30+0400] [INFO] 1426678108727	addons.manager	DEBUG	Loaded provider scope for resource://gre/modules/LightweightThemeManager.jsm: ["LightweightThemeManager"]
, [2015-03-18T15:28:30+0400] [INFO] 1426678108730	addons.xpi	DEBUG	startup
, [2015-03-18T15:28:30+0400] [INFO] 1426678108730	addons.xpi	INFO	Mapping fxdriver@googlecode.com to C:\Users\Lana\AppData\Local\Temp\anonymous6829217687290427937webdriver-profile\extensions\fxdriver@googlecode.com
, [2015-03-18T15:28:30+0400] [INFO] 1426678108731	addons.xpi	DEBUG	Ignoring file entry whose name is not a valid add-on ID: C:\Users\Lana\AppData\Local\Temp\anonymous6829217687290427937webdriver-profile\extensions\webdriver-staging
, [2015-03-18T15:28:30+0400] [INFO] 1426678108731	addons.xpi	INFO	Mapping {972ce4c6-7e08-4474-a285-3208198ce6fd} to C:\Program Files (x86)\Mozilla Firefox\browser\extensions\{972ce4c6-7e08-4474-a285-3208198ce6fd}
, [2015-03-18T15:28:30+0400] [INFO] 1426678108732	addons.xpi	DEBUG	Skipping unavailable install location app-system-share
, [2015-03-18T15:28:30+0400] [INFO] 1426678108732	addons.xpi	DEBUG	Skipping unavailable install location app-system-local
, [2015-03-18T15:28:30+0400] [INFO] 1426678108732	addons.xpi	DEBUG	checkForChanges
, [2015-03-18T15:28:30+0400] [INFO] 1426678108733	addons.xpi	DEBUG	Loaded add-on state from prefs: {"app-profile":{"fxdriver@googlecode.com":{"d":"C:\\Users\\Lana\\AppData\\Local\\Temp\\anonymous6829217687290427937webdriver-profile\\extensions\\fxdriver@googlecode.com","e":true,"v":"2.45.0","st":1426678103577,"mt":1426678103420}},"app-global":{"{972ce4c6-7e08-4474-a285-3208198ce6fd}":{"d":"C:\\Program Files (x86)\\Mozilla Firefox\\browser\\extensions\\{972ce4c6-7e08-4474-a285-3208198ce6fd}","e":true,"v":"36.0.1","st":1425627516144,"mt":1425627515938}}}
, [2015-03-18T15:28:30+0400] [INFO] 1426678108733	addons.xpi	DEBUG	getModTime: Recursive scan of fxdriver@googlecode.com
, [2015-03-18T15:28:30+0400] [INFO] 1426678108739	addons.xpi	DEBUG	getModTime: Recursive scan of {972ce4c6-7e08-4474-a285-3208198ce6fd}
, [2015-03-18T15:28:30+0400] [INFO] 1426678108739	addons.xpi	DEBUG	getInstallState changed: false, state: {"app-profile":{"fxdriver@googlecode.com":{"d":"C:\\Users\\Lana\\AppData\\Local\\Temp\\anonymous6829217687290427937webdriver-profile\\extensions\\fxdriver@googlecode.com","e":true,"v":"2.45.0","st":1426678103577,"mt":1426678103420}},"app-global":{"{972ce4c6-7e08-4474-a285-3208198ce6fd}":{"d":"C:\\Program Files (x86)\\Mozilla Firefox\\browser\\extensions\\{972ce4c6-7e08-4474-a285-3208198ce6fd}","e":true,"v":"36.0.1","st":1425627516144,"mt":1425627515938}}}
, [2015-03-18T15:28:30+0400] [INFO] 1426678108740	addons.xpi	DEBUG	No changes found
, [2015-03-18T15:28:30+0400] [INFO] 1426678108743	addons.manager	DEBUG	Registering shutdown blocker for XPIProvider
, [2015-03-18T15:28:30+0400] [INFO] 1426678108743	addons.manager	DEBUG	Registering shutdown blocker for LightweightThemeManager
, [2015-03-18T15:28:30+0400] [INFO] 1426678108744	addons.manager	DEBUG	Registering shutdown blocker for OpenH264Provider
, [2015-03-18T15:28:30+0400] [INFO] 1426678108745	addons.manager	DEBUG	Registering shutdown blocker for PluginProvider
, [2015-03-18T15:28:30+0400] [WARNING] Trying to re-register CID '{e26dbdcd-d3ba-4ded-88c3-6cb07ee3e9e0}' already registered by file:///C:/Users/Lana/AppData/Local/Temp/anonymous6829217687290427937webdriver-profile/extensions/fxdriver@googlecode.com/components/prompt-service.js., [2015-03-18T15:28:30+0400] [INFO] Native module at path 'C:\Users\Lana\AppData\Local\Temp\anonymous6829217687290427937webdriver-profile\extensions\fxdriver@googlecode.com\platform\WINNT_x86-msvc\components\webdriver-firefox-latest.dll' is incompatible with this version of Firefox, has version 34, expected 36.
, [2015-03-18T15:28:30+0400] [INFO] Native module at path 'C:\Users\Lana\AppData\Local\Temp\anonymous6829217687290427937webdriver-profile\extensions\fxdriver@googlecode.com\platform\WINNT_x86-msvc\components\imehandler.dll' doesn't export symbol `NSModule`.
, [2015-03-18T15:28:30+0400] [INFO] Could not read chrome manifest 'file:///C:/Program%20Files%20(x86)/Mozilla%20Firefox/browser/extensions/%7B972ce4c6-7e08-4474-a285-3208198ce6fd%7D/chrome.manifest'.
, [2015-03-18T15:28:30+0400] [INFO] Warning: unrecognized command line flag -foreground
, [2015-03-18T15:28:30+0400] [INFO] 1426678110101	addons.xpi-utils	DEBUG	Starting async load of XPI database C:\Users\Lana\AppData\Local\Temp\anonymous6829217687290427937webdriver-profile\extensions.json
, [2015-03-18T15:28:30+0400] [INFO] Blocklist::_preloadBlocklistFile: blocklist is disabled
, [2015-03-18T15:28:30+0400] [INFO] 1426678110529	addons.manager	DEBUG	Registering shutdown blocker for <unnamed-provider>
, [2015-03-18T15:28:30+0400] [INFO] 1426678110531	addons.xpi-utils	DEBUG	Async JSON file read took 0 MS
, [2015-03-18T15:28:30+0400] [INFO] 1426678110531	addons.xpi-utils	DEBUG	Finished async read of XPI database, parsing...
, [2015-03-18T15:28:30+0400] [INFO] 1426678110532	addons.xpi-utils	DEBUG	Successfully read XPI database
, [2015-03-18T15:28:30+0400] [INFO] 1426678110570	addons.repository	DEBUG	No addons.json found.
, [2015-03-18T15:28:30+0400] [INFO] 1426678110572	DeferredSave.addons.json	DEBUG	Save changes
, [2015-03-18T15:28:30+0400] [INFO] 1426678110573	DeferredSave.addons.json	DEBUG	Starting timer
, [2015-03-18T15:28:30+0400] [INFO] 1426678110626	DeferredSave.addons.json	DEBUG	Starting write
, [2015-03-18T15:28:30+0400] [INFO] 1426678110630	DeferredSave.addons.json	DEBUG	Write succeeded
, [2015-03-18T15:28:31+0400] [WARNING] Ожидалось объявление, но найдено «*».  Пропущено до следующего объявления., [2015-03-18T15:28:31+0400] [WARNING] Ожидалось объявление, но найдено «*».  Пропущено до следующего объявления., [2015-03-18T15:28:31+0400] [WARNING] Ожидалось объявление, но найдено «*».  Пропущено до следующего объявления., [2015-03-18T15:28:31+0400] [WARNING] Ожидалось объявление, но найдено «*».  Пропущено до следующего объявления., [2015-03-18T15:28:31+0400] [WARNING] Ожидалось объявление, но найдено «*».  Пропущено до следующего объявления., [2015-03-18T15:28:31+0400] [WARNING] Ожидалось объявление, но найдено «*».  Пропущено до следующего объявления., [2015-03-18T15:28:31+0400] [WARNING] Ожидалось объявление, но найдено «*».  Пропущено до следующего объявления., [2015-03-18T15:28:31+0400] [WARNING] Неизвестный псевдокласс или псевдоэлемент «-webkit-search-cancel-button».  Набор правил проигнорирован из-за плохого селектора., [2015-03-18T15:28:31+0400] [WARNING] Неизвестное свойство «-moz-border-radius».  Потерянное объявление., [2015-03-18T15:28:31+0400] [WARNING] Неизвестное свойство «-moz-box-shadow».  Потерянное объявление., [2015-03-18T15:28:31+0400] [WARNING] Ошибка при парсинге значения «background».  Потерянное объявление., [2015-03-18T15:28:31+0400] [WARNING] Ошибка при парсинге значения «background».  Потерянное объявление., [2015-03-18T15:28:31+0400] [WARNING] Ошибка при парсинге значения «background».  Потерянное объявление., [2015-03-18T15:28:31+0400] [WARNING] Ошибка при парсинге значения «background».  Потерянное объявление., [2015-03-18T15:28:31+0400] [WARNING] Ожидалось «none», «URL» или функция фильтра, но найдено «progid».  Ошибка при парсинге значения «filter».  Потерянное объявление., [2015-03-18T15:28:31+0400] [WARNING] Ожидалось «none», «URL» или функция фильтра, но найдено «progid».  Ошибка при парсинге значения «filter».  Потерянное объявление., [2015-03-18T15:28:31+0400] [WARNING] Неизвестный псевдокласс или псевдоэлемент «selection».  Набор правил проигнорирован из-за плохого селектора., [2015-03-18T15:28:31+0400] [WARNING] Ошибка при парсинге значения «font».  Потерянное объявление., [2015-03-18T15:28:31+0400] [WARNING] Неизвестный псевдокласс или псевдоэлемент «-webkit-input-placeholder».  Набор правил проигнорирован из-за плохого селектора., [2015-03-18T15:28:31+0400] [WARNING] Неизвестный псевдокласс или псевдоэлемент «-ms-input-placeholder».  Набор правил проигнорирован из-за плохого селектора., [2015-03-18T15:28:31+0400] [WARNING] Неизвестное свойство «-moz-box-shadow».  Потерянное объявление., [2015-03-18T15:28:31+0400] [WARNING] Неизвестное свойство «-moz-border-radius».  Потерянное объявление., [2015-03-18T15:28:31+0400] [WARNING] Ожидалось объявление, но найдено «*».  Пропущено до следующего объявления., [2015-03-18T15:28:31+0400] [WARNING] Ожидалось объявление, но найдено «*».  Пропущено до следующего объявления., [2015-03-18T15:28:31+0400] [WARNING] Ожидалось имя медиа-функции, но найдено «-o-min-device-pixel-ratio»., [2015-03-18T15:28:31+0400] [WARNING] Ожидалось имя медиа-функции, но найдено «-webkit-min-device-pixel-ratio»., [2015-03-18T15:28:31+0400] [WARNING] Ошибка при парсинге значения «background».  Потерянное объявление., [2015-03-18T15:28:31+0400] [WARNING] Ошибка при парсинге значения «background».  Потерянное объявление., [2015-03-18T15:28:31+0400] [WARNING] Ошибка при парсинге значения «background».  Потерянное объявление., [2015-03-18T15:28:31+0400] [WARNING] Ожидалось определение цвета, но найдено «top».  Ошибка при парсинге значения «background».  Потерянное объявление., [2015-03-18T15:28:31+0400] [WARNING] Ошибка при парсинге значения «background».  Потерянное объявление., [2015-03-18T15:28:31+0400] [WARNING] Ошибка при парсинге значения «background».  Потерянное объявление., [2015-03-18T15:28:31+0400] [WARNING] Ошибка при парсинге значения «background».  Потерянное объявление., [2015-03-18T15:28:31+0400] [WARNING] Ожидалось определение цвета, но найдено «bottom».  Ошибка при парсинге значения «background».  Потерянное объявление., [2015-03-18T15:28:31+0400] [WARNING] Ошибка при парсинге значения «background».  Потерянное объявление., [2015-03-18T15:28:31+0400] [WARNING] Ошибка при парсинге значения «background».  Потерянное объявление., [2015-03-18T15:28:31+0400] [WARNING] Ошибка при парсинге значения «background».  Потерянное объявление., [2015-03-18T15:28:31+0400] [WARNING] Ошибка при парсинге значения «background».  Потерянное объявление., [2015-03-18T15:28:31+0400] [WARNING] Ошибка при парсинге значения «background».  Потерянное объявление., [2015-03-18T15:28:31+0400] [WARNING] Ошибка при парсинге значения «background».  Потерянное объявление., [2015-03-18T15:28:31+0400] [WARNING] Неизвестное свойство «speak».  Потерянное объявление., [2015-03-18T15:28:31+0400] [WARNING] Неизвестное свойство «user-select».  Потерянное объявление., [2015-03-18T15:28:31+0400] [WARNING] Неизвестное свойство «user-select».  Потерянное объявление., [2015-03-18T15:28:31+0400] [WARNING] Неизвестное свойство «user-select».  Потерянное объявление., [2015-03-18T15:28:32+0400] [WARNING] Using //@ to indicate sourceMappingURL pragmas is deprecated. Use //# instead, [2015-03-18T15:28:32+0400] [WARNING] Ожидалось имя медиа-функции, но найдено «touch-enabled»., [2015-03-18T15:28:32+0400] [WARNING] Ожидалось имя медиа-функции, но найдено «-webkit-touch-enabled»., [2015-03-18T15:28:32+0400] [WARNING] Ожидалось имя медиа-функции, но найдено «-o-touch-enabled»., [2015-03-18T15:28:32+0400] [WARNING] Ожидалось имя медиа-функции, но найдено «-ms-touch-enabled»., [2015-03-18T15:28:32+0400] [WARNING] Ожидалось имя медиа-функции, но найдено «modernizr»., [2015-03-18T15:28:32+0400] [WARNING] Неизвестное свойство «-moz-opacity».  Потерянное объявление., [2015-03-18T15:28:32+0400] [WARNING] Ошибка при парсинге значения «background-image».  Потерянное объявление., [2015-03-18T15:28:32+0400] [WARNING] Ожидалось определение цвета, но найдено «left».  Ошибка при парсинге значения «background-image».  Потерянное объявление., [2015-03-18T15:28:32+0400] [WARNING] Ошибка при парсинге значения «background-image».  Потерянное объявление., [2015-03-18T15:28:32+0400] [WARNING] Ошибка при парсинге значения «background-image».  Потерянное объявление., [2015-03-18T15:28:32+0400] [WARNING] Ошибка при парсинге значения «background-image».  Потерянное объявление., [2015-03-18T15:28:32+0400] [INFO] Blocklist::_loadBlocklistFromFile: blocklist is disabled
, [2015-03-18T15:28:35+0400] [WARNING] Метод getPreventDefault() является устаревшим. Для его замены используйте метод defaultPrevented.]>]]>
            </message>
            <full-stacktrace>
              <![CDATA[java.lang.AssertionError: expected:<[]> but was:<[[2015-03-18T15:28:30+0400] [INFO] Could not read chrome manifest 'file:///C:/Program%20Files%20(x86)/Mozilla%20Firefox/chrome.manifest'.
, [2015-03-18T15:28:30+0400] [INFO] 1426678108726	addons.manager	DEBUG	Loaded provider scope for resource://gre/modules/addons/XPIProvider.jsm: ["XPIProvider"]
, [2015-03-18T15:28:30+0400] [INFO] 1426678108727	addons.manager	DEBUG	Loaded provider scope for resource://gre/modules/LightweightThemeManager.jsm: ["LightweightThemeManager"]
, [2015-03-18T15:28:30+0400] [INFO] 1426678108730	addons.xpi	DEBUG	startup
, [2015-03-18T15:28:30+0400] [INFO] 1426678108730	addons.xpi	INFO	Mapping fxdriver@googlecode.com to C:\Users\Lana\AppData\Local\Temp\anonymous6829217687290427937webdriver-profile\extensions\fxdriver@googlecode.com
, [2015-03-18T15:28:30+0400] [INFO] 1426678108731	addons.xpi	DEBUG	Ignoring file entry whose name is not a valid add-on ID: C:\Users\Lana\AppData\Local\Temp\anonymous6829217687290427937webdriver-profile\extensions\webdriver-staging
, [2015-03-18T15:28:30+0400] [INFO] 1426678108731	addons.xpi	INFO	Mapping {972ce4c6-7e08-4474-a285-3208198ce6fd} to C:\Program Files (x86)\Mozilla Firefox\browser\extensions\{972ce4c6-7e08-4474-a285-3208198ce6fd}
, [2015-03-18T15:28:30+0400] [INFO] 1426678108732	addons.xpi	DEBUG	Skipping unavailable install location app-system-share
, [2015-03-18T15:28:30+0400] [INFO] 1426678108732	addons.xpi	DEBUG	Skipping unavailable install location app-system-local
, [2015-03-18T15:28:30+0400] [INFO] 1426678108732	addons.xpi	DEBUG	checkForChanges
, [2015-03-18T15:28:30+0400] [INFO] 1426678108733	addons.xpi	DEBUG	Loaded add-on state from prefs: {"app-profile":{"fxdriver@googlecode.com":{"d":"C:\\Users\\Lana\\AppData\\Local\\Temp\\anonymous6829217687290427937webdriver-profile\\extensions\\fxdriver@googlecode.com","e":true,"v":"2.45.0","st":1426678103577,"mt":1426678103420}},"app-global":{"{972ce4c6-7e08-4474-a285-3208198ce6fd}":{"d":"C:\\Program Files (x86)\\Mozilla Firefox\\browser\\extensions\\{972ce4c6-7e08-4474-a285-3208198ce6fd}","e":true,"v":"36.0.1","st":1425627516144,"mt":1425627515938}}}
, [2015-03-18T15:28:30+0400] [INFO] 1426678108733	addons.xpi	DEBUG	getModTime: Recursive scan of fxdriver@googlecode.com
, [2015-03-18T15:28:30+0400] [INFO] 1426678108739	addons.xpi	DEBUG	getModTime: Recursive scan of {972ce4c6-7e08-4474-a285-3208198ce6fd}
, [2015-03-18T15:28:30+0400] [INFO] 1426678108739	addons.xpi	DEBUG	getInstallState changed: false, state: {"app-profile":{"fxdriver@googlecode.com":{"d":"C:\\Users\\Lana\\AppData\\Local\\Temp\\anonymous6829217687290427937webdriver-profile\\extensions\\fxdriver@googlecode.com","e":true,"v":"2.45.0","st":1426678103577,"mt":1426678103420}},"app-global":{"{972ce4c6-7e08-4474-a285-3208198ce6fd}":{"d":"C:\\Program Files (x86)\\Mozilla Firefox\\browser\\extensions\\{972ce4c6-7e08-4474-a285-3208198ce6fd}","e":true,"v":"36.0.1","st":1425627516144,"mt":1425627515938}}}
, [2015-03-18T15:28:30+0400] [INFO] 1426678108740	addons.xpi	DEBUG	No changes found
, [2015-03-18T15:28:30+0400] [INFO] 1426678108743	addons.manager	DEBUG	Registering shutdown blocker for XPIProvider
, [2015-03-18T15:28:30+0400] [INFO] 1426678108743	addons.manager	DEBUG	Registering shutdown blocker for LightweightThemeManager
, [2015-03-18T15:28:30+0400] [INFO] 1426678108744	addons.manager	DEBUG	Registering shutdown blocker for OpenH264Provider
, [2015-03-18T15:28:30+0400] [INFO] 1426678108745	addons.manager	DEBUG	Registering shutdown blocker for PluginProvider
, [2015-03-18T15:28:30+0400] [WARNING] Trying to re-register CID '{e26dbdcd-d3ba-4ded-88c3-6cb07ee3e9e0}' already registered by file:///C:/Users/Lana/AppData/Local/Temp/anonymous6829217687290427937webdriver-profile/extensions/fxdriver@googlecode.com/components/prompt-service.js., [2015-03-18T15:28:30+0400] [INFO] Native module at path 'C:\Users\Lana\AppData\Local\Temp\anonymous6829217687290427937webdriver-profile\extensions\fxdriver@googlecode.com\platform\WINNT_x86-msvc\components\webdriver-firefox-latest.dll' is incompatible with this version of Firefox, has version 34, expected 36.
, [2015-03-18T15:28:30+0400] [INFO] Native module at path 'C:\Users\Lana\AppData\Local\Temp\anonymous6829217687290427937webdriver-profile\extensions\fxdriver@googlecode.com\platform\WINNT_x86-msvc\components\imehandler.dll' doesn't export symbol `NSModule`.
, [2015-03-18T15:28:30+0400] [INFO] Could not read chrome manifest 'file:///C:/Program%20Files%20(x86)/Mozilla%20Firefox/browser/extensions/%7B972ce4c6-7e08-4474-a285-3208198ce6fd%7D/chrome.manifest'.
, [2015-03-18T15:28:30+0400] [INFO] Warning: unrecognized command line flag -foreground
, [2015-03-18T15:28:30+0400] [INFO] 1426678110101	addons.xpi-utils	DEBUG	Starting async load of XPI database C:\Users\Lana\AppData\Local\Temp\anonymous6829217687290427937webdriver-profile\extensions.json
, [2015-03-18T15:28:30+0400] [INFO] Blocklist::_preloadBlocklistFile: blocklist is disabled
, [2015-03-18T15:28:30+0400] [INFO] 1426678110529	addons.manager	DEBUG	Registering shutdown blocker for <unnamed-provider>
, [2015-03-18T15:28:30+0400] [INFO] 1426678110531	addons.xpi-utils	DEBUG	Async JSON file read took 0 MS
, [2015-03-18T15:28:30+0400] [INFO] 1426678110531	addons.xpi-utils	DEBUG	Finished async read of XPI database, parsing...
, [2015-03-18T15:28:30+0400] [INFO] 1426678110532	addons.xpi-utils	DEBUG	Successfully read XPI database
, [2015-03-18T15:28:30+0400] [INFO] 1426678110570	addons.repository	DEBUG	No addons.json found.
, [2015-03-18T15:28:30+0400] [INFO] 1426678110572	DeferredSave.addons.json	DEBUG	Save changes
, [2015-03-18T15:28:30+0400] [INFO] 1426678110573	DeferredSave.addons.json	DEBUG	Starting timer
, [2015-03-18T15:28:30+0400] [INFO] 1426678110626	DeferredSave.addons.json	DEBUG	Starting write
, [2015-03-18T15:28:30+0400] [INFO] 1426678110630	DeferredSave.addons.json	DEBUG	Write succeeded
, [2015-03-18T15:28:31+0400] [WARNING] Ожидалось объявление, но найдено «*».  Пропущено до следующего объявления., [2015-03-18T15:28:31+0400] [WARNING] Ожидалось объявление, но найдено «*».  Пропущено до следующего объявления., [2015-03-18T15:28:31+0400] [WARNING] Ожидалось объявление, но найдено «*».  Пропущено до следующего объявления., [2015-03-18T15:28:31+0400] [WARNING] Ожидалось объявление, но найдено «*».  Пропущено до следующего объявления., [2015-03-18T15:28:31+0400] [WARNING] Ожидалось объявление, но найдено «*».  Пропущено до следующего объявления., [2015-03-18T15:28:31+0400] [WARNING] Ожидалось объявление, но найдено «*».  Пропущено до следующего объявления., [2015-03-18T15:28:31+0400] [WARNING] Ожидалось объявление, но найдено «*».  Пропущено до следующего объявления., [2015-03-18T15:28:31+0400] [WARNING] Неизвестный псевдокласс или псевдоэлемент «-webkit-search-cancel-button».  Набор правил проигнорирован из-за плохого селектора., [2015-03-18T15:28:31+0400] [WARNING] Неизвестное свойство «-moz-border-radius».  Потерянное объявление., [2015-03-18T15:28:31+0400] [WARNING] Неизвестное свойство «-moz-box-shadow».  Потерянное объявление., [2015-03-18T15:28:31+0400] [WARNING] Ошибка при парсинге значения «background».  Потерянное объявление., [2015-03-18T15:28:31+0400] [WARNING] Ошибка при парсинге значения «background».  Потерянное объявление., [2015-03-18T15:28:31+0400] [WARNING] Ошибка при парсинге значения «background».  Потерянное объявление., [2015-03-18T15:28:31+0400] [WARNING] Ошибка при парсинге значения «background».  Потерянное объявление., [2015-03-18T15:28:31+0400] [WARNING] Ожидалось «none», «URL» или функция фильтра, но найдено «progid».  Ошибка при парсинге значения «filter».  Потерянное объявление., [2015-03-18T15:28:31+0400] [WARNING] Ожидалось «none», «URL» или функция фильтра, но найдено «progid».  Ошибка при парсинге значения «filter».  Потерянное объявление., [2015-03-18T15:28:31+0400] [WARNING] Неизвестный псевдокласс или псевдоэлемент «selection».  Набор правил проигнорирован из-за плохого селектора., [2015-03-18T15:28:31+0400] [WARNING] Ошибка при парсинге значения «font».  Потерянное объявление., [2015-03-18T15:28:31+0400] [WARNING] Неизвестный псевдокласс или псевдоэлемент «-webkit-input-placeholder».  Набор правил проигнорирован из-за плохого селектора., [2015-03-18T15:28:31+0400] [WARNING] Неизвестный псевдокласс или псевдоэлемент «-ms-input-placeholder».  Набор правил проигнорирован из-за плохого селектора., [2015-03-18T15:28:31+0400] [WARNING] Неизвестное свойство «-moz-box-shadow».  Потерянное объявление., [2015-03-18T15:28:31+0400] [WARNING] Неизвестное свойство «-moz-border-radius».  Потерянное объявление., [2015-03-18T15:28:31+0400] [WARNING] Ожидалось объявление, но найдено «*».  Пропущено до следующего объявления., [2015-03-18T15:28:31+0400] [WARNING] Ожидалось объявление, но найдено «*».  Пропущено до следующего объявления., [2015-03-18T15:28:31+0400] [WARNING] Ожидалось имя медиа-функции, но найдено «-o-min-device-pixel-ratio»., [2015-03-18T15:28:31+0400] [WARNING] Ожидалось имя медиа-функции, но найдено «-webkit-min-device-pixel-ratio»., [2015-03-18T15:28:31+0400] [WARNING] Ошибка при парсинге значения «background».  Потерянное объявление., [2015-03-18T15:28:31+0400] [WARNING] Ошибка при парсинге значения «background».  Потерянное объявление., [2015-03-18T15:28:31+0400] [WARNING] Ошибка при парсинге значения «background».  Потерянное объявление., [2015-03-18T15:28:31+0400] [WARNING] Ожидалось определение цвета, но найдено «top».  Ошибка при парсинге значения «background».  Потерянное объявление., [2015-03-18T15:28:31+0400] [WARNING] Ошибка при парсинге значения «background».  Потерянное объявление., [2015-03-18T15:28:31+0400] [WARNING] Ошибка при парсинге значения «background».  Потерянное объявление., [2015-03-18T15:28:31+0400] [WARNING] Ошибка при парсинге значения «background».  Потерянное объявление., [2015-03-18T15:28:31+0400] [WARNING] Ожидалось определение цвета, но найдено «bottom».  Ошибка при парсинге значения «background».  Потерянное объявление., [2015-03-18T15:28:31+0400] [WARNING] Ошибка при парсинге значения «background».  Потерянное объявление., [2015-03-18T15:28:31+0400] [WARNING] Ошибка при парсинге значения «background».  Потерянное объявление., [2015-03-18T15:28:31+0400] [WARNING] Ошибка при парсинге значения «background».  Потерянное объявление., [2015-03-18T15:28:31+0400] [WARNING] Ошибка при парсинге значения «background».  Потерянное объявление., [2015-03-18T15:28:31+0400] [WARNING] Ошибка при парсинге значения «background».  Потерянное объявление., [2015-03-18T15:28:31+0400] [WARNING] Ошибка при парсинге значения «background».  Потерянное объявление., [2015-03-18T15:28:31+0400] [WARNING] Неизвестное свойство «speak».  Потерянное объявление., [2015-03-18T15:28:31+0400] [WARNING] Неизвестное свойство «user-select».  Потерянное объявление., [2015-03-18T15:28:31+0400] [WARNING] Неизвестное свойство «user-select».  Потерянное объявление., [2015-03-18T15:28:31+0400] [WARNING] Неизвестное свойство «user-select».  Потерянное объявление., [2015-03-18T15:28:32+0400] [WARNING] Using //@ to indicate sourceMappingURL pragmas is deprecated. Use //# instead, [2015-03-18T15:28:32+0400] [WARNING] Ожидалось имя медиа-функции, но найдено «touch-enabled»., [2015-03-18T15:28:32+0400] [WARNING] Ожидалось имя медиа-функции, но найдено «-webkit-touch-enabled»., [2015-03-18T15:28:32+0400] [WARNING] Ожидалось имя медиа-функции, но найдено «-o-touch-enabled»., [2015-03-18T15:28:32+0400] [WARNING] Ожидалось имя медиа-функции, но найдено «-ms-touch-enabled»., [2015-03-18T15:28:32+0400] [WARNING] Ожидалось имя медиа-функции, но найдено «modernizr»., [2015-03-18T15:28:32+0400] [WARNING] Неизвестное свойство «-moz-opacity».  Потерянное объявление., [2015-03-18T15:28:32+0400] [WARNING] Ошибка при парсинге значения «background-image».  Потерянное объявление., [2015-03-18T15:28:32+0400] [WARNING] Ожидалось определение цвета, но найдено «left».  Ошибка при парсинге значения «background-image».  Потерянное объявление., [2015-03-18T15:28:32+0400] [WARNING] Ошибка при парсинге значения «background-image».  Потерянное объявление., [2015-03-18T15:28:32+0400] [WARNING] Ошибка при парсинге значения «background-image».  Потерянное объявление., [2015-03-18T15:28:32+0400] [WARNING] Ошибка при парсинге значения «background-image».  Потерянное объявление., [2015-03-18T15:28:32+0400] [INFO] Blocklist::_loadBlocklistFromFile: blocklist is disabled
, [2015-03-18T15:28:35+0400] [WARNING] Метод getPreventDefault() является устаревшим. Для его замены используйте метод defaultPrevented.]>
	at org.junit.Assert.fail(Assert.java:88)
	at org.junit.Assert.failNotEquals(Assert.java:743)
	at org.junit.Assert.assertEquals(Assert.java:118)
	at org.junit.Assert.assertEquals(Assert.java:144)
	at clients.JS_error.testUntitled4(JS_error.java:43)
	at sun.reflect.NativeMethodAccessorImpl.invoke0(Native Method)
	at sun.reflect.NativeMethodAccessorImpl.invoke(NativeMethodAccessorImpl.java:62)
	at sun.reflect.DelegatingMethodAccessorImpl.invoke(DelegatingMethodAccessorImpl.java:43)
	at java.lang.reflect.Method.invoke(Method.java:483)
	at org.testng.internal.MethodInvocationHelper.invokeMethod(MethodInvocationHelper.java:84)
	at org.testng.internal.Invoker.invokeMethod(Invoker.java:714)
	at org.testng.internal.Invoker.invokeTestMethod(Invoker.java:901)
	at org.testng.internal.Invoker.invokeTestMethods(Invoker.java:1231)
	at org.testng.internal.TestMethodWorker.invokeTestMethods(TestMethodWorker.java:127)
	at org.testng.internal.TestMethodWorker.run(TestMethodWorker.java:111)
	at org.testng.TestRunner.privateRun(TestRunner.java:767)
	at org.testng.TestRunner.run(TestRunner.java:617)
	at org.testng.SuiteRunner.runTest(SuiteRunner.java:348)
	at org.testng.SuiteRunner.runSequentially(SuiteRunner.java:343)
	at org.testng.SuiteRunner.privateRun(SuiteRunner.java:305)
	at org.testng.SuiteRunner.run(SuiteRunner.java:254)
	at org.testng.SuiteRunnerWorker.runSuite(SuiteRunnerWorker.java:52)
	at org.testng.SuiteRunnerWorker.run(SuiteRunnerWorker.java:86)
	at org.testng.TestNG.runSuitesSequentially(TestNG.java:1224)
	at org.testng.TestNG.runSuitesLocally(TestNG.java:1149)
	at org.testng.TestNG.run(TestNG.java:1057)
	at org.apache.maven.surefire.testng.TestNGExecutor.run(TestNGExecutor.java:217)
	at org.apache.maven.surefire.testng.TestNGXmlTestSuite.execute(TestNGXmlTestSuite.java:84)
	at org.apache.maven.surefire.testng.TestNGProvider.invoke(TestNGProvider.java:92)
	at org.apache.maven.surefire.booter.ForkedBooter.invokeProviderInSameClassLoader(ForkedBooter.java:200)
	at org.apache.maven.surefire.booter.ForkedBooter.runSuitesInProcess(ForkedBooter.java:153)
	at org.apache.maven.surefire.booter.ForkedBooter.main(ForkedBooter.java:103)
]]>
            </full-stacktrace>
          </exception> <!-- java.lang.AssertionError -->
          <reporter-output>
          </reporter-output>
        </test-method> <!-- testUntitled4 -->
        <test-method status="PASS" signature="stopDriver()[pri:0, instance:clients.JS_error@5056dfcb]" name="stopDriver" is-config="true" duration-ms="391" started-at="2015-03-18T15:28:35Z" finished-at="2015-03-18T15:28:36Z">
          <reporter-output>
          </reporter-output>
        </test-method> <!-- stopDriver -->
      </class> <!-- clients.JS_error -->
      <class name="clients.Navigation">
        <test-method status="PASS" signature="init()[pri:0, instance:clients.Navigation@12843fce]" name="init" is-config="true" duration-ms="6932" started-at="2015-03-18T15:31:42Z" finished-at="2015-03-18T15:31:49Z">
          <reporter-output>
          </reporter-output>
        </test-method> <!-- init -->
        <test-method status="PASS" signature="testUntitled10()[pri:0, instance:clients.Navigation@12843fce]" name="testUntitled10" duration-ms="17453" started-at="2015-03-18T15:31:49Z" finished-at="2015-03-18T15:32:06Z">
          <reporter-output>
          </reporter-output>
        </test-method> <!-- testUntitled10 -->
        <test-method status="PASS" signature="stopDriver()[pri:0, instance:clients.Navigation@12843fce]" name="stopDriver" is-config="true" duration-ms="825" started-at="2015-03-18T15:32:06Z" finished-at="2015-03-18T15:32:07Z">
          <reporter-output>
          </reporter-output>
        </test-method> <!-- stopDriver -->
      </class> <!-- clients.Navigation -->
      <class name="contact.Contact_email_change">
        <test-method status="PASS" signature="init()[pri:0, instance:contact.Contact_email_change@13a57a3b]" name="init" is-config="true" duration-ms="6435" started-at="2015-03-18T15:33:50Z" finished-at="2015-03-18T15:33:56Z">
          <reporter-output>
          </reporter-output>
        </test-method> <!-- init -->
        <test-method status="PASS" signature="testUntitled6()[pri:0, instance:contact.Contact_email_change@13a57a3b]" name="testUntitled6" duration-ms="22075" started-at="2015-03-18T15:33:56Z" finished-at="2015-03-18T15:34:18Z">
          <reporter-output>
          </reporter-output>
        </test-method> <!-- testUntitled6 -->
        <test-method status="PASS" signature="stopDriver()[pri:0, instance:contact.Contact_email_change@13a57a3b]" name="stopDriver" is-config="true" duration-ms="563" started-at="2015-03-18T15:34:18Z" finished-at="2015-03-18T15:34:19Z">
          <reporter-output>
          </reporter-output>
        </test-method> <!-- stopDriver -->
      </class> <!-- contact.Contact_email_change -->
      <class name="about.JS_error">
        <test-method status="PASS" signature="init()[pri:0, instance:about.JS_error@50f8360d]" name="init" is-config="true" duration-ms="6755" started-at="2015-03-18T15:28:13Z" finished-at="2015-03-18T15:28:20Z">
          <reporter-output>
          </reporter-output>
        </test-method> <!-- init -->
        <test-method status="FAIL" signature="testUntitled4()[pri:0, instance:about.JS_error@50f8360d]" name="testUntitled4" duration-ms="1314" started-at="2015-03-18T15:28:20Z" finished-at="2015-03-18T15:28:21Z">
          <exception class="java.lang.AssertionError">
            <message>
              <![CDATA[expected:<[]> but was:<[[2015-03-18T15:28:19+0400] [INFO] Could not read chrome manifest 'file:///C:/Program%20Files%20(x86)/Mozilla%20Firefox/chrome.manifest'.
, [2015-03-18T15:28:19+0400] [INFO] 1426678098833	addons.manager	DEBUG	Loaded provider scope for resource://gre/modules/addons/XPIProvider.jsm: ["XPIProvider"]
, [2015-03-18T15:28:19+0400] [INFO] 1426678098835	addons.manager	DEBUG	Loaded provider scope for resource://gre/modules/LightweightThemeManager.jsm: ["LightweightThemeManager"]
, [2015-03-18T15:28:19+0400] [INFO] 1426678098837	addons.xpi	DEBUG	startup
, [2015-03-18T15:28:19+0400] [INFO] 1426678098838	addons.xpi	INFO	Mapping fxdriver@googlecode.com to C:\Users\Lana\AppData\Local\Temp\anonymous8351116898061660053webdriver-profile\extensions\fxdriver@googlecode.com
, [2015-03-18T15:28:19+0400] [INFO] 1426678098838	addons.xpi	DEBUG	Ignoring file entry whose name is not a valid add-on ID: C:\Users\Lana\AppData\Local\Temp\anonymous8351116898061660053webdriver-profile\extensions\webdriver-staging
, [2015-03-18T15:28:19+0400] [INFO] 1426678098839	addons.xpi	INFO	Mapping {972ce4c6-7e08-4474-a285-3208198ce6fd} to C:\Program Files (x86)\Mozilla Firefox\browser\extensions\{972ce4c6-7e08-4474-a285-3208198ce6fd}
, [2015-03-18T15:28:19+0400] [INFO] 1426678098839	addons.xpi	DEBUG	Skipping unavailable install location app-system-share
, [2015-03-18T15:28:19+0400] [INFO] 1426678098840	addons.xpi	DEBUG	Skipping unavailable install location app-system-local
, [2015-03-18T15:28:19+0400] [INFO] 1426678098840	addons.xpi	DEBUG	checkForChanges
, [2015-03-18T15:28:19+0400] [INFO] 1426678098840	addons.xpi	DEBUG	Loaded add-on state from prefs: {"app-profile":{"fxdriver@googlecode.com":{"d":"C:\\Users\\Lana\\AppData\\Local\\Temp\\anonymous8351116898061660053webdriver-profile\\extensions\\fxdriver@googlecode.com","e":true,"v":"2.45.0","st":1426678095100,"mt":1426678094928}},"app-global":{"{972ce4c6-7e08-4474-a285-3208198ce6fd}":{"d":"C:\\Program Files (x86)\\Mozilla Firefox\\browser\\extensions\\{972ce4c6-7e08-4474-a285-3208198ce6fd}","e":true,"v":"36.0.1","st":1425627516144,"mt":1425627515938}}}
, [2015-03-18T15:28:19+0400] [INFO] 1426678098841	addons.xpi	DEBUG	getModTime: Recursive scan of fxdriver@googlecode.com
, [2015-03-18T15:28:19+0400] [INFO] 1426678098847	addons.xpi	DEBUG	getModTime: Recursive scan of {972ce4c6-7e08-4474-a285-3208198ce6fd}
, [2015-03-18T15:28:19+0400] [INFO] 1426678098847	addons.xpi	DEBUG	getInstallState changed: false, state: {"app-profile":{"fxdriver@googlecode.com":{"d":"C:\\Users\\Lana\\AppData\\Local\\Temp\\anonymous8351116898061660053webdriver-profile\\extensions\\fxdriver@googlecode.com","e":true,"v":"2.45.0","st":1426678095100,"mt":1426678094928}},"app-global":{"{972ce4c6-7e08-4474-a285-3208198ce6fd}":{"d":"C:\\Program Files (x86)\\Mozilla Firefox\\browser\\extensions\\{972ce4c6-7e08-4474-a285-3208198ce6fd}","e":true,"v":"36.0.1","st":1425627516144,"mt":1425627515938}}}
, [2015-03-18T15:28:19+0400] [INFO] 1426678098848	addons.xpi	DEBUG	No changes found
, [2015-03-18T15:28:19+0400] [INFO] 1426678098851	addons.manager	DEBUG	Registering shutdown blocker for XPIProvider
, [2015-03-18T15:28:19+0400] [INFO] 1426678098852	addons.manager	DEBUG	Registering shutdown blocker for LightweightThemeManager
, [2015-03-18T15:28:19+0400] [INFO] 1426678098853	addons.manager	DEBUG	Registering shutdown blocker for OpenH264Provider
, [2015-03-18T15:28:19+0400] [INFO] 1426678098853	addons.manager	DEBUG	Registering shutdown blocker for PluginProvider
, [2015-03-18T15:28:19+0400] [WARNING] Trying to re-register CID '{e26dbdcd-d3ba-4ded-88c3-6cb07ee3e9e0}' already registered by file:///C:/Users/Lana/AppData/Local/Temp/anonymous8351116898061660053webdriver-profile/extensions/fxdriver@googlecode.com/components/prompt-service.js., [2015-03-18T15:28:19+0400] [INFO] Native module at path 'C:\Users\Lana\AppData\Local\Temp\anonymous8351116898061660053webdriver-profile\extensions\fxdriver@googlecode.com\platform\WINNT_x86-msvc\components\webdriver-firefox-latest.dll' is incompatible with this version of Firefox, has version 34, expected 36.
, [2015-03-18T15:28:19+0400] [INFO] Native module at path 'C:\Users\Lana\AppData\Local\Temp\anonymous8351116898061660053webdriver-profile\extensions\fxdriver@googlecode.com\platform\WINNT_x86-msvc\components\imehandler.dll' doesn't export symbol `NSModule`.
, [2015-03-18T15:28:19+0400] [INFO] Could not read chrome manifest 'file:///C:/Program%20Files%20(x86)/Mozilla%20Firefox/browser/extensions/%7B972ce4c6-7e08-4474-a285-3208198ce6fd%7D/chrome.manifest'.
, [2015-03-18T15:28:19+0400] [INFO] Warning: unrecognized command line flag -foreground
, [2015-03-18T15:28:20+0400] [INFO] 1426678099911	addons.xpi-utils	DEBUG	Starting async load of XPI database C:\Users\Lana\AppData\Local\Temp\anonymous8351116898061660053webdriver-profile\extensions.json
, [2015-03-18T15:28:20+0400] [INFO] Blocklist::_preloadBlocklistFile: blocklist is disabled
, [2015-03-18T15:28:20+0400] [INFO] 1426678100311	addons.manager	DEBUG	Registering shutdown blocker for <unnamed-provider>
, [2015-03-18T15:28:20+0400] [INFO] 1426678100313	addons.xpi-utils	DEBUG	Async JSON file read took 0 MS
, [2015-03-18T15:28:20+0400] [INFO] 1426678100313	addons.xpi-utils	DEBUG	Finished async read of XPI database, parsing...
, [2015-03-18T15:28:20+0400] [INFO] 1426678100314	addons.xpi-utils	DEBUG	Successfully read XPI database
, [2015-03-18T15:28:20+0400] [INFO] 1426678100432	addons.repository	DEBUG	No addons.json found.
, [2015-03-18T15:28:20+0400] [INFO] 1426678100433	DeferredSave.addons.json	DEBUG	Save changes
, [2015-03-18T15:28:20+0400] [INFO] 1426678100435	DeferredSave.addons.json	DEBUG	Starting timer
, [2015-03-18T15:28:20+0400] [INFO] 1426678100494	DeferredSave.addons.json	DEBUG	Starting write
, [2015-03-18T15:28:20+0400] [INFO] 1426678100508	DeferredSave.addons.json	DEBUG	Write succeeded
, [2015-03-18T15:28:21+0400] [WARNING] Ожидалось объявление, но найдено «*».  Пропущено до следующего объявления., [2015-03-18T15:28:21+0400] [WARNING] Ожидалось объявление, но найдено «*».  Пропущено до следующего объявления., [2015-03-18T15:28:21+0400] [WARNING] Ожидалось объявление, но найдено «*».  Пропущено до следующего объявления., [2015-03-18T15:28:21+0400] [WARNING] Ожидалось объявление, но найдено «*».  Пропущено до следующего объявления., [2015-03-18T15:28:21+0400] [WARNING] Ожидалось объявление, но найдено «*».  Пропущено до следующего объявления., [2015-03-18T15:28:21+0400] [WARNING] Ожидалось объявление, но найдено «*».  Пропущено до следующего объявления., [2015-03-18T15:28:21+0400] [WARNING] Ожидалось объявление, но найдено «*».  Пропущено до следующего объявления., [2015-03-18T15:28:21+0400] [WARNING] Неизвестный псевдокласс или псевдоэлемент «-webkit-search-cancel-button».  Набор правил проигнорирован из-за плохого селектора., [2015-03-18T15:28:21+0400] [WARNING] Неизвестное свойство «-moz-border-radius».  Потерянное объявление., [2015-03-18T15:28:21+0400] [WARNING] Неизвестное свойство «-moz-box-shadow».  Потерянное объявление., [2015-03-18T15:28:21+0400] [WARNING] Ошибка при парсинге значения «background».  Потерянное объявление., [2015-03-18T15:28:21+0400] [WARNING] Ошибка при парсинге значения «background».  Потерянное объявление., [2015-03-18T15:28:21+0400] [WARNING] Ошибка при парсинге значения «background».  Потерянное объявление., [2015-03-18T15:28:21+0400] [WARNING] Ошибка при парсинге значения «background».  Потерянное объявление., [2015-03-18T15:28:21+0400] [WARNING] Ожидалось «none», «URL» или функция фильтра, но найдено «progid».  Ошибка при парсинге значения «filter».  Потерянное объявление., [2015-03-18T15:28:21+0400] [WARNING] Ожидалось «none», «URL» или функция фильтра, но найдено «progid».  Ошибка при парсинге значения «filter».  Потерянное объявление., [2015-03-18T15:28:21+0400] [WARNING] Неизвестный псевдокласс или псевдоэлемент «selection».  Набор правил проигнорирован из-за плохого селектора., [2015-03-18T15:28:21+0400] [WARNING] Ошибка при парсинге значения «font».  Потерянное объявление., [2015-03-18T15:28:21+0400] [WARNING] Неизвестный псевдокласс или псевдоэлемент «-webkit-input-placeholder».  Набор правил проигнорирован из-за плохого селектора., [2015-03-18T15:28:21+0400] [WARNING] Неизвестный псевдокласс или псевдоэлемент «-ms-input-placeholder».  Набор правил проигнорирован из-за плохого селектора., [2015-03-18T15:28:21+0400] [WARNING] Неизвестное свойство «-moz-box-shadow».  Потерянное объявление., [2015-03-18T15:28:21+0400] [WARNING] Неизвестное свойство «-moz-border-radius».  Потерянное объявление., [2015-03-18T15:28:21+0400] [WARNING] Ожидалось объявление, но найдено «*».  Пропущено до следующего объявления., [2015-03-18T15:28:21+0400] [WARNING] Ожидалось объявление, но найдено «*».  Пропущено до следующего объявления., [2015-03-18T15:28:21+0400] [WARNING] Ожидалось имя медиа-функции, но найдено «-o-min-device-pixel-ratio»., [2015-03-18T15:28:21+0400] [WARNING] Ожидалось имя медиа-функции, но найдено «-webkit-min-device-pixel-ratio»., [2015-03-18T15:28:21+0400] [WARNING] Ошибка при парсинге значения «background».  Потерянное объявление., [2015-03-18T15:28:21+0400] [WARNING] Ошибка при парсинге значения «background».  Потерянное объявление., [2015-03-18T15:28:21+0400] [WARNING] Ошибка при парсинге значения «background».  Потерянное объявление., [2015-03-18T15:28:21+0400] [WARNING] Ожидалось определение цвета, но найдено «top».  Ошибка при парсинге значения «background».  Потерянное объявление., [2015-03-18T15:28:21+0400] [WARNING] Ошибка при парсинге значения «background».  Потерянное объявление., [2015-03-18T15:28:21+0400] [WARNING] Ошибка при парсинге значения «background».  Потерянное объявление., [2015-03-18T15:28:21+0400] [WARNING] Ошибка при парсинге значения «background».  Потерянное объявление., [2015-03-18T15:28:21+0400] [WARNING] Ожидалось определение цвета, но найдено «bottom».  Ошибка при парсинге значения «background».  Потерянное объявление., [2015-03-18T15:28:21+0400] [WARNING] Ошибка при парсинге значения «background».  Потерянное объявление., [2015-03-18T15:28:21+0400] [WARNING] Ошибка при парсинге значения «background».  Потерянное объявление., [2015-03-18T15:28:21+0400] [WARNING] Ошибка при парсинге значения «background».  Потерянное объявление., [2015-03-18T15:28:21+0400] [WARNING] Ошибка при парсинге значения «background».  Потерянное объявление., [2015-03-18T15:28:21+0400] [WARNING] Ошибка при парсинге значения «background».  Потерянное объявление., [2015-03-18T15:28:21+0400] [WARNING] Ошибка при парсинге значения «background».  Потерянное объявление., [2015-03-18T15:28:21+0400] [WARNING] Неизвестное свойство «speak».  Потерянное объявление., [2015-03-18T15:28:21+0400] [WARNING] Неизвестное свойство «user-select».  Потерянное объявление., [2015-03-18T15:28:21+0400] [WARNING] Неизвестное свойство «user-select».  Потерянное объявление., [2015-03-18T15:28:21+0400] [WARNING] Неизвестное свойство «user-select».  Потерянное объявление., [2015-03-18T15:28:21+0400] [WARNING] Using //@ to indicate sourceMappingURL pragmas is deprecated. Use //# instead, [2015-03-18T15:28:21+0400] [WARNING] Ожидалось имя медиа-функции, но найдено «touch-enabled»., [2015-03-18T15:28:21+0400] [WARNING] Ожидалось имя медиа-функции, но найдено «-webkit-touch-enabled»., [2015-03-18T15:28:21+0400] [WARNING] Ожидалось имя медиа-функции, но найдено «-o-touch-enabled»., [2015-03-18T15:28:21+0400] [WARNING] Ожидалось имя медиа-функции, но найдено «-ms-touch-enabled»., [2015-03-18T15:28:21+0400] [WARNING] Ожидалось имя медиа-функции, но найдено «modernizr»., [2015-03-18T15:28:21+0400] [WARNING] Неизвестное свойство «-moz-opacity».  Потерянное объявление., [2015-03-18T15:28:21+0400] [WARNING] Ошибка при парсинге значения «background-image».  Потерянное объявление., [2015-03-18T15:28:21+0400] [WARNING] Ожидалось определение цвета, но найдено «left».  Ошибка при парсинге значения «background-image».  Потерянное объявление., [2015-03-18T15:28:21+0400] [WARNING] Ошибка при парсинге значения «background-image».  Потерянное объявление., [2015-03-18T15:28:21+0400] [WARNING] Ошибка при парсинге значения «background-image».  Потерянное объявление., [2015-03-18T15:28:21+0400] [WARNING] Ошибка при парсинге значения «background-image».  Потерянное объявление., [2015-03-18T15:28:21+0400] [INFO] Blocklist::_loadBlocklistFromFile: blocklist is disabled
, [2015-03-18T15:28:21+0400] [WARNING] Метод getPreventDefault() является устаревшим. Для его замены используйте метод defaultPrevented.]>]]>
            </message>
            <full-stacktrace>
              <![CDATA[java.lang.AssertionError: expected:<[]> but was:<[[2015-03-18T15:28:19+0400] [INFO] Could not read chrome manifest 'file:///C:/Program%20Files%20(x86)/Mozilla%20Firefox/chrome.manifest'.
, [2015-03-18T15:28:19+0400] [INFO] 1426678098833	addons.manager	DEBUG	Loaded provider scope for resource://gre/modules/addons/XPIProvider.jsm: ["XPIProvider"]
, [2015-03-18T15:28:19+0400] [INFO] 1426678098835	addons.manager	DEBUG	Loaded provider scope for resource://gre/modules/LightweightThemeManager.jsm: ["LightweightThemeManager"]
, [2015-03-18T15:28:19+0400] [INFO] 1426678098837	addons.xpi	DEBUG	startup
, [2015-03-18T15:28:19+0400] [INFO] 1426678098838	addons.xpi	INFO	Mapping fxdriver@googlecode.com to C:\Users\Lana\AppData\Local\Temp\anonymous8351116898061660053webdriver-profile\extensions\fxdriver@googlecode.com
, [2015-03-18T15:28:19+0400] [INFO] 1426678098838	addons.xpi	DEBUG	Ignoring file entry whose name is not a valid add-on ID: C:\Users\Lana\AppData\Local\Temp\anonymous8351116898061660053webdriver-profile\extensions\webdriver-staging
, [2015-03-18T15:28:19+0400] [INFO] 1426678098839	addons.xpi	INFO	Mapping {972ce4c6-7e08-4474-a285-3208198ce6fd} to C:\Program Files (x86)\Mozilla Firefox\browser\extensions\{972ce4c6-7e08-4474-a285-3208198ce6fd}
, [2015-03-18T15:28:19+0400] [INFO] 1426678098839	addons.xpi	DEBUG	Skipping unavailable install location app-system-share
, [2015-03-18T15:28:19+0400] [INFO] 1426678098840	addons.xpi	DEBUG	Skipping unavailable install location app-system-local
, [2015-03-18T15:28:19+0400] [INFO] 1426678098840	addons.xpi	DEBUG	checkForChanges
, [2015-03-18T15:28:19+0400] [INFO] 1426678098840	addons.xpi	DEBUG	Loaded add-on state from prefs: {"app-profile":{"fxdriver@googlecode.com":{"d":"C:\\Users\\Lana\\AppData\\Local\\Temp\\anonymous8351116898061660053webdriver-profile\\extensions\\fxdriver@googlecode.com","e":true,"v":"2.45.0","st":1426678095100,"mt":1426678094928}},"app-global":{"{972ce4c6-7e08-4474-a285-3208198ce6fd}":{"d":"C:\\Program Files (x86)\\Mozilla Firefox\\browser\\extensions\\{972ce4c6-7e08-4474-a285-3208198ce6fd}","e":true,"v":"36.0.1","st":1425627516144,"mt":1425627515938}}}
, [2015-03-18T15:28:19+0400] [INFO] 1426678098841	addons.xpi	DEBUG	getModTime: Recursive scan of fxdriver@googlecode.com
, [2015-03-18T15:28:19+0400] [INFO] 1426678098847	addons.xpi	DEBUG	getModTime: Recursive scan of {972ce4c6-7e08-4474-a285-3208198ce6fd}
, [2015-03-18T15:28:19+0400] [INFO] 1426678098847	addons.xpi	DEBUG	getInstallState changed: false, state: {"app-profile":{"fxdriver@googlecode.com":{"d":"C:\\Users\\Lana\\AppData\\Local\\Temp\\anonymous8351116898061660053webdriver-profile\\extensions\\fxdriver@googlecode.com","e":true,"v":"2.45.0","st":1426678095100,"mt":1426678094928}},"app-global":{"{972ce4c6-7e08-4474-a285-3208198ce6fd}":{"d":"C:\\Program Files (x86)\\Mozilla Firefox\\browser\\extensions\\{972ce4c6-7e08-4474-a285-3208198ce6fd}","e":true,"v":"36.0.1","st":1425627516144,"mt":1425627515938}}}
, [2015-03-18T15:28:19+0400] [INFO] 1426678098848	addons.xpi	DEBUG	No changes found
, [2015-03-18T15:28:19+0400] [INFO] 1426678098851	addons.manager	DEBUG	Registering shutdown blocker for XPIProvider
, [2015-03-18T15:28:19+0400] [INFO] 1426678098852	addons.manager	DEBUG	Registering shutdown blocker for LightweightThemeManager
, [2015-03-18T15:28:19+0400] [INFO] 1426678098853	addons.manager	DEBUG	Registering shutdown blocker for OpenH264Provider
, [2015-03-18T15:28:19+0400] [INFO] 1426678098853	addons.manager	DEBUG	Registering shutdown blocker for PluginProvider
, [2015-03-18T15:28:19+0400] [WARNING] Trying to re-register CID '{e26dbdcd-d3ba-4ded-88c3-6cb07ee3e9e0}' already registered by file:///C:/Users/Lana/AppData/Local/Temp/anonymous8351116898061660053webdriver-profile/extensions/fxdriver@googlecode.com/components/prompt-service.js., [2015-03-18T15:28:19+0400] [INFO] Native module at path 'C:\Users\Lana\AppData\Local\Temp\anonymous8351116898061660053webdriver-profile\extensions\fxdriver@googlecode.com\platform\WINNT_x86-msvc\components\webdriver-firefox-latest.dll' is incompatible with this version of Firefox, has version 34, expected 36.
, [2015-03-18T15:28:19+0400] [INFO] Native module at path 'C:\Users\Lana\AppData\Local\Temp\anonymous8351116898061660053webdriver-profile\extensions\fxdriver@googlecode.com\platform\WINNT_x86-msvc\components\imehandler.dll' doesn't export symbol `NSModule`.
, [2015-03-18T15:28:19+0400] [INFO] Could not read chrome manifest 'file:///C:/Program%20Files%20(x86)/Mozilla%20Firefox/browser/extensions/%7B972ce4c6-7e08-4474-a285-3208198ce6fd%7D/chrome.manifest'.
, [2015-03-18T15:28:19+0400] [INFO] Warning: unrecognized command line flag -foreground
, [2015-03-18T15:28:20+0400] [INFO] 1426678099911	addons.xpi-utils	DEBUG	Starting async load of XPI database C:\Users\Lana\AppData\Local\Temp\anonymous8351116898061660053webdriver-profile\extensions.json
, [2015-03-18T15:28:20+0400] [INFO] Blocklist::_preloadBlocklistFile: blocklist is disabled
, [2015-03-18T15:28:20+0400] [INFO] 1426678100311	addons.manager	DEBUG	Registering shutdown blocker for <unnamed-provider>
, [2015-03-18T15:28:20+0400] [INFO] 1426678100313	addons.xpi-utils	DEBUG	Async JSON file read took 0 MS
, [2015-03-18T15:28:20+0400] [INFO] 1426678100313	addons.xpi-utils	DEBUG	Finished async read of XPI database, parsing...
, [2015-03-18T15:28:20+0400] [INFO] 1426678100314	addons.xpi-utils	DEBUG	Successfully read XPI database
, [2015-03-18T15:28:20+0400] [INFO] 1426678100432	addons.repository	DEBUG	No addons.json found.
, [2015-03-18T15:28:20+0400] [INFO] 1426678100433	DeferredSave.addons.json	DEBUG	Save changes
, [2015-03-18T15:28:20+0400] [INFO] 1426678100435	DeferredSave.addons.json	DEBUG	Starting timer
, [2015-03-18T15:28:20+0400] [INFO] 1426678100494	DeferredSave.addons.json	DEBUG	Starting write
, [2015-03-18T15:28:20+0400] [INFO] 1426678100508	DeferredSave.addons.json	DEBUG	Write succeeded
, [2015-03-18T15:28:21+0400] [WARNING] Ожидалось объявление, но найдено «*».  Пропущено до следующего объявления., [2015-03-18T15:28:21+0400] [WARNING] Ожидалось объявление, но найдено «*».  Пропущено до следующего объявления., [2015-03-18T15:28:21+0400] [WARNING] Ожидалось объявление, но найдено «*».  Пропущено до следующего объявления., [2015-03-18T15:28:21+0400] [WARNING] Ожидалось объявление, но найдено «*».  Пропущено до следующего объявления., [2015-03-18T15:28:21+0400] [WARNING] Ожидалось объявление, но найдено «*».  Пропущено до следующего объявления., [2015-03-18T15:28:21+0400] [WARNING] Ожидалось объявление, но найдено «*».  Пропущено до следующего объявления., [2015-03-18T15:28:21+0400] [WARNING] Ожидалось объявление, но найдено «*».  Пропущено до следующего объявления., [2015-03-18T15:28:21+0400] [WARNING] Неизвестный псевдокласс или псевдоэлемент «-webkit-search-cancel-button».  Набор правил проигнорирован из-за плохого селектора., [2015-03-18T15:28:21+0400] [WARNING] Неизвестное свойство «-moz-border-radius».  Потерянное объявление., [2015-03-18T15:28:21+0400] [WARNING] Неизвестное свойство «-moz-box-shadow».  Потерянное объявление., [2015-03-18T15:28:21+0400] [WARNING] Ошибка при парсинге значения «background».  Потерянное объявление., [2015-03-18T15:28:21+0400] [WARNING] Ошибка при парсинге значения «background».  Потерянное объявление., [2015-03-18T15:28:21+0400] [WARNING] Ошибка при парсинге значения «background».  Потерянное объявление., [2015-03-18T15:28:21+0400] [WARNING] Ошибка при парсинге значения «background».  Потерянное объявление., [2015-03-18T15:28:21+0400] [WARNING] Ожидалось «none», «URL» или функция фильтра, но найдено «progid».  Ошибка при парсинге значения «filter».  Потерянное объявление., [2015-03-18T15:28:21+0400] [WARNING] Ожидалось «none», «URL» или функция фильтра, но найдено «progid».  Ошибка при парсинге значения «filter».  Потерянное объявление., [2015-03-18T15:28:21+0400] [WARNING] Неизвестный псевдокласс или псевдоэлемент «selection».  Набор правил проигнорирован из-за плохого селектора., [2015-03-18T15:28:21+0400] [WARNING] Ошибка при парсинге значения «font».  Потерянное объявление., [2015-03-18T15:28:21+0400] [WARNING] Неизвестный псевдокласс или псевдоэлемент «-webkit-input-placeholder».  Набор правил проигнорирован из-за плохого селектора., [2015-03-18T15:28:21+0400] [WARNING] Неизвестный псевдокласс или псевдоэлемент «-ms-input-placeholder».  Набор правил проигнорирован из-за плохого селектора., [2015-03-18T15:28:21+0400] [WARNING] Неизвестное свойство «-moz-box-shadow».  Потерянное объявление., [2015-03-18T15:28:21+0400] [WARNING] Неизвестное свойство «-moz-border-radius».  Потерянное объявление., [2015-03-18T15:28:21+0400] [WARNING] Ожидалось объявление, но найдено «*».  Пропущено до следующего объявления., [2015-03-18T15:28:21+0400] [WARNING] Ожидалось объявление, но найдено «*».  Пропущено до следующего объявления., [2015-03-18T15:28:21+0400] [WARNING] Ожидалось имя медиа-функции, но найдено «-o-min-device-pixel-ratio»., [2015-03-18T15:28:21+0400] [WARNING] Ожидалось имя медиа-функции, но найдено «-webkit-min-device-pixel-ratio»., [2015-03-18T15:28:21+0400] [WARNING] Ошибка при парсинге значения «background».  Потерянное объявление., [2015-03-18T15:28:21+0400] [WARNING] Ошибка при парсинге значения «background».  Потерянное объявление., [2015-03-18T15:28:21+0400] [WARNING] Ошибка при парсинге значения «background».  Потерянное объявление., [2015-03-18T15:28:21+0400] [WARNING] Ожидалось определение цвета, но найдено «top».  Ошибка при парсинге значения «background».  Потерянное объявление., [2015-03-18T15:28:21+0400] [WARNING] Ошибка при парсинге значения «background».  Потерянное объявление., [2015-03-18T15:28:21+0400] [WARNING] Ошибка при парсинге значения «background».  Потерянное объявление., [2015-03-18T15:28:21+0400] [WARNING] Ошибка при парсинге значения «background».  Потерянное объявление., [2015-03-18T15:28:21+0400] [WARNING] Ожидалось определение цвета, но найдено «bottom».  Ошибка при парсинге значения «background».  Потерянное объявление., [2015-03-18T15:28:21+0400] [WARNING] Ошибка при парсинге значения «background».  Потерянное объявление., [2015-03-18T15:28:21+0400] [WARNING] Ошибка при парсинге значения «background».  Потерянное объявление., [2015-03-18T15:28:21+0400] [WARNING] Ошибка при парсинге значения «background».  Потерянное объявление., [2015-03-18T15:28:21+0400] [WARNING] Ошибка при парсинге значения «background».  Потерянное объявление., [2015-03-18T15:28:21+0400] [WARNING] Ошибка при парсинге значения «background».  Потерянное объявление., [2015-03-18T15:28:21+0400] [WARNING] Ошибка при парсинге значения «background».  Потерянное объявление., [2015-03-18T15:28:21+0400] [WARNING] Неизвестное свойство «speak».  Потерянное объявление., [2015-03-18T15:28:21+0400] [WARNING] Неизвестное свойство «user-select».  Потерянное объявление., [2015-03-18T15:28:21+0400] [WARNING] Неизвестное свойство «user-select».  Потерянное объявление., [2015-03-18T15:28:21+0400] [WARNING] Неизвестное свойство «user-select».  Потерянное объявление., [2015-03-18T15:28:21+0400] [WARNING] Using //@ to indicate sourceMappingURL pragmas is deprecated. Use //# instead, [2015-03-18T15:28:21+0400] [WARNING] Ожидалось имя медиа-функции, но найдено «touch-enabled»., [2015-03-18T15:28:21+0400] [WARNING] Ожидалось имя медиа-функции, но найдено «-webkit-touch-enabled»., [2015-03-18T15:28:21+0400] [WARNING] Ожидалось имя медиа-функции, но найдено «-o-touch-enabled»., [2015-03-18T15:28:21+0400] [WARNING] Ожидалось имя медиа-функции, но найдено «-ms-touch-enabled»., [2015-03-18T15:28:21+0400] [WARNING] Ожидалось имя медиа-функции, но найдено «modernizr»., [2015-03-18T15:28:21+0400] [WARNING] Неизвестное свойство «-moz-opacity».  Потерянное объявление., [2015-03-18T15:28:21+0400] [WARNING] Ошибка при парсинге значения «background-image».  Потерянное объявление., [2015-03-18T15:28:21+0400] [WARNING] Ожидалось определение цвета, но найдено «left».  Ошибка при парсинге значения «background-image».  Потерянное объявление., [2015-03-18T15:28:21+0400] [WARNING] Ошибка при парсинге значения «background-image».  Потерянное объявление., [2015-03-18T15:28:21+0400] [WARNING] Ошибка при парсинге значения «background-image».  Потерянное объявление., [2015-03-18T15:28:21+0400] [WARNING] Ошибка при парсинге значения «background-image».  Потерянное объявление., [2015-03-18T15:28:21+0400] [INFO] Blocklist::_loadBlocklistFromFile: blocklist is disabled
, [2015-03-18T15:28:21+0400] [WARNING] Метод getPreventDefault() является устаревшим. Для его замены используйте метод defaultPrevented.]>
	at org.junit.Assert.fail(Assert.java:88)
	at org.junit.Assert.failNotEquals(Assert.java:743)
	at org.junit.Assert.assertEquals(Assert.java:118)
	at org.junit.Assert.assertEquals(Assert.java:144)
	at about.JS_error.testUntitled4(JS_error.java:43)
	at sun.reflect.NativeMethodAccessorImpl.invoke0(Native Method)
	at sun.reflect.NativeMethodAccessorImpl.invoke(NativeMethodAccessorImpl.java:62)
	at sun.reflect.DelegatingMethodAccessorImpl.invoke(DelegatingMethodAccessorImpl.java:43)
	at java.lang.reflect.Method.invoke(Method.java:483)
	at org.testng.internal.MethodInvocationHelper.invokeMethod(MethodInvocationHelper.java:84)
	at org.testng.internal.Invoker.invokeMethod(Invoker.java:714)
	at org.testng.internal.Invoker.invokeTestMethod(Invoker.java:901)
	at org.testng.internal.Invoker.invokeTestMethods(Invoker.java:1231)
	at org.testng.internal.TestMethodWorker.invokeTestMethods(TestMethodWorker.java:127)
	at org.testng.internal.TestMethodWorker.run(TestMethodWorker.java:111)
	at org.testng.TestRunner.privateRun(TestRunner.java:767)
	at org.testng.TestRunner.run(TestRunner.java:617)
	at org.testng.SuiteRunner.runTest(SuiteRunner.java:348)
	at org.testng.SuiteRunner.runSequentially(SuiteRunner.java:343)
	at org.testng.SuiteRunner.privateRun(SuiteRunner.java:305)
	at org.testng.SuiteRunner.run(SuiteRunner.java:254)
	at org.testng.SuiteRunnerWorker.runSuite(SuiteRunnerWorker.java:52)
	at org.testng.SuiteRunnerWorker.run(SuiteRunnerWorker.java:86)
	at org.testng.TestNG.runSuitesSequentially(TestNG.java:1224)
	at org.testng.TestNG.runSuitesLocally(TestNG.java:1149)
	at org.testng.TestNG.run(TestNG.java:1057)
	at org.apache.maven.surefire.testng.TestNGExecutor.run(TestNGExecutor.java:217)
	at org.apache.maven.surefire.testng.TestNGXmlTestSuite.execute(TestNGXmlTestSuite.java:84)
	at org.apache.maven.surefire.testng.TestNGProvider.invoke(TestNGProvider.java:92)
	at org.apache.maven.surefire.booter.ForkedBooter.invokeProviderInSameClassLoader(ForkedBooter.java:200)
	at org.apache.maven.surefire.booter.ForkedBooter.runSuitesInProcess(ForkedBooter.java:153)
	at org.apache.maven.surefire.booter.ForkedBooter.main(ForkedBooter.java:103)
]]>
            </full-stacktrace>
          </exception> <!-- java.lang.AssertionError -->
          <reporter-output>
          </reporter-output>
        </test-method> <!-- testUntitled4 -->
        <test-method status="PASS" signature="stopDriver()[pri:0, instance:about.JS_error@50f8360d]" name="stopDriver" is-config="true" duration-ms="454" started-at="2015-03-18T15:28:21Z" finished-at="2015-03-18T15:28:22Z">
          <reporter-output>
          </reporter-output>
        </test-method> <!-- stopDriver -->
      </class> <!-- about.JS_error -->
      <class name="services.JS_error">
        <test-method status="PASS" signature="init()[pri:0, instance:services.JS_error@458ad742]" name="init" is-config="true" duration-ms="6881" started-at="2015-03-18T15:28:36Z" finished-at="2015-03-18T15:28:42Z">
          <reporter-output>
          </reporter-output>
        </test-method> <!-- init -->
        <test-method status="FAIL" signature="testUntitled4()[pri:0, instance:services.JS_error@458ad742]" name="testUntitled4" duration-ms="1234" started-at="2015-03-18T15:28:42Z" finished-at="2015-03-18T15:28:44Z">
          <exception class="java.lang.AssertionError">
            <message>
              <![CDATA[expected:<[]> but was:<[[2015-03-18T15:28:42+0400] [INFO] Could not read chrome manifest 'file:///C:/Program%20Files%20(x86)/Mozilla%20Firefox/chrome.manifest'.
, [2015-03-18T15:28:42+0400] [INFO] 1426678120797	addons.manager	DEBUG	Loaded provider scope for resource://gre/modules/addons/XPIProvider.jsm: ["XPIProvider"]
, [2015-03-18T15:28:42+0400] [INFO] 1426678120798	addons.manager	DEBUG	Loaded provider scope for resource://gre/modules/LightweightThemeManager.jsm: ["LightweightThemeManager"]
, [2015-03-18T15:28:42+0400] [INFO] 1426678120800	addons.xpi	DEBUG	startup
, [2015-03-18T15:28:42+0400] [INFO] 1426678120801	addons.xpi	INFO	Mapping fxdriver@googlecode.com to C:\Users\Lana\AppData\Local\Temp\anonymous6749652584685067980webdriver-profile\extensions\fxdriver@googlecode.com
, [2015-03-18T15:28:42+0400] [INFO] 1426678120801	addons.xpi	DEBUG	Ignoring file entry whose name is not a valid add-on ID: C:\Users\Lana\AppData\Local\Temp\anonymous6749652584685067980webdriver-profile\extensions\webdriver-staging
, [2015-03-18T15:28:42+0400] [INFO] 1426678120802	addons.xpi	INFO	Mapping {972ce4c6-7e08-4474-a285-3208198ce6fd} to C:\Program Files (x86)\Mozilla Firefox\browser\extensions\{972ce4c6-7e08-4474-a285-3208198ce6fd}
, [2015-03-18T15:28:42+0400] [INFO] 1426678120802	addons.xpi	DEBUG	Skipping unavailable install location app-system-share
, [2015-03-18T15:28:42+0400] [INFO] 1426678120802	addons.xpi	DEBUG	Skipping unavailable install location app-system-local
, [2015-03-18T15:28:42+0400] [INFO] 1426678120803	addons.xpi	DEBUG	checkForChanges
, [2015-03-18T15:28:42+0400] [INFO] 1426678120803	addons.xpi	DEBUG	Loaded add-on state from prefs: {"app-profile":{"fxdriver@googlecode.com":{"d":"C:\\Users\\Lana\\AppData\\Local\\Temp\\anonymous6749652584685067980webdriver-profile\\extensions\\fxdriver@googlecode.com","e":true,"v":"2.45.0","st":1426678117498,"mt":1426678117264}},"app-global":{"{972ce4c6-7e08-4474-a285-3208198ce6fd}":{"d":"C:\\Program Files (x86)\\Mozilla Firefox\\browser\\extensions\\{972ce4c6-7e08-4474-a285-3208198ce6fd}","e":true,"v":"36.0.1","st":1425627516144,"mt":1425627515938}}}
, [2015-03-18T15:28:42+0400] [INFO] 1426678120804	addons.xpi	DEBUG	getModTime: Recursive scan of fxdriver@googlecode.com
, [2015-03-18T15:28:42+0400] [INFO] 1426678120809	addons.xpi	DEBUG	getModTime: Recursive scan of {972ce4c6-7e08-4474-a285-3208198ce6fd}
, [2015-03-18T15:28:42+0400] [INFO] 1426678120810	addons.xpi	DEBUG	getInstallState changed: false, state: {"app-profile":{"fxdriver@googlecode.com":{"d":"C:\\Users\\Lana\\AppData\\Local\\Temp\\anonymous6749652584685067980webdriver-profile\\extensions\\fxdriver@googlecode.com","e":true,"v":"2.45.0","st":1426678117498,"mt":1426678117264}},"app-global":{"{972ce4c6-7e08-4474-a285-3208198ce6fd}":{"d":"C:\\Program Files (x86)\\Mozilla Firefox\\browser\\extensions\\{972ce4c6-7e08-4474-a285-3208198ce6fd}","e":true,"v":"36.0.1","st":1425627516144,"mt":1425627515938}}}
, [2015-03-18T15:28:42+0400] [INFO] 1426678120811	addons.xpi	DEBUG	No changes found
, [2015-03-18T15:28:42+0400] [INFO] 1426678120813	addons.manager	DEBUG	Registering shutdown blocker for XPIProvider
, [2015-03-18T15:28:42+0400] [INFO] 1426678120814	addons.manager	DEBUG	Registering shutdown blocker for LightweightThemeManager
, [2015-03-18T15:28:42+0400] [INFO] 1426678120815	addons.manager	DEBUG	Registering shutdown blocker for OpenH264Provider
, [2015-03-18T15:28:42+0400] [INFO] 1426678120815	addons.manager	DEBUG	Registering shutdown blocker for PluginProvider
, [2015-03-18T15:28:42+0400] [WARNING] Trying to re-register CID '{e26dbdcd-d3ba-4ded-88c3-6cb07ee3e9e0}' already registered by file:///C:/Users/Lana/AppData/Local/Temp/anonymous6749652584685067980webdriver-profile/extensions/fxdriver@googlecode.com/components/prompt-service.js., [2015-03-18T15:28:42+0400] [INFO] Native module at path 'C:\Users\Lana\AppData\Local\Temp\anonymous6749652584685067980webdriver-profile\extensions\fxdriver@googlecode.com\platform\WINNT_x86-msvc\components\webdriver-firefox-latest.dll' is incompatible with this version of Firefox, has version 34, expected 36.
, [2015-03-18T15:28:42+0400] [INFO] Native module at path 'C:\Users\Lana\AppData\Local\Temp\anonymous6749652584685067980webdriver-profile\extensions\fxdriver@googlecode.com\platform\WINNT_x86-msvc\components\imehandler.dll' doesn't export symbol `NSModule`.
, [2015-03-18T15:28:42+0400] [INFO] Could not read chrome manifest 'file:///C:/Program%20Files%20(x86)/Mozilla%20Firefox/browser/extensions/%7B972ce4c6-7e08-4474-a285-3208198ce6fd%7D/chrome.manifest'.
, [2015-03-18T15:28:42+0400] [INFO] Warning: unrecognized command line flag -foreground
, [2015-03-18T15:28:42+0400] [INFO] 1426678122177	addons.xpi-utils	DEBUG	Starting async load of XPI database C:\Users\Lana\AppData\Local\Temp\anonymous6749652584685067980webdriver-profile\extensions.json
, [2015-03-18T15:28:42+0400] [INFO] Blocklist::_preloadBlocklistFile: blocklist is disabled
, [2015-03-18T15:28:42+0400] [INFO] 1426678122674	addons.manager	DEBUG	Registering shutdown blocker for <unnamed-provider>
, [2015-03-18T15:28:42+0400] [INFO] 1426678122676	addons.xpi-utils	DEBUG	Async JSON file read took 0 MS
, [2015-03-18T15:28:42+0400] [INFO] 1426678122676	addons.xpi-utils	DEBUG	Finished async read of XPI database, parsing...
, [2015-03-18T15:28:42+0400] [INFO] 1426678122677	addons.xpi-utils	DEBUG	Successfully read XPI database
, [2015-03-18T15:28:42+0400] [INFO] 1426678122713	addons.repository	DEBUG	No addons.json found.
, [2015-03-18T15:28:42+0400] [INFO] 1426678122714	DeferredSave.addons.json	DEBUG	Save changes
, [2015-03-18T15:28:42+0400] [INFO] 1426678122715	DeferredSave.addons.json	DEBUG	Starting timer
, [2015-03-18T15:28:42+0400] [INFO] 1426678122773	DeferredSave.addons.json	DEBUG	Starting write
, [2015-03-18T15:28:42+0400] [INFO] 1426678122778	DeferredSave.addons.json	DEBUG	Write succeeded
, [2015-03-18T15:28:43+0400] [WARNING] Ожидалось объявление, но найдено «*».  Пропущено до следующего объявления., [2015-03-18T15:28:43+0400] [WARNING] Ожидалось объявление, но найдено «*».  Пропущено до следующего объявления., [2015-03-18T15:28:43+0400] [WARNING] Ожидалось объявление, но найдено «*».  Пропущено до следующего объявления., [2015-03-18T15:28:43+0400] [WARNING] Ожидалось объявление, но найдено «*».  Пропущено до следующего объявления., [2015-03-18T15:28:43+0400] [WARNING] Ожидалось объявление, но найдено «*».  Пропущено до следующего объявления., [2015-03-18T15:28:43+0400] [WARNING] Ожидалось объявление, но найдено «*».  Пропущено до следующего объявления., [2015-03-18T15:28:43+0400] [WARNING] Ожидалось объявление, но найдено «*».  Пропущено до следующего объявления., [2015-03-18T15:28:43+0400] [WARNING] Неизвестный псевдокласс или псевдоэлемент «-webkit-search-cancel-button».  Набор правил проигнорирован из-за плохого селектора., [2015-03-18T15:28:43+0400] [WARNING] Неизвестное свойство «-moz-border-radius».  Потерянное объявление., [2015-03-18T15:28:43+0400] [WARNING] Неизвестное свойство «-moz-box-shadow».  Потерянное объявление., [2015-03-18T15:28:43+0400] [WARNING] Ошибка при парсинге значения «background».  Потерянное объявление., [2015-03-18T15:28:43+0400] [WARNING] Ошибка при парсинге значения «background».  Потерянное объявление., [2015-03-18T15:28:43+0400] [WARNING] Ошибка при парсинге значения «background».  Потерянное объявление., [2015-03-18T15:28:43+0400] [WARNING] Ошибка при парсинге значения «background».  Потерянное объявление., [2015-03-18T15:28:43+0400] [WARNING] Ожидалось «none», «URL» или функция фильтра, но найдено «progid».  Ошибка при парсинге значения «filter».  Потерянное объявление., [2015-03-18T15:28:43+0400] [WARNING] Ожидалось «none», «URL» или функция фильтра, но найдено «progid».  Ошибка при парсинге значения «filter».  Потерянное объявление., [2015-03-18T15:28:43+0400] [WARNING] Неизвестный псевдокласс или псевдоэлемент «selection».  Набор правил проигнорирован из-за плохого селектора., [2015-03-18T15:28:43+0400] [WARNING] Ошибка при парсинге значения «font».  Потерянное объявление., [2015-03-18T15:28:43+0400] [WARNING] Неизвестный псевдокласс или псевдоэлемент «-webkit-input-placeholder».  Набор правил проигнорирован из-за плохого селектора., [2015-03-18T15:28:43+0400] [WARNING] Неизвестный псевдокласс или псевдоэлемент «-ms-input-placeholder».  Набор правил проигнорирован из-за плохого селектора., [2015-03-18T15:28:43+0400] [WARNING] Неизвестное свойство «-moz-box-shadow».  Потерянное объявление., [2015-03-18T15:28:43+0400] [WARNING] Неизвестное свойство «-moz-border-radius».  Потерянное объявление., [2015-03-18T15:28:43+0400] [WARNING] Ожидалось объявление, но найдено «*».  Пропущено до следующего объявления., [2015-03-18T15:28:43+0400] [WARNING] Ожидалось объявление, но найдено «*».  Пропущено до следующего объявления., [2015-03-18T15:28:43+0400] [WARNING] Ожидалось имя медиа-функции, но найдено «-o-min-device-pixel-ratio»., [2015-03-18T15:28:43+0400] [WARNING] Ожидалось имя медиа-функции, но найдено «-webkit-min-device-pixel-ratio»., [2015-03-18T15:28:43+0400] [WARNING] Ошибка при парсинге значения «background».  Потерянное объявление., [2015-03-18T15:28:43+0400] [WARNING] Ошибка при парсинге значения «background».  Потерянное объявление., [2015-03-18T15:28:43+0400] [WARNING] Ошибка при парсинге значения «background».  Потерянное объявление., [2015-03-18T15:28:43+0400] [WARNING] Ожидалось определение цвета, но найдено «top».  Ошибка при парсинге значения «background».  Потерянное объявление., [2015-03-18T15:28:43+0400] [WARNING] Ошибка при парсинге значения «background».  Потерянное объявление., [2015-03-18T15:28:43+0400] [WARNING] Ошибка при парсинге значения «background».  Потерянное объявление., [2015-03-18T15:28:43+0400] [WARNING] Ошибка при парсинге значения «background».  Потерянное объявление., [2015-03-18T15:28:43+0400] [WARNING] Ожидалось определение цвета, но найдено «bottom».  Ошибка при парсинге значения «background».  Потерянное объявление., [2015-03-18T15:28:43+0400] [WARNING] Ошибка при парсинге значения «background».  Потерянное объявление., [2015-03-18T15:28:43+0400] [WARNING] Ошибка при парсинге значения «background».  Потерянное объявление., [2015-03-18T15:28:43+0400] [WARNING] Ошибка при парсинге значения «background».  Потерянное объявление., [2015-03-18T15:28:43+0400] [WARNING] Ошибка при парсинге значения «background».  Потерянное объявление., [2015-03-18T15:28:43+0400] [WARNING] Ошибка при парсинге значения «background».  Потерянное объявление., [2015-03-18T15:28:43+0400] [WARNING] Ошибка при парсинге значения «background».  Потерянное объявление., [2015-03-18T15:28:43+0400] [WARNING] Неизвестное свойство «speak».  Потерянное объявление., [2015-03-18T15:28:43+0400] [WARNING] Неизвестное свойство «user-select».  Потерянное объявление., [2015-03-18T15:28:43+0400] [WARNING] Неизвестное свойство «user-select».  Потерянное объявление., [2015-03-18T15:28:43+0400] [WARNING] Неизвестное свойство «user-select».  Потерянное объявление., [2015-03-18T15:28:43+0400] [WARNING] Using //@ to indicate sourceMappingURL pragmas is deprecated. Use //# instead, [2015-03-18T15:28:43+0400] [WARNING] Ожидалось имя медиа-функции, но найдено «touch-enabled»., [2015-03-18T15:28:43+0400] [WARNING] Ожидалось имя медиа-функции, но найдено «-webkit-touch-enabled»., [2015-03-18T15:28:43+0400] [WARNING] Ожидалось имя медиа-функции, но найдено «-o-touch-enabled»., [2015-03-18T15:28:43+0400] [WARNING] Ожидалось имя медиа-функции, но найдено «-ms-touch-enabled»., [2015-03-18T15:28:43+0400] [WARNING] Ожидалось имя медиа-функции, но найдено «modernizr»., [2015-03-18T15:28:43+0400] [WARNING] Неизвестное свойство «-moz-opacity».  Потерянное объявление., [2015-03-18T15:28:43+0400] [WARNING] Ошибка при парсинге значения «background-image».  Потерянное объявление., [2015-03-18T15:28:43+0400] [WARNING] Ожидалось определение цвета, но найдено «left».  Ошибка при парсинге значения «background-image».  Потерянное объявление., [2015-03-18T15:28:43+0400] [WARNING] Ошибка при парсинге значения «background-image».  Потерянное объявление., [2015-03-18T15:28:43+0400] [WARNING] Ошибка при парсинге значения «background-image».  Потерянное объявление., [2015-03-18T15:28:43+0400] [WARNING] Ошибка при парсинге значения «background-image».  Потерянное объявление., [2015-03-18T15:28:43+0400] [INFO] Blocklist::_loadBlocklistFromFile: blocklist is disabled
, [2015-03-18T15:28:44+0400] [WARNING] Метод getPreventDefault() является устаревшим. Для его замены используйте метод defaultPrevented.]>]]>
            </message>
            <full-stacktrace>
              <![CDATA[java.lang.AssertionError: expected:<[]> but was:<[[2015-03-18T15:28:42+0400] [INFO] Could not read chrome manifest 'file:///C:/Program%20Files%20(x86)/Mozilla%20Firefox/chrome.manifest'.
, [2015-03-18T15:28:42+0400] [INFO] 1426678120797	addons.manager	DEBUG	Loaded provider scope for resource://gre/modules/addons/XPIProvider.jsm: ["XPIProvider"]
, [2015-03-18T15:28:42+0400] [INFO] 1426678120798	addons.manager	DEBUG	Loaded provider scope for resource://gre/modules/LightweightThemeManager.jsm: ["LightweightThemeManager"]
, [2015-03-18T15:28:42+0400] [INFO] 1426678120800	addons.xpi	DEBUG	startup
, [2015-03-18T15:28:42+0400] [INFO] 1426678120801	addons.xpi	INFO	Mapping fxdriver@googlecode.com to C:\Users\Lana\AppData\Local\Temp\anonymous6749652584685067980webdriver-profile\extensions\fxdriver@googlecode.com
, [2015-03-18T15:28:42+0400] [INFO] 1426678120801	addons.xpi	DEBUG	Ignoring file entry whose name is not a valid add-on ID: C:\Users\Lana\AppData\Local\Temp\anonymous6749652584685067980webdriver-profile\extensions\webdriver-staging
, [2015-03-18T15:28:42+0400] [INFO] 1426678120802	addons.xpi	INFO	Mapping {972ce4c6-7e08-4474-a285-3208198ce6fd} to C:\Program Files (x86)\Mozilla Firefox\browser\extensions\{972ce4c6-7e08-4474-a285-3208198ce6fd}
, [2015-03-18T15:28:42+0400] [INFO] 1426678120802	addons.xpi	DEBUG	Skipping unavailable install location app-system-share
, [2015-03-18T15:28:42+0400] [INFO] 1426678120802	addons.xpi	DEBUG	Skipping unavailable install location app-system-local
, [2015-03-18T15:28:42+0400] [INFO] 1426678120803	addons.xpi	DEBUG	checkForChanges
, [2015-03-18T15:28:42+0400] [INFO] 1426678120803	addons.xpi	DEBUG	Loaded add-on state from prefs: {"app-profile":{"fxdriver@googlecode.com":{"d":"C:\\Users\\Lana\\AppData\\Local\\Temp\\anonymous6749652584685067980webdriver-profile\\extensions\\fxdriver@googlecode.com","e":true,"v":"2.45.0","st":1426678117498,"mt":1426678117264}},"app-global":{"{972ce4c6-7e08-4474-a285-3208198ce6fd}":{"d":"C:\\Program Files (x86)\\Mozilla Firefox\\browser\\extensions\\{972ce4c6-7e08-4474-a285-3208198ce6fd}","e":true,"v":"36.0.1","st":1425627516144,"mt":1425627515938}}}
, [2015-03-18T15:28:42+0400] [INFO] 1426678120804	addons.xpi	DEBUG	getModTime: Recursive scan of fxdriver@googlecode.com
, [2015-03-18T15:28:42+0400] [INFO] 1426678120809	addons.xpi	DEBUG	getModTime: Recursive scan of {972ce4c6-7e08-4474-a285-3208198ce6fd}
, [2015-03-18T15:28:42+0400] [INFO] 1426678120810	addons.xpi	DEBUG	getInstallState changed: false, state: {"app-profile":{"fxdriver@googlecode.com":{"d":"C:\\Users\\Lana\\AppData\\Local\\Temp\\anonymous6749652584685067980webdriver-profile\\extensions\\fxdriver@googlecode.com","e":true,"v":"2.45.0","st":1426678117498,"mt":1426678117264}},"app-global":{"{972ce4c6-7e08-4474-a285-3208198ce6fd}":{"d":"C:\\Program Files (x86)\\Mozilla Firefox\\browser\\extensions\\{972ce4c6-7e08-4474-a285-3208198ce6fd}","e":true,"v":"36.0.1","st":1425627516144,"mt":1425627515938}}}
, [2015-03-18T15:28:42+0400] [INFO] 1426678120811	addons.xpi	DEBUG	No changes found
, [2015-03-18T15:28:42+0400] [INFO] 1426678120813	addons.manager	DEBUG	Registering shutdown blocker for XPIProvider
, [2015-03-18T15:28:42+0400] [INFO] 1426678120814	addons.manager	DEBUG	Registering shutdown blocker for LightweightThemeManager
, [2015-03-18T15:28:42+0400] [INFO] 1426678120815	addons.manager	DEBUG	Registering shutdown blocker for OpenH264Provider
, [2015-03-18T15:28:42+0400] [INFO] 1426678120815	addons.manager	DEBUG	Registering shutdown blocker for PluginProvider
, [2015-03-18T15:28:42+0400] [WARNING] Trying to re-register CID '{e26dbdcd-d3ba-4ded-88c3-6cb07ee3e9e0}' already registered by file:///C:/Users/Lana/AppData/Local/Temp/anonymous6749652584685067980webdriver-profile/extensions/fxdriver@googlecode.com/components/prompt-service.js., [2015-03-18T15:28:42+0400] [INFO] Native module at path 'C:\Users\Lana\AppData\Local\Temp\anonymous6749652584685067980webdriver-profile\extensions\fxdriver@googlecode.com\platform\WINNT_x86-msvc\components\webdriver-firefox-latest.dll' is incompatible with this version of Firefox, has version 34, expected 36.
, [2015-03-18T15:28:42+0400] [INFO] Native module at path 'C:\Users\Lana\AppData\Local\Temp\anonymous6749652584685067980webdriver-profile\extensions\fxdriver@googlecode.com\platform\WINNT_x86-msvc\components\imehandler.dll' doesn't export symbol `NSModule`.
, [2015-03-18T15:28:42+0400] [INFO] Could not read chrome manifest 'file:///C:/Program%20Files%20(x86)/Mozilla%20Firefox/browser/extensions/%7B972ce4c6-7e08-4474-a285-3208198ce6fd%7D/chrome.manifest'.
, [2015-03-18T15:28:42+0400] [INFO] Warning: unrecognized command line flag -foreground
, [2015-03-18T15:28:42+0400] [INFO] 1426678122177	addons.xpi-utils	DEBUG	Starting async load of XPI database C:\Users\Lana\AppData\Local\Temp\anonymous6749652584685067980webdriver-profile\extensions.json
, [2015-03-18T15:28:42+0400] [INFO] Blocklist::_preloadBlocklistFile: blocklist is disabled
, [2015-03-18T15:28:42+0400] [INFO] 1426678122674	addons.manager	DEBUG	Registering shutdown blocker for <unnamed-provider>
, [2015-03-18T15:28:42+0400] [INFO] 1426678122676	addons.xpi-utils	DEBUG	Async JSON file read took 0 MS
, [2015-03-18T15:28:42+0400] [INFO] 1426678122676	addons.xpi-utils	DEBUG	Finished async read of XPI database, parsing...
, [2015-03-18T15:28:42+0400] [INFO] 1426678122677	addons.xpi-utils	DEBUG	Successfully read XPI database
, [2015-03-18T15:28:42+0400] [INFO] 1426678122713	addons.repository	DEBUG	No addons.json found.
, [2015-03-18T15:28:42+0400] [INFO] 1426678122714	DeferredSave.addons.json	DEBUG	Save changes
, [2015-03-18T15:28:42+0400] [INFO] 1426678122715	DeferredSave.addons.json	DEBUG	Starting timer
, [2015-03-18T15:28:42+0400] [INFO] 1426678122773	DeferredSave.addons.json	DEBUG	Starting write
, [2015-03-18T15:28:42+0400] [INFO] 1426678122778	DeferredSave.addons.json	DEBUG	Write succeeded
, [2015-03-18T15:28:43+0400] [WARNING] Ожидалось объявление, но найдено «*».  Пропущено до следующего объявления., [2015-03-18T15:28:43+0400] [WARNING] Ожидалось объявление, но найдено «*».  Пропущено до следующего объявления., [2015-03-18T15:28:43+0400] [WARNING] Ожидалось объявление, но найдено «*».  Пропущено до следующего объявления., [2015-03-18T15:28:43+0400] [WARNING] Ожидалось объявление, но найдено «*».  Пропущено до следующего объявления., [2015-03-18T15:28:43+0400] [WARNING] Ожидалось объявление, но найдено «*».  Пропущено до следующего объявления., [2015-03-18T15:28:43+0400] [WARNING] Ожидалось объявление, но найдено «*».  Пропущено до следующего объявления., [2015-03-18T15:28:43+0400] [WARNING] Ожидалось объявление, но найдено «*».  Пропущено до следующего объявления., [2015-03-18T15:28:43+0400] [WARNING] Неизвестный псевдокласс или псевдоэлемент «-webkit-search-cancel-button».  Набор правил проигнорирован из-за плохого селектора., [2015-03-18T15:28:43+0400] [WARNING] Неизвестное свойство «-moz-border-radius».  Потерянное объявление., [2015-03-18T15:28:43+0400] [WARNING] Неизвестное свойство «-moz-box-shadow».  Потерянное объявление., [2015-03-18T15:28:43+0400] [WARNING] Ошибка при парсинге значения «background».  Потерянное объявление., [2015-03-18T15:28:43+0400] [WARNING] Ошибка при парсинге значения «background».  Потерянное объявление., [2015-03-18T15:28:43+0400] [WARNING] Ошибка при парсинге значения «background».  Потерянное объявление., [2015-03-18T15:28:43+0400] [WARNING] Ошибка при парсинге значения «background».  Потерянное объявление., [2015-03-18T15:28:43+0400] [WARNING] Ожидалось «none», «URL» или функция фильтра, но найдено «progid».  Ошибка при парсинге значения «filter».  Потерянное объявление., [2015-03-18T15:28:43+0400] [WARNING] Ожидалось «none», «URL» или функция фильтра, но найдено «progid».  Ошибка при парсинге значения «filter».  Потерянное объявление., [2015-03-18T15:28:43+0400] [WARNING] Неизвестный псевдокласс или псевдоэлемент «selection».  Набор правил проигнорирован из-за плохого селектора., [2015-03-18T15:28:43+0400] [WARNING] Ошибка при парсинге значения «font».  Потерянное объявление., [2015-03-18T15:28:43+0400] [WARNING] Неизвестный псевдокласс или псевдоэлемент «-webkit-input-placeholder».  Набор правил проигнорирован из-за плохого селектора., [2015-03-18T15:28:43+0400] [WARNING] Неизвестный псевдокласс или псевдоэлемент «-ms-input-placeholder».  Набор правил проигнорирован из-за плохого селектора., [2015-03-18T15:28:43+0400] [WARNING] Неизвестное свойство «-moz-box-shadow».  Потерянное объявление., [2015-03-18T15:28:43+0400] [WARNING] Неизвестное свойство «-moz-border-radius».  Потерянное объявление., [2015-03-18T15:28:43+0400] [WARNING] Ожидалось объявление, но найдено «*».  Пропущено до следующего объявления., [2015-03-18T15:28:43+0400] [WARNING] Ожидалось объявление, но найдено «*».  Пропущено до следующего объявления., [2015-03-18T15:28:43+0400] [WARNING] Ожидалось имя медиа-функции, но найдено «-o-min-device-pixel-ratio»., [2015-03-18T15:28:43+0400] [WARNING] Ожидалось имя медиа-функции, но найдено «-webkit-min-device-pixel-ratio»., [2015-03-18T15:28:43+0400] [WARNING] Ошибка при парсинге значения «background».  Потерянное объявление., [2015-03-18T15:28:43+0400] [WARNING] Ошибка при парсинге значения «background».  Потерянное объявление., [2015-03-18T15:28:43+0400] [WARNING] Ошибка при парсинге значения «background».  Потерянное объявление., [2015-03-18T15:28:43+0400] [WARNING] Ожидалось определение цвета, но найдено «top».  Ошибка при парсинге значения «background».  Потерянное объявление., [2015-03-18T15:28:43+0400] [WARNING] Ошибка при парсинге значения «background».  Потерянное объявление., [2015-03-18T15:28:43+0400] [WARNING] Ошибка при парсинге значения «background».  Потерянное объявление., [2015-03-18T15:28:43+0400] [WARNING] Ошибка при парсинге значения «background».  Потерянное объявление., [2015-03-18T15:28:43+0400] [WARNING] Ожидалось определение цвета, но найдено «bottom».  Ошибка при парсинге значения «background».  Потерянное объявление., [2015-03-18T15:28:43+0400] [WARNING] Ошибка при парсинге значения «background».  Потерянное объявление., [2015-03-18T15:28:43+0400] [WARNING] Ошибка при парсинге значения «background».  Потерянное объявление., [2015-03-18T15:28:43+0400] [WARNING] Ошибка при парсинге значения «background».  Потерянное объявление., [2015-03-18T15:28:43+0400] [WARNING] Ошибка при парсинге значения «background».  Потерянное объявление., [2015-03-18T15:28:43+0400] [WARNING] Ошибка при парсинге значения «background».  Потерянное объявление., [2015-03-18T15:28:43+0400] [WARNING] Ошибка при парсинге значения «background».  Потерянное объявление., [2015-03-18T15:28:43+0400] [WARNING] Неизвестное свойство «speak».  Потерянное объявление., [2015-03-18T15:28:43+0400] [WARNING] Неизвестное свойство «user-select».  Потерянное объявление., [2015-03-18T15:28:43+0400] [WARNING] Неизвестное свойство «user-select».  Потерянное объявление., [2015-03-18T15:28:43+0400] [WARNING] Неизвестное свойство «user-select».  Потерянное объявление., [2015-03-18T15:28:43+0400] [WARNING] Using //@ to indicate sourceMappingURL pragmas is deprecated. Use //# instead, [2015-03-18T15:28:43+0400] [WARNING] Ожидалось имя медиа-функции, но найдено «touch-enabled»., [2015-03-18T15:28:43+0400] [WARNING] Ожидалось имя медиа-функции, но найдено «-webkit-touch-enabled»., [2015-03-18T15:28:43+0400] [WARNING] Ожидалось имя медиа-функции, но найдено «-o-touch-enabled»., [2015-03-18T15:28:43+0400] [WARNING] Ожидалось имя медиа-функции, но найдено «-ms-touch-enabled»., [2015-03-18T15:28:43+0400] [WARNING] Ожидалось имя медиа-функции, но найдено «modernizr»., [2015-03-18T15:28:43+0400] [WARNING] Неизвестное свойство «-moz-opacity».  Потерянное объявление., [2015-03-18T15:28:43+0400] [WARNING] Ошибка при парсинге значения «background-image».  Потерянное объявление., [2015-03-18T15:28:43+0400] [WARNING] Ожидалось определение цвета, но найдено «left».  Ошибка при парсинге значения «background-image».  Потерянное объявление., [2015-03-18T15:28:43+0400] [WARNING] Ошибка при парсинге значения «background-image».  Потерянное объявление., [2015-03-18T15:28:43+0400] [WARNING] Ошибка при парсинге значения «background-image».  Потерянное объявление., [2015-03-18T15:28:43+0400] [WARNING] Ошибка при парсинге значения «background-image».  Потерянное объявление., [2015-03-18T15:28:43+0400] [INFO] Blocklist::_loadBlocklistFromFile: blocklist is disabled
, [2015-03-18T15:28:44+0400] [WARNING] Метод getPreventDefault() является устаревшим. Для его замены используйте метод defaultPrevented.]>
	at org.junit.Assert.fail(Assert.java:88)
	at org.junit.Assert.failNotEquals(Assert.java:743)
	at org.junit.Assert.assertEquals(Assert.java:118)
	at org.junit.Assert.assertEquals(Assert.java:144)
	at services.JS_error.testUntitled4(JS_error.java:42)
	at sun.reflect.NativeMethodAccessorImpl.invoke0(Native Method)
	at sun.reflect.NativeMethodAccessorImpl.invoke(NativeMethodAccessorImpl.java:62)
	at sun.reflect.DelegatingMethodAccessorImpl.invoke(DelegatingMethodAccessorImpl.java:43)
	at java.lang.reflect.Method.invoke(Method.java:483)
	at org.testng.internal.MethodInvocationHelper.invokeMethod(MethodInvocationHelper.java:84)
	at org.testng.internal.Invoker.invokeMethod(Invoker.java:714)
	at org.testng.internal.Invoker.invokeTestMethod(Invoker.java:901)
	at org.testng.internal.Invoker.invokeTestMethods(Invoker.java:1231)
	at org.testng.internal.TestMethodWorker.invokeTestMethods(TestMethodWorker.java:127)
	at org.testng.internal.TestMethodWorker.run(TestMethodWorker.java:111)
	at org.testng.TestRunner.privateRun(TestRunner.java:767)
	at org.testng.TestRunner.run(TestRunner.java:617)
	at org.testng.SuiteRunner.runTest(SuiteRunner.java:348)
	at org.testng.SuiteRunner.runSequentially(SuiteRunner.java:343)
	at org.testng.SuiteRunner.privateRun(SuiteRunner.java:305)
	at org.testng.SuiteRunner.run(SuiteRunner.java:254)
	at org.testng.SuiteRunnerWorker.runSuite(SuiteRunnerWorker.java:52)
	at org.testng.SuiteRunnerWorker.run(SuiteRunnerWorker.java:86)
	at org.testng.TestNG.runSuitesSequentially(TestNG.java:1224)
	at org.testng.TestNG.runSuitesLocally(TestNG.java:1149)
	at org.testng.TestNG.run(TestNG.java:1057)
	at org.apache.maven.surefire.testng.TestNGExecutor.run(TestNGExecutor.java:217)
	at org.apache.maven.surefire.testng.TestNGXmlTestSuite.execute(TestNGXmlTestSuite.java:84)
	at org.apache.maven.surefire.testng.TestNGProvider.invoke(TestNGProvider.java:92)
	at org.apache.maven.surefire.booter.ForkedBooter.invokeProviderInSameClassLoader(ForkedBooter.java:200)
	at org.apache.maven.surefire.booter.ForkedBooter.runSuitesInProcess(ForkedBooter.java:153)
	at org.apache.maven.surefire.booter.ForkedBooter.main(ForkedBooter.java:103)
]]>
            </full-stacktrace>
          </exception> <!-- java.lang.AssertionError -->
          <reporter-output>
          </reporter-output>
        </test-method> <!-- testUntitled4 -->
        <test-method status="PASS" signature="stopDriver()[pri:0, instance:services.JS_error@458ad742]" name="stopDriver" is-config="true" duration-ms="500" started-at="2015-03-18T15:28:44Z" finished-at="2015-03-18T15:28:44Z">
          <reporter-output>
          </reporter-output>
        </test-method> <!-- stopDriver -->
      </class> <!-- services.JS_error -->
    </test> <!-- Test1 -->
  </suite> <!-- Tests -->
</testng-results>
