<?xml version="1.0" encoding="UTF-8"?>
<testng-results skipped="0" failed="0" total="30" passed="30">
  <reporter-output>
  </reporter-output>
  <suite name="Tests" duration-ms="157893" started-at="2014-08-09T09:57:49Z" finished-at="2014-08-09T10:00:27Z">
    <groups>
    </groups>
    <test name="Test1" duration-ms="157893" started-at="2014-08-09T09:57:49Z" finished-at="2014-08-09T10:00:27Z">
      <class name="clients.Details">
        <test-method status="PASS" signature="init()[pri:0, instance:clients.Details@391ba64d]" name="init" is-config="true" duration-ms="3" started-at="2014-08-09T13:58:14Z" finished-at="2014-08-09T13:58:14Z">
          <reporter-output>
          </reporter-output>
        </test-method> <!-- init -->
        <test-method status="PASS" signature="testUntitled8()[pri:0, instance:clients.Details@391ba64d]" name="testUntitled8" duration-ms="1939" started-at="2014-08-09T13:58:14Z" finished-at="2014-08-09T13:58:15Z">
          <reporter-output>
          </reporter-output>
        </test-method> <!-- testUntitled8 -->
      </class> <!-- clients.Details -->
      <class name="services.Page">
        <test-method status="PASS" signature="init()[pri:0, instance:services.Page@7bd1a567]" name="init" is-config="true" duration-ms="4" started-at="2014-08-09T13:58:23Z" finished-at="2014-08-09T13:58:23Z">
          <reporter-output>
          </reporter-output>
        </test-method> <!-- init -->
        <test-method status="PASS" signature="testUntitled2()[pri:0, instance:services.Page@7bd1a567]" name="testUntitled2" duration-ms="876" started-at="2014-08-09T13:58:23Z" finished-at="2014-08-09T13:58:24Z">
          <reporter-output>
          </reporter-output>
        </test-method> <!-- testUntitled2 -->
      </class> <!-- services.Page -->
      <class name="blog.Captche_enable">
        <test-method status="PASS" signature="init()[pri:0, instance:blog.Captche_enable@5cc75d38]" name="init" is-config="true" duration-ms="6" started-at="2014-08-09T14:00:07Z" finished-at="2014-08-09T14:00:07Z">
          <reporter-output>
          </reporter-output>
        </test-method> <!-- init -->
        <test-method status="PASS" signature="testUntitled3()[pri:0, instance:blog.Captche_enable@5cc75d38]" name="testUntitled3" duration-ms="13535" started-at="2014-08-09T14:00:07Z" finished-at="2014-08-09T14:00:20Z">
          <reporter-output>
          </reporter-output>
        </test-method> <!-- testUntitled3 -->
      </class> <!-- blog.Captche_enable -->
      <class name="blog.JS_error_blog">
        <test-method status="PASS" signature="init()[pri:0, instance:blog.JS_error_blog@7ffc9053]" name="init" is-config="true" duration-ms="6" started-at="2014-08-09T13:57:59Z" finished-at="2014-08-09T13:57:59Z">
          <reporter-output>
          </reporter-output>
        </test-method> <!-- init -->
        <test-method status="PASS" signature="testUntitled4()[pri:0, instance:blog.JS_error_blog@7ffc9053]" name="testUntitled4" duration-ms="1842" started-at="2014-08-09T13:57:59Z" finished-at="2014-08-09T13:58:01Z">
          <reporter-output>
          </reporter-output>
        </test-method> <!-- testUntitled4 -->
      </class> <!-- blog.JS_error_blog -->
      <class name="about.Contact_us">
        <test-method status="PASS" signature="init()[pri:0, instance:about.Contact_us@6f17beff]" name="init" is-config="true" duration-ms="4" started-at="2014-08-09T13:58:13Z" finished-at="2014-08-09T13:58:13Z">
          <reporter-output>
          </reporter-output>
        </test-method> <!-- init -->
        <test-method status="PASS" signature="testUntitled6()[pri:0, instance:about.Contact_us@6f17beff]" name="testUntitled6" duration-ms="1020" started-at="2014-08-09T13:58:13Z" finished-at="2014-08-09T13:58:14Z">
          <reporter-output>
          </reporter-output>
        </test-method> <!-- testUntitled6 -->
      </class> <!-- about.Contact_us -->
      <class name="about.Tabs">
        <test-method status="PASS" signature="init()[pri:0, instance:about.Tabs@7869971]" name="init" is-config="true" duration-ms="6" started-at="2014-08-09T13:58:10Z" finished-at="2014-08-09T13:58:10Z">
          <reporter-output>
          </reporter-output>
        </test-method> <!-- init -->
        <test-method status="PASS" signature="testUntitled5()[pri:0, instance:about.Tabs@7869971]" name="testUntitled5" duration-ms="2126" started-at="2014-08-09T13:58:10Z" finished-at="2014-08-09T13:58:13Z">
          <reporter-output>
          </reporter-output>
        </test-method> <!-- testUntitled5 -->
      </class> <!-- about.Tabs -->
      <class name="blog.Blog_page">
        <test-method status="PASS" signature="init()[pri:0, instance:blog.Blog_page@24c31811]" name="init" is-config="true" duration-ms="4" started-at="2014-08-09T14:00:23Z" finished-at="2014-08-09T14:00:23Z">
          <reporter-output>
          </reporter-output>
        </test-method> <!-- init -->
        <test-method status="PASS" signature="testUntitled2()[pri:0, instance:blog.Blog_page@24c31811]" name="testUntitled2" duration-ms="2492" started-at="2014-08-09T14:00:23Z" finished-at="2014-08-09T14:00:25Z">
          <reporter-output>
          </reporter-output>
        </test-method> <!-- testUntitled2 -->
      </class> <!-- blog.Blog_page -->
      <class name="blog.Search">
        <test-method status="PASS" signature="init()[pri:0, instance:blog.Search@a06514b]" name="init" is-config="true" duration-ms="3" started-at="2014-08-09T14:00:25Z" finished-at="2014-08-09T14:00:25Z">
          <reporter-output>
          </reporter-output>
        </test-method> <!-- init -->
        <test-method status="PASS" signature="testUntitled3()[pri:0, instance:blog.Search@a06514b]" name="testUntitled3" duration-ms="1538" started-at="2014-08-09T14:00:25Z" finished-at="2014-08-09T14:00:27Z">
          <reporter-output>
          </reporter-output>
        </test-method> <!-- testUntitled3 -->
      </class> <!-- blog.Search -->
      <class name="contact.JS_error">
        <test-method status="PASS" signature="init()[pri:0, instance:contact.JS_error@1db87736]" name="init" is-config="true" duration-ms="8" started-at="2014-08-09T13:57:58Z" finished-at="2014-08-09T13:57:58Z">
          <reporter-output>
          </reporter-output>
        </test-method> <!-- init -->
        <test-method status="PASS" signature="testUntitled4()[pri:0, instance:contact.JS_error@1db87736]" name="testUntitled4" duration-ms="459" started-at="2014-08-09T13:57:58Z" finished-at="2014-08-09T13:57:59Z">
          <reporter-output>
          </reporter-output>
        </test-method> <!-- testUntitled4 -->
        <test-method status="PASS" signature="tearDown()[pri:0, instance:contact.JS_error@1db87736]" name="tearDown" is-config="true" duration-ms="1591" started-at="2014-08-09T14:00:27Z" finished-at="2014-08-09T14:00:29Z">
          <reporter-output>
          </reporter-output>
        </test-method> <!-- tearDown -->
      </class> <!-- contact.JS_error -->
      <class name="contact.Contact_email_change">
        <test-method status="PASS" signature="init()[pri:0, instance:contact.Contact_email_change@46432685]" name="init" is-config="true" duration-ms="5" started-at="2014-08-09T13:58:58Z" finished-at="2014-08-09T13:58:58Z">
          <reporter-output>
          </reporter-output>
        </test-method> <!-- init -->
        <test-method status="PASS" signature="testUntitled6()[pri:0, instance:contact.Contact_email_change@46432685]" name="testUntitled6" duration-ms="4436" started-at="2014-08-09T13:58:58Z" finished-at="2014-08-09T13:59:02Z">
          <reporter-output>
          </reporter-output>
        </test-method> <!-- testUntitled6 -->
      </class> <!-- contact.Contact_email_change -->
      <class name="blog.Comment">
        <test-method status="PASS" signature="init()[pri:0, instance:blog.Comment@685d62a4]" name="init" is-config="true" duration-ms="3" started-at="2014-08-09T13:59:39Z" finished-at="2014-08-09T13:59:39Z">
          <reporter-output>
          </reporter-output>
        </test-method> <!-- init -->
        <test-method status="PASS" signature="testUntitled4()[pri:0, instance:blog.Comment@685d62a4]" name="testUntitled4" duration-ms="28258" started-at="2014-08-09T13:59:39Z" finished-at="2014-08-09T14:00:07Z">
          <reporter-output>
          </reporter-output>
        </test-method> <!-- testUntitled4 -->
      </class> <!-- blog.Comment -->
      <class name="home.JS_error">
        <test-method status="PASS" signature="init()[pri:0, instance:home.JS_error@2b155ce8]" name="init" is-config="true" duration-ms="2256" started-at="2014-08-09T13:57:49Z" finished-at="2014-08-09T13:57:51Z">
          <reporter-output>
          </reporter-output>
        </test-method> <!-- init -->
        <test-method status="PASS" signature="testUntitled4()[pri:0, instance:home.JS_error@2b155ce8]" name="testUntitled4" duration-ms="3944" started-at="2014-08-09T13:57:51Z" finished-at="2014-08-09T13:57:55Z">
          <reporter-output>
          </reporter-output>
        </test-method> <!-- testUntitled4 -->
      </class> <!-- home.JS_error -->
      <class name="home.Banner">
        <test-method status="PASS" signature="init()[pri:0, instance:home.Banner@3385f539]" name="init" is-config="true" duration-ms="6" started-at="2014-08-09T13:58:05Z" finished-at="2014-08-09T13:58:05Z">
          <reporter-output>
          </reporter-output>
        </test-method> <!-- init -->
        <test-method status="PASS" signature="testUntitled4()[pri:0, instance:home.Banner@3385f539]" name="testUntitled4" duration-ms="5623" started-at="2014-08-09T13:58:05Z" finished-at="2014-08-09T13:58:10Z">
          <reporter-output>
          </reporter-output>
        </test-method> <!-- testUntitled4 -->
      </class> <!-- home.Banner -->
      <class name="blog.Captcha_disable">
        <test-method status="PASS" signature="init()[pri:0, instance:blog.Captcha_disable@15c3cd93]" name="init" is-config="true" duration-ms="4" started-at="2014-08-09T13:59:25Z" finished-at="2014-08-09T13:59:25Z">
          <reporter-output>
          </reporter-output>
        </test-method> <!-- init -->
        <test-method status="PASS" signature="testUntitled3()[pri:0, instance:blog.Captcha_disable@15c3cd93]" name="testUntitled3" duration-ms="13916" started-at="2014-08-09T13:59:25Z" finished-at="2014-08-09T13:59:39Z">
          <reporter-output>
          </reporter-output>
        </test-method> <!-- testUntitled3 -->
      </class> <!-- blog.Captcha_disable -->
      <class name="clients.Details_elements">
        <test-method status="PASS" signature="init()[pri:0, instance:clients.Details_elements@1fa68b9c]" name="init" is-config="true" duration-ms="3" started-at="2014-08-09T13:58:15Z" finished-at="2014-08-09T13:58:15Z">
          <reporter-output>
          </reporter-output>
        </test-method> <!-- init -->
        <test-method status="PASS" signature="testUntitled9()[pri:0, instance:clients.Details_elements@1fa68b9c]" name="testUntitled9" duration-ms="1420" started-at="2014-08-09T13:58:15Z" finished-at="2014-08-09T13:58:17Z">
          <reporter-output>
          </reporter-output>
        </test-method> <!-- testUntitled9 -->
      </class> <!-- clients.Details_elements -->
      <class name="clients.Website">
        <test-method status="PASS" signature="init()[pri:0, instance:clients.Website@5a182e84]" name="init" is-config="true" duration-ms="4" started-at="2014-08-09T13:58:20Z" finished-at="2014-08-09T13:58:20Z">
          <reporter-output>
          </reporter-output>
        </test-method> <!-- init -->
        <test-method status="PASS" signature="testUntitled7()[pri:0, instance:clients.Website@5a182e84]" name="testUntitled7" duration-ms="2486" started-at="2014-08-09T13:58:20Z" finished-at="2014-08-09T13:58:23Z">
          <reporter-output>
          </reporter-output>
        </test-method> <!-- testUntitled7 -->
      </class> <!-- clients.Website -->
      <class name="blog.Details_page">
        <test-method status="PASS" signature="init()[pri:0, instance:blog.Details_page@1bae735e]" name="init" is-config="true" duration-ms="3" started-at="2014-08-09T14:00:20Z" finished-at="2014-08-09T14:00:20Z">
          <reporter-output>
          </reporter-output>
        </test-method> <!-- init -->
        <test-method status="PASS" signature="testUntitled()[pri:0, instance:blog.Details_page@1bae735e]" name="testUntitled" duration-ms="2508" started-at="2014-08-09T14:00:20Z" finished-at="2014-08-09T14:00:23Z">
          <reporter-output>
          </reporter-output>
        </test-method> <!-- testUntitled -->
      </class> <!-- blog.Details_page -->
      <class name="blog.JS_error_post">
        <test-method status="PASS" signature="init()[pri:0, instance:blog.JS_error_post@1e677aca]" name="init" is-config="true" duration-ms="8" started-at="2014-08-09T13:58:01Z" finished-at="2014-08-09T13:58:01Z">
          <reporter-output>
          </reporter-output>
        </test-method> <!-- init -->
        <test-method status="PASS" signature="testUntitled4()[pri:0, instance:blog.JS_error_post@1e677aca]" name="testUntitled4" duration-ms="629" started-at="2014-08-09T13:58:01Z" finished-at="2014-08-09T13:58:01Z">
          <reporter-output>
          </reporter-output>
        </test-method> <!-- testUntitled4 -->
      </class> <!-- blog.JS_error_post -->
      <class name="blog.Captcha_empty">
        <test-method status="PASS" signature="init()[pri:0, instance:blog.Captcha_empty@24177697]" name="init" is-config="true" duration-ms="4" started-at="2014-08-09T13:59:02Z" finished-at="2014-08-09T13:59:02Z">
          <reporter-output>
          </reporter-output>
        </test-method> <!-- init -->
        <test-method status="PASS" signature="testUntitled()[pri:0, instance:blog.Captcha_empty@24177697]" name="testUntitled" duration-ms="9264" started-at="2014-08-09T13:59:02Z" finished-at="2014-08-09T13:59:12Z">
          <reporter-output>
          </reporter-output>
        </test-method> <!-- testUntitled -->
      </class> <!-- blog.Captcha_empty -->
      <class name="contact.Form_invalid">
        <test-method status="PASS" signature="init()[pri:0, instance:contact.Form_invalid@54397c28]" name="init" is-config="true" duration-ms="3" started-at="2014-08-09T13:58:24Z" finished-at="2014-08-09T13:58:24Z">
          <reporter-output>
          </reporter-output>
        </test-method> <!-- init -->
        <test-method status="PASS" signature="testUntitled3()[pri:0, instance:contact.Form_invalid@54397c28]" name="testUntitled3" duration-ms="1900" started-at="2014-08-09T13:58:24Z" finished-at="2014-08-09T13:58:25Z">
          <reporter-output>
          </reporter-output>
        </test-method> <!-- testUntitled3 -->
      </class> <!-- contact.Form_invalid -->
      <class name="blog.Captcha_invalid">
        <test-method status="PASS" signature="init()[pri:0, instance:blog.Captcha_invalid@f4efcb0]" name="init" is-config="true" duration-ms="4" started-at="2014-08-09T13:59:12Z" finished-at="2014-08-09T13:59:12Z">
          <reporter-output>
          </reporter-output>
        </test-method> <!-- init -->
        <test-method status="PASS" signature="testUntitled2()[pri:0, instance:blog.Captcha_invalid@f4efcb0]" name="testUntitled2" duration-ms="12960" started-at="2014-08-09T13:59:12Z" finished-at="2014-08-09T13:59:25Z">
          <reporter-output>
          </reporter-output>
        </test-method> <!-- testUntitled2 -->
      </class> <!-- blog.Captcha_invalid -->
      <class name="home.Newsletter_valid">
        <test-method status="PASS" signature="init()[pri:0, instance:home.Newsletter_valid@61ee30d2]" name="init" is-config="true" duration-ms="4" started-at="2014-08-09T13:58:03Z" finished-at="2014-08-09T13:58:03Z">
          <reporter-output>
          </reporter-output>
        </test-method> <!-- init -->
        <test-method status="PASS" signature="testUntitled3()[pri:0, instance:home.Newsletter_valid@61ee30d2]" name="testUntitled3" duration-ms="1758" started-at="2014-08-09T13:58:03Z" finished-at="2014-08-09T13:58:05Z">
          <reporter-output>
          </reporter-output>
        </test-method> <!-- testUntitled3 -->
      </class> <!-- home.Newsletter_valid -->
      <class name="services.JS_error">
        <test-method status="PASS" signature="init()[pri:0, instance:services.JS_error@6ac604]" name="init" is-config="true" duration-ms="8" started-at="2014-08-09T13:57:58Z" finished-at="2014-08-09T13:57:58Z">
          <reporter-output>
          </reporter-output>
        </test-method> <!-- init -->
        <test-method status="PASS" signature="testUntitled4()[pri:0, instance:services.JS_error@6ac604]" name="testUntitled4" duration-ms="761" started-at="2014-08-09T13:57:58Z" finished-at="2014-08-09T13:57:58Z">
          <reporter-output>
          </reporter-output>
        </test-method> <!-- testUntitled4 -->
      </class> <!-- services.JS_error -->
      <class name="contact.Form_empty">
        <test-method status="PASS" signature="init()[pri:0, instance:contact.Form_empty@24b9371e]" name="init" is-config="true" duration-ms="3" started-at="2014-08-09T13:58:25Z" finished-at="2014-08-09T13:58:25Z">
          <reporter-output>
          </reporter-output>
        </test-method> <!-- init -->
        <test-method status="PASS" signature="testUntitled4()[pri:0, instance:contact.Form_empty@24b9371e]" name="testUntitled4" duration-ms="633" started-at="2014-08-09T13:58:25Z" finished-at="2014-08-09T13:58:26Z">
          <reporter-output>
          </reporter-output>
        </test-method> <!-- testUntitled4 -->
      </class> <!-- contact.Form_empty -->
      <class name="clients.Navigation">
        <test-method status="PASS" signature="init()[pri:0, instance:clients.Navigation@4af73283]" name="init" is-config="true" duration-ms="4" started-at="2014-08-09T13:58:17Z" finished-at="2014-08-09T13:58:17Z">
          <reporter-output>
          </reporter-output>
        </test-method> <!-- init -->
        <test-method status="PASS" signature="testUntitled10()[pri:0, instance:clients.Navigation@4af73283]" name="testUntitled10" duration-ms="3224" started-at="2014-08-09T13:58:17Z" finished-at="2014-08-09T13:58:20Z">
          <reporter-output>
          </reporter-output>
        </test-method> <!-- testUntitled10 -->
      </class> <!-- clients.Navigation -->
      <class name="about.JS_error">
        <test-method status="PASS" signature="init()[pri:0, instance:about.JS_error@c24cb3]" name="init" is-config="true" duration-ms="4" started-at="2014-08-09T13:57:55Z" finished-at="2014-08-09T13:57:55Z">
          <reporter-output>
          </reporter-output>
        </test-method> <!-- init -->
        <test-method status="PASS" signature="testUntitled4()[pri:0, instance:about.JS_error@c24cb3]" name="testUntitled4" duration-ms="1029" started-at="2014-08-09T13:57:55Z" finished-at="2014-08-09T13:57:56Z">
          <reporter-output>
          </reporter-output>
        </test-method> <!-- testUntitled4 -->
      </class> <!-- about.JS_error -->
      <class name="home.Newsletter_invalid">
        <test-method status="PASS" signature="init()[pri:0, instance:home.Newsletter_invalid@69960a51]" name="init" is-config="true" duration-ms="4" started-at="2014-08-09T13:58:02Z" finished-at="2014-08-09T13:58:02Z">
          <reporter-output>
          </reporter-output>
        </test-method> <!-- init -->
        <test-method status="PASS" signature="testUntitled2()[pri:0, instance:home.Newsletter_invalid@69960a51]" name="testUntitled2" duration-ms="719" started-at="2014-08-09T13:58:02Z" finished-at="2014-08-09T13:58:03Z">
          <reporter-output>
          </reporter-output>
        </test-method> <!-- testUntitled2 -->
      </class> <!-- home.Newsletter_invalid -->
      <class name="home.Newsletter_empty">
        <test-method status="PASS" signature="init()[pri:0, instance:home.Newsletter_empty@aaf8eaa]" name="init" is-config="true" duration-ms="7" started-at="2014-08-09T13:58:01Z" finished-at="2014-08-09T13:58:01Z">
          <reporter-output>
          </reporter-output>
        </test-method> <!-- init -->
        <test-method status="PASS" signature="testUntitled()[pri:0, instance:home.Newsletter_empty@aaf8eaa]" name="testUntitled" duration-ms="817" started-at="2014-08-09T13:58:01Z" finished-at="2014-08-09T13:58:02Z">
          <reporter-output>
          </reporter-output>
        </test-method> <!-- testUntitled -->
      </class> <!-- home.Newsletter_empty -->
      <class name="clients.JS_error">
        <test-method status="PASS" signature="init()[pri:0, instance:clients.JS_error@629609cc]" name="init" is-config="true" duration-ms="6" started-at="2014-08-09T13:57:56Z" finished-at="2014-08-09T13:57:56Z">
          <reporter-output>
          </reporter-output>
        </test-method> <!-- init -->
        <test-method status="PASS" signature="testUntitled4()[pri:0, instance:clients.JS_error@629609cc]" name="testUntitled4" duration-ms="1438" started-at="2014-08-09T13:57:56Z" finished-at="2014-08-09T13:57:58Z">
          <reporter-output>
          </reporter-output>
        </test-method> <!-- testUntitled4 -->
      </class> <!-- clients.JS_error -->
      <class name="contact.Form_valid">
        <test-method status="PASS" signature="init()[pri:0, instance:contact.Form_valid@bbf4061]" name="init" is-config="true" duration-ms="4" started-at="2014-08-09T13:58:26Z" finished-at="2014-08-09T13:58:26Z">
          <reporter-output>
          </reporter-output>
        </test-method> <!-- init -->
        <test-method status="PASS" signature="testUntitled6()[pri:0, instance:contact.Form_valid@bbf4061]" name="testUntitled6" duration-ms="31918" started-at="2014-08-09T13:58:26Z" finished-at="2014-08-09T13:58:58Z">
          <reporter-output>
          </reporter-output>
        </test-method> <!-- testUntitled6 -->
      </class> <!-- contact.Form_valid -->
    </test> <!-- Test1 -->
  </suite> <!-- Tests -->
</testng-results>
