<?xml version="1.0" encoding="UTF-8"?>
<testng-results skipped="0" failed="0" total="1" passed="1">
  <reporter-output>
  </reporter-output>
  <suite name="Tests" duration-ms="7751" started-at="2015-03-17T09:44:09Z" finished-at="2015-03-17T09:44:16Z">
    <groups>
    </groups>
    <test name="Test1" duration-ms="7751" started-at="2015-03-17T09:44:09Z" finished-at="2015-03-17T09:44:16Z">
      <class name="blog.JS_error_blog">
        <test-method status="PASS" signature="init()[pri:0, instance:blog.JS_error_blog@13969fbe]" name="init" is-config="true" duration-ms="2329" started-at="2015-03-17T13:44:09Z" finished-at="2015-03-17T13:44:11Z">
          <reporter-output>
          </reporter-output>
        </test-method> <!-- init -->
        <test-method status="PASS" signature="testUntitled4()[pri:0, instance:blog.JS_error_blog@13969fbe]" name="testUntitled4" duration-ms="5412" started-at="2015-03-17T13:44:11Z" finished-at="2015-03-17T13:44:16Z">
          <reporter-output>
          </reporter-output>
        </test-method> <!-- testUntitled4 -->
        <test-method status="PASS" signature="tearDown()[pri:0, instance:blog.JS_error_blog@13969fbe]" name="tearDown" is-config="true" duration-ms="1459" started-at="2015-03-17T13:44:16Z" finished-at="2015-03-17T13:44:18Z">
          <reporter-output>
          </reporter-output>
        </test-method> <!-- tearDown -->
      </class> <!-- blog.JS_error_blog -->
    </test> <!-- Test1 -->
  </suite> <!-- Tests -->
</testng-results>
