<?xml version="1.0" encoding="UTF-8"?>
<testng-results skipped="29" failed="0" total="30" passed="1">
  <reporter-output>
  </reporter-output>
  <suite name="Tests" duration-ms="13050" started-at="2015-03-17T07:26:39Z" finished-at="2015-03-17T07:26:52Z">
    <groups>
    </groups>
    <test name="Test1" duration-ms="13050" started-at="2015-03-17T07:26:39Z" finished-at="2015-03-17T07:26:52Z">
      <class name="blog.Comment">
        <test-method status="SKIP" signature="init()[pri:0, instance:blog.Comment@2cb4c3ab]" name="init" is-config="true" duration-ms="0" started-at="2015-03-17T11:26:52Z" finished-at="2015-03-17T11:26:52Z">
          <reporter-output>
          </reporter-output>
        </test-method> <!-- init -->
        <test-method status="SKIP" signature="testUntitled4()[pri:0, instance:blog.Comment@2cb4c3ab]" name="testUntitled4" duration-ms="0" started-at="2015-03-17T11:26:52Z" finished-at="2015-03-17T11:26:52Z">
          <reporter-output>
          </reporter-output>
        </test-method> <!-- testUntitled4 -->
        <test-method status="SKIP" signature="init2()[pri:0, instance:blog.Comment@2cb4c3ab]" name="init2" is-config="true" duration-ms="0" started-at="2015-03-17T11:26:52Z" finished-at="2015-03-17T11:26:52Z">
          <reporter-output>
          </reporter-output>
        </test-method> <!-- init2 -->
      </class> <!-- blog.Comment -->
      <class name="blog.Captcha_empty">
        <test-method status="SKIP" signature="testUntitled()[pri:0, instance:blog.Captcha_empty@61a485d2]" name="testUntitled" duration-ms="1" started-at="2015-03-17T11:26:52Z" finished-at="2015-03-17T11:26:52Z">
          <reporter-output>
          </reporter-output>
        </test-method> <!-- testUntitled -->
        <test-method status="SKIP" signature="init()[pri:0, instance:blog.Captcha_empty@61a485d2]" name="init" is-config="true" duration-ms="0" started-at="2015-03-17T11:26:52Z" finished-at="2015-03-17T11:26:52Z">
          <reporter-output>
          </reporter-output>
        </test-method> <!-- init -->
        <test-method status="SKIP" signature="init2()[pri:0, instance:blog.Captcha_empty@61a485d2]" name="init2" is-config="true" duration-ms="0" started-at="2015-03-17T11:26:52Z" finished-at="2015-03-17T11:26:52Z">
          <reporter-output>
          </reporter-output>
        </test-method> <!-- init2 -->
      </class> <!-- blog.Captcha_empty -->
      <class name="home.JS_error">
        <test-method status="PASS" signature="init()[pri:0, instance:home.JS_error@2d3fcdbd]" name="init" is-config="true" duration-ms="3615" started-at="2015-03-17T11:26:39Z" finished-at="2015-03-17T11:26:43Z">
          <reporter-output>
          </reporter-output>
        </test-method> <!-- init -->
        <test-method status="PASS" signature="testUntitled4()[pri:0, instance:home.JS_error@2d3fcdbd]" name="testUntitled4" duration-ms="7273" started-at="2015-03-17T11:26:43Z" finished-at="2015-03-17T11:26:50Z">
          <reporter-output>
          </reporter-output>
        </test-method> <!-- testUntitled4 -->
        <test-method status="PASS" signature="init2()[pri:0, instance:home.JS_error@2d3fcdbd]" name="init2" is-config="true" duration-ms="2011" started-at="2015-03-17T11:26:50Z" finished-at="2015-03-17T11:26:52Z">
          <reporter-output>
          </reporter-output>
        </test-method> <!-- init2 -->
        <test-method status="PASS" signature="tearDown()[pri:0, instance:home.JS_error@2d3fcdbd]" name="tearDown" is-config="true" duration-ms="0" started-at="2015-03-17T11:26:52Z" finished-at="2015-03-17T11:26:52Z">
          <reporter-output>
          </reporter-output>
        </test-method> <!-- tearDown -->
      </class> <!-- home.JS_error -->
      <class name="home.Newsletter_invalid">
        <test-method status="SKIP" signature="testUntitled2()[pri:0, instance:home.Newsletter_invalid@61dc03ce]" name="testUntitled2" duration-ms="0" started-at="2015-03-17T11:26:52Z" finished-at="2015-03-17T11:26:52Z">
          <reporter-output>
          </reporter-output>
        </test-method> <!-- testUntitled2 -->
        <test-method status="SKIP" signature="init()[pri:0, instance:home.Newsletter_invalid@61dc03ce]" name="init" is-config="true" duration-ms="0" started-at="2015-03-17T11:26:52Z" finished-at="2015-03-17T11:26:52Z">
          <reporter-output>
          </reporter-output>
        </test-method> <!-- init -->
        <test-method status="SKIP" signature="init2()[pri:0, instance:home.Newsletter_invalid@61dc03ce]" name="init2" is-config="true" duration-ms="0" started-at="2015-03-17T11:26:52Z" finished-at="2015-03-17T11:26:52Z">
          <reporter-output>
          </reporter-output>
        </test-method> <!-- init2 -->
      </class> <!-- home.Newsletter_invalid -->
      <class name="home.Newsletter_valid">
        <test-method status="SKIP" signature="init()[pri:0, instance:home.Newsletter_valid@7f560810]" name="init" is-config="true" duration-ms="0" started-at="2015-03-17T11:26:52Z" finished-at="2015-03-17T11:26:52Z">
          <reporter-output>
          </reporter-output>
        </test-method> <!-- init -->
        <test-method status="SKIP" signature="init2()[pri:0, instance:home.Newsletter_valid@7f560810]" name="init2" is-config="true" duration-ms="0" started-at="2015-03-17T11:26:52Z" finished-at="2015-03-17T11:26:52Z">
          <reporter-output>
          </reporter-output>
        </test-method> <!-- init2 -->
        <test-method status="SKIP" signature="testUntitled3()[pri:0, instance:home.Newsletter_valid@7f560810]" name="testUntitled3" duration-ms="0" started-at="2015-03-17T11:26:52Z" finished-at="2015-03-17T11:26:52Z">
          <reporter-output>
          </reporter-output>
        </test-method> <!-- testUntitled3 -->
      </class> <!-- home.Newsletter_valid -->
      <class name="blog.Captcha_invalid">
        <test-method status="SKIP" signature="testUntitled2()[pri:0, instance:blog.Captcha_invalid@12843fce]" name="testUntitled2" duration-ms="0" started-at="2015-03-17T11:26:52Z" finished-at="2015-03-17T11:26:52Z">
          <reporter-output>
          </reporter-output>
        </test-method> <!-- testUntitled2 -->
        <test-method status="SKIP" signature="init2()[pri:0, instance:blog.Captcha_invalid@12843fce]" name="init2" is-config="true" duration-ms="0" started-at="2015-03-17T11:26:52Z" finished-at="2015-03-17T11:26:52Z">
          <reporter-output>
          </reporter-output>
        </test-method> <!-- init2 -->
        <test-method status="SKIP" signature="init()[pri:0, instance:blog.Captcha_invalid@12843fce]" name="init" is-config="true" duration-ms="0" started-at="2015-03-17T11:26:52Z" finished-at="2015-03-17T11:26:52Z">
          <reporter-output>
          </reporter-output>
        </test-method> <!-- init -->
      </class> <!-- blog.Captcha_invalid -->
      <class name="contact.JS_error">
        <test-method status="SKIP" signature="init()[pri:0, instance:contact.JS_error@7ca48474]" name="init" is-config="true" duration-ms="0" started-at="2015-03-17T11:26:52Z" finished-at="2015-03-17T11:26:52Z">
          <reporter-output>
          </reporter-output>
        </test-method> <!-- init -->
        <test-method status="SKIP" signature="init2()[pri:0, instance:contact.JS_error@7ca48474]" name="init2" is-config="true" duration-ms="0" started-at="2015-03-17T11:26:52Z" finished-at="2015-03-17T11:26:52Z">
          <reporter-output>
          </reporter-output>
        </test-method> <!-- init2 -->
        <test-method status="SKIP" signature="testUntitled4()[pri:0, instance:contact.JS_error@7ca48474]" name="testUntitled4" duration-ms="0" started-at="2015-03-17T11:26:52Z" finished-at="2015-03-17T11:26:52Z">
          <reporter-output>
          </reporter-output>
        </test-method> <!-- testUntitled4 -->
      </class> <!-- contact.JS_error -->
      <class name="home.Newsletter_empty">
        <test-method status="SKIP" signature="init()[pri:0, instance:home.Newsletter_empty@5cc7c2a6]" name="init" is-config="true" duration-ms="0" started-at="2015-03-17T11:26:52Z" finished-at="2015-03-17T11:26:52Z">
          <reporter-output>
          </reporter-output>
        </test-method> <!-- init -->
        <test-method status="SKIP" signature="testUntitled()[pri:0, instance:home.Newsletter_empty@5cc7c2a6]" name="testUntitled" duration-ms="0" started-at="2015-03-17T11:26:52Z" finished-at="2015-03-17T11:26:52Z">
          <reporter-output>
          </reporter-output>
        </test-method> <!-- testUntitled -->
        <test-method status="SKIP" signature="init2()[pri:0, instance:home.Newsletter_empty@5cc7c2a6]" name="init2" is-config="true" duration-ms="0" started-at="2015-03-17T11:26:52Z" finished-at="2015-03-17T11:26:52Z">
          <reporter-output>
          </reporter-output>
        </test-method> <!-- init2 -->
      </class> <!-- home.Newsletter_empty -->
      <class name="contact.Form_invalid">
        <test-method status="SKIP" signature="testUntitled3()[pri:0, instance:contact.Form_invalid@737996a0]" name="testUntitled3" duration-ms="0" started-at="2015-03-17T11:26:52Z" finished-at="2015-03-17T11:26:52Z">
          <reporter-output>
          </reporter-output>
        </test-method> <!-- testUntitled3 -->
        <test-method status="SKIP" signature="init2()[pri:0, instance:contact.Form_invalid@737996a0]" name="init2" is-config="true" duration-ms="0" started-at="2015-03-17T11:26:52Z" finished-at="2015-03-17T11:26:52Z">
          <reporter-output>
          </reporter-output>
        </test-method> <!-- init2 -->
        <test-method status="SKIP" signature="init()[pri:0, instance:contact.Form_invalid@737996a0]" name="init" is-config="true" duration-ms="0" started-at="2015-03-17T11:26:52Z" finished-at="2015-03-17T11:26:52Z">
          <reporter-output>
          </reporter-output>
        </test-method> <!-- init -->
      </class> <!-- contact.Form_invalid -->
      <class name="blog.JS_error_blog">
        <test-method status="SKIP" signature="testUntitled4()[pri:0, instance:blog.JS_error_blog@50f8360d]" name="testUntitled4" duration-ms="2" started-at="2015-03-17T11:26:52Z" finished-at="2015-03-17T11:26:52Z">
          <reporter-output>
          </reporter-output>
        </test-method> <!-- testUntitled4 -->
        <test-method status="SKIP" signature="init()[pri:0, instance:blog.JS_error_blog@50f8360d]" name="init" is-config="true" duration-ms="0" started-at="2015-03-17T11:26:52Z" finished-at="2015-03-17T11:26:52Z">
          <reporter-output>
          </reporter-output>
        </test-method> <!-- init -->
        <test-method status="SKIP" signature="init2()[pri:0, instance:blog.JS_error_blog@50f8360d]" name="init2" is-config="true" duration-ms="0" started-at="2015-03-17T11:26:52Z" finished-at="2015-03-17T11:26:52Z">
          <reporter-output>
          </reporter-output>
        </test-method> <!-- init2 -->
      </class> <!-- blog.JS_error_blog -->
      <class name="blog.Details_page">
        <test-method status="SKIP" signature="init2()[pri:0, instance:blog.Details_page@39fb3ab6]" name="init2" is-config="true" duration-ms="0" started-at="2015-03-17T11:26:52Z" finished-at="2015-03-17T11:26:52Z">
          <reporter-output>
          </reporter-output>
        </test-method> <!-- init2 -->
        <test-method status="SKIP" signature="testUntitled()[pri:0, instance:blog.Details_page@39fb3ab6]" name="testUntitled" duration-ms="0" started-at="2015-03-17T11:26:52Z" finished-at="2015-03-17T11:26:52Z">
          <reporter-output>
          </reporter-output>
        </test-method> <!-- testUntitled -->
        <test-method status="SKIP" signature="init()[pri:0, instance:blog.Details_page@39fb3ab6]" name="init" is-config="true" duration-ms="0" started-at="2015-03-17T11:26:52Z" finished-at="2015-03-17T11:26:52Z">
          <reporter-output>
          </reporter-output>
        </test-method> <!-- init -->
      </class> <!-- blog.Details_page -->
      <class name="about.Tabs">
        <test-method status="SKIP" signature="init()[pri:0, instance:about.Tabs@26f67b76]" name="init" is-config="true" duration-ms="0" started-at="2015-03-17T11:26:52Z" finished-at="2015-03-17T11:26:52Z">
          <reporter-output>
          </reporter-output>
        </test-method> <!-- init -->
        <test-method status="SKIP" signature="init2()[pri:0, instance:about.Tabs@26f67b76]" name="init2" is-config="true" duration-ms="0" started-at="2015-03-17T11:26:52Z" finished-at="2015-03-17T11:26:52Z">
          <reporter-output>
          </reporter-output>
        </test-method> <!-- init2 -->
        <test-method status="SKIP" signature="testUntitled5()[pri:0, instance:about.Tabs@26f67b76]" name="testUntitled5" duration-ms="0" started-at="2015-03-17T11:26:52Z" finished-at="2015-03-17T11:26:52Z">
          <reporter-output>
          </reporter-output>
        </test-method> <!-- testUntitled5 -->
      </class> <!-- about.Tabs -->
      <class name="blog.Search">
        <test-method status="SKIP" signature="init()[pri:0, instance:blog.Search@153f5a29]" name="init" is-config="true" duration-ms="0" started-at="2015-03-17T11:26:52Z" finished-at="2015-03-17T11:26:52Z">
          <reporter-output>
          </reporter-output>
        </test-method> <!-- init -->
        <test-method status="SKIP" signature="testUntitled3()[pri:0, instance:blog.Search@153f5a29]" name="testUntitled3" duration-ms="0" started-at="2015-03-17T11:26:52Z" finished-at="2015-03-17T11:26:52Z">
          <reporter-output>
          </reporter-output>
        </test-method> <!-- testUntitled3 -->
        <test-method status="SKIP" signature="init2()[pri:0, instance:blog.Search@153f5a29]" name="init2" is-config="true" duration-ms="0" started-at="2015-03-17T11:26:52Z" finished-at="2015-03-17T11:26:52Z">
          <reporter-output>
          </reporter-output>
        </test-method> <!-- init2 -->
      </class> <!-- blog.Search -->
      <class name="blog.JS_error_post">
        <test-method status="SKIP" signature="init()[pri:0, instance:blog.JS_error_post@337d0578]" name="init" is-config="true" duration-ms="0" started-at="2015-03-17T11:26:52Z" finished-at="2015-03-17T11:26:52Z">
          <reporter-output>
          </reporter-output>
        </test-method> <!-- init -->
        <test-method status="SKIP" signature="testUntitled4()[pri:0, instance:blog.JS_error_post@337d0578]" name="testUntitled4" duration-ms="0" started-at="2015-03-17T11:26:52Z" finished-at="2015-03-17T11:26:52Z">
          <reporter-output>
          </reporter-output>
        </test-method> <!-- testUntitled4 -->
        <test-method status="SKIP" signature="init2()[pri:0, instance:blog.JS_error_post@337d0578]" name="init2" is-config="true" duration-ms="0" started-at="2015-03-17T11:26:52Z" finished-at="2015-03-17T11:26:52Z">
          <reporter-output>
          </reporter-output>
        </test-method> <!-- init2 -->
      </class> <!-- blog.JS_error_post -->
      <class name="contact.Form_valid">
        <test-method status="SKIP" signature="init2()[pri:0, instance:contact.Form_valid@b97c004]" name="init2" is-config="true" duration-ms="0" started-at="2015-03-17T11:26:52Z" finished-at="2015-03-17T11:26:52Z">
          <reporter-output>
          </reporter-output>
        </test-method> <!-- init2 -->
        <test-method status="SKIP" signature="init()[pri:0, instance:contact.Form_valid@b97c004]" name="init" is-config="true" duration-ms="0" started-at="2015-03-17T11:26:52Z" finished-at="2015-03-17T11:26:52Z">
          <reporter-output>
          </reporter-output>
        </test-method> <!-- init -->
        <test-method status="SKIP" signature="testUntitled6()[pri:0, instance:contact.Form_valid@b97c004]" name="testUntitled6" duration-ms="0" started-at="2015-03-17T11:26:52Z" finished-at="2015-03-17T11:26:52Z">
          <reporter-output>
          </reporter-output>
        </test-method> <!-- testUntitled6 -->
      </class> <!-- contact.Form_valid -->
      <class name="contact.Form_empty">
        <test-method status="SKIP" signature="init()[pri:0, instance:contact.Form_empty@5056dfcb]" name="init" is-config="true" duration-ms="0" started-at="2015-03-17T11:26:52Z" finished-at="2015-03-17T11:26:52Z">
          <reporter-output>
          </reporter-output>
        </test-method> <!-- init -->
        <test-method status="SKIP" signature="testUntitled4()[pri:0, instance:contact.Form_empty@5056dfcb]" name="testUntitled4" duration-ms="1" started-at="2015-03-17T11:26:52Z" finished-at="2015-03-17T11:26:52Z">
          <reporter-output>
          </reporter-output>
        </test-method> <!-- testUntitled4 -->
        <test-method status="SKIP" signature="init2()[pri:0, instance:contact.Form_empty@5056dfcb]" name="init2" is-config="true" duration-ms="0" started-at="2015-03-17T11:26:52Z" finished-at="2015-03-17T11:26:52Z">
          <reporter-output>
          </reporter-output>
        </test-method> <!-- init2 -->
      </class> <!-- contact.Form_empty -->
      <class name="clients.Website">
        <test-method status="SKIP" signature="init()[pri:0, instance:clients.Website@6574b225]" name="init" is-config="true" duration-ms="0" started-at="2015-03-17T11:26:52Z" finished-at="2015-03-17T11:26:52Z">
          <reporter-output>
          </reporter-output>
        </test-method> <!-- init -->
        <test-method status="SKIP" signature="init2()[pri:0, instance:clients.Website@6574b225]" name="init2" is-config="true" duration-ms="0" started-at="2015-03-17T11:26:52Z" finished-at="2015-03-17T11:26:52Z">
          <reporter-output>
          </reporter-output>
        </test-method> <!-- init2 -->
        <test-method status="SKIP" signature="testUntitled7()[pri:0, instance:clients.Website@6574b225]" name="testUntitled7" duration-ms="0" started-at="2015-03-17T11:26:52Z" finished-at="2015-03-17T11:26:52Z">
          <reporter-output>
          </reporter-output>
        </test-method> <!-- testUntitled7 -->
      </class> <!-- clients.Website -->
      <class name="clients.Details_elements">
        <test-method status="SKIP" signature="testUntitled9()[pri:0, instance:clients.Details_elements@13c78c0b]" name="testUntitled9" duration-ms="1" started-at="2015-03-17T11:26:52Z" finished-at="2015-03-17T11:26:52Z">
          <reporter-output>
          </reporter-output>
        </test-method> <!-- testUntitled9 -->
        <test-method status="SKIP" signature="init()[pri:0, instance:clients.Details_elements@13c78c0b]" name="init" is-config="true" duration-ms="0" started-at="2015-03-17T11:26:52Z" finished-at="2015-03-17T11:26:52Z">
          <reporter-output>
          </reporter-output>
        </test-method> <!-- init -->
        <test-method status="SKIP" signature="init2()[pri:0, instance:clients.Details_elements@13c78c0b]" name="init2" is-config="true" duration-ms="0" started-at="2015-03-17T11:26:52Z" finished-at="2015-03-17T11:26:52Z">
          <reporter-output>
          </reporter-output>
        </test-method> <!-- init2 -->
      </class> <!-- clients.Details_elements -->
      <class name="clients.Details">
        <test-method status="SKIP" signature="init2()[pri:0, instance:clients.Details@32e6e9c3]" name="init2" is-config="true" duration-ms="0" started-at="2015-03-17T11:26:52Z" finished-at="2015-03-17T11:26:52Z">
          <reporter-output>
          </reporter-output>
        </test-method> <!-- init2 -->
        <test-method status="SKIP" signature="init()[pri:0, instance:clients.Details@32e6e9c3]" name="init" is-config="true" duration-ms="0" started-at="2015-03-17T11:26:52Z" finished-at="2015-03-17T11:26:52Z">
          <reporter-output>
          </reporter-output>
        </test-method> <!-- init -->
        <test-method status="SKIP" signature="testUntitled8()[pri:0, instance:clients.Details@32e6e9c3]" name="testUntitled8" duration-ms="0" started-at="2015-03-17T11:26:52Z" finished-at="2015-03-17T11:26:52Z">
          <reporter-output>
          </reporter-output>
        </test-method> <!-- testUntitled8 -->
      </class> <!-- clients.Details -->
      <class name="about.Contact_us">
        <test-method status="SKIP" signature="testUntitled6()[pri:0, instance:about.Contact_us@69d9c55]" name="testUntitled6" duration-ms="0" started-at="2015-03-17T11:26:52Z" finished-at="2015-03-17T11:26:52Z">
          <reporter-output>
          </reporter-output>
        </test-method> <!-- testUntitled6 -->
        <test-method status="SKIP" signature="init()[pri:0, instance:about.Contact_us@69d9c55]" name="init" is-config="true" duration-ms="0" started-at="2015-03-17T11:26:52Z" finished-at="2015-03-17T11:26:52Z">
          <reporter-output>
          </reporter-output>
        </test-method> <!-- init -->
        <test-method status="SKIP" signature="init2()[pri:0, instance:about.Contact_us@69d9c55]" name="init2" is-config="true" duration-ms="0" started-at="2015-03-17T11:26:52Z" finished-at="2015-03-17T11:26:52Z">
          <reporter-output>
          </reporter-output>
        </test-method> <!-- init2 -->
      </class> <!-- about.Contact_us -->
      <class name="blog.Captche_enable">
        <test-method status="SKIP" signature="init()[pri:0, instance:blog.Captche_enable@13a57a3b]" name="init" is-config="true" duration-ms="0" started-at="2015-03-17T11:26:52Z" finished-at="2015-03-17T11:26:52Z">
          <reporter-output>
          </reporter-output>
        </test-method> <!-- init -->
        <test-method status="SKIP" signature="testUntitled3()[pri:0, instance:blog.Captche_enable@13a57a3b]" name="testUntitled3" duration-ms="1" started-at="2015-03-17T11:26:52Z" finished-at="2015-03-17T11:26:52Z">
          <reporter-output>
          </reporter-output>
        </test-method> <!-- testUntitled3 -->
        <test-method status="SKIP" signature="init2()[pri:0, instance:blog.Captche_enable@13a57a3b]" name="init2" is-config="true" duration-ms="0" started-at="2015-03-17T11:26:52Z" finished-at="2015-03-17T11:26:52Z">
          <reporter-output>
          </reporter-output>
        </test-method> <!-- init2 -->
      </class> <!-- blog.Captche_enable -->
      <class name="blog.Blog_page">
        <test-method status="SKIP" signature="init()[pri:0, instance:blog.Blog_page@3c09711b]" name="init" is-config="true" duration-ms="0" started-at="2015-03-17T11:26:52Z" finished-at="2015-03-17T11:26:52Z">
          <reporter-output>
          </reporter-output>
        </test-method> <!-- init -->
        <test-method status="SKIP" signature="testUntitled2()[pri:0, instance:blog.Blog_page@3c09711b]" name="testUntitled2" duration-ms="0" started-at="2015-03-17T11:26:52Z" finished-at="2015-03-17T11:26:52Z">
          <reporter-output>
          </reporter-output>
        </test-method> <!-- testUntitled2 -->
        <test-method status="SKIP" signature="init2()[pri:0, instance:blog.Blog_page@3c09711b]" name="init2" is-config="true" duration-ms="0" started-at="2015-03-17T11:26:52Z" finished-at="2015-03-17T11:26:52Z">
          <reporter-output>
          </reporter-output>
        </test-method> <!-- init2 -->
      </class> <!-- blog.Blog_page -->
      <class name="services.Page">
        <test-method status="SKIP" signature="init()[pri:0, instance:services.Page@59e84876]" name="init" is-config="true" duration-ms="0" started-at="2015-03-17T11:26:52Z" finished-at="2015-03-17T11:26:52Z">
          <reporter-output>
          </reporter-output>
        </test-method> <!-- init -->
        <test-method status="SKIP" signature="init2()[pri:0, instance:services.Page@59e84876]" name="init2" is-config="true" duration-ms="0" started-at="2015-03-17T11:26:52Z" finished-at="2015-03-17T11:26:52Z">
          <reporter-output>
          </reporter-output>
        </test-method> <!-- init2 -->
        <test-method status="SKIP" signature="testUntitled2()[pri:0, instance:services.Page@59e84876]" name="testUntitled2" duration-ms="0" started-at="2015-03-17T11:26:52Z" finished-at="2015-03-17T11:26:52Z">
          <reporter-output>
          </reporter-output>
        </test-method> <!-- testUntitled2 -->
      </class> <!-- services.Page -->
      <class name="home.Banner">
        <test-method status="SKIP" signature="init()[pri:0, instance:home.Banner@97e1986]" name="init" is-config="true" duration-ms="0" started-at="2015-03-17T11:26:52Z" finished-at="2015-03-17T11:26:52Z">
          <reporter-output>
          </reporter-output>
        </test-method> <!-- init -->
        <test-method status="SKIP" signature="testUntitled4()[pri:0, instance:home.Banner@97e1986]" name="testUntitled4" duration-ms="0" started-at="2015-03-17T11:26:52Z" finished-at="2015-03-17T11:26:52Z">
          <reporter-output>
          </reporter-output>
        </test-method> <!-- testUntitled4 -->
        <test-method status="SKIP" signature="init2()[pri:0, instance:home.Banner@97e1986]" name="init2" is-config="true" duration-ms="0" started-at="2015-03-17T11:26:52Z" finished-at="2015-03-17T11:26:52Z">
          <reporter-output>
          </reporter-output>
        </test-method> <!-- init2 -->
      </class> <!-- home.Banner -->
      <class name="clients.JS_error">
        <test-method status="SKIP" signature="init()[pri:0, instance:clients.JS_error@7946e1f4]" name="init" is-config="true" duration-ms="0" started-at="2015-03-17T11:26:52Z" finished-at="2015-03-17T11:26:52Z">
          <reporter-output>
          </reporter-output>
        </test-method> <!-- init -->
        <test-method status="SKIP" signature="init2()[pri:0, instance:clients.JS_error@7946e1f4]" name="init2" is-config="true" duration-ms="0" started-at="2015-03-17T11:26:52Z" finished-at="2015-03-17T11:26:52Z">
          <reporter-output>
          </reporter-output>
        </test-method> <!-- init2 -->
        <test-method status="SKIP" signature="testUntitled4()[pri:0, instance:clients.JS_error@7946e1f4]" name="testUntitled4" duration-ms="0" started-at="2015-03-17T11:26:52Z" finished-at="2015-03-17T11:26:52Z">
          <reporter-output>
          </reporter-output>
        </test-method> <!-- testUntitled4 -->
      </class> <!-- clients.JS_error -->
      <class name="blog.Captcha_disable">
        <test-method status="SKIP" signature="init()[pri:0, instance:blog.Captcha_disable@6276ae34]" name="init" is-config="true" duration-ms="0" started-at="2015-03-17T11:26:52Z" finished-at="2015-03-17T11:26:52Z">
          <reporter-output>
          </reporter-output>
        </test-method> <!-- init -->
        <test-method status="SKIP" signature="testUntitled3()[pri:0, instance:blog.Captcha_disable@6276ae34]" name="testUntitled3" duration-ms="0" started-at="2015-03-17T11:26:52Z" finished-at="2015-03-17T11:26:52Z">
          <reporter-output>
          </reporter-output>
        </test-method> <!-- testUntitled3 -->
        <test-method status="SKIP" signature="init2()[pri:0, instance:blog.Captcha_disable@6276ae34]" name="init2" is-config="true" duration-ms="0" started-at="2015-03-17T11:26:52Z" finished-at="2015-03-17T11:26:52Z">
          <reporter-output>
          </reporter-output>
        </test-method> <!-- init2 -->
      </class> <!-- blog.Captcha_disable -->
      <class name="clients.Navigation">
        <test-method status="SKIP" signature="testUntitled10()[pri:0, instance:clients.Navigation@234bef66]" name="testUntitled10" duration-ms="0" started-at="2015-03-17T11:26:52Z" finished-at="2015-03-17T11:26:52Z">
          <reporter-output>
          </reporter-output>
        </test-method> <!-- testUntitled10 -->
        <test-method status="SKIP" signature="init()[pri:0, instance:clients.Navigation@234bef66]" name="init" is-config="true" duration-ms="0" started-at="2015-03-17T11:26:52Z" finished-at="2015-03-17T11:26:52Z">
          <reporter-output>
          </reporter-output>
        </test-method> <!-- init -->
        <test-method status="SKIP" signature="init2()[pri:0, instance:clients.Navigation@234bef66]" name="init2" is-config="true" duration-ms="0" started-at="2015-03-17T11:26:52Z" finished-at="2015-03-17T11:26:52Z">
          <reporter-output>
          </reporter-output>
        </test-method> <!-- init2 -->
      </class> <!-- clients.Navigation -->
      <class name="about.JS_error">
        <test-method status="FAIL" signature="init()[pri:0, instance:about.JS_error@2c9f9fb0]" name="init" is-config="true" duration-ms="0" started-at="2015-03-17T11:26:52Z" finished-at="2015-03-17T11:26:52Z">
          <exception class="org.openqa.selenium.remote.SessionNotFoundException">
            <message>
              <![CDATA[Session ID is null. Using WebDriver after calling quit()?
Build info: version: '2.44.0', revision: '76d78cf', time: '2014-10-23 20:03:00'
System info: host: 'PC-SBARANOVA', ip: '192.168.56.1', os.name: 'Windows 8', os.arch: 'amd64', os.version: '6.2', java.version: '1.8.0_25'
Driver info: driver.version: RemoteWebDriver]]>
            </message>
            <full-stacktrace>
              <![CDATA[org.openqa.selenium.remote.SessionNotFoundException: Session ID is null. Using WebDriver after calling quit()?
Build info: version: '2.44.0', revision: '76d78cf', time: '2014-10-23 20:03:00'
System info: host: 'PC-SBARANOVA', ip: '192.168.56.1', os.name: 'Windows 8', os.arch: 'amd64', os.version: '6.2', java.version: '1.8.0_25'
Driver info: driver.version: RemoteWebDriver
	at org.openqa.selenium.remote.HttpCommandExecutor.execute(HttpCommandExecutor.java:158)
	at org.openqa.selenium.remote.service.DriverCommandExecutor.execute(DriverCommandExecutor.java:66)
	at org.openqa.selenium.remote.RemoteWebDriver.execute(RemoteWebDriver.java:572)
	at org.openqa.selenium.remote.RemoteWebDriver$RemoteWebDriverOptions$RemoteTimeouts.implicitlyWait(RemoteWebDriver.java:770)
	at turnkeye2.pages.TestBase.init(TestBase.java:98)
	at sun.reflect.NativeMethodAccessorImpl.invoke0(Native Method)
	at sun.reflect.NativeMethodAccessorImpl.invoke(NativeMethodAccessorImpl.java:62)
	at sun.reflect.DelegatingMethodAccessorImpl.invoke(DelegatingMethodAccessorImpl.java:43)
	at java.lang.reflect.Method.invoke(Method.java:483)
	at org.testng.internal.MethodInvocationHelper.invokeMethod(MethodInvocationHelper.java:84)
	at org.testng.internal.Invoker.invokeConfigurationMethod(Invoker.java:564)
	at org.testng.internal.Invoker.invokeConfigurations(Invoker.java:213)
	at org.testng.internal.Invoker.invokeConfigurations(Invoker.java:138)
	at org.testng.internal.TestMethodWorker.invokeBeforeClassMethods(TestMethodWorker.java:175)
	at org.testng.internal.TestMethodWorker.run(TestMethodWorker.java:107)
	at org.testng.TestRunner.privateRun(TestRunner.java:767)
	at org.testng.TestRunner.run(TestRunner.java:617)
	at org.testng.SuiteRunner.runTest(SuiteRunner.java:348)
	at org.testng.SuiteRunner.runSequentially(SuiteRunner.java:343)
	at org.testng.SuiteRunner.privateRun(SuiteRunner.java:305)
	at org.testng.SuiteRunner.run(SuiteRunner.java:254)
	at org.testng.SuiteRunnerWorker.runSuite(SuiteRunnerWorker.java:52)
	at org.testng.SuiteRunnerWorker.run(SuiteRunnerWorker.java:86)
	at org.testng.TestNG.runSuitesSequentially(TestNG.java:1224)
	at org.testng.TestNG.runSuitesLocally(TestNG.java:1149)
	at org.testng.TestNG.run(TestNG.java:1057)
	at org.apache.maven.surefire.testng.TestNGExecutor.run(TestNGExecutor.java:217)
	at org.apache.maven.surefire.testng.TestNGXmlTestSuite.execute(TestNGXmlTestSuite.java:84)
	at org.apache.maven.surefire.testng.TestNGProvider.invoke(TestNGProvider.java:92)
	at org.apache.maven.surefire.booter.ForkedBooter.invokeProviderInSameClassLoader(ForkedBooter.java:200)
	at org.apache.maven.surefire.booter.ForkedBooter.runSuitesInProcess(ForkedBooter.java:153)
	at org.apache.maven.surefire.booter.ForkedBooter.main(ForkedBooter.java:103)
]]>
            </full-stacktrace>
          </exception> <!-- org.openqa.selenium.remote.SessionNotFoundException -->
          <reporter-output>
          </reporter-output>
        </test-method> <!-- init -->
        <test-method status="SKIP" signature="init2()[pri:0, instance:about.JS_error@2c9f9fb0]" name="init2" is-config="true" duration-ms="0" started-at="2015-03-17T11:26:52Z" finished-at="2015-03-17T11:26:52Z">
          <reporter-output>
          </reporter-output>
        </test-method> <!-- init2 -->
        <test-method status="SKIP" signature="testUntitled4()[pri:0, instance:about.JS_error@2c9f9fb0]" name="testUntitled4" duration-ms="0" started-at="2015-03-17T11:26:52Z" finished-at="2015-03-17T11:26:52Z">
          <reporter-output>
          </reporter-output>
        </test-method> <!-- testUntitled4 -->
      </class> <!-- about.JS_error -->
      <class name="contact.Contact_email_change">
        <test-method status="SKIP" signature="init()[pri:0, instance:contact.Contact_email_change@3dd3bcd]" name="init" is-config="true" duration-ms="0" started-at="2015-03-17T11:26:52Z" finished-at="2015-03-17T11:26:52Z">
          <reporter-output>
          </reporter-output>
        </test-method> <!-- init -->
        <test-method status="SKIP" signature="init2()[pri:0, instance:contact.Contact_email_change@3dd3bcd]" name="init2" is-config="true" duration-ms="0" started-at="2015-03-17T11:26:52Z" finished-at="2015-03-17T11:26:52Z">
          <reporter-output>
          </reporter-output>
        </test-method> <!-- init2 -->
        <test-method status="SKIP" signature="testUntitled6()[pri:0, instance:contact.Contact_email_change@3dd3bcd]" name="testUntitled6" duration-ms="0" started-at="2015-03-17T11:26:52Z" finished-at="2015-03-17T11:26:52Z">
          <reporter-output>
          </reporter-output>
        </test-method> <!-- testUntitled6 -->
      </class> <!-- contact.Contact_email_change -->
      <class name="services.JS_error">
        <test-method status="SKIP" signature="init()[pri:0, instance:services.JS_error@4590c9c3]" name="init" is-config="true" duration-ms="0" started-at="2015-03-17T11:26:52Z" finished-at="2015-03-17T11:26:52Z">
          <reporter-output>
          </reporter-output>
        </test-method> <!-- init -->
        <test-method status="SKIP" signature="testUntitled4()[pri:0, instance:services.JS_error@4590c9c3]" name="testUntitled4" duration-ms="0" started-at="2015-03-17T11:26:52Z" finished-at="2015-03-17T11:26:52Z">
          <reporter-output>
          </reporter-output>
        </test-method> <!-- testUntitled4 -->
        <test-method status="SKIP" signature="init2()[pri:0, instance:services.JS_error@4590c9c3]" name="init2" is-config="true" duration-ms="0" started-at="2015-03-17T11:26:52Z" finished-at="2015-03-17T11:26:52Z">
          <reporter-output>
          </reporter-output>
        </test-method> <!-- init2 -->
      </class> <!-- services.JS_error -->
    </test> <!-- Test1 -->
  </suite> <!-- Tests -->
</testng-results>
