<?xml version="1.0" encoding="UTF-8"?>
<testng-results skipped="0" failed="0" total="30" passed="30">
  <reporter-output>
  </reporter-output>
  <suite name="Tests" duration-ms="233060" started-at="2014-08-14T06:22:37Z" finished-at="2014-08-14T06:26:30Z">
    <groups>
    </groups>
    <test name="Test1" duration-ms="233060" started-at="2014-08-14T06:22:37Z" finished-at="2014-08-14T06:26:30Z">
      <class name="clients.Details">
        <test-method status="PASS" signature="init()[pri:0, instance:clients.Details@629609cc]" name="init" is-config="true" duration-ms="4" started-at="2014-08-14T10:23:44Z" finished-at="2014-08-14T10:23:44Z">
          <reporter-output>
          </reporter-output>
        </test-method> <!-- init -->
        <test-method status="PASS" signature="testUntitled8()[pri:0, instance:clients.Details@629609cc]" name="testUntitled8" duration-ms="2828" started-at="2014-08-14T10:23:44Z" finished-at="2014-08-14T10:23:47Z">
          <reporter-output>
          </reporter-output>
        </test-method> <!-- testUntitled8 -->
      </class> <!-- clients.Details -->
      <class name="services.Page">
        <test-method status="PASS" signature="init()[pri:0, instance:services.Page@c24cb3]" name="init" is-config="true" duration-ms="4" started-at="2014-08-14T10:23:58Z" finished-at="2014-08-14T10:23:58Z">
          <reporter-output>
          </reporter-output>
        </test-method> <!-- init -->
        <test-method status="PASS" signature="testUntitled2()[pri:0, instance:services.Page@c24cb3]" name="testUntitled2" duration-ms="1914" started-at="2014-08-14T10:23:58Z" finished-at="2014-08-14T10:24:00Z">
          <reporter-output>
          </reporter-output>
        </test-method> <!-- testUntitled2 -->
      </class> <!-- services.Page -->
      <class name="blog.Captche_enable">
        <test-method status="PASS" signature="init()[pri:0, instance:blog.Captche_enable@f4efcb0]" name="init" is-config="true" duration-ms="5" started-at="2014-08-14T10:26:02Z" finished-at="2014-08-14T10:26:02Z">
          <reporter-output>
          </reporter-output>
        </test-method> <!-- init -->
        <test-method status="PASS" signature="testUntitled3()[pri:0, instance:blog.Captche_enable@f4efcb0]" name="testUntitled3" duration-ms="22080" started-at="2014-08-14T10:26:02Z" finished-at="2014-08-14T10:26:24Z">
          <reporter-output>
          </reporter-output>
        </test-method> <!-- testUntitled3 -->
      </class> <!-- blog.Captche_enable -->
      <class name="about.Contact_us">
        <test-method status="PASS" signature="init()[pri:0, instance:about.Contact_us@6f17beff]" name="init" is-config="true" duration-ms="3" started-at="2014-08-14T10:23:43Z" finished-at="2014-08-14T10:23:43Z">
          <reporter-output>
          </reporter-output>
        </test-method> <!-- init -->
        <test-method status="PASS" signature="testUntitled6()[pri:0, instance:about.Contact_us@6f17beff]" name="testUntitled6" duration-ms="1128" started-at="2014-08-14T10:23:43Z" finished-at="2014-08-14T10:23:44Z">
          <reporter-output>
          </reporter-output>
        </test-method> <!-- testUntitled6 -->
      </class> <!-- about.Contact_us -->
      <class name="blog.JS_error_blog">
        <test-method status="PASS" signature="init()[pri:0, instance:blog.JS_error_blog@aaf8eaa]" name="init" is-config="true" duration-ms="9" started-at="2014-08-14T10:23:20Z" finished-at="2014-08-14T10:23:20Z">
          <reporter-output>
          </reporter-output>
        </test-method> <!-- init -->
        <test-method status="PASS" signature="testUntitled4()[pri:0, instance:blog.JS_error_blog@aaf8eaa]" name="testUntitled4" duration-ms="9438" started-at="2014-08-14T10:23:20Z" finished-at="2014-08-14T10:23:30Z">
          <reporter-output>
          </reporter-output>
        </test-method> <!-- testUntitled4 -->
      </class> <!-- blog.JS_error_blog -->
      <class name="about.Tabs">
        <test-method status="PASS" signature="init()[pri:0, instance:about.Tabs@391ba64d]" name="init" is-config="true" duration-ms="7" started-at="2014-08-14T10:23:40Z" finished-at="2014-08-14T10:23:40Z">
          <reporter-output>
          </reporter-output>
        </test-method> <!-- init -->
        <test-method status="PASS" signature="testUntitled5()[pri:0, instance:about.Tabs@391ba64d]" name="testUntitled5" duration-ms="2715" started-at="2014-08-14T10:23:40Z" finished-at="2014-08-14T10:23:43Z">
          <reporter-output>
          </reporter-output>
        </test-method> <!-- testUntitled5 -->
      </class> <!-- about.Tabs -->
      <class name="blog.Blog_page">
        <test-method status="PASS" signature="init()[pri:0, instance:blog.Blog_page@797f81fe]" name="init" is-config="true" duration-ms="5" started-at="2014-08-14T10:26:27Z" finished-at="2014-08-14T10:26:27Z">
          <reporter-output>
          </reporter-output>
        </test-method> <!-- init -->
        <test-method status="PASS" signature="testUntitled2()[pri:0, instance:blog.Blog_page@797f81fe]" name="testUntitled2" duration-ms="1680" started-at="2014-08-14T10:26:27Z" finished-at="2014-08-14T10:26:28Z">
          <reporter-output>
          </reporter-output>
        </test-method> <!-- testUntitled2 -->
      </class> <!-- blog.Blog_page -->
      <class name="blog.Search">
        <test-method status="PASS" signature="init()[pri:0, instance:blog.Search@61ee30d2]" name="init" is-config="true" duration-ms="3" started-at="2014-08-14T10:26:28Z" finished-at="2014-08-14T10:26:28Z">
          <reporter-output>
          </reporter-output>
        </test-method> <!-- init -->
        <test-method status="PASS" signature="testUntitled3()[pri:0, instance:blog.Search@61ee30d2]" name="testUntitled3" duration-ms="2185" started-at="2014-08-14T10:26:28Z" finished-at="2014-08-14T10:26:30Z">
          <reporter-output>
          </reporter-output>
        </test-method> <!-- testUntitled3 -->
      </class> <!-- blog.Search -->
      <class name="contact.JS_error">
        <test-method status="PASS" signature="init()[pri:0, instance:contact.JS_error@1e677aca]" name="init" is-config="true" duration-ms="12" started-at="2014-08-14T10:23:19Z" finished-at="2014-08-14T10:23:19Z">
          <reporter-output>
          </reporter-output>
        </test-method> <!-- init -->
        <test-method status="PASS" signature="testUntitled4()[pri:0, instance:contact.JS_error@1e677aca]" name="testUntitled4" duration-ms="1541" started-at="2014-08-14T10:23:19Z" finished-at="2014-08-14T10:23:20Z">
          <reporter-output>
          </reporter-output>
        </test-method> <!-- testUntitled4 -->
      </class> <!-- contact.JS_error -->
      <class name="contact.Contact_email_change">
        <test-method status="PASS" signature="init()[pri:0, instance:contact.Contact_email_change@46116f2]" name="init" is-config="true" duration-ms="7" started-at="2014-08-14T10:24:38Z" finished-at="2014-08-14T10:24:38Z">
          <reporter-output>
          </reporter-output>
        </test-method> <!-- init -->
        <test-method status="PASS" signature="testUntitled6()[pri:0, instance:contact.Contact_email_change@46116f2]" name="testUntitled6" duration-ms="4629" started-at="2014-08-14T10:24:38Z" finished-at="2014-08-14T10:24:43Z">
          <reporter-output>
          </reporter-output>
        </test-method> <!-- testUntitled6 -->
      </class> <!-- contact.Contact_email_change -->
      <class name="blog.Comment">
        <test-method status="PASS" signature="init()[pri:0, instance:blog.Comment@5a182e84]" name="init" is-config="true" duration-ms="4" started-at="2014-08-14T10:25:19Z" finished-at="2014-08-14T10:25:19Z">
          <reporter-output>
          </reporter-output>
        </test-method> <!-- init -->
        <test-method status="PASS" signature="testUntitled4()[pri:0, instance:blog.Comment@5a182e84]" name="testUntitled4" duration-ms="42306" started-at="2014-08-14T10:25:19Z" finished-at="2014-08-14T10:26:02Z">
          <reporter-output>
          </reporter-output>
        </test-method> <!-- testUntitled4 -->
      </class> <!-- blog.Comment -->
      <class name="home.JS_error">
        <test-method status="PASS" signature="init()[pri:0, instance:home.JS_error@a06514b]" name="init" is-config="true" duration-ms="4959" started-at="2014-08-14T10:22:37Z" finished-at="2014-08-14T10:22:42Z">
          <reporter-output>
          </reporter-output>
        </test-method> <!-- init -->
        <test-method status="PASS" signature="testUntitled4()[pri:0, instance:home.JS_error@a06514b]" name="testUntitled4" duration-ms="16538" started-at="2014-08-14T10:22:42Z" finished-at="2014-08-14T10:22:59Z">
          <reporter-output>
          </reporter-output>
        </test-method> <!-- testUntitled4 -->
      </class> <!-- home.JS_error -->
      <class name="home.Banner">
        <test-method status="PASS" signature="init()[pri:0, instance:home.Banner@1bae735e]" name="init" is-config="true" duration-ms="5" started-at="2014-08-14T10:23:35Z" finished-at="2014-08-14T10:23:35Z">
          <reporter-output>
          </reporter-output>
        </test-method> <!-- init -->
        <test-method status="PASS" signature="testUntitled4()[pri:0, instance:home.Banner@1bae735e]" name="testUntitled4" duration-ms="5779" started-at="2014-08-14T10:23:35Z" finished-at="2014-08-14T10:23:40Z">
          <reporter-output>
          </reporter-output>
        </test-method> <!-- testUntitled4 -->
      </class> <!-- home.Banner -->
      <class name="blog.Captcha_disable">
        <test-method status="PASS" signature="init()[pri:0, instance:blog.Captcha_disable@7bd1a567]" name="init" is-config="true" duration-ms="4" started-at="2014-08-14T10:25:05Z" finished-at="2014-08-14T10:25:05Z">
          <reporter-output>
          </reporter-output>
        </test-method> <!-- init -->
        <test-method status="PASS" signature="testUntitled3()[pri:0, instance:blog.Captcha_disable@7bd1a567]" name="testUntitled3" duration-ms="14467" started-at="2014-08-14T10:25:05Z" finished-at="2014-08-14T10:25:19Z">
          <reporter-output>
          </reporter-output>
        </test-method> <!-- testUntitled3 -->
      </class> <!-- blog.Captcha_disable -->
      <class name="clients.Details_elements">
        <test-method status="PASS" signature="init()[pri:0, instance:clients.Details_elements@69960a51]" name="init" is-config="true" duration-ms="5" started-at="2014-08-14T10:23:47Z" finished-at="2014-08-14T10:23:47Z">
          <reporter-output>
          </reporter-output>
        </test-method> <!-- init -->
        <test-method status="PASS" signature="testUntitled9()[pri:0, instance:clients.Details_elements@69960a51]" name="testUntitled9" duration-ms="1552" started-at="2014-08-14T10:23:47Z" finished-at="2014-08-14T10:23:49Z">
          <reporter-output>
          </reporter-output>
        </test-method> <!-- testUntitled9 -->
      </class> <!-- clients.Details_elements -->
      <class name="clients.Website">
        <test-method status="PASS" signature="init()[pri:0, instance:clients.Website@1c057a1e]" name="init" is-config="true" duration-ms="4" started-at="2014-08-14T10:23:55Z" finished-at="2014-08-14T10:23:55Z">
          <reporter-output>
          </reporter-output>
        </test-method> <!-- init -->
        <test-method status="PASS" signature="testUntitled7()[pri:0, instance:clients.Website@1c057a1e]" name="testUntitled7" duration-ms="2692" started-at="2014-08-14T10:23:55Z" finished-at="2014-08-14T10:23:58Z">
          <reporter-output>
          </reporter-output>
        </test-method> <!-- testUntitled7 -->
      </class> <!-- clients.Website -->
      <class name="blog.Details_page">
        <test-method status="PASS" signature="init()[pri:0, instance:blog.Details_page@17965791]" name="init" is-config="true" duration-ms="4" started-at="2014-08-14T10:26:24Z" finished-at="2014-08-14T10:26:24Z">
          <reporter-output>
          </reporter-output>
        </test-method> <!-- init -->
        <test-method status="PASS" signature="testUntitled()[pri:0, instance:blog.Details_page@17965791]" name="testUntitled" duration-ms="2810" started-at="2014-08-14T10:26:24Z" finished-at="2014-08-14T10:26:27Z">
          <reporter-output>
          </reporter-output>
        </test-method> <!-- testUntitled -->
      </class> <!-- blog.Details_page -->
      <class name="blog.JS_error_post">
        <test-method status="PASS" signature="init()[pri:0, instance:blog.JS_error_post@6ac604]" name="init" is-config="true" duration-ms="8" started-at="2014-08-14T10:23:30Z" finished-at="2014-08-14T10:23:30Z">
          <reporter-output>
          </reporter-output>
        </test-method> <!-- init -->
        <test-method status="PASS" signature="testUntitled4()[pri:0, instance:blog.JS_error_post@6ac604]" name="testUntitled4" duration-ms="1455" started-at="2014-08-14T10:23:30Z" finished-at="2014-08-14T10:23:31Z">
          <reporter-output>
          </reporter-output>
        </test-method> <!-- testUntitled4 -->
      </class> <!-- blog.JS_error_post -->
      <class name="blog.Captcha_empty">
        <test-method status="PASS" signature="init()[pri:0, instance:blog.Captcha_empty@4af73283]" name="init" is-config="true" duration-ms="4" started-at="2014-08-14T10:24:43Z" finished-at="2014-08-14T10:24:43Z">
          <reporter-output>
          </reporter-output>
        </test-method> <!-- init -->
        <test-method status="PASS" signature="testUntitled()[pri:0, instance:blog.Captcha_empty@4af73283]" name="testUntitled" duration-ms="8880" started-at="2014-08-14T10:24:43Z" finished-at="2014-08-14T10:24:51Z">
          <reporter-output>
          </reporter-output>
        </test-method> <!-- testUntitled -->
      </class> <!-- blog.Captcha_empty -->
      <class name="contact.Form_invalid">
        <test-method status="PASS" signature="init()[pri:0, instance:contact.Form_invalid@bbf4061]" name="init" is-config="true" duration-ms="4" started-at="2014-08-14T10:24:00Z" finished-at="2014-08-14T10:24:00Z">
          <reporter-output>
          </reporter-output>
        </test-method> <!-- init -->
        <test-method status="PASS" signature="testUntitled3()[pri:0, instance:contact.Form_invalid@bbf4061]" name="testUntitled3" duration-ms="1321" started-at="2014-08-14T10:24:00Z" finished-at="2014-08-14T10:24:01Z">
          <reporter-output>
          </reporter-output>
        </test-method> <!-- testUntitled3 -->
      </class> <!-- contact.Form_invalid -->
      <class name="blog.Captcha_invalid">
        <test-method status="PASS" signature="init()[pri:0, instance:blog.Captcha_invalid@46432685]" name="init" is-config="true" duration-ms="3" started-at="2014-08-14T10:24:51Z" finished-at="2014-08-14T10:24:51Z">
          <reporter-output>
          </reporter-output>
        </test-method> <!-- init -->
        <test-method status="PASS" signature="testUntitled2()[pri:0, instance:blog.Captcha_invalid@46432685]" name="testUntitled2" duration-ms="13448" started-at="2014-08-14T10:24:51Z" finished-at="2014-08-14T10:25:05Z">
          <reporter-output>
          </reporter-output>
        </test-method> <!-- testUntitled2 -->
      </class> <!-- blog.Captcha_invalid -->
      <class name="home.Newsletter_valid">
        <test-method status="PASS" signature="init()[pri:0, instance:home.Newsletter_valid@685d62a4]" name="init" is-config="true" duration-ms="5" started-at="2014-08-14T10:23:33Z" finished-at="2014-08-14T10:23:33Z">
          <reporter-output>
          </reporter-output>
        </test-method> <!-- init -->
        <test-method status="PASS" signature="testUntitled3()[pri:0, instance:home.Newsletter_valid@685d62a4]" name="testUntitled3" duration-ms="1801" started-at="2014-08-14T10:23:33Z" finished-at="2014-08-14T10:23:35Z">
          <reporter-output>
          </reporter-output>
        </test-method> <!-- testUntitled3 -->
      </class> <!-- home.Newsletter_valid -->
      <class name="services.JS_error">
        <test-method status="PASS" signature="init()[pri:0, instance:services.JS_error@7ffc9053]" name="init" is-config="true" duration-ms="4" started-at="2014-08-14T10:23:11Z" finished-at="2014-08-14T10:23:11Z">
          <reporter-output>
          </reporter-output>
        </test-method> <!-- init -->
        <test-method status="PASS" signature="testUntitled4()[pri:0, instance:services.JS_error@7ffc9053]" name="testUntitled4" duration-ms="7336" started-at="2014-08-14T10:23:11Z" finished-at="2014-08-14T10:23:19Z">
          <reporter-output>
          </reporter-output>
        </test-method> <!-- testUntitled4 -->
      </class> <!-- services.JS_error -->
      <class name="contact.Form_empty">
        <test-method status="PASS" signature="init()[pri:0, instance:contact.Form_empty@2b9455f1]" name="init" is-config="true" duration-ms="3" started-at="2014-08-14T10:24:01Z" finished-at="2014-08-14T10:24:01Z">
          <reporter-output>
          </reporter-output>
        </test-method> <!-- init -->
        <test-method status="PASS" signature="testUntitled4()[pri:0, instance:contact.Form_empty@2b9455f1]" name="testUntitled4" duration-ms="750" started-at="2014-08-14T10:24:01Z" finished-at="2014-08-14T10:24:02Z">
          <reporter-output>
          </reporter-output>
        </test-method> <!-- testUntitled4 -->
      </class> <!-- contact.Form_empty -->
      <class name="clients.Navigation">
        <test-method status="PASS" signature="init()[pri:0, instance:clients.Navigation@54397c28]" name="init" is-config="true" duration-ms="4" started-at="2014-08-14T10:23:49Z" finished-at="2014-08-14T10:23:49Z">
          <reporter-output>
          </reporter-output>
        </test-method> <!-- init -->
        <test-method status="PASS" signature="testUntitled10()[pri:0, instance:clients.Navigation@54397c28]" name="testUntitled10" duration-ms="6514" started-at="2014-08-14T10:23:49Z" finished-at="2014-08-14T10:23:55Z">
          <reporter-output>
          </reporter-output>
        </test-method> <!-- testUntitled10 -->
      </class> <!-- clients.Navigation -->
      <class name="about.JS_error">
        <test-method status="PASS" signature="init()[pri:0, instance:about.JS_error@24b9371e]" name="init" is-config="true" duration-ms="4" started-at="2014-08-14T10:22:59Z" finished-at="2014-08-14T10:22:59Z">
          <reporter-output>
          </reporter-output>
        </test-method> <!-- init -->
        <test-method status="PASS" signature="testUntitled4()[pri:0, instance:about.JS_error@24b9371e]" name="testUntitled4" duration-ms="2737" started-at="2014-08-14T10:22:59Z" finished-at="2014-08-14T10:23:02Z">
          <reporter-output>
          </reporter-output>
        </test-method> <!-- testUntitled4 -->
      </class> <!-- about.JS_error -->
      <class name="home.Newsletter_invalid">
        <test-method status="PASS" signature="init()[pri:0, instance:home.Newsletter_invalid@1fa68b9c]" name="init" is-config="true" duration-ms="4" started-at="2014-08-14T10:23:32Z" finished-at="2014-08-14T10:23:32Z">
          <reporter-output>
          </reporter-output>
        </test-method> <!-- init -->
        <test-method status="PASS" signature="testUntitled2()[pri:0, instance:home.Newsletter_invalid@1fa68b9c]" name="testUntitled2" duration-ms="635" started-at="2014-08-14T10:23:32Z" finished-at="2014-08-14T10:23:33Z">
          <reporter-output>
          </reporter-output>
        </test-method> <!-- testUntitled2 -->
      </class> <!-- home.Newsletter_invalid -->
      <class name="home.Newsletter_empty">
        <test-method status="PASS" signature="init()[pri:0, instance:home.Newsletter_empty@5cc75d38]" name="init" is-config="true" duration-ms="6" started-at="2014-08-14T10:23:31Z" finished-at="2014-08-14T10:23:31Z">
          <reporter-output>
          </reporter-output>
        </test-method> <!-- init -->
        <test-method status="PASS" signature="testUntitled()[pri:0, instance:home.Newsletter_empty@5cc75d38]" name="testUntitled" duration-ms="949" started-at="2014-08-14T10:23:31Z" finished-at="2014-08-14T10:23:32Z">
          <reporter-output>
          </reporter-output>
        </test-method> <!-- testUntitled -->
      </class> <!-- home.Newsletter_empty -->
      <class name="clients.JS_error">
        <test-method status="PASS" signature="init()[pri:0, instance:clients.JS_error@399a8978]" name="init" is-config="true" duration-ms="9" started-at="2014-08-14T10:23:02Z" finished-at="2014-08-14T10:23:02Z">
          <reporter-output>
          </reporter-output>
        </test-method> <!-- init -->
        <test-method status="PASS" signature="testUntitled4()[pri:0, instance:clients.JS_error@399a8978]" name="testUntitled4" duration-ms="9715" started-at="2014-08-14T10:23:02Z" finished-at="2014-08-14T10:23:11Z">
          <reporter-output>
          </reporter-output>
        </test-method> <!-- testUntitled4 -->
        <test-method status="PASS" signature="tearDown()[pri:0, instance:clients.JS_error@399a8978]" name="tearDown" is-config="true" duration-ms="1614" started-at="2014-08-14T10:26:31Z" finished-at="2014-08-14T10:26:32Z">
          <reporter-output>
          </reporter-output>
        </test-method> <!-- tearDown -->
      </class> <!-- clients.JS_error -->
      <class name="contact.Form_valid">
        <test-method status="PASS" signature="init()[pri:0, instance:contact.Form_valid@24c31811]" name="init" is-config="true" duration-ms="4" started-at="2014-08-14T10:24:02Z" finished-at="2014-08-14T10:24:02Z">
          <reporter-output>
          </reporter-output>
        </test-method> <!-- init -->
        <test-method status="PASS" signature="testUntitled6()[pri:0, instance:contact.Form_valid@24c31811]" name="testUntitled6" duration-ms="36096" started-at="2014-08-14T10:24:02Z" finished-at="2014-08-14T10:24:38Z">
          <reporter-output>
          </reporter-output>
        </test-method> <!-- testUntitled6 -->
      </class> <!-- contact.Form_valid -->
    </test> <!-- Test1 -->
  </suite> <!-- Tests -->
</testng-results>
