<?xml version="1.0" encoding="UTF-8"?>
<testng-results skipped="2" failed="0" total="2" passed="0">
  <reporter-output>
  </reporter-output>
  <suite name="Tests" duration-ms="61" started-at="2016-04-10T14:15:00Z" finished-at="2016-04-10T14:15:00Z">
    <groups>
    </groups>
    <test name="JS Errors" duration-ms="61" started-at="2016-04-10T14:15:00Z" finished-at="2016-04-10T14:15:00Z">
      <class name="home.JS_error_home">
        <test-method status="FAIL" signature="init()[pri:0, instance:home.JS_error_home@246ae04d]" name="init" is-config="true" duration-ms="0" started-at="2016-04-10T11:15:00Z" finished-at="2016-04-10T11:15:00Z">
          <exception class="java.lang.NullPointerException">
            <full-stacktrace>
              <![CDATA[java.lang.NullPointerException
	at turnkeye2.pages.TestBase.init(TestBase.java:146)
	at sun.reflect.NativeMethodAccessorImpl.invoke0(Native Method)
	at sun.reflect.NativeMethodAccessorImpl.invoke(NativeMethodAccessorImpl.java:62)
	at sun.reflect.DelegatingMethodAccessorImpl.invoke(DelegatingMethodAccessorImpl.java:43)
	at java.lang.reflect.Method.invoke(Method.java:483)
	at org.testng.internal.MethodInvocationHelper.invokeMethod(MethodInvocationHelper.java:84)
	at org.testng.internal.Invoker.invokeConfigurationMethod(Invoker.java:564)
	at org.testng.internal.Invoker.invokeConfigurations(Invoker.java:213)
	at org.testng.internal.Invoker.invokeConfigurations(Invoker.java:138)
	at org.testng.internal.TestMethodWorker.invokeBeforeClassMethods(TestMethodWorker.java:175)
	at org.testng.internal.TestMethodWorker.run(TestMethodWorker.java:107)
	at org.testng.TestRunner.privateRun(TestRunner.java:767)
	at org.testng.TestRunner.run(TestRunner.java:617)
	at org.testng.SuiteRunner.runTest(SuiteRunner.java:348)
	at org.testng.SuiteRunner.runSequentially(SuiteRunner.java:343)
	at org.testng.SuiteRunner.privateRun(SuiteRunner.java:305)
	at org.testng.SuiteRunner.run(SuiteRunner.java:254)
	at org.testng.SuiteRunnerWorker.runSuite(SuiteRunnerWorker.java:52)
	at org.testng.SuiteRunnerWorker.run(SuiteRunnerWorker.java:86)
	at org.testng.TestNG.runSuitesSequentially(TestNG.java:1224)
	at org.testng.TestNG.runSuitesLocally(TestNG.java:1149)
	at org.testng.TestNG.run(TestNG.java:1057)
	at org.apache.maven.surefire.testng.TestNGExecutor.run(TestNGExecutor.java:217)
	at org.apache.maven.surefire.testng.TestNGXmlTestSuite.execute(TestNGXmlTestSuite.java:84)
	at org.apache.maven.surefire.testng.TestNGProvider.invoke(TestNGProvider.java:92)
	at org.apache.maven.surefire.booter.ForkedBooter.invokeProviderInSameClassLoader(ForkedBooter.java:200)
	at org.apache.maven.surefire.booter.ForkedBooter.runSuitesInProcess(ForkedBooter.java:153)
	at org.apache.maven.surefire.booter.ForkedBooter.main(ForkedBooter.java:103)
]]>
            </full-stacktrace>
          </exception> <!-- java.lang.NullPointerException -->
          <reporter-output>
          </reporter-output>
        </test-method> <!-- init -->
        <test-method status="SKIP" signature="testUntitled4()[pri:0, instance:home.JS_error_home@246ae04d]" name="testUntitled4" duration-ms="2" started-at="2016-04-10T11:15:00Z" finished-at="2016-04-10T11:15:00Z">
          <reporter-output>
          </reporter-output>
        </test-method> <!-- testUntitled4 -->
      </class> <!-- home.JS_error_home -->
      <class name="about.JS_error_about">
        <test-method status="SKIP" signature="init()[pri:0, instance:about.JS_error_about@7a5d012c]" name="init" is-config="true" duration-ms="0" started-at="2016-04-10T11:15:00Z" finished-at="2016-04-10T11:15:00Z">
          <reporter-output>
          </reporter-output>
        </test-method> <!-- init -->
        <test-method status="SKIP" signature="testUntitled4()[pri:0, instance:about.JS_error_about@7a5d012c]" name="testUntitled4" duration-ms="1" started-at="2016-04-10T11:15:00Z" finished-at="2016-04-10T11:15:00Z">
          <reporter-output>
          </reporter-output>
        </test-method> <!-- testUntitled4 -->
        <test-method status="PASS" signature="tearDown()[pri:0, instance:about.JS_error_about@7a5d012c]" name="tearDown" is-config="true" duration-ms="0" started-at="2016-04-10T11:15:00Z" finished-at="2016-04-10T11:15:00Z">
          <reporter-output>
          </reporter-output>
        </test-method> <!-- tearDown -->
      </class> <!-- about.JS_error_about -->
    </test> <!-- JS Errors -->
  </suite> <!-- Tests -->
</testng-results>
