<?xml version="1.0" encoding="UTF-8"?>
<testng-results skipped="0" failed="0" total="30" passed="30">
  <reporter-output>
  </reporter-output>
  <suite name="Tests" duration-ms="284743" started-at="2015-07-08T08:25:00Z" finished-at="2015-07-08T08:29:45Z">
    <groups>
    </groups>
    <test name="JS Errors" duration-ms="17707" started-at="2015-07-08T08:25:00Z" finished-at="2015-07-08T08:25:18Z">
      <class name="home.JS_error">
        <test-method status="PASS" signature="init()[pri:0, instance:home.JS_error@21bcffb5]" name="init" is-config="true" duration-ms="2640" started-at="2015-07-08T11:25:00Z" finished-at="2015-07-08T11:25:02Z">
          <reporter-output>
          </reporter-output>
        </test-method> <!-- init -->
        <test-method status="PASS" signature="testUntitled4()[pri:0, instance:home.JS_error@21bcffb5]" name="testUntitled4" duration-ms="4155" started-at="2015-07-08T11:25:02Z" finished-at="2015-07-08T11:25:07Z">
          <reporter-output>
          </reporter-output>
        </test-method> <!-- testUntitled4 -->
      </class> <!-- home.JS_error -->
      <class name="contact.JS_error">
        <test-method status="PASS" signature="init()[pri:0, instance:contact.JS_error@13fee20c]" name="init" is-config="true" duration-ms="11" started-at="2015-07-08T11:25:14Z" finished-at="2015-07-08T11:25:14Z">
          <reporter-output>
          </reporter-output>
        </test-method> <!-- init -->
        <test-method status="PASS" signature="testUntitled4()[pri:0, instance:contact.JS_error@13fee20c]" name="testUntitled4" duration-ms="732" started-at="2015-07-08T11:25:14Z" finished-at="2015-07-08T11:25:15Z">
          <reporter-output>
          </reporter-output>
        </test-method> <!-- testUntitled4 -->
      </class> <!-- contact.JS_error -->
      <class name="clients.JS_error">
        <test-method status="PASS" signature="init()[pri:0, instance:clients.JS_error@180bc464]" name="init" is-config="true" duration-ms="10" started-at="2015-07-08T11:25:08Z" finished-at="2015-07-08T11:25:08Z">
          <reporter-output>
          </reporter-output>
        </test-method> <!-- init -->
        <test-method status="PASS" signature="testUntitled4()[pri:0, instance:clients.JS_error@180bc464]" name="testUntitled4" duration-ms="5552" started-at="2015-07-08T11:25:08Z" finished-at="2015-07-08T11:25:13Z">
          <reporter-output>
          </reporter-output>
        </test-method> <!-- testUntitled4 -->
      </class> <!-- clients.JS_error -->
      <class name="blog.JS_error_blog">
        <test-method status="PASS" signature="init()[pri:0, instance:blog.JS_error_blog@735f7ae5]" name="init" is-config="true" duration-ms="19" started-at="2015-07-08T11:25:15Z" finished-at="2015-07-08T11:25:15Z">
          <reporter-output>
          </reporter-output>
        </test-method> <!-- init -->
        <test-method status="PASS" signature="testUntitled4()[pri:0, instance:blog.JS_error_blog@735f7ae5]" name="testUntitled4" duration-ms="1675" started-at="2015-07-08T11:25:15Z" finished-at="2015-07-08T11:25:16Z">
          <reporter-output>
          </reporter-output>
        </test-method> <!-- testUntitled4 -->
      </class> <!-- blog.JS_error_blog -->
      <class name="about.JS_error">
        <test-method status="PASS" signature="init()[pri:0, instance:about.JS_error@4e04a765]" name="init" is-config="true" duration-ms="37" started-at="2015-07-08T11:25:07Z" finished-at="2015-07-08T11:25:07Z">
          <reporter-output>
          </reporter-output>
        </test-method> <!-- init -->
        <test-method status="PASS" signature="testUntitled4()[pri:0, instance:about.JS_error@4e04a765]" name="testUntitled4" duration-ms="1004" started-at="2015-07-08T11:25:07Z" finished-at="2015-07-08T11:25:08Z">
          <reporter-output>
          </reporter-output>
        </test-method> <!-- testUntitled4 -->
      </class> <!-- about.JS_error -->
      <class name="services.JS_error">
        <test-method status="PASS" signature="init()[pri:0, instance:services.JS_error@17550481]" name="init" is-config="true" duration-ms="8" started-at="2015-07-08T11:25:13Z" finished-at="2015-07-08T11:25:13Z">
          <reporter-output>
          </reporter-output>
        </test-method> <!-- init -->
        <test-method status="PASS" signature="testUntitled4()[pri:0, instance:services.JS_error@17550481]" name="testUntitled4" duration-ms="722" started-at="2015-07-08T11:25:13Z" finished-at="2015-07-08T11:25:14Z">
          <reporter-output>
          </reporter-output>
        </test-method> <!-- testUntitled4 -->
      </class> <!-- services.JS_error -->
      <class name="blog.JS_error_post">
        <test-method status="PASS" signature="init()[pri:0, instance:blog.JS_error_post@783e6358]" name="init" is-config="true" duration-ms="10" started-at="2015-07-08T11:25:16Z" finished-at="2015-07-08T11:25:16Z">
          <reporter-output>
          </reporter-output>
        </test-method> <!-- init -->
        <test-method status="PASS" signature="testUntitled4()[pri:0, instance:blog.JS_error_post@783e6358]" name="testUntitled4" duration-ms="1100" started-at="2015-07-08T11:25:16Z" finished-at="2015-07-08T11:25:18Z">
          <reporter-output>
          </reporter-output>
        </test-method> <!-- testUntitled4 -->
      </class> <!-- blog.JS_error_post -->
    </test> <!-- JS Errors -->
    <test name="Homepahe" duration-ms="30160" started-at="2015-07-08T08:25:18Z" finished-at="2015-07-08T08:25:48Z">
      <class name="home.Newsletter_invalid">
        <test-method status="PASS" signature="init()[pri:0, instance:home.Newsletter_invalid@2096442d]" name="init" is-config="true" duration-ms="12" started-at="2015-07-08T11:25:26Z" finished-at="2015-07-08T11:25:26Z">
          <reporter-output>
          </reporter-output>
        </test-method> <!-- init -->
        <test-method status="PASS" signature="testUntitled2()[pri:0, instance:home.Newsletter_invalid@2096442d]" name="testUntitled2" duration-ms="5914" started-at="2015-07-08T11:25:26Z" finished-at="2015-07-08T11:25:32Z">
          <reporter-output>
          </reporter-output>
        </test-method> <!-- testUntitled2 -->
      </class> <!-- home.Newsletter_invalid -->
      <class name="home.Newsletter_valid">
        <test-method status="PASS" signature="init()[pri:0, instance:home.Newsletter_valid@735b478]" name="init" is-config="true" duration-ms="6" started-at="2015-07-08T11:25:32Z" finished-at="2015-07-08T11:25:32Z">
          <reporter-output>
          </reporter-output>
        </test-method> <!-- init -->
        <test-method status="PASS" signature="testUntitled3()[pri:0, instance:home.Newsletter_valid@735b478]" name="testUntitled3" duration-ms="9544" started-at="2015-07-08T11:25:32Z" finished-at="2015-07-08T11:25:42Z">
          <reporter-output>
          </reporter-output>
        </test-method> <!-- testUntitled3 -->
      </class> <!-- home.Newsletter_valid -->
      <class name="home.Banner">
        <test-method status="PASS" signature="init()[pri:0, instance:home.Banner@2c9f9fb0]" name="init" is-config="true" duration-ms="6" started-at="2015-07-08T11:25:42Z" finished-at="2015-07-08T11:25:42Z">
          <reporter-output>
          </reporter-output>
        </test-method> <!-- init -->
        <test-method status="PASS" signature="testUntitled4()[pri:0, instance:home.Banner@2c9f9fb0]" name="testUntitled4" duration-ms="5940" started-at="2015-07-08T11:25:42Z" finished-at="2015-07-08T11:25:48Z">
          <reporter-output>
          </reporter-output>
        </test-method> <!-- testUntitled4 -->
      </class> <!-- home.Banner -->
      <class name="home.Newsletter_empty">
        <test-method status="PASS" signature="init()[pri:0, instance:home.Newsletter_empty@52af6cff]" name="init" is-config="true" duration-ms="33" started-at="2015-07-08T11:25:18Z" finished-at="2015-07-08T11:25:18Z">
          <reporter-output>
          </reporter-output>
        </test-method> <!-- init -->
        <test-method status="PASS" signature="testUntitled()[pri:0, instance:home.Newsletter_empty@52af6cff]" name="testUntitled" duration-ms="8667" started-at="2015-07-08T11:25:18Z" finished-at="2015-07-08T11:25:26Z">
          <reporter-output>
          </reporter-output>
        </test-method> <!-- testUntitled -->
      </class> <!-- home.Newsletter_empty -->
    </test> <!-- Homepahe -->
    <test name="About" duration-ms="7582" started-at="2015-07-08T08:25:48Z" finished-at="2015-07-08T08:25:55Z">
      <class name="about.Contact_us">
        <test-method status="PASS" signature="init()[pri:0, instance:about.Contact_us@12843fce]" name="init" is-config="true" duration-ms="8" started-at="2015-07-08T11:25:54Z" finished-at="2015-07-08T11:25:54Z">
          <reporter-output>
          </reporter-output>
        </test-method> <!-- init -->
        <test-method status="PASS" signature="testUntitled6()[pri:0, instance:about.Contact_us@12843fce]" name="testUntitled6" duration-ms="1396" started-at="2015-07-08T11:25:54Z" finished-at="2015-07-08T11:25:55Z">
          <reporter-output>
          </reporter-output>
        </test-method> <!-- testUntitled6 -->
      </class> <!-- about.Contact_us -->
      <class name="about.Tabs">
        <test-method status="PASS" signature="init()[pri:0, instance:about.Tabs@3dd3bcd]" name="init" is-config="true" duration-ms="19" started-at="2015-07-08T11:25:48Z" finished-at="2015-07-08T11:25:48Z">
          <reporter-output>
          </reporter-output>
        </test-method> <!-- init -->
        <test-method status="PASS" signature="testUntitled5()[pri:0, instance:about.Tabs@3dd3bcd]" name="testUntitled5" duration-ms="6159" started-at="2015-07-08T11:25:48Z" finished-at="2015-07-08T11:25:54Z">
          <reporter-output>
          </reporter-output>
        </test-method> <!-- testUntitled5 -->
      </class> <!-- about.Tabs -->
    </test> <!-- About -->
    <test name="Clients" duration-ms="76694" started-at="2015-07-08T08:25:55Z" finished-at="2015-07-08T08:27:12Z">
      <class name="clients.Website">
        <test-method status="PASS" signature="init()[pri:0, instance:clients.Website@7946e1f4]" name="init" is-config="true" duration-ms="7" started-at="2015-07-08T11:27:09Z" finished-at="2015-07-08T11:27:09Z">
          <reporter-output>
          </reporter-output>
        </test-method> <!-- init -->
        <test-method status="PASS" signature="testUntitled7()[pri:0, instance:clients.Website@7946e1f4]" name="testUntitled7" duration-ms="3220" started-at="2015-07-08T11:27:09Z" finished-at="2015-07-08T11:27:12Z">
          <reporter-output>
          </reporter-output>
        </test-method> <!-- testUntitled7 -->
      </class> <!-- clients.Website -->
      <class name="clients.Navigation">
        <test-method status="PASS" signature="init()[pri:0, instance:clients.Navigation@39fb3ab6]" name="init" is-config="true" duration-ms="19" started-at="2015-07-08T11:26:39Z" finished-at="2015-07-08T11:26:39Z">
          <reporter-output>
          </reporter-output>
        </test-method> <!-- init -->
        <test-method status="PASS" signature="testUntitled10()[pri:0, instance:clients.Navigation@39fb3ab6]" name="testUntitled10" duration-ms="29545" started-at="2015-07-08T11:26:39Z" finished-at="2015-07-08T11:27:09Z">
          <reporter-output>
          </reporter-output>
        </test-method> <!-- testUntitled10 -->
      </class> <!-- clients.Navigation -->
      <class name="clients.Details_elements">
        <test-method status="PASS" signature="init()[pri:0, instance:clients.Details_elements@61a485d2]" name="init" is-config="true" duration-ms="8" started-at="2015-07-08T11:26:33Z" finished-at="2015-07-08T11:26:33Z">
          <reporter-output>
          </reporter-output>
        </test-method> <!-- init -->
        <test-method status="PASS" signature="testUntitled9()[pri:0, instance:clients.Details_elements@61a485d2]" name="testUntitled9" duration-ms="6429" started-at="2015-07-08T11:26:33Z" finished-at="2015-07-08T11:26:39Z">
          <reporter-output>
          </reporter-output>
        </test-method> <!-- testUntitled9 -->
      </class> <!-- clients.Details_elements -->
      <class name="clients.Details">
        <test-method status="PASS" signature="init()[pri:0, instance:clients.Details@6276ae34]" name="init" is-config="true" duration-ms="6" started-at="2015-07-08T11:25:55Z" finished-at="2015-07-08T11:25:55Z">
          <reporter-output>
          </reporter-output>
        </test-method> <!-- init -->
        <test-method status="PASS" signature="testUntitled8()[pri:0, instance:clients.Details@6276ae34]" name="testUntitled8" duration-ms="37457" started-at="2015-07-08T11:25:55Z" finished-at="2015-07-08T11:26:33Z">
          <reporter-output>
          </reporter-output>
        </test-method> <!-- testUntitled8 -->
      </class> <!-- clients.Details -->
    </test> <!-- Clients -->
    <test name="Services" duration-ms="1121" started-at="2015-07-08T08:27:12Z" finished-at="2015-07-08T08:27:13Z">
      <class name="services.Page">
        <test-method status="PASS" signature="init()[pri:0, instance:services.Page@6574b225]" name="init" is-config="true" duration-ms="5" started-at="2015-07-08T11:27:12Z" finished-at="2015-07-08T11:27:12Z">
          <reporter-output>
          </reporter-output>
        </test-method> <!-- init -->
        <test-method status="PASS" signature="testUntitled2()[pri:0, instance:services.Page@6574b225]" name="testUntitled2" duration-ms="1116" started-at="2015-07-08T11:27:12Z" finished-at="2015-07-08T11:27:13Z">
          <reporter-output>
          </reporter-output>
        </test-method> <!-- testUntitled2 -->
      </class> <!-- services.Page -->
    </test> <!-- Services -->
    <test name="Contact" duration-ms="49070" started-at="2015-07-08T08:27:13Z" finished-at="2015-07-08T08:28:02Z">
      <class name="contact.Form_valid">
        <test-method status="PASS" signature="init()[pri:0, instance:contact.Form_valid@5f375618]" name="init" is-config="true" duration-ms="4" started-at="2015-07-08T11:27:15Z" finished-at="2015-07-08T11:27:15Z">
          <reporter-output>
          </reporter-output>
        </test-method> <!-- init -->
        <test-method status="PASS" signature="testUntitled6()[pri:0, instance:contact.Form_valid@5f375618]" name="testUntitled6" duration-ms="31506" started-at="2015-07-08T11:27:15Z" finished-at="2015-07-08T11:27:47Z">
          <reporter-output>
          </reporter-output>
        </test-method> <!-- testUntitled6 -->
      </class> <!-- contact.Form_valid -->
      <class name="contact.Form_invalid">
        <test-method status="PASS" signature="init()[pri:0, instance:contact.Form_invalid@6d78f375]" name="init" is-config="true" duration-ms="5" started-at="2015-07-08T11:27:13Z" finished-at="2015-07-08T11:27:13Z">
          <reporter-output>
          </reporter-output>
        </test-method> <!-- init -->
        <test-method status="PASS" signature="testUntitled3()[pri:0, instance:contact.Form_invalid@6d78f375]" name="testUntitled3" duration-ms="1366" started-at="2015-07-08T11:27:13Z" finished-at="2015-07-08T11:27:15Z">
          <reporter-output>
          </reporter-output>
        </test-method> <!-- testUntitled3 -->
      </class> <!-- contact.Form_invalid -->
      <class name="contact.Form_empty">
        <test-method status="PASS" signature="init()[pri:0, instance:contact.Form_empty@7ac7a4e4]" name="init" is-config="true" duration-ms="4" started-at="2015-07-08T11:27:15Z" finished-at="2015-07-08T11:27:15Z">
          <reporter-output>
          </reporter-output>
        </test-method> <!-- init -->
        <test-method status="PASS" signature="testUntitled4()[pri:0, instance:contact.Form_empty@7ac7a4e4]" name="testUntitled4" duration-ms="849" started-at="2015-07-08T11:27:15Z" finished-at="2015-07-08T11:27:15Z">
          <reporter-output>
          </reporter-output>
        </test-method> <!-- testUntitled4 -->
      </class> <!-- contact.Form_empty -->
      <class name="contact.Contact_email_change">
        <test-method status="PASS" signature="init()[pri:0, instance:contact.Contact_email_change@50c87b21]" name="init" is-config="true" duration-ms="6" started-at="2015-07-08T11:27:47Z" finished-at="2015-07-08T11:27:47Z">
          <reporter-output>
          </reporter-output>
        </test-method> <!-- init -->
        <test-method status="PASS" signature="testUntitled6()[pri:0, instance:contact.Contact_email_change@50c87b21]" name="testUntitled6" duration-ms="15328" started-at="2015-07-08T11:27:47Z" finished-at="2015-07-08T11:28:02Z">
          <reporter-output>
          </reporter-output>
        </test-method> <!-- testUntitled6 -->
      </class> <!-- contact.Contact_email_change -->
    </test> <!-- Contact -->
    <test name="Blog" duration-ms="102201" started-at="2015-07-08T08:28:02Z" finished-at="2015-07-08T08:29:45Z">
      <class name="blog.Comment">
        <test-method status="PASS" signature="init()[pri:0, instance:blog.Comment@36d4b5c]" name="init" is-config="true" duration-ms="4" started-at="2015-07-08T11:28:36Z" finished-at="2015-07-08T11:28:36Z">
          <reporter-output>
          </reporter-output>
        </test-method> <!-- init -->
        <test-method status="PASS" signature="testUntitled4()[pri:0, instance:blog.Comment@36d4b5c]" name="testUntitled4" duration-ms="38078" started-at="2015-07-08T11:28:36Z" finished-at="2015-07-08T11:29:14Z">
          <reporter-output>
          </reporter-output>
        </test-method> <!-- testUntitled4 -->
        <test-method status="PASS" signature="tearDown()[pri:0, instance:blog.Comment@36d4b5c]" name="tearDown" is-config="true" duration-ms="1623" started-at="2015-07-08T11:29:45Z" finished-at="2015-07-08T11:29:46Z">
          <reporter-output>
          </reporter-output>
        </test-method> <!-- tearDown -->
      </class> <!-- blog.Comment -->
      <class name="blog.Captche_enable">
        <test-method status="PASS" signature="init()[pri:0, instance:blog.Captche_enable@51081592]" name="init" is-config="true" duration-ms="4" started-at="2015-07-08T11:29:14Z" finished-at="2015-07-08T11:29:14Z">
          <reporter-output>
          </reporter-output>
        </test-method> <!-- init -->
        <test-method status="PASS" signature="testUntitled3()[pri:0, instance:blog.Captche_enable@51081592]" name="testUntitled3" duration-ms="12227" started-at="2015-07-08T11:29:14Z" finished-at="2015-07-08T11:29:27Z">
          <reporter-output>
          </reporter-output>
        </test-method> <!-- testUntitled3 -->
      </class> <!-- blog.Captche_enable -->
      <class name="blog.Captcha_empty">
        <test-method status="PASS" signature="init()[pri:0, instance:blog.Captcha_empty@7f9a81e8]" name="init" is-config="true" duration-ms="4" started-at="2015-07-08T11:28:02Z" finished-at="2015-07-08T11:28:02Z">
          <reporter-output>
          </reporter-output>
        </test-method> <!-- init -->
        <test-method status="PASS" signature="testUntitled()[pri:0, instance:blog.Captcha_empty@7f9a81e8]" name="testUntitled" duration-ms="10880" started-at="2015-07-08T11:28:02Z" finished-at="2015-07-08T11:28:13Z">
          <reporter-output>
          </reporter-output>
        </test-method> <!-- testUntitled -->
      </class> <!-- blog.Captcha_empty -->
      <class name="blog.Blog_page">
        <test-method status="PASS" signature="init()[pri:0, instance:blog.Blog_page@396a51ab]" name="init" is-config="true" duration-ms="4" started-at="2015-07-08T11:29:31Z" finished-at="2015-07-08T11:29:31Z">
          <reporter-output>
          </reporter-output>
        </test-method> <!-- init -->
        <test-method status="PASS" signature="testUntitled2()[pri:0, instance:blog.Blog_page@396a51ab]" name="testUntitled2" duration-ms="7203" started-at="2015-07-08T11:29:31Z" finished-at="2015-07-08T11:29:38Z">
          <reporter-output>
          </reporter-output>
        </test-method> <!-- testUntitled2 -->
      </class> <!-- blog.Blog_page -->
      <class name="blog.Captcha_invalid">
        <test-method status="PASS" signature="init()[pri:0, instance:blog.Captcha_invalid@6d00a15d]" name="init" is-config="true" duration-ms="5" started-at="2015-07-08T11:28:13Z" finished-at="2015-07-08T11:28:13Z">
          <reporter-output>
          </reporter-output>
        </test-method> <!-- init -->
        <test-method status="PASS" signature="testUntitled2()[pri:0, instance:blog.Captcha_invalid@6d00a15d]" name="testUntitled2" duration-ms="9536" started-at="2015-07-08T11:28:13Z" finished-at="2015-07-08T11:28:23Z">
          <reporter-output>
          </reporter-output>
        </test-method> <!-- testUntitled2 -->
      </class> <!-- blog.Captcha_invalid -->
      <class name="blog.Captcha_disable">
        <test-method status="PASS" signature="init()[pri:0, instance:blog.Captcha_disable@9629756]" name="init" is-config="true" duration-ms="4" started-at="2015-07-08T11:28:23Z" finished-at="2015-07-08T11:28:23Z">
          <reporter-output>
          </reporter-output>
        </test-method> <!-- init -->
        <test-method status="PASS" signature="testUntitled3()[pri:0, instance:blog.Captcha_disable@9629756]" name="testUntitled3" duration-ms="13442" started-at="2015-07-08T11:28:23Z" finished-at="2015-07-08T11:28:36Z">
          <reporter-output>
          </reporter-output>
        </test-method> <!-- testUntitled3 -->
      </class> <!-- blog.Captcha_disable -->
      <class name="blog.Details_page">
        <test-method status="PASS" signature="init()[pri:0, instance:blog.Details_page@5034c75a]" name="init" is-config="true" duration-ms="4" started-at="2015-07-08T11:29:27Z" finished-at="2015-07-08T11:29:27Z">
          <reporter-output>
          </reporter-output>
        </test-method> <!-- init -->
        <test-method status="PASS" signature="testUntitled()[pri:0, instance:blog.Details_page@5034c75a]" name="testUntitled" duration-ms="4177" started-at="2015-07-08T11:29:27Z" finished-at="2015-07-08T11:29:31Z">
          <reporter-output>
          </reporter-output>
        </test-method> <!-- testUntitled -->
      </class> <!-- blog.Details_page -->
      <class name="blog.Search">
        <test-method status="PASS" signature="init()[pri:0, instance:blog.Search@51efea79]" name="init" is-config="true" duration-ms="4" started-at="2015-07-08T11:29:38Z" finished-at="2015-07-08T11:29:38Z">
          <reporter-output>
          </reporter-output>
        </test-method> <!-- init -->
        <test-method status="PASS" signature="testUntitled3()[pri:0, instance:blog.Search@51efea79]" name="testUntitled3" duration-ms="6621" started-at="2015-07-08T11:29:38Z" finished-at="2015-07-08T11:29:45Z">
          <reporter-output>
          </reporter-output>
        </test-method> <!-- testUntitled3 -->
      </class> <!-- blog.Search -->
    </test> <!-- Blog -->
  </suite> <!-- Tests -->
</testng-results>
