<?xml version="1.0" encoding="UTF-8"?>
<testsuite name="TestSuite" time="376.201" tests="30" errors="0" skipped="0" failures="9">
  <properties>
[...]
</properties>
  <testcase name="testUntitled4" classname="home.JS_error" time="1.86">
    <failure message="expected:&lt;[]&gt; but was:&lt;[[2015-03-18T15:28:10+0400] [INFO] Could not read chrome manifest &apos;file:///C:/Program%20Files%20(x86)/Mozilla%20Firefox/chrome.manifest&apos;.&#10;, [2015-03-18T15:28:10+0400] [INFO] 1426678089556	addons.manager	DEBUG	Loaded provider scope for resource://gre/modules/addons/XPIProvider.jsm: [&quot;XPIProvider&quot;]&#10;, [2015-03-18T15:28:10+0400] [INFO] 1426678089557	addons.manager	DEBUG	Loaded provider scope for resource://gre/modules/LightweightThemeManager.jsm: [&quot;LightweightThemeManager&quot;]&#10;, [2015-03-18T15:28:10+0400] [INFO] 1426678089559	addons.xpi	DEBUG	startup&#10;, [2015-03-18T15:28:10+0400] [INFO] 1426678089560	addons.xpi	INFO	Mapping fxdriver@googlecode.com to C:\Users\Lana\AppData\Local\Temp\anonymous8763948926817190982webdriver-profile\extensions\fxdriver@googlecode.com&#10;, [2015-03-18T15:28:10+0400] [INFO] 1426678089560	addons.xpi	DEBUG	Ignoring file entry whose name is not a valid add-on ID: C:\Users\Lana\AppData\Local\Temp\anonymous8763948926817190982webdriver-profile\extensions\webdriver-staging&#10;, [2015-03-18T15:28:10+0400] [INFO] 1426678089561	addons.xpi	INFO	Mapping {972ce4c6-7e08-4474-a285-3208198ce6fd} to C:\Program Files (x86)\Mozilla Firefox\browser\extensions\{972ce4c6-7e08-4474-a285-3208198ce6fd}&#10;, [2015-03-18T15:28:10+0400] [INFO] 1426678089561	addons.xpi	DEBUG	Skipping unavailable install location app-system-share&#10;, [2015-03-18T15:28:10+0400] [INFO] 1426678089561	addons.xpi	DEBUG	Skipping unavailable install location app-system-local&#10;, [2015-03-18T15:28:10+0400] [INFO] 1426678089562	addons.xpi	DEBUG	checkForChanges&#10;, [2015-03-18T15:28:10+0400] [INFO] 1426678089562	addons.xpi	DEBUG	Loaded add-on state from prefs: {&quot;app-profile&quot;:{&quot;fxdriver@googlecode.com&quot;:{&quot;d&quot;:&quot;C:\\Users\\Lana\\AppData\\Local\\Temp\\anonymous8763948926817190982webdriver-profile\\extensions\\fxdriver@googlecode.com&quot;,&quot;e&quot;:true,&quot;v&quot;:&quot;2.45.0&quot;,&quot;st&quot;:1426678085500,&quot;mt&quot;:1426678085328}},&quot;app-global&quot;:{&quot;{972ce4c6-7e08-4474-a285-3208198ce6fd}&quot;:{&quot;d&quot;:&quot;C:\\Program Files (x86)\\Mozilla Firefox\\browser\\extensions\\{972ce4c6-7e08-4474-a285-3208198ce6fd}&quot;,&quot;e&quot;:true,&quot;v&quot;:&quot;36.0.1&quot;,&quot;st&quot;:1425627516144,&quot;mt&quot;:1425627515938}}}&#10;, [2015-03-18T15:28:10+0400] [INFO] 1426678089563	addons.xpi	DEBUG	getModTime: Recursive scan of fxdriver@googlecode.com&#10;, [2015-03-18T15:28:10+0400] [INFO] 1426678089568	addons.xpi	DEBUG	getModTime: Recursive scan of {972ce4c6-7e08-4474-a285-3208198ce6fd}&#10;, [2015-03-18T15:28:10+0400] [INFO] 1426678089569	addons.xpi	DEBUG	getInstallState changed: false, state: {&quot;app-profile&quot;:{&quot;fxdriver@googlecode.com&quot;:{&quot;d&quot;:&quot;C:\\Users\\Lana\\AppData\\Local\\Temp\\anonymous8763948926817190982webdriver-profile\\extensions\\fxdriver@googlecode.com&quot;,&quot;e&quot;:true,&quot;v&quot;:&quot;2.45.0&quot;,&quot;st&quot;:1426678085500,&quot;mt&quot;:1426678085328}},&quot;app-global&quot;:{&quot;{972ce4c6-7e08-4474-a285-3208198ce6fd}&quot;:{&quot;d&quot;:&quot;C:\\Program Files (x86)\\Mozilla Firefox\\browser\\extensions\\{972ce4c6-7e08-4474-a285-3208198ce6fd}&quot;,&quot;e&quot;:true,&quot;v&quot;:&quot;36.0.1&quot;,&quot;st&quot;:1425627516144,&quot;mt&quot;:1425627515938}}}&#10;, [2015-03-18T15:28:10+0400] [INFO] 1426678089570	addons.xpi	DEBUG	No changes found&#10;, [2015-03-18T15:28:10+0400] [INFO] 1426678089573	addons.manager	DEBUG	Registering shutdown blocker for XPIProvider&#10;, [2015-03-18T15:28:10+0400] [INFO] 1426678089573	addons.manager	DEBUG	Registering shutdown blocker for LightweightThemeManager&#10;, [2015-03-18T15:28:10+0400] [INFO] 1426678089574	addons.manager	DEBUG	Registering shutdown blocker for OpenH264Provider&#10;, [2015-03-18T15:28:10+0400] [INFO] 1426678089574	addons.manager	DEBUG	Registering shutdown blocker for PluginProvider&#10;, [2015-03-18T15:28:10+0400] [WARNING] Trying to re-register CID &apos;{e26dbdcd-d3ba-4ded-88c3-6cb07ee3e9e0}&apos; already registered by file:///C:/Users/Lana/AppData/Local/Temp/anonymous8763948926817190982webdriver-profile/extensions/fxdriver@googlecode.com/components/prompt-service.js., [2015-03-18T15:28:10+0400] [INFO] Native module at path &apos;C:\Users\Lana\AppData\Local\Temp\anonymous8763948926817190982webdriver-profile\extensions\fxdriver@googlecode.com\platform\WINNT_x86-msvc\components\webdriver-firefox-latest.dll&apos; is incompatible with this version of Firefox, has version 34, expected 36.&#10;, [2015-03-18T15:28:10+0400] [INFO] Native module at path &apos;C:\Users\Lana\AppData\Local\Temp\anonymous8763948926817190982webdriver-profile\extensions\fxdriver@googlecode.com\platform\WINNT_x86-msvc\components\imehandler.dll&apos; doesn&apos;t export symbol `NSModule`.&#10;, [2015-03-18T15:28:10+0400] [INFO] Could not read chrome manifest &apos;file:///C:/Program%20Files%20(x86)/Mozilla%20Firefox/browser/extensions/%7B972ce4c6-7e08-4474-a285-3208198ce6fd%7D/chrome.manifest&apos;.&#10;, [2015-03-18T15:28:10+0400] [INFO] Warning: unrecognized command line flag -foreground&#10;, [2015-03-18T15:28:10+0400] [INFO] 1426678090640	addons.xpi-utils	DEBUG	Starting async load of XPI database C:\Users\Lana\AppData\Local\Temp\anonymous8763948926817190982webdriver-profile\extensions.json&#10;, [2015-03-18T15:28:11+0400] [INFO] Blocklist::_preloadBlocklistFile: blocklist is disabled&#10;, [2015-03-18T15:28:11+0400] [INFO] 1426678091073	addons.manager	DEBUG	Registering shutdown blocker for &lt;unnamed-provider&gt;&#10;, [2015-03-18T15:28:11+0400] [INFO] 1426678091074	addons.xpi-utils	DEBUG	Async JSON file read took 0 MS&#10;, [2015-03-18T15:28:11+0400] [INFO] 1426678091074	addons.xpi-utils	DEBUG	Finished async read of XPI database, parsing...&#10;, [2015-03-18T15:28:11+0400] [INFO] 1426678091075	addons.xpi-utils	DEBUG	Successfully read XPI database&#10;, [2015-03-18T15:28:11+0400] [INFO] 1426678091234	addons.repository	DEBUG	No addons.json found.&#10;, [2015-03-18T15:28:11+0400] [INFO] 1426678091235	DeferredSave.addons.json	DEBUG	Save changes&#10;, [2015-03-18T15:28:11+0400] [INFO] 1426678091237	DeferredSave.addons.json	DEBUG	Starting timer&#10;, [2015-03-18T15:28:11+0400] [INFO] 1426678091301	DeferredSave.addons.json	DEBUG	Starting write&#10;, [2015-03-18T15:28:11+0400] [INFO] 1426678091317	DeferredSave.addons.json	DEBUG	Write succeeded&#10;, [2015-03-18T15:28:12+0400] [WARNING] Ожидалось объявление, но найдено «*».  Пропущено до следующего объявления., [2015-03-18T15:28:12+0400] [WARNING] Ожидалось объявление, но найдено «*».  Пропущено до следующего объявления., [2015-03-18T15:28:12+0400] [WARNING] Ожидалось объявление, но найдено «*».  Пропущено до следующего объявления., [2015-03-18T15:28:12+0400] [WARNING] Ожидалось объявление, но найдено «*».  Пропущено до следующего объявления., [2015-03-18T15:28:12+0400] [WARNING] Ожидалось объявление, но найдено «*».  Пропущено до следующего объявления., [2015-03-18T15:28:12+0400] [WARNING] Ожидалось объявление, но найдено «*».  Пропущено до следующего объявления., [2015-03-18T15:28:12+0400] [WARNING] Ожидалось объявление, но найдено «*».  Пропущено до следующего объявления., [2015-03-18T15:28:12+0400] [WARNING] Неизвестный псевдокласс или псевдоэлемент «-webkit-search-cancel-button».  Набор правил проигнорирован из-за плохого селектора., [2015-03-18T15:28:12+0400] [WARNING] Неизвестное свойство «-moz-border-radius».  Потерянное объявление., [2015-03-18T15:28:12+0400] [WARNING] Неизвестное свойство «-moz-box-shadow».  Потерянное объявление., [2015-03-18T15:28:12+0400] [WARNING] Ошибка при парсинге значения «background».  Потерянное объявление., [2015-03-18T15:28:12+0400] [WARNING] Ошибка при парсинге значения «background».  Потерянное объявление., [2015-03-18T15:28:12+0400] [WARNING] Ошибка при парсинге значения «background».  Потерянное объявление., [2015-03-18T15:28:12+0400] [WARNING] Ошибка при парсинге значения «background».  Потерянное объявление., [2015-03-18T15:28:12+0400] [WARNING] Ожидалось «none», «URL» или функция фильтра, но найдено «progid».  Ошибка при парсинге значения «filter».  Потерянное объявление., [2015-03-18T15:28:12+0400] [WARNING] Ожидалось «none», «URL» или функция фильтра, но найдено «progid».  Ошибка при парсинге значения «filter».  Потерянное объявление., [2015-03-18T15:28:12+0400] [WARNING] Неизвестный псевдокласс или псевдоэлемент «selection».  Набор правил проигнорирован из-за плохого селектора., [2015-03-18T15:28:12+0400] [WARNING] Ошибка при парсинге значения «font».  Потерянное объявление., [2015-03-18T15:28:12+0400] [WARNING] Неизвестный псевдокласс или псевдоэлемент «-webkit-input-placeholder».  Набор правил проигнорирован из-за плохого селектора., [2015-03-18T15:28:12+0400] [WARNING] Неизвестный псевдокласс или псевдоэлемент «-ms-input-placeholder».  Набор правил проигнорирован из-за плохого селектора., [2015-03-18T15:28:12+0400] [WARNING] Неизвестное свойство «-moz-box-shadow».  Потерянное объявление., [2015-03-18T15:28:12+0400] [WARNING] Неизвестное свойство «-moz-border-radius».  Потерянное объявление., [2015-03-18T15:28:12+0400] [WARNING] Ожидалось объявление, но найдено «*».  Пропущено до следующего объявления., [2015-03-18T15:28:12+0400] [WARNING] Ожидалось объявление, но найдено «*».  Пропущено до следующего объявления., [2015-03-18T15:28:12+0400] [WARNING] Ожидалось имя медиа-функции, но найдено «-o-min-device-pixel-ratio»., [2015-03-18T15:28:12+0400] [WARNING] Ожидалось имя медиа-функции, но найдено «-webkit-min-device-pixel-ratio»., [2015-03-18T15:28:12+0400] [WARNING] Ошибка при парсинге значения «background».  Потерянное объявление., [2015-03-18T15:28:12+0400] [WARNING] Ошибка при парсинге значения «background».  Потерянное объявление., [2015-03-18T15:28:12+0400] [WARNING] Ошибка при парсинге значения «background».  Потерянное объявление., [2015-03-18T15:28:12+0400] [WARNING] Ожидалось определение цвета, но найдено «top».  Ошибка при парсинге значения «background».  Потерянное объявление., [2015-03-18T15:28:12+0400] [WARNING] Ошибка при парсинге значения «background».  Потерянное объявление., [2015-03-18T15:28:12+0400] [WARNING] Ошибка при парсинге значения «background».  Потерянное объявление., [2015-03-18T15:28:12+0400] [WARNING] Ошибка при парсинге значения «background».  Потерянное объявление., [2015-03-18T15:28:12+0400] [WARNING] Ожидалось определение цвета, но найдено «bottom».  Ошибка при парсинге значения «background».  Потерянное объявление., [2015-03-18T15:28:12+0400] [WARNING] Ошибка при парсинге значения «background».  Потерянное объявление., [2015-03-18T15:28:12+0400] [WARNING] Ошибка при парсинге значения «background».  Потерянное объявление., [2015-03-18T15:28:12+0400] [WARNING] Ошибка при парсинге значения «background».  Потерянное объявление., [2015-03-18T15:28:12+0400] [WARNING] Ошибка при парсинге значения «background».  Потерянное объявление., [2015-03-18T15:28:12+0400] [WARNING] Ошибка при парсинге значения «background».  Потерянное объявление., [2015-03-18T15:28:12+0400] [WARNING] Ошибка при парсинге значения «background».  Потерянное объявление., [2015-03-18T15:28:12+0400] [WARNING] Неизвестное свойство «speak».  Потерянное объявление., [2015-03-18T15:28:12+0400] [WARNING] Неизвестное свойство «user-select».  Потерянное объявление., [2015-03-18T15:28:12+0400] [WARNING] Неизвестное свойство «user-select».  Потерянное объявление., [2015-03-18T15:28:12+0400] [WARNING] Неизвестное свойство «user-select».  Потерянное объявление., [2015-03-18T15:28:12+0400] [WARNING] Using //@ to indicate sourceMappingURL pragmas is deprecated. Use //# instead, [2015-03-18T15:28:12+0400] [WARNING] Ожидалось имя медиа-функции, но найдено «touch-enabled»., [2015-03-18T15:28:12+0400] [WARNING] Ожидалось имя медиа-функции, но найдено «-webkit-touch-enabled»., [2015-03-18T15:28:12+0400] [WARNING] Ожидалось имя медиа-функции, но найдено «-o-touch-enabled»., [2015-03-18T15:28:12+0400] [WARNING] Ожидалось имя медиа-функции, но найдено «-ms-touch-enabled»., [2015-03-18T15:28:12+0400] [WARNING] Ожидалось имя медиа-функции, но найдено «modernizr»., [2015-03-18T15:28:12+0400] [WARNING] Неизвестное свойство «-moz-opacity».  Потерянное объявление., [2015-03-18T15:28:12+0400] [WARNING] Ошибка при парсинге значения «background-image».  Потерянное объявление., [2015-03-18T15:28:12+0400] [WARNING] Ожидалось определение цвета, но найдено «left».  Ошибка при парсинге значения «background-image».  Потерянное объявление., [2015-03-18T15:28:12+0400] [WARNING] Ошибка при парсинге значения «background-image».  Потерянное объявление., [2015-03-18T15:28:12+0400] [WARNING] Ошибка при парсинге значения «background-image».  Потерянное объявление., [2015-03-18T15:28:12+0400] [WARNING] Ошибка при парсинге значения «background-image».  Потерянное объявление., [2015-03-18T15:28:12+0400] [INFO] Blocklist::_loadBlocklistFromFile: blocklist is disabled&#10;, [2015-03-18T15:28:13+0400] [WARNING] Метод getPreventDefault() является устаревшим. Для его замены используйте метод defaultPrevented.]&gt;" type="java.lang.AssertionError"><![CDATA[java.lang.AssertionError: expected:<[]> but was:<[[2015-03-18T15:28:10+0400] [INFO] Could not read chrome manifest 'file:///C:/Program%20Files%20(x86)/Mozilla%20Firefox/chrome.manifest'.
, [2015-03-18T15:28:10+0400] [INFO] 1426678089556	addons.manager	DEBUG	Loaded provider scope for resource://gre/modules/addons/XPIProvider.jsm: ["XPIProvider"]
, [2015-03-18T15:28:10+0400] [INFO] 1426678089557	addons.manager	DEBUG	Loaded provider scope for resource://gre/modules/LightweightThemeManager.jsm: ["LightweightThemeManager"]
, [2015-03-18T15:28:10+0400] [INFO] 1426678089559	addons.xpi	DEBUG	startup
, [2015-03-18T15:28:10+0400] [INFO] 1426678089560	addons.xpi	INFO	Mapping fxdriver@googlecode.com to C:\Users\Lana\AppData\Local\Temp\anonymous8763948926817190982webdriver-profile\extensions\fxdriver@googlecode.com
, [2015-03-18T15:28:10+0400] [INFO] 1426678089560	addons.xpi	DEBUG	Ignoring file entry whose name is not a valid add-on ID: C:\Users\Lana\AppData\Local\Temp\anonymous8763948926817190982webdriver-profile\extensions\webdriver-staging
, [2015-03-18T15:28:10+0400] [INFO] 1426678089561	addons.xpi	INFO	Mapping {972ce4c6-7e08-4474-a285-3208198ce6fd} to C:\Program Files (x86)\Mozilla Firefox\browser\extensions\{972ce4c6-7e08-4474-a285-3208198ce6fd}
, [2015-03-18T15:28:10+0400] [INFO] 1426678089561	addons.xpi	DEBUG	Skipping unavailable install location app-system-share
, [2015-03-18T15:28:10+0400] [INFO] 1426678089561	addons.xpi	DEBUG	Skipping unavailable install location app-system-local
, [2015-03-18T15:28:10+0400] [INFO] 1426678089562	addons.xpi	DEBUG	checkForChanges
, [2015-03-18T15:28:10+0400] [INFO] 1426678089562	addons.xpi	DEBUG	Loaded add-on state from prefs: {"app-profile":{"fxdriver@googlecode.com":{"d":"C:\\Users\\Lana\\AppData\\Local\\Temp\\anonymous8763948926817190982webdriver-profile\\extensions\\fxdriver@googlecode.com","e":true,"v":"2.45.0","st":1426678085500,"mt":1426678085328}},"app-global":{"{972ce4c6-7e08-4474-a285-3208198ce6fd}":{"d":"C:\\Program Files (x86)\\Mozilla Firefox\\browser\\extensions\\{972ce4c6-7e08-4474-a285-3208198ce6fd}","e":true,"v":"36.0.1","st":1425627516144,"mt":1425627515938}}}
, [2015-03-18T15:28:10+0400] [INFO] 1426678089563	addons.xpi	DEBUG	getModTime: Recursive scan of fxdriver@googlecode.com
, [2015-03-18T15:28:10+0400] [INFO] 1426678089568	addons.xpi	DEBUG	getModTime: Recursive scan of {972ce4c6-7e08-4474-a285-3208198ce6fd}
, [2015-03-18T15:28:10+0400] [INFO] 1426678089569	addons.xpi	DEBUG	getInstallState changed: false, state: {"app-profile":{"fxdriver@googlecode.com":{"d":"C:\\Users\\Lana\\AppData\\Local\\Temp\\anonymous8763948926817190982webdriver-profile\\extensions\\fxdriver@googlecode.com","e":true,"v":"2.45.0","st":1426678085500,"mt":1426678085328}},"app-global":{"{972ce4c6-7e08-4474-a285-3208198ce6fd}":{"d":"C:\\Program Files (x86)\\Mozilla Firefox\\browser\\extensions\\{972ce4c6-7e08-4474-a285-3208198ce6fd}","e":true,"v":"36.0.1","st":1425627516144,"mt":1425627515938}}}
, [2015-03-18T15:28:10+0400] [INFO] 1426678089570	addons.xpi	DEBUG	No changes found
, [2015-03-18T15:28:10+0400] [INFO] 1426678089573	addons.manager	DEBUG	Registering shutdown blocker for XPIProvider
, [2015-03-18T15:28:10+0400] [INFO] 1426678089573	addons.manager	DEBUG	Registering shutdown blocker for LightweightThemeManager
, [2015-03-18T15:28:10+0400] [INFO] 1426678089574	addons.manager	DEBUG	Registering shutdown blocker for OpenH264Provider
, [2015-03-18T15:28:10+0400] [INFO] 1426678089574	addons.manager	DEBUG	Registering shutdown blocker for PluginProvider
, [2015-03-18T15:28:10+0400] [WARNING] Trying to re-register CID '{e26dbdcd-d3ba-4ded-88c3-6cb07ee3e9e0}' already registered by file:///C:/Users/Lana/AppData/Local/Temp/anonymous8763948926817190982webdriver-profile/extensions/fxdriver@googlecode.com/components/prompt-service.js., [2015-03-18T15:28:10+0400] [INFO] Native module at path 'C:\Users\Lana\AppData\Local\Temp\anonymous8763948926817190982webdriver-profile\extensions\fxdriver@googlecode.com\platform\WINNT_x86-msvc\components\webdriver-firefox-latest.dll' is incompatible with this version of Firefox, has version 34, expected 36.
, [2015-03-18T15:28:10+0400] [INFO] Native module at path 'C:\Users\Lana\AppData\Local\Temp\anonymous8763948926817190982webdriver-profile\extensions\fxdriver@googlecode.com\platform\WINNT_x86-msvc\components\imehandler.dll' doesn't export symbol `NSModule`.
, [2015-03-18T15:28:10+0400] [INFO] Could not read chrome manifest 'file:///C:/Program%20Files%20(x86)/Mozilla%20Firefox/browser/extensions/%7B972ce4c6-7e08-4474-a285-3208198ce6fd%7D/chrome.manifest'.
, [2015-03-18T15:28:10+0400] [INFO] Warning: unrecognized command line flag -foreground
, [2015-03-18T15:28:10+0400] [INFO] 1426678090640	addons.xpi-utils	DEBUG	Starting async load of XPI database C:\Users\Lana\AppData\Local\Temp\anonymous8763948926817190982webdriver-profile\extensions.json
, [2015-03-18T15:28:11+0400] [INFO] Blocklist::_preloadBlocklistFile: blocklist is disabled
, [2015-03-18T15:28:11+0400] [INFO] 1426678091073	addons.manager	DEBUG	Registering shutdown blocker for <unnamed-provider>
, [2015-03-18T15:28:11+0400] [INFO] 1426678091074	addons.xpi-utils	DEBUG	Async JSON file read took 0 MS
, [2015-03-18T15:28:11+0400] [INFO] 1426678091074	addons.xpi-utils	DEBUG	Finished async read of XPI database, parsing...
, [2015-03-18T15:28:11+0400] [INFO] 1426678091075	addons.xpi-utils	DEBUG	Successfully read XPI database
, [2015-03-18T15:28:11+0400] [INFO] 1426678091234	addons.repository	DEBUG	No addons.json found.
, [2015-03-18T15:28:11+0400] [INFO] 1426678091235	DeferredSave.addons.json	DEBUG	Save changes
, [2015-03-18T15:28:11+0400] [INFO] 1426678091237	DeferredSave.addons.json	DEBUG	Starting timer
, [2015-03-18T15:28:11+0400] [INFO] 1426678091301	DeferredSave.addons.json	DEBUG	Starting write
, [2015-03-18T15:28:11+0400] [INFO] 1426678091317	DeferredSave.addons.json	DEBUG	Write succeeded
, [2015-03-18T15:28:12+0400] [WARNING] Ожидалось объявление, но найдено «*».  Пропущено до следующего объявления., [2015-03-18T15:28:12+0400] [WARNING] Ожидалось объявление, но найдено «*».  Пропущено до следующего объявления., [2015-03-18T15:28:12+0400] [WARNING] Ожидалось объявление, но найдено «*».  Пропущено до следующего объявления., [2015-03-18T15:28:12+0400] [WARNING] Ожидалось объявление, но найдено «*».  Пропущено до следующего объявления., [2015-03-18T15:28:12+0400] [WARNING] Ожидалось объявление, но найдено «*».  Пропущено до следующего объявления., [2015-03-18T15:28:12+0400] [WARNING] Ожидалось объявление, но найдено «*».  Пропущено до следующего объявления., [2015-03-18T15:28:12+0400] [WARNING] Ожидалось объявление, но найдено «*».  Пропущено до следующего объявления., [2015-03-18T15:28:12+0400] [WARNING] Неизвестный псевдокласс или псевдоэлемент «-webkit-search-cancel-button».  Набор правил проигнорирован из-за плохого селектора., [2015-03-18T15:28:12+0400] [WARNING] Неизвестное свойство «-moz-border-radius».  Потерянное объявление., [2015-03-18T15:28:12+0400] [WARNING] Неизвестное свойство «-moz-box-shadow».  Потерянное объявление., [2015-03-18T15:28:12+0400] [WARNING] Ошибка при парсинге значения «background».  Потерянное объявление., [2015-03-18T15:28:12+0400] [WARNING] Ошибка при парсинге значения «background».  Потерянное объявление., [2015-03-18T15:28:12+0400] [WARNING] Ошибка при парсинге значения «background».  Потерянное объявление., [2015-03-18T15:28:12+0400] [WARNING] Ошибка при парсинге значения «background».  Потерянное объявление., [2015-03-18T15:28:12+0400] [WARNING] Ожидалось «none», «URL» или функция фильтра, но найдено «progid».  Ошибка при парсинге значения «filter».  Потерянное объявление., [2015-03-18T15:28:12+0400] [WARNING] Ожидалось «none», «URL» или функция фильтра, но найдено «progid».  Ошибка при парсинге значения «filter».  Потерянное объявление., [2015-03-18T15:28:12+0400] [WARNING] Неизвестный псевдокласс или псевдоэлемент «selection».  Набор правил проигнорирован из-за плохого селектора., [2015-03-18T15:28:12+0400] [WARNING] Ошибка при парсинге значения «font».  Потерянное объявление., [2015-03-18T15:28:12+0400] [WARNING] Неизвестный псевдокласс или псевдоэлемент «-webkit-input-placeholder».  Набор правил проигнорирован из-за плохого селектора., [2015-03-18T15:28:12+0400] [WARNING] Неизвестный псевдокласс или псевдоэлемент «-ms-input-placeholder».  Набор правил проигнорирован из-за плохого селектора., [2015-03-18T15:28:12+0400] [WARNING] Неизвестное свойство «-moz-box-shadow».  Потерянное объявление., [2015-03-18T15:28:12+0400] [WARNING] Неизвестное свойство «-moz-border-radius».  Потерянное объявление., [2015-03-18T15:28:12+0400] [WARNING] Ожидалось объявление, но найдено «*».  Пропущено до следующего объявления., [2015-03-18T15:28:12+0400] [WARNING] Ожидалось объявление, но найдено «*».  Пропущено до следующего объявления., [2015-03-18T15:28:12+0400] [WARNING] Ожидалось имя медиа-функции, но найдено «-o-min-device-pixel-ratio»., [2015-03-18T15:28:12+0400] [WARNING] Ожидалось имя медиа-функции, но найдено «-webkit-min-device-pixel-ratio»., [2015-03-18T15:28:12+0400] [WARNING] Ошибка при парсинге значения «background».  Потерянное объявление., [2015-03-18T15:28:12+0400] [WARNING] Ошибка при парсинге значения «background».  Потерянное объявление., [2015-03-18T15:28:12+0400] [WARNING] Ошибка при парсинге значения «background».  Потерянное объявление., [2015-03-18T15:28:12+0400] [WARNING] Ожидалось определение цвета, но найдено «top».  Ошибка при парсинге значения «background».  Потерянное объявление., [2015-03-18T15:28:12+0400] [WARNING] Ошибка при парсинге значения «background».  Потерянное объявление., [2015-03-18T15:28:12+0400] [WARNING] Ошибка при парсинге значения «background».  Потерянное объявление., [2015-03-18T15:28:12+0400] [WARNING] Ошибка при парсинге значения «background».  Потерянное объявление., [2015-03-18T15:28:12+0400] [WARNING] Ожидалось определение цвета, но найдено «bottom».  Ошибка при парсинге значения «background».  Потерянное объявление., [2015-03-18T15:28:12+0400] [WARNING] Ошибка при парсинге значения «background».  Потерянное объявление., [2015-03-18T15:28:12+0400] [WARNING] Ошибка при парсинге значения «background».  Потерянное объявление., [2015-03-18T15:28:12+0400] [WARNING] Ошибка при парсинге значения «background».  Потерянное объявление., [2015-03-18T15:28:12+0400] [WARNING] Ошибка при парсинге значения «background».  Потерянное объявление., [2015-03-18T15:28:12+0400] [WARNING] Ошибка при парсинге значения «background».  Потерянное объявление., [2015-03-18T15:28:12+0400] [WARNING] Ошибка при парсинге значения «background».  Потерянное объявление., [2015-03-18T15:28:12+0400] [WARNING] Неизвестное свойство «speak».  Потерянное объявление., [2015-03-18T15:28:12+0400] [WARNING] Неизвестное свойство «user-select».  Потерянное объявление., [2015-03-18T15:28:12+0400] [WARNING] Неизвестное свойство «user-select».  Потерянное объявление., [2015-03-18T15:28:12+0400] [WARNING] Неизвестное свойство «user-select».  Потерянное объявление., [2015-03-18T15:28:12+0400] [WARNING] Using //@ to indicate sourceMappingURL pragmas is deprecated. Use //# instead, [2015-03-18T15:28:12+0400] [WARNING] Ожидалось имя медиа-функции, но найдено «touch-enabled»., [2015-03-18T15:28:12+0400] [WARNING] Ожидалось имя медиа-функции, но найдено «-webkit-touch-enabled»., [2015-03-18T15:28:12+0400] [WARNING] Ожидалось имя медиа-функции, но найдено «-o-touch-enabled»., [2015-03-18T15:28:12+0400] [WARNING] Ожидалось имя медиа-функции, но найдено «-ms-touch-enabled»., [2015-03-18T15:28:12+0400] [WARNING] Ожидалось имя медиа-функции, но найдено «modernizr»., [2015-03-18T15:28:12+0400] [WARNING] Неизвестное свойство «-moz-opacity».  Потерянное объявление., [2015-03-18T15:28:12+0400] [WARNING] Ошибка при парсинге значения «background-image».  Потерянное объявление., [2015-03-18T15:28:12+0400] [WARNING] Ожидалось определение цвета, но найдено «left».  Ошибка при парсинге значения «background-image».  Потерянное объявление., [2015-03-18T15:28:12+0400] [WARNING] Ошибка при парсинге значения «background-image».  Потерянное объявление., [2015-03-18T15:28:12+0400] [WARNING] Ошибка при парсинге значения «background-image».  Потерянное объявление., [2015-03-18T15:28:12+0400] [WARNING] Ошибка при парсинге значения «background-image».  Потерянное объявление., [2015-03-18T15:28:12+0400] [INFO] Blocklist::_loadBlocklistFromFile: blocklist is disabled
, [2015-03-18T15:28:13+0400] [WARNING] Метод getPreventDefault() является устаревшим. Для его замены используйте метод defaultPrevented.]>
	at org.junit.Assert.fail(Assert.java:88)
	at org.junit.Assert.failNotEquals(Assert.java:743)
	at org.junit.Assert.assertEquals(Assert.java:118)
	at org.junit.Assert.assertEquals(Assert.java:144)
	at home.JS_error.testUntitled4(JS_error.java:43)
]]></failure>
    <system-out><![CDATA[...
... TestNG 6.8.9beta by C?dric Beust (cedric@beust.com)
...

Could not read chrome manifest 'file:///C:/Program%20Files%20(x86)/Mozilla%20Firefox/chrome.manifest'.

1426678089556	addons.manager	DEBUG	Loaded provider scope for resource://gre/modules/addons/XPIProvider.jsm: ["XPIProvider"]

1426678089557	addons.manager	DEBUG	Loaded provider scope for resource://gre/modules/LightweightThemeManager.jsm: ["LightweightThemeManager"]

1426678089559	addons.xpi	DEBUG	startup

1426678089560	addons.xpi	INFO	Mapping fxdriver@googlecode.com to C:\Users\Lana\AppData\Local\Temp\anonymous8763948926817190982webdriver-profile\extensions\fxdriver@googlecode.com

1426678089560	addons.xpi	DEBUG	Ignoring file entry whose name is not a valid add-on ID: C:\Users\Lana\AppData\Local\Temp\anonymous8763948926817190982webdriver-profile\extensions\webdriver-staging

1426678089561	addons.xpi	INFO	Mapping {972ce4c6-7e08-4474-a285-3208198ce6fd} to C:\Program Files (x86)\Mozilla Firefox\browser\extensions\{972ce4c6-7e08-4474-a285-3208198ce6fd}

1426678089561	addons.xpi	DEBUG	Skipping unavailable install location app-system-share

1426678089561	addons.xpi	DEBUG	Skipping unavailable install location app-system-local

1426678089562	addons.xpi	DEBUG	checkForChanges

1426678089562	addons.xpi	DEBUG	Loaded add-on state from prefs: {"app-profile":{"fxdriver@googlecode.com":{"d":"C:\\Users\\Lana\\AppData\\Local\\Temp\\anonymous8763948926817190982webdriver-profile\\extensions\\fxdriver@googlecode.com","e":true,"v":"2.45.0","st":1426678085500,"mt":1426678085328}},"app-global":{"{972ce4c6-7e08-4474-a285-3208198ce6fd}":{"d":"C:\\Program Files (x86)\\Mozilla Firefox\\browser\\extensions\\{972ce4c6-7e08-4474-a285-3208198ce6fd}","e":true,"v":"36.0.1","st":1425627516144,"mt":1425627515938}}}

1426678089563	addons.xpi	DEBUG	getModTime: Recursive scan of fxdriver@googlecode.com

1426678089568	addons.xpi	DEBUG	getModTime: Recursive scan of {972ce4c6-7e08-4474-a285-3208198ce6fd}

1426678089569	addons.xpi	DEBUG	getInstallState changed: false, state: {"app-profile":{"fxdriver@googlecode.com":{"d":"C:\\Users\\Lana\\AppData\\Local\\Temp\\anonymous8763948926817190982webdriver-profile\\extensions\\fxdriver@googlecode.com","e":true,"v":"2.45.0","st":1426678085500,"mt":1426678085328}},"app-global":{"{972ce4c6-7e08-4474-a285-3208198ce6fd}":{"d":"C:\\Program Files (x86)\\Mozilla Firefox\\browser\\extensions\\{972ce4c6-7e08-4474-a285-3208198ce6fd}","e":true,"v":"36.0.1","st":1425627516144,"mt":1425627515938}}}

1426678089570	addons.xpi	DEBUG	No changes found

1426678089573	addons.manager	DEBUG	Registering shutdown blocker for XPIProvider

1426678089573	addons.manager	DEBUG	Registering shutdown blocker for LightweightThemeManager

1426678089574	addons.manager	DEBUG	Registering shutdown blocker for OpenH264Provider

1426678089574	addons.manager	DEBUG	Registering shutdown blocker for PluginProvider

Trying to re-register CID '{e26dbdcd-d3ba-4ded-88c3-6cb07ee3e9e0}' already registered by file:///C:/Users/Lana/AppData/Local/Temp/anonymous8763948926817190982webdriver-profile/extensions/fxdriver@googlecode.com/components/prompt-service.js.
Native module at path 'C:\Users\Lana\AppData\Local\Temp\anonymous8763948926817190982webdriver-profile\extensions\fxdriver@googlecode.com\platform\WINNT_x86-msvc\components\webdriver-firefox-latest.dll' is incompatible with this version of Firefox, has version 34, expected 36.

Native module at path 'C:\Users\Lana\AppData\Local\Temp\anonymous8763948926817190982webdriver-profile\extensions\fxdriver@googlecode.com\platform\WINNT_x86-msvc\components\imehandler.dll' doesn't export symbol `NSModule`.

Could not read chrome manifest 'file:///C:/Program%20Files%20(x86)/Mozilla%20Firefox/browser/extensions/%7B972ce4c6-7e08-4474-a285-3208198ce6fd%7D/chrome.manifest'.

Warning: unrecognized command line flag -foreground

1426678090640	addons.xpi-utils	DEBUG	Starting async load of XPI database C:\Users\Lana\AppData\Local\Temp\anonymous8763948926817190982webdriver-profile\extensions.json

Blocklist::_preloadBlocklistFile: blocklist is disabled

1426678091073	addons.manager	DEBUG	Registering shutdown blocker for <unnamed-provider>

1426678091074	addons.xpi-utils	DEBUG	Async JSON file read took 0 MS

1426678091074	addons.xpi-utils	DEBUG	Finished async read of XPI database, parsing...

1426678091075	addons.xpi-utils	DEBUG	Successfully read XPI database

1426678091234	addons.repository	DEBUG	No addons.json found.

1426678091235	DeferredSave.addons.json	DEBUG	Save changes

1426678091237	DeferredSave.addons.json	DEBUG	Starting timer

1426678091301	DeferredSave.addons.json	DEBUG	Starting write

1426678091317	DeferredSave.addons.json	DEBUG	Write succeeded

Ожидалось объявление, но найдено «*».  Пропущено до следующего объявления.
Ожидалось объявление, но найдено «*».  Пропущено до следующего объявления.
Ожидалось объявление, но найдено «*».  Пропущено до следующего объявления.
Ожидалось объявление, но найдено «*».  Пропущено до следующего объявления.
Ожидалось объявление, но найдено «*».  Пропущено до следующего объявления.
Ожидалось объявление, но найдено «*».  Пропущено до следующего объявления.
Ожидалось объявление, но найдено «*».  Пропущено до следующего объявления.
Неизвестный псевдокласс или псевдоэлемент «-webkit-search-cancel-button».  Набор правил проигнорирован из-за плохого селектора.
Неизвестное свойство «-moz-border-radius».  Потерянное объявление.
Неизвестное свойство «-moz-box-shadow».  Потерянное объявление.
Ошибка при парсинге значения «background».  Потерянное объявление.
Ошибка при парсинге значения «background».  Потерянное объявление.
Ошибка при парсинге значения «background».  Потерянное объявление.
Ошибка при парсинге значения «background».  Потерянное объявление.
Ожидалось «none», «URL» или функция фильтра, но найдено «progid».  Ошибка при парсинге значения «filter».  Потерянное объявление.
Ожидалось «none», «URL» или функция фильтра, но найдено «progid».  Ошибка при парсинге значения «filter».  Потерянное объявление.
Неизвестный псевдокласс или псевдоэлемент «selection».  Набор правил проигнорирован из-за плохого селектора.
Ошибка при парсинге значения «font».  Потерянное объявление.
Неизвестный псевдокласс или псевдоэлемент «-webkit-input-placeholder».  Набор правил проигнорирован из-за плохого селектора.
Неизвестный псевдокласс или псевдоэлемент «-ms-input-placeholder».  Набор правил проигнорирован из-за плохого селектора.
Неизвестное свойство «-moz-box-shadow».  Потерянное объявление.
Неизвестное свойство «-moz-border-radius».  Потерянное объявление.
Ожидалось объявление, но найдено «*».  Пропущено до следующего объявления.
Ожидалось объявление, но найдено «*».  Пропущено до следующего объявления.
Ожидалось имя медиа-функции, но найдено «-o-min-device-pixel-ratio».
Ожидалось имя медиа-функции, но найдено «-webkit-min-device-pixel-ratio».
Ошибка при парсинге значения «background».  Потерянное объявление.
Ошибка при парсинге значения «background».  Потерянное объявление.
Ошибка при парсинге значения «background».  Потерянное объявление.
Ожидалось определение цвета, но найдено «top».  Ошибка при парсинге значения «background».  Потерянное объявление.
Ошибка при парсинге значения «background».  Потерянное объявление.
Ошибка при парсинге значения «background».  Потерянное объявление.
Ошибка при парсинге значения «background».  Потерянное объявление.
Ожидалось определение цвета, но найдено «bottom».  Ошибка при парсинге значения «background».  Потерянное объявление.
Ошибка при парсинге значения «background».  Потерянное объявление.
Ошибка при парсинге значения «background».  Потерянное объявление.
Ошибка при парсинге значения «background».  Потерянное объявление.
Ошибка при парсинге значения «background».  Потерянное объявление.
Ошибка при парсинге значения «background».  Потерянное объявление.
Ошибка при парсинге значения «background».  Потерянное объявление.
Неизвестное свойство «speak».  Потерянное объявление.
Неизвестное свойство «user-select».  Потерянное объявление.
Неизвестное свойство «user-select».  Потерянное объявление.
Неизвестное свойство «user-select».  Потерянное объявление.
Using //@ to indicate sourceMappingURL pragmas is deprecated. Use //# instead
Ожидалось имя медиа-функции, но найдено «touch-enabled».
Ожидалось имя медиа-функции, но найдено «-webkit-touch-enabled».
Ожидалось имя медиа-функции, но найдено «-o-touch-enabled».
Ожидалось имя медиа-функции, но найдено «-ms-touch-enabled».
Ожидалось имя медиа-функции, но найдено «modernizr».
Неизвестное свойство «-moz-opacity».  Потерянное объявление.
Ошибка при парсинге значения «background-image».  Потерянное объявление.
Ожидалось определение цвета, но найдено «left».  Ошибка при парсинге значения «background-image».  Потерянное объявление.
Ошибка при парсинге значения «background-image».  Потерянное объявление.
Ошибка при парсинге значения «background-image».  Потерянное объявление.
Ошибка при парсинге значения «background-image».  Потерянное объявление.
Blocklist::_loadBlocklistFromFile: blocklist is disabled

Метод getPreventDefault() является устаревшим. Для его замены используйте метод defaultPrevented.
]]></system-out>
  </testcase>
  <testcase name="testUntitled4" classname="about.JS_error" time="1.33">
    <failure message="expected:&lt;[]&gt; but was:&lt;[[2015-03-18T15:28:19+0400] [INFO] Could not read chrome manifest &apos;file:///C:/Program%20Files%20(x86)/Mozilla%20Firefox/chrome.manifest&apos;.&#10;, [2015-03-18T15:28:19+0400] [INFO] 1426678098833	addons.manager	DEBUG	Loaded provider scope for resource://gre/modules/addons/XPIProvider.jsm: [&quot;XPIProvider&quot;]&#10;, [2015-03-18T15:28:19+0400] [INFO] 1426678098835	addons.manager	DEBUG	Loaded provider scope for resource://gre/modules/LightweightThemeManager.jsm: [&quot;LightweightThemeManager&quot;]&#10;, [2015-03-18T15:28:19+0400] [INFO] 1426678098837	addons.xpi	DEBUG	startup&#10;, [2015-03-18T15:28:19+0400] [INFO] 1426678098838	addons.xpi	INFO	Mapping fxdriver@googlecode.com to C:\Users\Lana\AppData\Local\Temp\anonymous8351116898061660053webdriver-profile\extensions\fxdriver@googlecode.com&#10;, [2015-03-18T15:28:19+0400] [INFO] 1426678098838	addons.xpi	DEBUG	Ignoring file entry whose name is not a valid add-on ID: C:\Users\Lana\AppData\Local\Temp\anonymous8351116898061660053webdriver-profile\extensions\webdriver-staging&#10;, [2015-03-18T15:28:19+0400] [INFO] 1426678098839	addons.xpi	INFO	Mapping {972ce4c6-7e08-4474-a285-3208198ce6fd} to C:\Program Files (x86)\Mozilla Firefox\browser\extensions\{972ce4c6-7e08-4474-a285-3208198ce6fd}&#10;, [2015-03-18T15:28:19+0400] [INFO] 1426678098839	addons.xpi	DEBUG	Skipping unavailable install location app-system-share&#10;, [2015-03-18T15:28:19+0400] [INFO] 1426678098840	addons.xpi	DEBUG	Skipping unavailable install location app-system-local&#10;, [2015-03-18T15:28:19+0400] [INFO] 1426678098840	addons.xpi	DEBUG	checkForChanges&#10;, [2015-03-18T15:28:19+0400] [INFO] 1426678098840	addons.xpi	DEBUG	Loaded add-on state from prefs: {&quot;app-profile&quot;:{&quot;fxdriver@googlecode.com&quot;:{&quot;d&quot;:&quot;C:\\Users\\Lana\\AppData\\Local\\Temp\\anonymous8351116898061660053webdriver-profile\\extensions\\fxdriver@googlecode.com&quot;,&quot;e&quot;:true,&quot;v&quot;:&quot;2.45.0&quot;,&quot;st&quot;:1426678095100,&quot;mt&quot;:1426678094928}},&quot;app-global&quot;:{&quot;{972ce4c6-7e08-4474-a285-3208198ce6fd}&quot;:{&quot;d&quot;:&quot;C:\\Program Files (x86)\\Mozilla Firefox\\browser\\extensions\\{972ce4c6-7e08-4474-a285-3208198ce6fd}&quot;,&quot;e&quot;:true,&quot;v&quot;:&quot;36.0.1&quot;,&quot;st&quot;:1425627516144,&quot;mt&quot;:1425627515938}}}&#10;, [2015-03-18T15:28:19+0400] [INFO] 1426678098841	addons.xpi	DEBUG	getModTime: Recursive scan of fxdriver@googlecode.com&#10;, [2015-03-18T15:28:19+0400] [INFO] 1426678098847	addons.xpi	DEBUG	getModTime: Recursive scan of {972ce4c6-7e08-4474-a285-3208198ce6fd}&#10;, [2015-03-18T15:28:19+0400] [INFO] 1426678098847	addons.xpi	DEBUG	getInstallState changed: false, state: {&quot;app-profile&quot;:{&quot;fxdriver@googlecode.com&quot;:{&quot;d&quot;:&quot;C:\\Users\\Lana\\AppData\\Local\\Temp\\anonymous8351116898061660053webdriver-profile\\extensions\\fxdriver@googlecode.com&quot;,&quot;e&quot;:true,&quot;v&quot;:&quot;2.45.0&quot;,&quot;st&quot;:1426678095100,&quot;mt&quot;:1426678094928}},&quot;app-global&quot;:{&quot;{972ce4c6-7e08-4474-a285-3208198ce6fd}&quot;:{&quot;d&quot;:&quot;C:\\Program Files (x86)\\Mozilla Firefox\\browser\\extensions\\{972ce4c6-7e08-4474-a285-3208198ce6fd}&quot;,&quot;e&quot;:true,&quot;v&quot;:&quot;36.0.1&quot;,&quot;st&quot;:1425627516144,&quot;mt&quot;:1425627515938}}}&#10;, [2015-03-18T15:28:19+0400] [INFO] 1426678098848	addons.xpi	DEBUG	No changes found&#10;, [2015-03-18T15:28:19+0400] [INFO] 1426678098851	addons.manager	DEBUG	Registering shutdown blocker for XPIProvider&#10;, [2015-03-18T15:28:19+0400] [INFO] 1426678098852	addons.manager	DEBUG	Registering shutdown blocker for LightweightThemeManager&#10;, [2015-03-18T15:28:19+0400] [INFO] 1426678098853	addons.manager	DEBUG	Registering shutdown blocker for OpenH264Provider&#10;, [2015-03-18T15:28:19+0400] [INFO] 1426678098853	addons.manager	DEBUG	Registering shutdown blocker for PluginProvider&#10;, [2015-03-18T15:28:19+0400] [WARNING] Trying to re-register CID &apos;{e26dbdcd-d3ba-4ded-88c3-6cb07ee3e9e0}&apos; already registered by file:///C:/Users/Lana/AppData/Local/Temp/anonymous8351116898061660053webdriver-profile/extensions/fxdriver@googlecode.com/components/prompt-service.js., [2015-03-18T15:28:19+0400] [INFO] Native module at path &apos;C:\Users\Lana\AppData\Local\Temp\anonymous8351116898061660053webdriver-profile\extensions\fxdriver@googlecode.com\platform\WINNT_x86-msvc\components\webdriver-firefox-latest.dll&apos; is incompatible with this version of Firefox, has version 34, expected 36.&#10;, [2015-03-18T15:28:19+0400] [INFO] Native module at path &apos;C:\Users\Lana\AppData\Local\Temp\anonymous8351116898061660053webdriver-profile\extensions\fxdriver@googlecode.com\platform\WINNT_x86-msvc\components\imehandler.dll&apos; doesn&apos;t export symbol `NSModule`.&#10;, [2015-03-18T15:28:19+0400] [INFO] Could not read chrome manifest &apos;file:///C:/Program%20Files%20(x86)/Mozilla%20Firefox/browser/extensions/%7B972ce4c6-7e08-4474-a285-3208198ce6fd%7D/chrome.manifest&apos;.&#10;, [2015-03-18T15:28:19+0400] [INFO] Warning: unrecognized command line flag -foreground&#10;, [2015-03-18T15:28:20+0400] [INFO] 1426678099911	addons.xpi-utils	DEBUG	Starting async load of XPI database C:\Users\Lana\AppData\Local\Temp\anonymous8351116898061660053webdriver-profile\extensions.json&#10;, [2015-03-18T15:28:20+0400] [INFO] Blocklist::_preloadBlocklistFile: blocklist is disabled&#10;, [2015-03-18T15:28:20+0400] [INFO] 1426678100311	addons.manager	DEBUG	Registering shutdown blocker for &lt;unnamed-provider&gt;&#10;, [2015-03-18T15:28:20+0400] [INFO] 1426678100313	addons.xpi-utils	DEBUG	Async JSON file read took 0 MS&#10;, [2015-03-18T15:28:20+0400] [INFO] 1426678100313	addons.xpi-utils	DEBUG	Finished async read of XPI database, parsing...&#10;, [2015-03-18T15:28:20+0400] [INFO] 1426678100314	addons.xpi-utils	DEBUG	Successfully read XPI database&#10;, [2015-03-18T15:28:20+0400] [INFO] 1426678100432	addons.repository	DEBUG	No addons.json found.&#10;, [2015-03-18T15:28:20+0400] [INFO] 1426678100433	DeferredSave.addons.json	DEBUG	Save changes&#10;, [2015-03-18T15:28:20+0400] [INFO] 1426678100435	DeferredSave.addons.json	DEBUG	Starting timer&#10;, [2015-03-18T15:28:20+0400] [INFO] 1426678100494	DeferredSave.addons.json	DEBUG	Starting write&#10;, [2015-03-18T15:28:20+0400] [INFO] 1426678100508	DeferredSave.addons.json	DEBUG	Write succeeded&#10;, [2015-03-18T15:28:21+0400] [WARNING] Ожидалось объявление, но найдено «*».  Пропущено до следующего объявления., [2015-03-18T15:28:21+0400] [WARNING] Ожидалось объявление, но найдено «*».  Пропущено до следующего объявления., [2015-03-18T15:28:21+0400] [WARNING] Ожидалось объявление, но найдено «*».  Пропущено до следующего объявления., [2015-03-18T15:28:21+0400] [WARNING] Ожидалось объявление, но найдено «*».  Пропущено до следующего объявления., [2015-03-18T15:28:21+0400] [WARNING] Ожидалось объявление, но найдено «*».  Пропущено до следующего объявления., [2015-03-18T15:28:21+0400] [WARNING] Ожидалось объявление, но найдено «*».  Пропущено до следующего объявления., [2015-03-18T15:28:21+0400] [WARNING] Ожидалось объявление, но найдено «*».  Пропущено до следующего объявления., [2015-03-18T15:28:21+0400] [WARNING] Неизвестный псевдокласс или псевдоэлемент «-webkit-search-cancel-button».  Набор правил проигнорирован из-за плохого селектора., [2015-03-18T15:28:21+0400] [WARNING] Неизвестное свойство «-moz-border-radius».  Потерянное объявление., [2015-03-18T15:28:21+0400] [WARNING] Неизвестное свойство «-moz-box-shadow».  Потерянное объявление., [2015-03-18T15:28:21+0400] [WARNING] Ошибка при парсинге значения «background».  Потерянное объявление., [2015-03-18T15:28:21+0400] [WARNING] Ошибка при парсинге значения «background».  Потерянное объявление., [2015-03-18T15:28:21+0400] [WARNING] Ошибка при парсинге значения «background».  Потерянное объявление., [2015-03-18T15:28:21+0400] [WARNING] Ошибка при парсинге значения «background».  Потерянное объявление., [2015-03-18T15:28:21+0400] [WARNING] Ожидалось «none», «URL» или функция фильтра, но найдено «progid».  Ошибка при парсинге значения «filter».  Потерянное объявление., [2015-03-18T15:28:21+0400] [WARNING] Ожидалось «none», «URL» или функция фильтра, но найдено «progid».  Ошибка при парсинге значения «filter».  Потерянное объявление., [2015-03-18T15:28:21+0400] [WARNING] Неизвестный псевдокласс или псевдоэлемент «selection».  Набор правил проигнорирован из-за плохого селектора., [2015-03-18T15:28:21+0400] [WARNING] Ошибка при парсинге значения «font».  Потерянное объявление., [2015-03-18T15:28:21+0400] [WARNING] Неизвестный псевдокласс или псевдоэлемент «-webkit-input-placeholder».  Набор правил проигнорирован из-за плохого селектора., [2015-03-18T15:28:21+0400] [WARNING] Неизвестный псевдокласс или псевдоэлемент «-ms-input-placeholder».  Набор правил проигнорирован из-за плохого селектора., [2015-03-18T15:28:21+0400] [WARNING] Неизвестное свойство «-moz-box-shadow».  Потерянное объявление., [2015-03-18T15:28:21+0400] [WARNING] Неизвестное свойство «-moz-border-radius».  Потерянное объявление., [2015-03-18T15:28:21+0400] [WARNING] Ожидалось объявление, но найдено «*».  Пропущено до следующего объявления., [2015-03-18T15:28:21+0400] [WARNING] Ожидалось объявление, но найдено «*».  Пропущено до следующего объявления., [2015-03-18T15:28:21+0400] [WARNING] Ожидалось имя медиа-функции, но найдено «-o-min-device-pixel-ratio»., [2015-03-18T15:28:21+0400] [WARNING] Ожидалось имя медиа-функции, но найдено «-webkit-min-device-pixel-ratio»., [2015-03-18T15:28:21+0400] [WARNING] Ошибка при парсинге значения «background».  Потерянное объявление., [2015-03-18T15:28:21+0400] [WARNING] Ошибка при парсинге значения «background».  Потерянное объявление., [2015-03-18T15:28:21+0400] [WARNING] Ошибка при парсинге значения «background».  Потерянное объявление., [2015-03-18T15:28:21+0400] [WARNING] Ожидалось определение цвета, но найдено «top».  Ошибка при парсинге значения «background».  Потерянное объявление., [2015-03-18T15:28:21+0400] [WARNING] Ошибка при парсинге значения «background».  Потерянное объявление., [2015-03-18T15:28:21+0400] [WARNING] Ошибка при парсинге значения «background».  Потерянное объявление., [2015-03-18T15:28:21+0400] [WARNING] Ошибка при парсинге значения «background».  Потерянное объявление., [2015-03-18T15:28:21+0400] [WARNING] Ожидалось определение цвета, но найдено «bottom».  Ошибка при парсинге значения «background».  Потерянное объявление., [2015-03-18T15:28:21+0400] [WARNING] Ошибка при парсинге значения «background».  Потерянное объявление., [2015-03-18T15:28:21+0400] [WARNING] Ошибка при парсинге значения «background».  Потерянное объявление., [2015-03-18T15:28:21+0400] [WARNING] Ошибка при парсинге значения «background».  Потерянное объявление., [2015-03-18T15:28:21+0400] [WARNING] Ошибка при парсинге значения «background».  Потерянное объявление., [2015-03-18T15:28:21+0400] [WARNING] Ошибка при парсинге значения «background».  Потерянное объявление., [2015-03-18T15:28:21+0400] [WARNING] Ошибка при парсинге значения «background».  Потерянное объявление., [2015-03-18T15:28:21+0400] [WARNING] Неизвестное свойство «speak».  Потерянное объявление., [2015-03-18T15:28:21+0400] [WARNING] Неизвестное свойство «user-select».  Потерянное объявление., [2015-03-18T15:28:21+0400] [WARNING] Неизвестное свойство «user-select».  Потерянное объявление., [2015-03-18T15:28:21+0400] [WARNING] Неизвестное свойство «user-select».  Потерянное объявление., [2015-03-18T15:28:21+0400] [WARNING] Using //@ to indicate sourceMappingURL pragmas is deprecated. Use //# instead, [2015-03-18T15:28:21+0400] [WARNING] Ожидалось имя медиа-функции, но найдено «touch-enabled»., [2015-03-18T15:28:21+0400] [WARNING] Ожидалось имя медиа-функции, но найдено «-webkit-touch-enabled»., [2015-03-18T15:28:21+0400] [WARNING] Ожидалось имя медиа-функции, но найдено «-o-touch-enabled»., [2015-03-18T15:28:21+0400] [WARNING] Ожидалось имя медиа-функции, но найдено «-ms-touch-enabled»., [2015-03-18T15:28:21+0400] [WARNING] Ожидалось имя медиа-функции, но найдено «modernizr»., [2015-03-18T15:28:21+0400] [WARNING] Неизвестное свойство «-moz-opacity».  Потерянное объявление., [2015-03-18T15:28:21+0400] [WARNING] Ошибка при парсинге значения «background-image».  Потерянное объявление., [2015-03-18T15:28:21+0400] [WARNING] Ожидалось определение цвета, но найдено «left».  Ошибка при парсинге значения «background-image».  Потерянное объявление., [2015-03-18T15:28:21+0400] [WARNING] Ошибка при парсинге значения «background-image».  Потерянное объявление., [2015-03-18T15:28:21+0400] [WARNING] Ошибка при парсинге значения «background-image».  Потерянное объявление., [2015-03-18T15:28:21+0400] [WARNING] Ошибка при парсинге значения «background-image».  Потерянное объявление., [2015-03-18T15:28:21+0400] [INFO] Blocklist::_loadBlocklistFromFile: blocklist is disabled&#10;, [2015-03-18T15:28:21+0400] [WARNING] Метод getPreventDefault() является устаревшим. Для его замены используйте метод defaultPrevented.]&gt;" type="java.lang.AssertionError"><![CDATA[java.lang.AssertionError: expected:<[]> but was:<[[2015-03-18T15:28:19+0400] [INFO] Could not read chrome manifest 'file:///C:/Program%20Files%20(x86)/Mozilla%20Firefox/chrome.manifest'.
, [2015-03-18T15:28:19+0400] [INFO] 1426678098833	addons.manager	DEBUG	Loaded provider scope for resource://gre/modules/addons/XPIProvider.jsm: ["XPIProvider"]
, [2015-03-18T15:28:19+0400] [INFO] 1426678098835	addons.manager	DEBUG	Loaded provider scope for resource://gre/modules/LightweightThemeManager.jsm: ["LightweightThemeManager"]
, [2015-03-18T15:28:19+0400] [INFO] 1426678098837	addons.xpi	DEBUG	startup
, [2015-03-18T15:28:19+0400] [INFO] 1426678098838	addons.xpi	INFO	Mapping fxdriver@googlecode.com to C:\Users\Lana\AppData\Local\Temp\anonymous8351116898061660053webdriver-profile\extensions\fxdriver@googlecode.com
, [2015-03-18T15:28:19+0400] [INFO] 1426678098838	addons.xpi	DEBUG	Ignoring file entry whose name is not a valid add-on ID: C:\Users\Lana\AppData\Local\Temp\anonymous8351116898061660053webdriver-profile\extensions\webdriver-staging
, [2015-03-18T15:28:19+0400] [INFO] 1426678098839	addons.xpi	INFO	Mapping {972ce4c6-7e08-4474-a285-3208198ce6fd} to C:\Program Files (x86)\Mozilla Firefox\browser\extensions\{972ce4c6-7e08-4474-a285-3208198ce6fd}
, [2015-03-18T15:28:19+0400] [INFO] 1426678098839	addons.xpi	DEBUG	Skipping unavailable install location app-system-share
, [2015-03-18T15:28:19+0400] [INFO] 1426678098840	addons.xpi	DEBUG	Skipping unavailable install location app-system-local
, [2015-03-18T15:28:19+0400] [INFO] 1426678098840	addons.xpi	DEBUG	checkForChanges
, [2015-03-18T15:28:19+0400] [INFO] 1426678098840	addons.xpi	DEBUG	Loaded add-on state from prefs: {"app-profile":{"fxdriver@googlecode.com":{"d":"C:\\Users\\Lana\\AppData\\Local\\Temp\\anonymous8351116898061660053webdriver-profile\\extensions\\fxdriver@googlecode.com","e":true,"v":"2.45.0","st":1426678095100,"mt":1426678094928}},"app-global":{"{972ce4c6-7e08-4474-a285-3208198ce6fd}":{"d":"C:\\Program Files (x86)\\Mozilla Firefox\\browser\\extensions\\{972ce4c6-7e08-4474-a285-3208198ce6fd}","e":true,"v":"36.0.1","st":1425627516144,"mt":1425627515938}}}
, [2015-03-18T15:28:19+0400] [INFO] 1426678098841	addons.xpi	DEBUG	getModTime: Recursive scan of fxdriver@googlecode.com
, [2015-03-18T15:28:19+0400] [INFO] 1426678098847	addons.xpi	DEBUG	getModTime: Recursive scan of {972ce4c6-7e08-4474-a285-3208198ce6fd}
, [2015-03-18T15:28:19+0400] [INFO] 1426678098847	addons.xpi	DEBUG	getInstallState changed: false, state: {"app-profile":{"fxdriver@googlecode.com":{"d":"C:\\Users\\Lana\\AppData\\Local\\Temp\\anonymous8351116898061660053webdriver-profile\\extensions\\fxdriver@googlecode.com","e":true,"v":"2.45.0","st":1426678095100,"mt":1426678094928}},"app-global":{"{972ce4c6-7e08-4474-a285-3208198ce6fd}":{"d":"C:\\Program Files (x86)\\Mozilla Firefox\\browser\\extensions\\{972ce4c6-7e08-4474-a285-3208198ce6fd}","e":true,"v":"36.0.1","st":1425627516144,"mt":1425627515938}}}
, [2015-03-18T15:28:19+0400] [INFO] 1426678098848	addons.xpi	DEBUG	No changes found
, [2015-03-18T15:28:19+0400] [INFO] 1426678098851	addons.manager	DEBUG	Registering shutdown blocker for XPIProvider
, [2015-03-18T15:28:19+0400] [INFO] 1426678098852	addons.manager	DEBUG	Registering shutdown blocker for LightweightThemeManager
, [2015-03-18T15:28:19+0400] [INFO] 1426678098853	addons.manager	DEBUG	Registering shutdown blocker for OpenH264Provider
, [2015-03-18T15:28:19+0400] [INFO] 1426678098853	addons.manager	DEBUG	Registering shutdown blocker for PluginProvider
, [2015-03-18T15:28:19+0400] [WARNING] Trying to re-register CID '{e26dbdcd-d3ba-4ded-88c3-6cb07ee3e9e0}' already registered by file:///C:/Users/Lana/AppData/Local/Temp/anonymous8351116898061660053webdriver-profile/extensions/fxdriver@googlecode.com/components/prompt-service.js., [2015-03-18T15:28:19+0400] [INFO] Native module at path 'C:\Users\Lana\AppData\Local\Temp\anonymous8351116898061660053webdriver-profile\extensions\fxdriver@googlecode.com\platform\WINNT_x86-msvc\components\webdriver-firefox-latest.dll' is incompatible with this version of Firefox, has version 34, expected 36.
, [2015-03-18T15:28:19+0400] [INFO] Native module at path 'C:\Users\Lana\AppData\Local\Temp\anonymous8351116898061660053webdriver-profile\extensions\fxdriver@googlecode.com\platform\WINNT_x86-msvc\components\imehandler.dll' doesn't export symbol `NSModule`.
, [2015-03-18T15:28:19+0400] [INFO] Could not read chrome manifest 'file:///C:/Program%20Files%20(x86)/Mozilla%20Firefox/browser/extensions/%7B972ce4c6-7e08-4474-a285-3208198ce6fd%7D/chrome.manifest'.
, [2015-03-18T15:28:19+0400] [INFO] Warning: unrecognized command line flag -foreground
, [2015-03-18T15:28:20+0400] [INFO] 1426678099911	addons.xpi-utils	DEBUG	Starting async load of XPI database C:\Users\Lana\AppData\Local\Temp\anonymous8351116898061660053webdriver-profile\extensions.json
, [2015-03-18T15:28:20+0400] [INFO] Blocklist::_preloadBlocklistFile: blocklist is disabled
, [2015-03-18T15:28:20+0400] [INFO] 1426678100311	addons.manager	DEBUG	Registering shutdown blocker for <unnamed-provider>
, [2015-03-18T15:28:20+0400] [INFO] 1426678100313	addons.xpi-utils	DEBUG	Async JSON file read took 0 MS
, [2015-03-18T15:28:20+0400] [INFO] 1426678100313	addons.xpi-utils	DEBUG	Finished async read of XPI database, parsing...
, [2015-03-18T15:28:20+0400] [INFO] 1426678100314	addons.xpi-utils	DEBUG	Successfully read XPI database
, [2015-03-18T15:28:20+0400] [INFO] 1426678100432	addons.repository	DEBUG	No addons.json found.
, [2015-03-18T15:28:20+0400] [INFO] 1426678100433	DeferredSave.addons.json	DEBUG	Save changes
, [2015-03-18T15:28:20+0400] [INFO] 1426678100435	DeferredSave.addons.json	DEBUG	Starting timer
, [2015-03-18T15:28:20+0400] [INFO] 1426678100494	DeferredSave.addons.json	DEBUG	Starting write
, [2015-03-18T15:28:20+0400] [INFO] 1426678100508	DeferredSave.addons.json	DEBUG	Write succeeded
, [2015-03-18T15:28:21+0400] [WARNING] Ожидалось объявление, но найдено «*».  Пропущено до следующего объявления., [2015-03-18T15:28:21+0400] [WARNING] Ожидалось объявление, но найдено «*».  Пропущено до следующего объявления., [2015-03-18T15:28:21+0400] [WARNING] Ожидалось объявление, но найдено «*».  Пропущено до следующего объявления., [2015-03-18T15:28:21+0400] [WARNING] Ожидалось объявление, но найдено «*».  Пропущено до следующего объявления., [2015-03-18T15:28:21+0400] [WARNING] Ожидалось объявление, но найдено «*».  Пропущено до следующего объявления., [2015-03-18T15:28:21+0400] [WARNING] Ожидалось объявление, но найдено «*».  Пропущено до следующего объявления., [2015-03-18T15:28:21+0400] [WARNING] Ожидалось объявление, но найдено «*».  Пропущено до следующего объявления., [2015-03-18T15:28:21+0400] [WARNING] Неизвестный псевдокласс или псевдоэлемент «-webkit-search-cancel-button».  Набор правил проигнорирован из-за плохого селектора., [2015-03-18T15:28:21+0400] [WARNING] Неизвестное свойство «-moz-border-radius».  Потерянное объявление., [2015-03-18T15:28:21+0400] [WARNING] Неизвестное свойство «-moz-box-shadow».  Потерянное объявление., [2015-03-18T15:28:21+0400] [WARNING] Ошибка при парсинге значения «background».  Потерянное объявление., [2015-03-18T15:28:21+0400] [WARNING] Ошибка при парсинге значения «background».  Потерянное объявление., [2015-03-18T15:28:21+0400] [WARNING] Ошибка при парсинге значения «background».  Потерянное объявление., [2015-03-18T15:28:21+0400] [WARNING] Ошибка при парсинге значения «background».  Потерянное объявление., [2015-03-18T15:28:21+0400] [WARNING] Ожидалось «none», «URL» или функция фильтра, но найдено «progid».  Ошибка при парсинге значения «filter».  Потерянное объявление., [2015-03-18T15:28:21+0400] [WARNING] Ожидалось «none», «URL» или функция фильтра, но найдено «progid».  Ошибка при парсинге значения «filter».  Потерянное объявление., [2015-03-18T15:28:21+0400] [WARNING] Неизвестный псевдокласс или псевдоэлемент «selection».  Набор правил проигнорирован из-за плохого селектора., [2015-03-18T15:28:21+0400] [WARNING] Ошибка при парсинге значения «font».  Потерянное объявление., [2015-03-18T15:28:21+0400] [WARNING] Неизвестный псевдокласс или псевдоэлемент «-webkit-input-placeholder».  Набор правил проигнорирован из-за плохого селектора., [2015-03-18T15:28:21+0400] [WARNING] Неизвестный псевдокласс или псевдоэлемент «-ms-input-placeholder».  Набор правил проигнорирован из-за плохого селектора., [2015-03-18T15:28:21+0400] [WARNING] Неизвестное свойство «-moz-box-shadow».  Потерянное объявление., [2015-03-18T15:28:21+0400] [WARNING] Неизвестное свойство «-moz-border-radius».  Потерянное объявление., [2015-03-18T15:28:21+0400] [WARNING] Ожидалось объявление, но найдено «*».  Пропущено до следующего объявления., [2015-03-18T15:28:21+0400] [WARNING] Ожидалось объявление, но найдено «*».  Пропущено до следующего объявления., [2015-03-18T15:28:21+0400] [WARNING] Ожидалось имя медиа-функции, но найдено «-o-min-device-pixel-ratio»., [2015-03-18T15:28:21+0400] [WARNING] Ожидалось имя медиа-функции, но найдено «-webkit-min-device-pixel-ratio»., [2015-03-18T15:28:21+0400] [WARNING] Ошибка при парсинге значения «background».  Потерянное объявление., [2015-03-18T15:28:21+0400] [WARNING] Ошибка при парсинге значения «background».  Потерянное объявление., [2015-03-18T15:28:21+0400] [WARNING] Ошибка при парсинге значения «background».  Потерянное объявление., [2015-03-18T15:28:21+0400] [WARNING] Ожидалось определение цвета, но найдено «top».  Ошибка при парсинге значения «background».  Потерянное объявление., [2015-03-18T15:28:21+0400] [WARNING] Ошибка при парсинге значения «background».  Потерянное объявление., [2015-03-18T15:28:21+0400] [WARNING] Ошибка при парсинге значения «background».  Потерянное объявление., [2015-03-18T15:28:21+0400] [WARNING] Ошибка при парсинге значения «background».  Потерянное объявление., [2015-03-18T15:28:21+0400] [WARNING] Ожидалось определение цвета, но найдено «bottom».  Ошибка при парсинге значения «background».  Потерянное объявление., [2015-03-18T15:28:21+0400] [WARNING] Ошибка при парсинге значения «background».  Потерянное объявление., [2015-03-18T15:28:21+0400] [WARNING] Ошибка при парсинге значения «background».  Потерянное объявление., [2015-03-18T15:28:21+0400] [WARNING] Ошибка при парсинге значения «background».  Потерянное объявление., [2015-03-18T15:28:21+0400] [WARNING] Ошибка при парсинге значения «background».  Потерянное объявление., [2015-03-18T15:28:21+0400] [WARNING] Ошибка при парсинге значения «background».  Потерянное объявление., [2015-03-18T15:28:21+0400] [WARNING] Ошибка при парсинге значения «background».  Потерянное объявление., [2015-03-18T15:28:21+0400] [WARNING] Неизвестное свойство «speak».  Потерянное объявление., [2015-03-18T15:28:21+0400] [WARNING] Неизвестное свойство «user-select».  Потерянное объявление., [2015-03-18T15:28:21+0400] [WARNING] Неизвестное свойство «user-select».  Потерянное объявление., [2015-03-18T15:28:21+0400] [WARNING] Неизвестное свойство «user-select».  Потерянное объявление., [2015-03-18T15:28:21+0400] [WARNING] Using //@ to indicate sourceMappingURL pragmas is deprecated. Use //# instead, [2015-03-18T15:28:21+0400] [WARNING] Ожидалось имя медиа-функции, но найдено «touch-enabled»., [2015-03-18T15:28:21+0400] [WARNING] Ожидалось имя медиа-функции, но найдено «-webkit-touch-enabled»., [2015-03-18T15:28:21+0400] [WARNING] Ожидалось имя медиа-функции, но найдено «-o-touch-enabled»., [2015-03-18T15:28:21+0400] [WARNING] Ожидалось имя медиа-функции, но найдено «-ms-touch-enabled»., [2015-03-18T15:28:21+0400] [WARNING] Ожидалось имя медиа-функции, но найдено «modernizr»., [2015-03-18T15:28:21+0400] [WARNING] Неизвестное свойство «-moz-opacity».  Потерянное объявление., [2015-03-18T15:28:21+0400] [WARNING] Ошибка при парсинге значения «background-image».  Потерянное объявление., [2015-03-18T15:28:21+0400] [WARNING] Ожидалось определение цвета, но найдено «left».  Ошибка при парсинге значения «background-image».  Потерянное объявление., [2015-03-18T15:28:21+0400] [WARNING] Ошибка при парсинге значения «background-image».  Потерянное объявление., [2015-03-18T15:28:21+0400] [WARNING] Ошибка при парсинге значения «background-image».  Потерянное объявление., [2015-03-18T15:28:21+0400] [WARNING] Ошибка при парсинге значения «background-image».  Потерянное объявление., [2015-03-18T15:28:21+0400] [INFO] Blocklist::_loadBlocklistFromFile: blocklist is disabled
, [2015-03-18T15:28:21+0400] [WARNING] Метод getPreventDefault() является устаревшим. Для его замены используйте метод defaultPrevented.]>
	at org.junit.Assert.fail(Assert.java:88)
	at org.junit.Assert.failNotEquals(Assert.java:743)
	at org.junit.Assert.assertEquals(Assert.java:118)
	at org.junit.Assert.assertEquals(Assert.java:144)
	at about.JS_error.testUntitled4(JS_error.java:43)
]]></failure>
    <system-out><![CDATA[Could not read chrome manifest 'file:///C:/Program%20Files%20(x86)/Mozilla%20Firefox/chrome.manifest'.

1426678098833	addons.manager	DEBUG	Loaded provider scope for resource://gre/modules/addons/XPIProvider.jsm: ["XPIProvider"]

1426678098835	addons.manager	DEBUG	Loaded provider scope for resource://gre/modules/LightweightThemeManager.jsm: ["LightweightThemeManager"]

1426678098837	addons.xpi	DEBUG	startup

1426678098838	addons.xpi	INFO	Mapping fxdriver@googlecode.com to C:\Users\Lana\AppData\Local\Temp\anonymous8351116898061660053webdriver-profile\extensions\fxdriver@googlecode.com

1426678098838	addons.xpi	DEBUG	Ignoring file entry whose name is not a valid add-on ID: C:\Users\Lana\AppData\Local\Temp\anonymous8351116898061660053webdriver-profile\extensions\webdriver-staging

1426678098839	addons.xpi	INFO	Mapping {972ce4c6-7e08-4474-a285-3208198ce6fd} to C:\Program Files (x86)\Mozilla Firefox\browser\extensions\{972ce4c6-7e08-4474-a285-3208198ce6fd}

1426678098839	addons.xpi	DEBUG	Skipping unavailable install location app-system-share

1426678098840	addons.xpi	DEBUG	Skipping unavailable install location app-system-local

1426678098840	addons.xpi	DEBUG	checkForChanges

1426678098840	addons.xpi	DEBUG	Loaded add-on state from prefs: {"app-profile":{"fxdriver@googlecode.com":{"d":"C:\\Users\\Lana\\AppData\\Local\\Temp\\anonymous8351116898061660053webdriver-profile\\extensions\\fxdriver@googlecode.com","e":true,"v":"2.45.0","st":1426678095100,"mt":1426678094928}},"app-global":{"{972ce4c6-7e08-4474-a285-3208198ce6fd}":{"d":"C:\\Program Files (x86)\\Mozilla Firefox\\browser\\extensions\\{972ce4c6-7e08-4474-a285-3208198ce6fd}","e":true,"v":"36.0.1","st":1425627516144,"mt":1425627515938}}}

1426678098841	addons.xpi	DEBUG	getModTime: Recursive scan of fxdriver@googlecode.com

1426678098847	addons.xpi	DEBUG	getModTime: Recursive scan of {972ce4c6-7e08-4474-a285-3208198ce6fd}

1426678098847	addons.xpi	DEBUG	getInstallState changed: false, state: {"app-profile":{"fxdriver@googlecode.com":{"d":"C:\\Users\\Lana\\AppData\\Local\\Temp\\anonymous8351116898061660053webdriver-profile\\extensions\\fxdriver@googlecode.com","e":true,"v":"2.45.0","st":1426678095100,"mt":1426678094928}},"app-global":{"{972ce4c6-7e08-4474-a285-3208198ce6fd}":{"d":"C:\\Program Files (x86)\\Mozilla Firefox\\browser\\extensions\\{972ce4c6-7e08-4474-a285-3208198ce6fd}","e":true,"v":"36.0.1","st":1425627516144,"mt":1425627515938}}}

1426678098848	addons.xpi	DEBUG	No changes found

1426678098851	addons.manager	DEBUG	Registering shutdown blocker for XPIProvider

1426678098852	addons.manager	DEBUG	Registering shutdown blocker for LightweightThemeManager

1426678098853	addons.manager	DEBUG	Registering shutdown blocker for OpenH264Provider

1426678098853	addons.manager	DEBUG	Registering shutdown blocker for PluginProvider

Trying to re-register CID '{e26dbdcd-d3ba-4ded-88c3-6cb07ee3e9e0}' already registered by file:///C:/Users/Lana/AppData/Local/Temp/anonymous8351116898061660053webdriver-profile/extensions/fxdriver@googlecode.com/components/prompt-service.js.
Native module at path 'C:\Users\Lana\AppData\Local\Temp\anonymous8351116898061660053webdriver-profile\extensions\fxdriver@googlecode.com\platform\WINNT_x86-msvc\components\webdriver-firefox-latest.dll' is incompatible with this version of Firefox, has version 34, expected 36.

Native module at path 'C:\Users\Lana\AppData\Local\Temp\anonymous8351116898061660053webdriver-profile\extensions\fxdriver@googlecode.com\platform\WINNT_x86-msvc\components\imehandler.dll' doesn't export symbol `NSModule`.

Could not read chrome manifest 'file:///C:/Program%20Files%20(x86)/Mozilla%20Firefox/browser/extensions/%7B972ce4c6-7e08-4474-a285-3208198ce6fd%7D/chrome.manifest'.

Warning: unrecognized command line flag -foreground

1426678099911	addons.xpi-utils	DEBUG	Starting async load of XPI database C:\Users\Lana\AppData\Local\Temp\anonymous8351116898061660053webdriver-profile\extensions.json

Blocklist::_preloadBlocklistFile: blocklist is disabled

1426678100311	addons.manager	DEBUG	Registering shutdown blocker for <unnamed-provider>

1426678100313	addons.xpi-utils	DEBUG	Async JSON file read took 0 MS

1426678100313	addons.xpi-utils	DEBUG	Finished async read of XPI database, parsing...

1426678100314	addons.xpi-utils	DEBUG	Successfully read XPI database

1426678100432	addons.repository	DEBUG	No addons.json found.

1426678100433	DeferredSave.addons.json	DEBUG	Save changes

1426678100435	DeferredSave.addons.json	DEBUG	Starting timer

1426678100494	DeferredSave.addons.json	DEBUG	Starting write

1426678100508	DeferredSave.addons.json	DEBUG	Write succeeded

Ожидалось объявление, но найдено «*».  Пропущено до следующего объявления.
Ожидалось объявление, но найдено «*».  Пропущено до следующего объявления.
Ожидалось объявление, но найдено «*».  Пропущено до следующего объявления.
Ожидалось объявление, но найдено «*».  Пропущено до следующего объявления.
Ожидалось объявление, но найдено «*».  Пропущено до следующего объявления.
Ожидалось объявление, но найдено «*».  Пропущено до следующего объявления.
Ожидалось объявление, но найдено «*».  Пропущено до следующего объявления.
Неизвестный псевдокласс или псевдоэлемент «-webkit-search-cancel-button».  Набор правил проигнорирован из-за плохого селектора.
Неизвестное свойство «-moz-border-radius».  Потерянное объявление.
Неизвестное свойство «-moz-box-shadow».  Потерянное объявление.
Ошибка при парсинге значения «background».  Потерянное объявление.
Ошибка при парсинге значения «background».  Потерянное объявление.
Ошибка при парсинге значения «background».  Потерянное объявление.
Ошибка при парсинге значения «background».  Потерянное объявление.
Ожидалось «none», «URL» или функция фильтра, но найдено «progid».  Ошибка при парсинге значения «filter».  Потерянное объявление.
Ожидалось «none», «URL» или функция фильтра, но найдено «progid».  Ошибка при парсинге значения «filter».  Потерянное объявление.
Неизвестный псевдокласс или псевдоэлемент «selection».  Набор правил проигнорирован из-за плохого селектора.
Ошибка при парсинге значения «font».  Потерянное объявление.
Неизвестный псевдокласс или псевдоэлемент «-webkit-input-placeholder».  Набор правил проигнорирован из-за плохого селектора.
Неизвестный псевдокласс или псевдоэлемент «-ms-input-placeholder».  Набор правил проигнорирован из-за плохого селектора.
Неизвестное свойство «-moz-box-shadow».  Потерянное объявление.
Неизвестное свойство «-moz-border-radius».  Потерянное объявление.
Ожидалось объявление, но найдено «*».  Пропущено до следующего объявления.
Ожидалось объявление, но найдено «*».  Пропущено до следующего объявления.
Ожидалось имя медиа-функции, но найдено «-o-min-device-pixel-ratio».
Ожидалось имя медиа-функции, но найдено «-webkit-min-device-pixel-ratio».
Ошибка при парсинге значения «background».  Потерянное объявление.
Ошибка при парсинге значения «background».  Потерянное объявление.
Ошибка при парсинге значения «background».  Потерянное объявление.
Ожидалось определение цвета, но найдено «top».  Ошибка при парсинге значения «background».  Потерянное объявление.
Ошибка при парсинге значения «background».  Потерянное объявление.
Ошибка при парсинге значения «background».  Потерянное объявление.
Ошибка при парсинге значения «background».  Потерянное объявление.
Ожидалось определение цвета, но найдено «bottom».  Ошибка при парсинге значения «background».  Потерянное объявление.
Ошибка при парсинге значения «background».  Потерянное объявление.
Ошибка при парсинге значения «background».  Потерянное объявление.
Ошибка при парсинге значения «background».  Потерянное объявление.
Ошибка при парсинге значения «background».  Потерянное объявление.
Ошибка при парсинге значения «background».  Потерянное объявление.
Ошибка при парсинге значения «background».  Потерянное объявление.
Неизвестное свойство «speak».  Потерянное объявление.
Неизвестное свойство «user-select».  Потерянное объявление.
Неизвестное свойство «user-select».  Потерянное объявление.
Неизвестное свойство «user-select».  Потерянное объявление.
Using //@ to indicate sourceMappingURL pragmas is deprecated. Use //# instead
Ожидалось имя медиа-функции, но найдено «touch-enabled».
Ожидалось имя медиа-функции, но найдено «-webkit-touch-enabled».
Ожидалось имя медиа-функции, но найдено «-o-touch-enabled».
Ожидалось имя медиа-функции, но найдено «-ms-touch-enabled».
Ожидалось имя медиа-функции, но найдено «modernizr».
Неизвестное свойство «-moz-opacity».  Потерянное объявление.
Ошибка при парсинге значения «background-image».  Потерянное объявление.
Ожидалось определение цвета, но найдено «left».  Ошибка при парсинге значения «background-image».  Потерянное объявление.
Ошибка при парсинге значения «background-image».  Потерянное объявление.
Ошибка при парсинге значения «background-image».  Потерянное объявление.
Ошибка при парсинге значения «background-image».  Потерянное объявление.
Blocklist::_loadBlocklistFromFile: blocklist is disabled

Метод getPreventDefault() является устаревшим. Для его замены используйте метод defaultPrevented.
]]></system-out>
  </testcase>
  <testcase name="testUntitled4" classname="clients.JS_error" time="4.829">
    <failure message="expected:&lt;[]&gt; but was:&lt;[[2015-03-18T15:28:30+0400] [INFO] Could not read chrome manifest &apos;file:///C:/Program%20Files%20(x86)/Mozilla%20Firefox/chrome.manifest&apos;.&#10;, [2015-03-18T15:28:30+0400] [INFO] 1426678108726	addons.manager	DEBUG	Loaded provider scope for resource://gre/modules/addons/XPIProvider.jsm: [&quot;XPIProvider&quot;]&#10;, [2015-03-18T15:28:30+0400] [INFO] 1426678108727	addons.manager	DEBUG	Loaded provider scope for resource://gre/modules/LightweightThemeManager.jsm: [&quot;LightweightThemeManager&quot;]&#10;, [2015-03-18T15:28:30+0400] [INFO] 1426678108730	addons.xpi	DEBUG	startup&#10;, [2015-03-18T15:28:30+0400] [INFO] 1426678108730	addons.xpi	INFO	Mapping fxdriver@googlecode.com to C:\Users\Lana\AppData\Local\Temp\anonymous6829217687290427937webdriver-profile\extensions\fxdriver@googlecode.com&#10;, [2015-03-18T15:28:30+0400] [INFO] 1426678108731	addons.xpi	DEBUG	Ignoring file entry whose name is not a valid add-on ID: C:\Users\Lana\AppData\Local\Temp\anonymous6829217687290427937webdriver-profile\extensions\webdriver-staging&#10;, [2015-03-18T15:28:30+0400] [INFO] 1426678108731	addons.xpi	INFO	Mapping {972ce4c6-7e08-4474-a285-3208198ce6fd} to C:\Program Files (x86)\Mozilla Firefox\browser\extensions\{972ce4c6-7e08-4474-a285-3208198ce6fd}&#10;, [2015-03-18T15:28:30+0400] [INFO] 1426678108732	addons.xpi	DEBUG	Skipping unavailable install location app-system-share&#10;, [2015-03-18T15:28:30+0400] [INFO] 1426678108732	addons.xpi	DEBUG	Skipping unavailable install location app-system-local&#10;, [2015-03-18T15:28:30+0400] [INFO] 1426678108732	addons.xpi	DEBUG	checkForChanges&#10;, [2015-03-18T15:28:30+0400] [INFO] 1426678108733	addons.xpi	DEBUG	Loaded add-on state from prefs: {&quot;app-profile&quot;:{&quot;fxdriver@googlecode.com&quot;:{&quot;d&quot;:&quot;C:\\Users\\Lana\\AppData\\Local\\Temp\\anonymous6829217687290427937webdriver-profile\\extensions\\fxdriver@googlecode.com&quot;,&quot;e&quot;:true,&quot;v&quot;:&quot;2.45.0&quot;,&quot;st&quot;:1426678103577,&quot;mt&quot;:1426678103420}},&quot;app-global&quot;:{&quot;{972ce4c6-7e08-4474-a285-3208198ce6fd}&quot;:{&quot;d&quot;:&quot;C:\\Program Files (x86)\\Mozilla Firefox\\browser\\extensions\\{972ce4c6-7e08-4474-a285-3208198ce6fd}&quot;,&quot;e&quot;:true,&quot;v&quot;:&quot;36.0.1&quot;,&quot;st&quot;:1425627516144,&quot;mt&quot;:1425627515938}}}&#10;, [2015-03-18T15:28:30+0400] [INFO] 1426678108733	addons.xpi	DEBUG	getModTime: Recursive scan of fxdriver@googlecode.com&#10;, [2015-03-18T15:28:30+0400] [INFO] 1426678108739	addons.xpi	DEBUG	getModTime: Recursive scan of {972ce4c6-7e08-4474-a285-3208198ce6fd}&#10;, [2015-03-18T15:28:30+0400] [INFO] 1426678108739	addons.xpi	DEBUG	getInstallState changed: false, state: {&quot;app-profile&quot;:{&quot;fxdriver@googlecode.com&quot;:{&quot;d&quot;:&quot;C:\\Users\\Lana\\AppData\\Local\\Temp\\anonymous6829217687290427937webdriver-profile\\extensions\\fxdriver@googlecode.com&quot;,&quot;e&quot;:true,&quot;v&quot;:&quot;2.45.0&quot;,&quot;st&quot;:1426678103577,&quot;mt&quot;:1426678103420}},&quot;app-global&quot;:{&quot;{972ce4c6-7e08-4474-a285-3208198ce6fd}&quot;:{&quot;d&quot;:&quot;C:\\Program Files (x86)\\Mozilla Firefox\\browser\\extensions\\{972ce4c6-7e08-4474-a285-3208198ce6fd}&quot;,&quot;e&quot;:true,&quot;v&quot;:&quot;36.0.1&quot;,&quot;st&quot;:1425627516144,&quot;mt&quot;:1425627515938}}}&#10;, [2015-03-18T15:28:30+0400] [INFO] 1426678108740	addons.xpi	DEBUG	No changes found&#10;, [2015-03-18T15:28:30+0400] [INFO] 1426678108743	addons.manager	DEBUG	Registering shutdown blocker for XPIProvider&#10;, [2015-03-18T15:28:30+0400] [INFO] 1426678108743	addons.manager	DEBUG	Registering shutdown blocker for LightweightThemeManager&#10;, [2015-03-18T15:28:30+0400] [INFO] 1426678108744	addons.manager	DEBUG	Registering shutdown blocker for OpenH264Provider&#10;, [2015-03-18T15:28:30+0400] [INFO] 1426678108745	addons.manager	DEBUG	Registering shutdown blocker for PluginProvider&#10;, [2015-03-18T15:28:30+0400] [WARNING] Trying to re-register CID &apos;{e26dbdcd-d3ba-4ded-88c3-6cb07ee3e9e0}&apos; already registered by file:///C:/Users/Lana/AppData/Local/Temp/anonymous6829217687290427937webdriver-profile/extensions/fxdriver@googlecode.com/components/prompt-service.js., [2015-03-18T15:28:30+0400] [INFO] Native module at path &apos;C:\Users\Lana\AppData\Local\Temp\anonymous6829217687290427937webdriver-profile\extensions\fxdriver@googlecode.com\platform\WINNT_x86-msvc\components\webdriver-firefox-latest.dll&apos; is incompatible with this version of Firefox, has version 34, expected 36.&#10;, [2015-03-18T15:28:30+0400] [INFO] Native module at path &apos;C:\Users\Lana\AppData\Local\Temp\anonymous6829217687290427937webdriver-profile\extensions\fxdriver@googlecode.com\platform\WINNT_x86-msvc\components\imehandler.dll&apos; doesn&apos;t export symbol `NSModule`.&#10;, [2015-03-18T15:28:30+0400] [INFO] Could not read chrome manifest &apos;file:///C:/Program%20Files%20(x86)/Mozilla%20Firefox/browser/extensions/%7B972ce4c6-7e08-4474-a285-3208198ce6fd%7D/chrome.manifest&apos;.&#10;, [2015-03-18T15:28:30+0400] [INFO] Warning: unrecognized command line flag -foreground&#10;, [2015-03-18T15:28:30+0400] [INFO] 1426678110101	addons.xpi-utils	DEBUG	Starting async load of XPI database C:\Users\Lana\AppData\Local\Temp\anonymous6829217687290427937webdriver-profile\extensions.json&#10;, [2015-03-18T15:28:30+0400] [INFO] Blocklist::_preloadBlocklistFile: blocklist is disabled&#10;, [2015-03-18T15:28:30+0400] [INFO] 1426678110529	addons.manager	DEBUG	Registering shutdown blocker for &lt;unnamed-provider&gt;&#10;, [2015-03-18T15:28:30+0400] [INFO] 1426678110531	addons.xpi-utils	DEBUG	Async JSON file read took 0 MS&#10;, [2015-03-18T15:28:30+0400] [INFO] 1426678110531	addons.xpi-utils	DEBUG	Finished async read of XPI database, parsing...&#10;, [2015-03-18T15:28:30+0400] [INFO] 1426678110532	addons.xpi-utils	DEBUG	Successfully read XPI database&#10;, [2015-03-18T15:28:30+0400] [INFO] 1426678110570	addons.repository	DEBUG	No addons.json found.&#10;, [2015-03-18T15:28:30+0400] [INFO] 1426678110572	DeferredSave.addons.json	DEBUG	Save changes&#10;, [2015-03-18T15:28:30+0400] [INFO] 1426678110573	DeferredSave.addons.json	DEBUG	Starting timer&#10;, [2015-03-18T15:28:30+0400] [INFO] 1426678110626	DeferredSave.addons.json	DEBUG	Starting write&#10;, [2015-03-18T15:28:30+0400] [INFO] 1426678110630	DeferredSave.addons.json	DEBUG	Write succeeded&#10;, [2015-03-18T15:28:31+0400] [WARNING] Ожидалось объявление, но найдено «*».  Пропущено до следующего объявления., [2015-03-18T15:28:31+0400] [WARNING] Ожидалось объявление, но найдено «*».  Пропущено до следующего объявления., [2015-03-18T15:28:31+0400] [WARNING] Ожидалось объявление, но найдено «*».  Пропущено до следующего объявления., [2015-03-18T15:28:31+0400] [WARNING] Ожидалось объявление, но найдено «*».  Пропущено до следующего объявления., [2015-03-18T15:28:31+0400] [WARNING] Ожидалось объявление, но найдено «*».  Пропущено до следующего объявления., [2015-03-18T15:28:31+0400] [WARNING] Ожидалось объявление, но найдено «*».  Пропущено до следующего объявления., [2015-03-18T15:28:31+0400] [WARNING] Ожидалось объявление, но найдено «*».  Пропущено до следующего объявления., [2015-03-18T15:28:31+0400] [WARNING] Неизвестный псевдокласс или псевдоэлемент «-webkit-search-cancel-button».  Набор правил проигнорирован из-за плохого селектора., [2015-03-18T15:28:31+0400] [WARNING] Неизвестное свойство «-moz-border-radius».  Потерянное объявление., [2015-03-18T15:28:31+0400] [WARNING] Неизвестное свойство «-moz-box-shadow».  Потерянное объявление., [2015-03-18T15:28:31+0400] [WARNING] Ошибка при парсинге значения «background».  Потерянное объявление., [2015-03-18T15:28:31+0400] [WARNING] Ошибка при парсинге значения «background».  Потерянное объявление., [2015-03-18T15:28:31+0400] [WARNING] Ошибка при парсинге значения «background».  Потерянное объявление., [2015-03-18T15:28:31+0400] [WARNING] Ошибка при парсинге значения «background».  Потерянное объявление., [2015-03-18T15:28:31+0400] [WARNING] Ожидалось «none», «URL» или функция фильтра, но найдено «progid».  Ошибка при парсинге значения «filter».  Потерянное объявление., [2015-03-18T15:28:31+0400] [WARNING] Ожидалось «none», «URL» или функция фильтра, но найдено «progid».  Ошибка при парсинге значения «filter».  Потерянное объявление., [2015-03-18T15:28:31+0400] [WARNING] Неизвестный псевдокласс или псевдоэлемент «selection».  Набор правил проигнорирован из-за плохого селектора., [2015-03-18T15:28:31+0400] [WARNING] Ошибка при парсинге значения «font».  Потерянное объявление., [2015-03-18T15:28:31+0400] [WARNING] Неизвестный псевдокласс или псевдоэлемент «-webkit-input-placeholder».  Набор правил проигнорирован из-за плохого селектора., [2015-03-18T15:28:31+0400] [WARNING] Неизвестный псевдокласс или псевдоэлемент «-ms-input-placeholder».  Набор правил проигнорирован из-за плохого селектора., [2015-03-18T15:28:31+0400] [WARNING] Неизвестное свойство «-moz-box-shadow».  Потерянное объявление., [2015-03-18T15:28:31+0400] [WARNING] Неизвестное свойство «-moz-border-radius».  Потерянное объявление., [2015-03-18T15:28:31+0400] [WARNING] Ожидалось объявление, но найдено «*».  Пропущено до следующего объявления., [2015-03-18T15:28:31+0400] [WARNING] Ожидалось объявление, но найдено «*».  Пропущено до следующего объявления., [20
[...]
 Потерянное объявление., [2015-03-18T15:29:13+0400] [WARNING] Неизвестное свойство «zoom».  Потерянное объявление., [2015-03-18T15:29:13+0400] [WARNING] Ошибка при парсинге значения «width».  Потерянное объявление., [2015-03-18T15:29:13+0400] [WARNING] Ошибка при парсинге значения «height».  Потерянное объявление., [2015-03-18T15:29:13+0400] [WARNING] Неизвестное свойство «-moz-box-shadow».  Потерянное объявление., [2015-03-18T15:29:13+0400] [WARNING] Ожидалось «none», «URL» или функция фильтра, но найдено «alpha(».  Ошибка при парсинге значения «filter».  Потерянное объявление., [2015-03-18T15:29:13+0400] [WARNING] Неизвестное свойство «-moz-box-shadow».  Потерянное объявление., [2015-03-18T15:29:13+0400] [WARNING] Ожидалось «none», «URL» или функция фильтра, но найдено «progid».  Ошибка при парсинге значения «filter».  Потерянное объявление., [2015-03-18T15:29:13+0400] [WARNING] Ошибка при парсинге значения «background-image».  Потерянное объявление., [2015-03-18T15:29:13+0400] [WARNING] Ошибка при парсинге значения «background-image».  Потерянное объявление., [2015-03-18T15:29:13+0400] [WARNING] Ошибка при парсинге значения «background-image».  Потерянное объявление., [2015-03-18T15:29:13+0400] [WARNING] Ошибка при парсинге значения «background-image».  Потерянное объявление., [2015-03-18T15:29:13+0400] [WARNING] Ожидалось определение цвета, но найдено «top».  Ошибка при парсинге значения «background-image».  Потерянное объявление., [2015-03-18T15:29:13+0400] [WARNING] Неизвестное свойство «-moz-box-shadow».  Потерянное объявление., [2015-03-18T15:29:13+0400] [WARNING] Неизвестное свойство «user-select».  Потерянное объявление., [2015-03-18T15:29:13+0400] [WARNING] Неизвестное свойство «-moz-box-shadow».  Потерянное объявление., [2015-03-18T15:29:13+0400] [WARNING] Неизвестное свойство «-moz-box-shadow».  Потерянное объявление., [2015-03-18T15:29:13+0400] [WARNING] Неизвестное свойство «-moz-box-shadow».  Потерянное объявление., [2015-03-18T15:29:13+0400] [WARNING] Неизвестное свойство «-moz-box-shadow».  Потерянное объявление., [2015-03-18T15:29:14+0400] [WARNING] Метод getPreventDefault() является устаревшим. Для его замены используйте метод defaultPrevented.]>
	at org.junit.Assert.fail(Assert.java:88)
	at org.junit.Assert.failNotEquals(Assert.java:743)
	at org.junit.Assert.assertEquals(Assert.java:118)
	at org.junit.Assert.assertEquals(Assert.java:144)
	at blog.JS_error_post.testUntitled4(JS_error_post.java:43)
]]></failure>
    <system-out><![CDATA[Could not read chrome manifest 'file:///C:/Program%20Files%20(x86)/Mozilla%20Firefox/chrome.manifest'.

1426678149177	addons.manager	DEBUG	Loaded provider scope for resource://gre/modules/addons/XPIProvider.jsm: ["XPIProvider"]

1426678149178	addons.manager	DEBUG	Loaded provider scope for resource://gre/modules/LightweightThemeManager.jsm: ["LightweightThemeManager"]

1426678149180	addons.xpi	DEBUG	startup

1426678149181	addons.xpi	INFO	Mapping fxdriver@googlecode.com to C:\Users\Lana\AppData\Local\Temp\anonymous1326230359815077200webdriver-profile\extensions\fxdriver@googlecode.com

1426678149181	addons.xpi	DEBUG	Ignoring file entry whose name is not a valid add-on ID: C:\Users\Lana\AppData\Local\Temp\anonymous1326230359815077200webdriver-profile\extensions\webdriver-staging

1426678149182	addons.xpi	INFO	Mapping {972ce4c6-7e08-4474-a285-3208198ce6fd} to C:\Program Files (x86)\Mozilla Firefox\browser\extensions\{972ce4c6-7e08-4474-a285-3208198ce6fd}

1426678149182	addons.xpi	DEBUG	Skipping unavailable install location app-system-share

1426678149182	addons.xpi	DEBUG	Skipping unavailable install location app-system-local

1426678149183	addons.xpi	DEBUG	checkForChanges

1426678149183	addons.xpi	DEBUG	Loaded add-on state from prefs: {"app-profile":{"fxdriver@googlecode.com":{"d":"C:\\Users\\Lana\\AppData\\Local\\Temp\\anonymous1326230359815077200webdriver-profile\\extensions\\fxdriver@googlecode.com","e":true,"v":"2.45.0","st":1426678145724,"mt":1426678145536}},"app-global":{"{972ce4c6-7e08-4474-a285-3208198ce6fd}":{"d":"C:\\Program Files (x86)\\Mozilla Firefox\\browser\\extensions\\{972ce4c6-7e08-4474-a285-3208198ce6fd}","e":true,"v":"36.0.1","st":1425627516144,"mt":1425627515938}}}

1426678149184	addons.xpi	DEBUG	getModTime: Recursive scan of fxdriver@googlecode.com

1426678149189	addons.xpi	DEBUG	getModTime: Recursive scan of {972ce4c6-7e08-4474-a285-3208198ce6fd}

1426678149189	addons.xpi	DEBUG	getInstallState changed: false, state: {"app-profile":{"fxdriver@googlecode.com":{"d":"C:\\Users\\Lana\\AppData\\Local\\Temp\\anonymous1326230359815077200webdriver-profile\\extensions\\fxdriver@googlecode.com","e":true,"v":"2.45.0","st":1426678145724,"mt":1426678145536}},"app-global":{"{972ce4c6-7e08-4474-a285-3208198ce6fd}":{"d":"C:\\Program Files (x86)\\Mozilla Firefox\\browser\\extensions\\{972ce4c6-7e08-4474-a285-3208198ce6fd}","e":true,"v":"36.0.1","st":1425627516144,"mt":1425627515938}}}

1426678149190	addons.xpi	DEBUG	No changes found

1426678149193	addons.manager	DEBUG	Registering shutdown blocker for XPIProvider

1426678149194	addons.manager	DEBUG	Registering shutdown blocker for LightweightThemeManager

1426678149194	addons.manager	DEBUG	Registering shutdown blocker for OpenH264Provider

1426678149195	addons.manager	DEBUG	Registering shutdown blocker for PluginProvider

Trying to re-register CID '{e26dbdcd-d3ba-4ded-88c3-6cb07ee3e9e0}' already registered by file:///C:/Users/Lana/AppData/Local/Temp/anonymous1326230359815077200webdriver-profile/extensions/fxdriver@googlecode.com/components/prompt-service.js.
Native module at path 'C:\Users\Lana\AppData\Local\Temp\anonymous1326230359815077200webdriver-profile\extensions\fxdriver@googlecode.com\platform\WINNT_x86-msvc\components\webdriver-firefox-latest.dll' is incompatible with this version of Firefox, has version 34, expected 36.

Native module at path 'C:\Users\Lana\AppData\Local\Temp\anonymous1326230359815077200webdriver-profile\extensions\fxdriver@googlecode.com\platform\WINNT_x86-msvc\components\imehandler.dll' doesn't export symbol `NSModule`.

Could not read chrome manifest 'file:///C:/Program%20Files%20(x86)/Mozilla%20Firefox/browser/extensions/%7B972ce4c6-7e08-4474-a285-3208198ce6fd%7D/chrome.manifest'.

Warning: unrecognized command line flag -foreground

1426678150541	addons.xpi-utils	DEBUG	Starting async load of XPI database C:\Users\Lana\AppData\Local\Temp\anonymous1326230359815077200webdriver-profile\extensions.json

Blocklist::_preloadBlocklistFile: blocklist is disabled

1426678151007	addons.manager	DEBUG	Registering shutdown blocker for <unnamed-provider>

1426678151021	addons.xpi-utils	DEBUG	Async JSON file read took 0 MS

1426678151021	addons.xpi-utils	DEBUG	Finished async read of XPI database, parsing...

1426678151021	addons.xpi-utils	DEBUG	Successfully read XPI database

1426678151044	addons.repository	DEBUG	No addons.json found.

1426678151045	DeferredSave.addons.json	DEBUG	Save changes

1426678151047	DeferredSave.addons.json	DEBUG	Starting timer

1426678151106	DeferredSave.addons.json	DEBUG	Starting write

1426678151110	DeferredSave.addons.json	DEBUG	Write succeeded

Ожидалось объявление, но найдено «*».  Пропущено до следующего объявления.
Ожидалось объявление, но найдено «*».  Пропущено до следующего объявления.
Ожидалось объявление, но найдено «*».  Пропущено до следующего объявления.
Ожидалось объявление, но найдено «*».  Пропущено до следующего объявления.
Ожидалось объявление, но найдено «*».  Пропущено до следующего объявления.
Ожидалось объявление, но найдено «*».  Пропущено до следующего объявления.
Ожидалось объявление, но найдено «*».  Пропущено до следующего объявления.
Неизвестный псевдокласс или псевдоэлемент «-webkit-search-cancel-button».  Набор правил проигнорирован из-за плохого селектора.
Неизвестное свойство «-moz-border-radius».  Потерянное объявление.
Неизвестное свойство «-moz-box-shadow».  Потерянное объявление.
Ошибка при парсинге значения «background».  Потерянное объявление.
Ошибка при парсинге значения «background».  Потерянное объявление.
Ошибка при парсинге значения «background».  Потерянное объявление.
Ошибка при парсинге значения «background».  Потерянное объявление.
Ожидалось «none», «URL» или функция фильтра, но найдено «progid».  Ошибка при парсинге значения «filter».  Потерянное объявление.
Ожидалось «none», «URL» или функция фильтра, но найдено «progid».  Ошибка при парсинге значения «filter».  Потерянное объявление.
Неизвестный псевдокласс или псевдоэлемент «selection».  Набор правил проигнорирован из-за плохого селектора.
Ошибка при парсинге значения «font».  Потерянное объявление.
Неизвестный псевдокласс или псевдоэлемент «-webkit-input-placeholder».  Набор правил проигнорирован из-за плохого селектора.
Неизвестный псевдокласс или псевдоэлемент «-ms-input-placeholder».  Набор правил проигнорирован из-за плохого селектора.
Неизвестное свойство «-moz-box-shadow».  Потерянное объявление.
Неизвестное свойство «-moz-border-radius».  Потерянное объявление.
Ожидалось объявление, но найдено «*».  Пропущено до следующего объявления.
Ожидалось объявление, но найдено «*».  Пропущено до следующего объявления.
Ожидалось имя медиа-функции, но найдено «-o-min-device-pixel-ratio».
Ожидалось имя медиа-функции, но найдено «-webkit-min-device-pixel-ratio».
Ошибка при парсинге значения «background».  Потерянное объявление.
Ошибка при парсинге значения «background».  Потерянное объявление.
Ошибка при парсинге значения «background».  Потерянное объявление.
Ожидалось определение цвета, но найдено «top».  Ошибка при парсинге значения «background».  Потерянное объявление.
Ошибка при парсинге значения «background».  Потерянное объявление.
Ошибка при парсинге значения «background».  Потерянное объявление.
Ошибка при парсинге значения «background».  Потерянное объявление.
Ожидалось определение цвета, но найдено «bottom».  Ошибка при парсинге значения «background».  Потерянное объявление.
Ошибка при парсинге значения «background».  Потерянное объявление.
Ошибка при парсинге значения «background».  Потерянное объявление.
Ошибка при парсинге значения «background».  Потерянное объявление.
Ошибка при парсинге значения «background».  Потерянное объявление.
Ошибка при парсинге значения «background».  Потерянное объявление.
Ошибка при парсинге значения «background».  Потерянное объявление.
Неизвестное свойство «speak».  Потерянное объявление.
Неизвестное свойство «user-select».  Потерянное объявление.
Неизвестное свойство «user-select».  Потерянное объявление.
Неизвестное свойство «user-select».  Потерянное объявление.
Неизвестное свойство «-moz-box-shadow».  Потерянное объявление.
Неизвестное свойство «-moz-border-radius».  Потерянное объявление.
Неизвестное свойство «-moz-border-radius».  Потерянное объявление.
Using //@ to indicate sourceMappingURL pragmas is deprecated. Use //# instead
Ожидалось имя медиа-функции, но найдено «touch-enabled».
Ожидалось имя медиа-функции, но найдено «-webkit-touch-enabled».
Ожидалось имя медиа-функции, но найдено «-o-touch-enabled».
Ожидалось имя медиа-функции, но найдено «-ms-touch-enabled».
Ожидалось имя медиа-функции, но найдено «modernizr».
Неизвестное свойство «-moz-opacity».  Потерянное объявление.
Ошибка при парсинге значения «background-image».  Потерянное объявление.
Ожидалось определение цвета, но найдено «left».  Ошибка при парсинге значения «background-image».  Потерянное объявление.
Ошибка при парсинге значения «background-image».  Потерянное объявление.
Ошибка при парсинге значения «background-image».  Потерянное объявление.
Ошибка при парсинге значения «background-image».  Потерянное объявление.
Blocklist::_loadBlocklistFromFile: blocklist is disabled

Ожидалось объявление, но найдено «*».  Пропущено до следующего объявления.
Ожидалось объявление, но найдено «*».  Пропущено до следующего объявления.
Ожидалось «none», «URL» или функция фильтра, но найдено «alpha(».  Ошибка при парсинге значения «filter».  Потерянное объявление.
Неизвестное свойство «-moz-border-radius».  Потерянное объявление.
Неизвестное свойство «-moz-box-shadow».  Потерянное объявление.
Неизвестное свойство «-moz-box-shadow».  Потерянное объявление.
Неизвестное свойство «-moz-border-radius-topleft».  Потерянное объявление.
Неизвестное свойство «-moz-border-radius-topright».  Потерянное объявление.
Неизвестное свойство «-moz-border-radius».  Потерянное объявление.
Неизвестное свойство «-moz-box-shadow».  Потерянное объявление.
Неизвестное свойство «zoom».  Потерянное объявление.
Ожидалось «none», «URL» или функция фильтра, но найдено «alpha(».  Ошибка при парсинге значения «filter».  Потерянное объявление.
Неизвестное свойство «-moz-box-shadow».  Потерянное объявление.
Неизвестное свойство «-moz-border-radius».  Потерянное объявление.
Неизвестное свойство «-moz-box-shadow».  Потерянное объявление.
Неизвестное свойство «-moz-box-shadow».  Потерянное объявление.
Неизвестное свойство «-moz-border-radius».  Потерянное объявление.
Ожидалось «none», «URL» или функция фильтра, но найдено «alpha(».  Ошибка при парсинге значения «filter».  Потерянное объявление.
Ожидалось «none», «URL» или функция фильтра, но найдено «alpha(».  Ошибка при парсинге значения «filter».  Потерянное объявление.
Неизвестное свойство «-moz-border-radius».  Потерянное объявление.
Неизвестное свойство «-moz-border-radius».  Потерянное объявление.
Ожидалось определение цвета, но найдено «block».  Ошибка при парсинге значения «border».  Потерянное объявление.
Неизвестное свойство «-moz-box-shadow».  Потерянное объявление.
Неизвестное свойство «-moz-box-shadow».  Потерянное объявление.
Неизвестное свойство «-moz-border-radius».  Потерянное объявление.
Ошибка при парсинге значения «background-image».  Потерянное объявление.
Ошибка при парсинге значения «background-image».  Потерянное объявление.
Ошибка при парсинге значения «background-image».  Потерянное объявление.
Ошибка при парсинге значения «background-image».  Потерянное объявление.
Ожидалось определение цвета, но найдено «top».  Ошибка при парсинге значения «background-image».  Потерянное объявление.
Ожидалось «none», «URL» или функция фильтра, но найдено «progid».  Ошибка при парсинге значения «filter».  Потерянное объявление.
Ошибка при парсинге значения «background-image».  Потерянное объявление.
Ошибка при парсинге значения «background-image».  Потерянное объявление.
Ошибка при парсинге значения «background-image».  Потерянное объявление.
Ошибка при парсинге значения «background-image».  Потерянное объявление.
Ожидалось определение цвета, но найдено «top».  Ошибка при парсинге значения «background-image».  Потерянное объявление.
Ожидалось «none», «URL» или функция фильтра, но найдено «progid».  Ошибка при парсинге значения «filter».  Потерянное объявление.
Неизвестное свойство «-moz-box-shadow».  Потерянное объявление.
Ожидалось определение цвета, но найдено «top».  Ошибка при парсинге значения «background-image».  Потерянное объявление.
Ошибка при парсинге значения «background-image».  Потерянное объявление.
Ошибка при парсинге значения «background-image».  Потерянное объявление.
Ошибка при парсинге значения «background-image».  Потерянное объявление.
Неизвестное свойство «zoom».  Потерянное объявление.
Ожидается селектор.  Набор правил проигнорирован из-за плохого селектора.
Неизвестное свойство «-moz-box-shadow».  Потерянное объявление.
Ожидалось «none», «URL» или функция фильтра, но найдено «progid».  Ошибка при парсинге значения «filter».  Потерянное объявление.
Ожидалось «none», «URL» или функция фильтра, но найдено «alpha(».  Ошибка при парсинге значения «filter».  Потерянное объявление.
Ожидалось «none», «URL» или функция фильтра, но найдено «alpha(».  Ошибка при парсинге значения «filter».  Потерянное объявление.
Неизвестное свойство «-moz-box-shadow».  Потерянное объявление.
Неизвестное свойство «zoom».  Потерянное объявление.
Ошибка при парсинге значения «width».  Потерянное объявление.
Ошибка при парсинге значения «height».  Потерянное объявление.
Неизвестное свойство «-moz-box-shadow».  Потерянное объявление.
Ожидалось «none», «URL» или функция фильтра, но найдено «alpha(».  Ошибка при парсинге значения «filter».  Потерянное объявление.
Неизвестное свойство «-moz-box-shadow».  Потерянное объявление.
Ожидалось «none», «URL» или функция фильтра, но найдено «progid».  Ошибка при парсинге значения «filter».  Потерянное объявление.
Ошибка при парсинге значения «background-image».  Потерянное объявление.
Ошибка при парсинге значения «background-image».  Потерянное объявление.
Ошибка при парсинге значения «background-image».  Потерянное объявление.
Ошибка при парсинге значения «background-image».  Потерянное объявление.
Ожидалось определение цвета, но найдено «top».  Ошибка при парсинге значения «background-image».  Потерянное объявление.
Неизвестное свойство «-moz-box-shadow».  Потерянное объявление.
Неизвестное свойство «user-select».  Потерянное объявление.
Неизвестное свойство «-moz-box-shadow».  Потерянное объявление.
Неизвестное свойство «-moz-box-shadow».  Потерянное объявление.
Неизвестное свойство «-moz-box-shadow».  Потерянное объявление.
Неизвестное свойство «-moz-box-shadow».  Потерянное объявление.
Метод getPreventDefault() является устаревшим. Для его замены используйте метод defaultPrevented.
]]></system-out>
  </testcase>
  <testcase name="testUntitled" classname="home.Newsletter_empty" time="10.186"/>
  <testcase name="testUntitled2" classname="home.Newsletter_invalid" time="3.501"/>
  <testcase name="testUntitled3" classname="home.Newsletter_valid" time="5.818"/>
  <testcase name="testUntitled4" classname="home.Banner" time="7.993"/>
  <testcase name="testUntitled5" classname="about.Tabs" time="4.239"/>
  <testcase name="testUntitled6" classname="about.Contact_us" time="3.203"/>
  <testcase name="testUntitled8" classname="clients.Details" time="46.272">
    <failure message="expected:&lt;[Ювелирный дом &quot;Эстет&quot;]&gt; but was:&lt;[Наши клиенты]&gt;" type="org.junit.ComparisonFailure"><![CDATA[org.junit.ComparisonFailure: expected:<[Ювелирный дом "Эстет"]> but was:<[Наши клиенты]>
	at org.junit.Assert.assertEquals(Assert.java:115)
	at org.junit.Assert.assertEquals(Assert.java:144)
	at clients.Details.testUntitled8(Details.java:61)
]]></failure>
  </testcase>
  <testcase name="testUntitled9" classname="clients.Details_elements" time="2.036">
    <failure message="expected:&lt;...er.jpg.pagespeed.ic.[aR8LmQqed2.webp]&gt; but was:&lt;...er.jpg.pagespeed.ic.[KataNxTmOT.jpg]&gt;" type="org.junit.ComparisonFailure"><![CDATA[org.junit.ComparisonFailure: expected:<...er.jpg.pagespeed.ic.[aR8LmQqed2.webp]> but was:<...er.jpg.pagespeed.ic.[KataNxTmOT.jpg]>
	at org.junit.Assert.assertEquals(Assert.java:115)
	at org.junit.Assert.assertEquals(Assert.java:144)
	at clients.Details_elements.testUntitled9(Details_elements.java:28)
]]></failure>
  </testcase>
  <testcase name="testUntitled10" classname="clients.Navigation" time="17.453"/>
  <testcase name="testUntitled7" classname="clients.Website" time="16.681"/>
  <testcase name="testUntitled2" classname="services.Page" time="2.58"/>
  <testcase name="testUntitled3" classname="contact.Form_invalid" time="3.861"/>
  <testcase name="testUntitled4" classname="contact.Form_empty" time="2.276"/>
  <testcase name="testUntitled6" classname="contact.Form_valid" time="40.156"/>
  <testcase name="testUntitled6" classname="contact.Contact_email_change" time="22.075"/>
  <testcase name="testUntitled" classname="blog.Captcha_empty" time="20.588"/>
  <testcase name="testUntitled2" classname="blog.Captcha_invalid" time="19.099"/>
  <testcase name="testUntitled3" classname="blog.Captcha_disable" time="24.866"/>
  <testcase name="testUntitled4" classname="blog.Comment" time="52.291"/>
  <testcase name="testUntitled3" classname="blog.Captche_enable" time="23.624"/>
  <testcase name="testUntitled" classname="blog.Details_page" time="9.498"/>
  <testcase name="testUntitled2" classname="blog.Blog_page" time="11.299"/>
  <testcase name="testUntitled3" classname="blog.Search" time="10.783"/>
</testsuite>