<?xml version="1.0" encoding="UTF-8"?>
<testng-results skipped="0" failed="1" total="1" passed="0">
  <reporter-output>
  </reporter-output>
  <suite name="Default suite" duration-ms="27733" started-at="2017-01-31T13:23:27Z" finished-at="2017-01-31T13:23:55Z">
    <groups>
    </groups>
    <test name="Default test" duration-ms="27733" started-at="2017-01-31T13:23:27Z" finished-at="2017-01-31T13:23:55Z">
      <class name="home.Banner">
        <test-method status="PASS" signature="init()[pri:0, instance:home.Banner@6bdf28bb]" name="init" is-config="true" duration-ms="4301" started-at="2017-01-31T17:23:27Z" finished-at="2017-01-31T17:23:32Z">
          <reporter-output>
          </reporter-output>
        </test-method> <!-- init -->
        <test-method status="FAIL" signature="testUntitled4()[pri:0, instance:home.Banner@6bdf28bb]" name="testUntitled4" duration-ms="23030" started-at="2017-01-31T17:23:32Z" finished-at="2017-01-31T17:23:55Z">
          <exception class="org.junit.ComparisonFailure">
            <message>
              <![CDATA[expected:<[4]> but was:<[3]>]]>
            </message>
            <full-stacktrace>
              <![CDATA[org.junit.ComparisonFailure: expected:<[4]> but was:<[3]>
	at org.junit.Assert.assertEquals(Assert.java:115)
	at home.Banner.testUntitled4(Banner.java:43)
	at sun.reflect.NativeMethodAccessorImpl.invoke0(Native Method)
	at sun.reflect.NativeMethodAccessorImpl.invoke(NativeMethodAccessorImpl.java:62)
	at sun.reflect.DelegatingMethodAccessorImpl.invoke(DelegatingMethodAccessorImpl.java:43)
	at java.lang.reflect.Method.invoke(Method.java:497)
	at org.testng.internal.MethodInvocationHelper.invokeMethod(MethodInvocationHelper.java:84)
	at org.testng.internal.Invoker.invokeMethod(Invoker.java:714)
	at org.testng.internal.Invoker.invokeTestMethod(Invoker.java:901)
	at org.testng.internal.Invoker.invokeTestMethods(Invoker.java:1231)
	at org.testng.internal.TestMethodWorker.invokeTestMethods(TestMethodWorker.java:127)
	at org.testng.internal.TestMethodWorker.run(TestMethodWorker.java:111)
	at org.testng.TestRunner.privateRun(TestRunner.java:767)
	at org.testng.TestRunner.run(TestRunner.java:617)
	at org.testng.SuiteRunner.runTest(SuiteRunner.java:334)
	at org.testng.SuiteRunner.runSequentially(SuiteRunner.java:329)
	at org.testng.SuiteRunner.privateRun(SuiteRunner.java:291)
	at org.testng.SuiteRunner.run(SuiteRunner.java:240)
	at org.testng.SuiteRunnerWorker.runSuite(SuiteRunnerWorker.java:52)
	at org.testng.SuiteRunnerWorker.run(SuiteRunnerWorker.java:86)
	at org.testng.TestNG.runSuitesSequentially(TestNG.java:1224)
	at org.testng.TestNG.runSuitesLocally(TestNG.java:1149)
	at org.testng.TestNG.run(TestNG.java:1057)
	at org.testng.remote.RemoteTestNG.run(RemoteTestNG.java:111)
	at org.testng.remote.RemoteTestNG.initAndRun(RemoteTestNG.java:204)
	at org.testng.remote.RemoteTestNG.main(RemoteTestNG.java:175)
]]>
            </full-stacktrace>
          </exception> <!-- org.junit.ComparisonFailure -->
          <reporter-output>
          </reporter-output>
        </test-method> <!-- testUntitled4 -->
        <test-method status="PASS" signature="stopDriver()[pri:0, instance:home.Banner@6bdf28bb]" name="stopDriver" is-config="true" duration-ms="383" started-at="2017-01-31T17:23:55Z" finished-at="2017-01-31T17:23:55Z">
          <reporter-output>
          </reporter-output>
        </test-method> <!-- stopDriver -->
      </class> <!-- home.Banner -->
    </test> <!-- Default test -->
  </suite> <!-- Default suite -->
</testng-results>
